;  LST file generated by mikroListExporter - v.2.0 
; Date/Time: 17/02/2020 08:43:13
;----------------------------------------------

;Address Opcode 	ASM
0x0000	0x0000000409BE  	GOTO	_main
0x0004	0x000000  	0
0x0006	0x000000  	0
0x0008	0x000000  	0
0x000A	0x000000  	0
0x000C	0x000000  	0
0x000E	0x000000  	0
0x0010	0x000000  	0
0x0012	0x000000  	0
0x0014	0x000B38  	2872
0x0016	0x000000  	0
0x0018	0x000000  	0
0x001A	0x000000  	0
0x001C	0x000000  	0
0x001E	0x000000  	0
0x0020	0x000000  	0
0x0022	0x000000  	0
0x0024	0x000000  	0
0x0026	0x000000  	0
0x0028	0x000000  	0
0x002A	0x000000  	0
0x002C	0x000000  	0
0x002E	0x000000  	0
0x0030	0x000000  	0
0x0032	0x000000  	0
0x0034	0x000000  	0
0x0036	0x000000  	0
0x0038	0x000000  	0
0x003A	0x000000  	0
0x003C	0x000000  	0
0x003E	0x000000  	0
0x0040	0x000000  	0
0x0042	0x000B00  	2816
0x0044	0x000000  	0
0x0046	0x000000  	0
0x0048	0x000000  	0
0x004A	0x000000  	0
0x004C	0x000000  	0
0x004E	0x000000  	0
0x0050	0x000000  	0
0x0052	0x000000  	0
0x0054	0x000000  	0
0x0056	0x000000  	0
0x0058	0x000000  	0
0x005A	0x000000  	0
0x005C	0x000000  	0
0x005E	0x000000  	0
0x0060	0x000000  	0
0x0062	0x000000  	0
0x0064	0x000000  	0
0x0066	0x000000  	0
0x0068	0x000000  	0
0x006A	0x000000  	0
0x006C	0x000000  	0
0x006E	0x000000  	0
0x0070	0x000000  	0
0x0072	0x000000  	0
0x0074	0x000000  	0
0x0076	0x000000  	0
0x0078	0x000000  	0
0x007A	0x000000  	0
0x007C	0x000000  	0
0x007E	0x000000  	0
0x0080	0x000000  	0
0x0082	0x000000  	0
0x0084	0x000000  	0
0x0086	0x000000  	0
0x0088	0x000000  	0
0x008A	0x000000  	0
0x008C	0x000000  	0
0x008E	0x000000  	0
0x0090	0x000000  	0
0x0092	0x000000  	0
0x0094	0x000000  	0
0x0096	0x000000  	0
0x0098	0x000000  	0
0x009A	0x000000  	0
0x009C	0x000000  	0
0x009E	0x000000  	0
0x00A0	0x000000  	0
0x00A2	0x000000  	0
0x00A4	0x000000  	0
0x00A6	0x000000  	0
0x00A8	0x000000  	0
0x00AA	0x000000  	0
0x00AC	0x000000  	0
0x00AE	0x000000  	0
0x00B0	0x000000  	0
0x00B2	0x000000  	0
0x00B4	0x000000  	0
0x00B6	0x000000  	0
0x00B8	0x000000  	0
0x00BA	0x000000  	0
0x00BC	0x000000  	0
0x00BE	0x000000  	0
0x00C0	0x000000  	0
0x00C2	0x000000  	0
0x00C4	0x000000  	0
0x00C6	0x000000  	0
0x00C8	0x000000  	0
0x00CA	0x000000  	0
0x00CC	0x000000  	0
0x00CE	0x000000  	0
0x00D0	0x000000  	0
0x00D2	0x000000  	0
0x00D4	0x000000  	0
0x00D6	0x000000  	0
0x00D8	0x000000  	0
0x00DA	0x000000  	0
0x00DC	0x000000  	0
0x00DE	0x000000  	0
0x00E0	0x000000  	0
0x00E2	0x000000  	0
0x00E4	0x000000  	0
0x00E6	0x000000  	0
0x00E8	0x000000  	0
0x00EA	0x000000  	0
0x00EC	0x000000  	0
0x00EE	0x000000  	0
0x00F0	0x000000  	0
0x00F2	0x000000  	0
0x00F4	0x000000  	0
0x00F6	0x000000  	0
0x00F8	0x000000  	0
0x00FA	0x000000  	0
0x00FC	0x000000  	0
0x00FE	0x000000  	0
_main:
0x09BE	0x20882F  	MOV	#2178, W15
0x09C0	0x20FFF0  	MOV	#4095, W0
0x09C2	0xB7A020  	MOV	WREG, SPLIM
0x09C4	0x200000  	MOV	#0, W0
0x09C6	0xB7A034  	MOV	WREG, PSVPAG
0x09C8	0x200040  	MOV	#4, W0
0x09CA	0xB72044  	IOR	CORCON
0x09CC	0x000000020C10  	CALL	3088
0x09D0	0x000000020C1A  	CALL	3098
;Q3.c,78 :: 		void main() {
;Q3.c,79 :: 		ADPCFG = 0xFFFF;                // Todas as portas digitais
0x09D4	0x781F8A  	PUSH	W10
0x09D6	0x781F8B  	PUSH	W11
0x09D8	0x781F8C  	PUSH	W12
0x09DA	0x2FFFF0  	MOV	#65535, W0
0x09DC	0xB7A2A8  	MOV	WREG, ADPCFG
;Q3.c,80 :: 		ADPCFGbits.PCFG2 = 0;           // PORTA 8 ANALOGICA
0x09DE	0xA942A8  	BCLR.B	ADPCFGbits, #2
;Q3.c,82 :: 		sensor = 1;
0x09E0	0xA842C6  	BSET.B	TRISBbits, #2
;Q3.c,83 :: 		TRISEbits.TRISE8 = 1;         //SETANDO COMO ENTRADA PARA O BOTAO
0x09E2	0xA802D9  	BSET	TRISEbits, #8
;Q3.c,84 :: 		IEC0bits.INT0IE = 1;          //ATIVANDO A INTErrupcao externa int0
0x09E4	0xA8008C  	BSET.B	IEC0bits, #0
;Q3.c,85 :: 		IEC1bits.INT2IE = 1;          //ATIVANDO A INTErrupcao externa int2
0x09E6	0xA8E08E  	BSET.B	IEC1bits, #7
;Q3.c,86 :: 		IFS0 = 0;
0x09E8	0xEF2084  	CLR	IFS0
;Q3.c,87 :: 		INTCON2 = 0;
0x09EA	0xEF2082  	CLR	INTCON2
;Q3.c,88 :: 		INTCON2bits.INT0EP = 1;       //ATIVADO NA BORDA de DESCIDA
0x09EC	0xA80082  	BSET.B	INTCON2bits, #0
;Q3.c,89 :: 		INTCON2bits.INT2EP = 0;       //ATIVADO NA BORDA de SUBIDA
0x09EE	0xA94082  	BCLR.B	INTCON2bits, #2
;Q3.c,90 :: 		IFS0bits.INT0IF = 0;          //ZErando a flag da int0
0x09F0	0xA90084  	BCLR.B	IFS0bits, #0
;Q3.c,91 :: 		IFS1bits.INT2IF = 0;          //ZErando a flag da int2
0x09F2	0xA9E086  	BCLR.B	IFS1bits, #7
;Q3.c,93 :: 		ADCON1 = 0;
0x09F4	0xEF22A0  	CLR	ADCON1
;Q3.c,94 :: 		ADCON1bits.SSRC = 0b010; // SSRC bit = Sinca  clock de conversao do modulo AD com o TIMER 3
0x09F6	0xB3C400  	MOV.B	#64, W0
0x09F8	0x784080  	MOV.B	W0, W1
0x09FA	0x202A00  	MOV	#lo_addr(ADCON1bits), W0
0x09FC	0x68C090  	XOR.B	W1, [W0], W1
0x09FE	0xB3CE00  	MOV.B	#224, W0
0x0A00	0x60C080  	AND.B	W1, W0, W1
0x0A02	0x202A00  	MOV	#lo_addr(ADCON1bits), W0
0x0A04	0x68C090  	XOR.B	W1, [W0], W1
0x0A06	0x202A00  	MOV	#lo_addr(ADCON1bits), W0
0x0A08	0x784801  	MOV.B	W1, [W0]
;Q3.c,96 :: 		TMR3 = 0x0000;
0x0A0A	0xEF210A  	CLR	TMR3
;Q3.c,97 :: 		PR3 = 16000;
0x0A0C	0x23E800  	MOV	#16000, W0
0x0A0E	0xB7A10E  	MOV	WREG, PR3
;Q3.c,98 :: 		T3CON = 0x8000;
0x0A10	0x280000  	MOV	#32768, W0
0x0A12	0xB7A112  	MOV	WREG, T3CON
;Q3.c,102 :: 		ADCHS = 0x0002; // Conectando a entrada 8 ao canal 0 para conversao
0x0A14	0x200020  	MOV	#2, W0
0x0A16	0xB7A2A6  	MOV	WREG, ADCHS
;Q3.c,104 :: 		ADCSSL = 0;
0x0A18	0xEF22AA  	CLR	ADCSSL
;Q3.c,105 :: 		ADCON3 = 0x0007; // Periodo de Amostragem
0x0A1A	0x200070  	MOV	#7, W0
0x0A1C	0xB7A2A4  	MOV	WREG, ADCON3
;Q3.c,106 :: 		ADCON2 = 0;
0x0A1E	0xEF22A2  	CLR	ADCON2
;Q3.c,107 :: 		ADCON2bits.SMPI = 0b1111; // Configuracao para fazer 16 conversoes e libera a flag do AD
0x0A20	0x202A20  	MOV	#lo_addr(ADCON2bits), W0
0x0A22	0x784090  	MOV.B	[W0], W1
0x0A24	0xB3C3C0  	MOV.B	#60, W0
0x0A26	0x70C080  	IOR.B	W1, W0, W1
0x0A28	0x202A20  	MOV	#lo_addr(ADCON2bits), W0
0x0A2A	0x784801  	MOV.B	W1, [W0]
;Q3.c,108 :: 		ADCON1.ADON = 1;
0x0A2C	0xA8E2A1  	BSET	ADCON1, #15
;Q3.c,109 :: 		Lcd_Init();               // Initializa o LCD
0x0A2E	0x07FE4E  	RCALL	_Lcd_Init
;Q3.c,110 :: 		Lcd_Cmd(_LCD_CLEAR);      // Limpa o display
0x0A30	0xB3C01A  	MOV.B	#1, W10
0x0A32	0x07FE16  	RCALL	_Lcd_Cmd
;Q3.c,111 :: 		Lcd_Cmd(_LCD_CURSOR_OFF); // Desativa o cursor
0x0A34	0xB3C0CA  	MOV.B	#12, W10
0x0A36	0x07FE14  	RCALL	_Lcd_Cmd
;Q3.c,112 :: 		Lcd_Out(1,1,"Temperatura");
0x0A38	0x20814C  	MOV	#lo_addr(?lstr1_Q3), W12
0x0A3A	0x20001B  	MOV	#1, W11
0x0A3C	0x20001A  	MOV	#1, W10
0x0A3E	0x07FF92  	RCALL	_Lcd_Out
;Q3.c,114 :: 		while(1){
L_main14:
;Q3.c,115 :: 		if (flag_bot == 0){
0x0A40	0x804100  	MOV	_flag_bot, W0
0x0A42	0xE10060  	CP	W0, #0
0x0A44	0x3A001C  	BRA NZ	L_main16
L__main30:
;Q3.c,116 :: 		Lcd_Cmd(_LCD_CLEAR);
0x0A46	0xB3C01A  	MOV.B	#1, W10
0x0A48	0x07FE0B  	RCALL	_Lcd_Cmd
;Q3.c,117 :: 		Lcd_Out(1,1,"Temperatura");
0x0A4A	0x20806C  	MOV	#lo_addr(?lstr2_Q3), W12
0x0A4C	0x20001B  	MOV	#1, W11
0x0A4E	0x20001A  	MOV	#1, W10
0x0A50	0x07FF89  	RCALL	_Lcd_Out
;Q3.c,118 :: 		FloatToStr(temperatura, txt);
0x0A52	0x2084BC  	MOV	#lo_addr(_txt), W12
0x0A54	0x8042DA  	MOV	_temperatura, W10
0x0A56	0x8042EB  	MOV	_temperatura+2, W11
0x0A58	0x07FE6E  	RCALL	_FloatToStr
;Q3.c,119 :: 		txt[5]=0;
0x0A5A	0x208501  	MOV	#lo_addr(_txt+5), W1
0x0A5C	0xEF2000  	CLR	W0
0x0A5E	0x784880  	MOV.B	W0, [W1]
;Q3.c,120 :: 		Lcd_Out(2,1,txt);
0x0A60	0x2084BC  	MOV	#lo_addr(_txt), W12
0x0A62	0x20001B  	MOV	#1, W11
0x0A64	0x20002A  	MOV	#2, W10
0x0A66	0x07FF7E  	RCALL	_Lcd_Out
;Q3.c,121 :: 		Lcd_Out(2,7,"Celsius");
0x0A68	0x20822C  	MOV	#lo_addr(?lstr3_Q3), W12
0x0A6A	0x20007B  	MOV	#7, W11
0x0A6C	0x20002A  	MOV	#2, W10
0x0A6E	0x07FF7A  	RCALL	_Lcd_Out
;Q3.c,122 :: 		delay_ms(500);
0x0A70	0x200298  	MOV	#41, W8
0x0A72	0x2B0B77  	MOV	#45239, W7
L_main17:
0x0A74	0xED200E  	DEC	W7
0x0A76	0x3AFFFE  	BRA NZ	L_main17
0x0A78	0xED2010  	DEC	W8
0x0A7A	0x3AFFFC  	BRA NZ	L_main17
;Q3.c,123 :: 		}else if (flag_bot == 1){
0x0A7C	0x37003C  	BRA	L_main19
L_main16:
0x0A7E	0x804100  	MOV	_flag_bot, W0
0x0A80	0xE10061  	CP	W0, #1
0x0A82	0x3A0039  	BRA NZ	L_main20
L__main31:
;Q3.c,124 :: 		Lcd_Cmd(_LCD_CLEAR);
0x0A84	0xB3C01A  	MOV.B	#1, W10
0x0A86	0x07FDEC  	RCALL	_Lcd_Cmd
;Q3.c,125 :: 		Lcd_Out(1,1,"Temp:");
0x0A88	0x20800C  	MOV	#lo_addr(?lstr4_Q3), W12
0x0A8A	0x20001B  	MOV	#1, W11
0x0A8C	0x20001A  	MOV	#1, W10
0x0A8E	0x07FF6A  	RCALL	_Lcd_Out
;Q3.c,126 :: 		FloatToStr(temperatura, txt);
0x0A90	0x2084BC  	MOV	#lo_addr(_txt), W12
0x0A92	0x8042DA  	MOV	_temperatura, W10
0x0A94	0x8042EB  	MOV	_temperatura+2, W11
0x0A96	0x07FE4F  	RCALL	_FloatToStr
;Q3.c,127 :: 		txt[5]=0;
0x0A98	0x208501  	MOV	#lo_addr(_txt+5), W1
0x0A9A	0xEF2000  	CLR	W0
0x0A9C	0x784880  	MOV.B	W0, [W1]
;Q3.c,128 :: 		Lcd_Out(1,7,txt);
0x0A9E	0x2084BC  	MOV	#lo_addr(_txt), W12
0x0AA0	0x20007B  	MOV	#7, W11
0x0AA2	0x20001A  	MOV	#1, W10
0x0AA4	0x07FF5F  	RCALL	_Lcd_Out
;Q3.c,129 :: 		Lcd_Out(1,11,"C");
0x0AA6	0x20812C  	MOV	#lo_addr(?lstr5_Q3), W12
0x0AA8	0x2000BB  	MOV	#11, W11
0x0AAA	0x20001A  	MOV	#1, W10
0x0AAC	0x07FF5B  	RCALL	_Lcd_Out
;Q3.c,130 :: 		FloatToStr(fahr, txt1);
0x0AAE	0x20862C  	MOV	#lo_addr(_txt1), W12
0x0AB0	0x8042FA  	MOV	_fahr, W10
0x0AB2	0x80430B  	MOV	_fahr+2, W11
0x0AB4	0x07FE40  	RCALL	_FloatToStr
;Q3.c,131 :: 		txt1[5]=0;
0x0AB6	0x208671  	MOV	#lo_addr(_txt1+5), W1
0x0AB8	0xEF2000  	CLR	W0
0x0ABA	0x784880  	MOV.B	W0, [W1]
;Q3.c,132 :: 		Lcd_Out(2,1,txt1);
0x0ABC	0x20862C  	MOV	#lo_addr(_txt1), W12
0x0ABE	0x20001B  	MOV	#1, W11
0x0AC0	0x20002A  	MOV	#2, W10
0x0AC2	0x07FF50  	RCALL	_Lcd_Out
;Q3.c,133 :: 		Lcd_Out(2,7,"F");
0x0AC4	0x20832C  	MOV	#lo_addr(?lstr6_Q3), W12
0x0AC6	0x20007B  	MOV	#7, W11
0x0AC8	0x20002A  	MOV	#2, W10
0x0ACA	0x07FF4C  	RCALL	_Lcd_Out
;Q3.c,134 :: 		FloatToStr(kel, txt2);
0x0ACC	0x2083CC  	MOV	#lo_addr(_txt2), W12
0x0ACE	0x8041CA  	MOV	_kel, W10
0x0AD0	0x8041DB  	MOV	_kel+2, W11
0x0AD2	0x07FE31  	RCALL	_FloatToStr
;Q3.c,135 :: 		txt2[5]=0;
0x0AD4	0x208411  	MOV	#lo_addr(_txt2+5), W1
0x0AD6	0xEF2000  	CLR	W0
0x0AD8	0x784880  	MOV.B	W0, [W1]
;Q3.c,136 :: 		Lcd_Out(2,9,txt2);
0x0ADA	0x2083CC  	MOV	#lo_addr(_txt2), W12
0x0ADC	0x20009B  	MOV	#9, W11
0x0ADE	0x20002A  	MOV	#2, W10
0x0AE0	0x07FF41  	RCALL	_Lcd_Out
;Q3.c,137 :: 		Lcd_Out(2,14,"K");
0x0AE2	0x2082EC  	MOV	#lo_addr(?lstr7_Q3), W12
0x0AE4	0x2000EB  	MOV	#14, W11
0x0AE6	0x20002A  	MOV	#2, W10
0x0AE8	0x07FF3D  	RCALL	_Lcd_Out
;Q3.c,138 :: 		delay_ms(500);
0x0AEA	0x200298  	MOV	#41, W8
0x0AEC	0x2B0B77  	MOV	#45239, W7
L_main21:
0x0AEE	0xED200E  	DEC	W7
0x0AF0	0x3AFFFE  	BRA NZ	L_main21
0x0AF2	0xED2010  	DEC	W8
0x0AF4	0x3AFFFC  	BRA NZ	L_main21
;Q3.c,139 :: 		}
L_main20:
L_main19:
;Q3.c,141 :: 		}
0x0AF6	0x37FFA4  	BRA	L_main14
;Q3.c,142 :: 		}
L_end_main:
0x0AF8	0x78064F  	POP	W12
0x0AFA	0x7805CF  	POP	W11
0x0AFC	0x78054F  	POP	W10
L__main_end_loop:
0x0AFE	0x37FFFF  	BRA	L__main_end_loop
; end of _main
_Lcd_Init:
0x06CC	0xFA0000  	LNK	#0
;__Lib_Lcd.c,105 :: 		
;__Lib_Lcd.c,107 :: 		
0x06CE	0x07FD78  	RCALL	_Delay_8ms
0x06D0	0x07FD77  	RCALL	_Delay_8ms
;__Lib_Lcd.c,109 :: 		
0x06D2	0xA982D8  	BCLR	LCD_EN_Direction, BitPos(LCD_EN_Direction+0)
;__Lib_Lcd.c,110 :: 		
0x06D4	0xA9A2D8  	BCLR	LCD_RS_Direction, BitPos(LCD_RS_Direction+0)
;__Lib_Lcd.c,111 :: 		
0x06D6	0xA962D8  	BCLR	LCD_D4_Direction, BitPos(LCD_D4_Direction+0)
;__Lib_Lcd.c,112 :: 		
0x06D8	0xA942D8  	BCLR	LCD_D5_Direction, BitPos(LCD_D5_Direction+0)
;__Lib_Lcd.c,113 :: 		
0x06DA	0xA922D8  	BCLR	LCD_D6_Direction, BitPos(LCD_D6_Direction+0)
;__Lib_Lcd.c,114 :: 		
0x06DC	0xA902D8  	BCLR	LCD_D7_Direction, BitPos(LCD_D7_Direction+0)
;__Lib_Lcd.c,116 :: 		
0x06DE	0xA982DC  	BCLR	LCD_EN, BitPos(LCD_EN+0)
;__Lib_Lcd.c,117 :: 		
0x06E0	0xA9A2DC  	BCLR	LCD_RS, BitPos(LCD_RS+0)
;__Lib_Lcd.c,118 :: 		
0x06E2	0xA902DC  	BCLR	LCD_D7, BitPos(LCD_D7+0)
;__Lib_Lcd.c,119 :: 		
0x06E4	0xA922DC  	BCLR	LCD_D6, BitPos(LCD_D6+0)
;__Lib_Lcd.c,120 :: 		
0x06E6	0xA942DC  	BCLR	LCD_D5, BitPos(LCD_D5+0)
;__Lib_Lcd.c,121 :: 		
0x06E8	0xA962DC  	BCLR	LCD_D4, BitPos(LCD_D4+0)
;__Lib_Lcd.c,130 :: 		
0x06EA	0xA842DC  	BSET	LCD_D5, BitPos(LCD_D5+0)
;__Lib_Lcd.c,131 :: 		
0x06EC	0xA862DC  	BSET	LCD_D4, BitPos(LCD_D4+0)
;__Lib_Lcd.c,132 :: 		
0x06EE	0x07FD78  	RCALL	__Lib_Lcd_Strobe
;__Lib_Lcd.c,133 :: 		
0x06F0	0x07FD72  	RCALL	_Delay_5500us
;__Lib_Lcd.c,136 :: 		
0x06F2	0x07FD76  	RCALL	__Lib_Lcd_Strobe
;__Lib_Lcd.c,137 :: 		
0x06F4	0x07FD70  	RCALL	_Delay_5500us
;__Lib_Lcd.c,140 :: 		
0x06F6	0x07FD74  	RCALL	__Lib_Lcd_Strobe
;__Lib_Lcd.c,141 :: 		
0x06F8	0x07FD6E  	RCALL	_Delay_5500us
;__Lib_Lcd.c,144 :: 		
0x06FA	0xA962DC  	BCLR	LCD_D4, BitPos(LCD_D4+0)
;__Lib_Lcd.c,145 :: 		
0x06FC	0x07FD71  	RCALL	__Lib_Lcd_Strobe
;__Lib_Lcd.c,146 :: 		
0x06FE	0x07FD6B  	RCALL	_Delay_5500us
;__Lib_Lcd.c,149 :: 		
0x0700	0x07FD6F  	RCALL	__Lib_Lcd_Strobe
;__Lib_Lcd.c,151 :: 		
0x0702	0xA942DC  	BCLR	LCD_D5, BitPos(LCD_D5+0)
;__Lib_Lcd.c,152 :: 		
0x0704	0xA802DC  	BSET	LCD_D7, BitPos(LCD_D7+0)
;__Lib_Lcd.c,153 :: 		
0x0706	0x07FD6C  	RCALL	__Lib_Lcd_Strobe
;__Lib_Lcd.c,154 :: 		
0x0708	0x07FD66  	RCALL	_Delay_5500us
;__Lib_Lcd.c,157 :: 		
0x070A	0xA902DC  	BCLR	LCD_D7, BitPos(LCD_D7+0)
;__Lib_Lcd.c,158 :: 		
0x070C	0xA862DC  	BSET	LCD_D4, BitPos(LCD_D4+0)
;__Lib_Lcd.c,159 :: 		
0x070E	0x07FD68  	RCALL	__Lib_Lcd_Strobe
;__Lib_Lcd.c,161 :: 		
0x0710	0xA962DC  	BCLR	LCD_D4, BitPos(LCD_D4+0)
;__Lib_Lcd.c,162 :: 		
0x0712	0x07FD66  	RCALL	__Lib_Lcd_Strobe
;__Lib_Lcd.c,163 :: 		
0x0714	0x07FD60  	RCALL	_Delay_5500us
;__Lib_Lcd.c,166 :: 		
0x0716	0x07FD64  	RCALL	__Lib_Lcd_Strobe
;__Lib_Lcd.c,168 :: 		
0x0718	0xA862DC  	BSET	LCD_D4, BitPos(LCD_D4+0)
;__Lib_Lcd.c,169 :: 		
0x071A	0x07FD62  	RCALL	__Lib_Lcd_Strobe
;__Lib_Lcd.c,170 :: 		
0x071C	0x07FD5C  	RCALL	_Delay_5500us
;__Lib_Lcd.c,173 :: 		
0x071E	0xA962DC  	BCLR	LCD_D4, BitPos(LCD_D4+0)
;__Lib_Lcd.c,174 :: 		
0x0720	0x07FD5F  	RCALL	__Lib_Lcd_Strobe
;__Lib_Lcd.c,176 :: 		
0x0722	0xA802DC  	BSET	LCD_D7, BitPos(LCD_D7+0)
;__Lib_Lcd.c,177 :: 		
0x0724	0xA822DC  	BSET	LCD_D6, BitPos(LCD_D6+0)
;__Lib_Lcd.c,178 :: 		
0x0726	0xA842DC  	BSET	LCD_D5, BitPos(LCD_D5+0)
;__Lib_Lcd.c,179 :: 		
0x0728	0xA862DC  	BSET	LCD_D4, BitPos(LCD_D4+0)
;__Lib_Lcd.c,180 :: 		
0x072A	0x07FD5A  	RCALL	__Lib_Lcd_Strobe
;__Lib_Lcd.c,181 :: 		
0x072C	0x07FD54  	RCALL	_Delay_5500us
;__Lib_Lcd.c,183 :: 		
0x072E	0x208800  	MOV	#lo_addr(__Lib_Lcd_cmd_status), W0
0x0730	0xA00010  	BSET	[W0], BitPos(__Lib_Lcd_cmd_status+0)
;__Lib_Lcd.c,184 :: 		
L_end_Lcd_Init:
0x0732	0xFA8000  	ULNK
0x0734	0x060000  	RETURN
; end of _Lcd_Init
_Delay_8ms:
;__Lib_Delays.c,614 :: 		void Delay_8ms()
;__Lib_Delays.c,616 :: 		Delay_ms(8);
0x01C0	0x2A6AA7  	MOV	#42666, W7
L_Delay_8ms29:
0x01C2	0xED200E  	DEC	W7
0x01C4	0x3AFFFE  	BRA NZ	L_Delay_8ms29
0x01C6	0x000000  	NOP
0x01C8	0x000000  	NOP
;__Lib_Delays.c,617 :: 		}
L_end_Delay_8ms:
0x01CA	0x060000  	RETURN
; end of _Delay_8ms
__Lib_Lcd_Strobe:
0x01E0	0xFA0000  	LNK	#0
;__Lib_Lcd.c,26 :: 		
;__Lib_Lcd.c,27 :: 		
0x01E2	0xA882DC  	BSET	LCD_EN, BitPos(LCD_EN+0)
;__Lib_Lcd.c,28 :: 		
0x01E4	0x07FF8D  	RCALL	_Delay_1us
;__Lib_Lcd.c,29 :: 		
0x01E6	0xA982DC  	BCLR	LCD_EN, BitPos(LCD_EN+0)
;__Lib_Lcd.c,30 :: 		
0x01E8	0x07FF8B  	RCALL	_Delay_1us
;__Lib_Lcd.c,31 :: 		
L_end_Strobe:
0x01EA	0xFA8000  	ULNK
0x01EC	0x060000  	RETURN
; end of __Lib_Lcd_Strobe
_Delay_1us:
;__Lib_Delays.c,380 :: 		void Delay_1us()
;__Lib_Delays.c,382 :: 		Delay_us(1);
0x0100	0x200057  	MOV	#5, W7
L_Delay_1us11:
0x0102	0xED200E  	DEC	W7
0x0104	0x3AFFFE  	BRA NZ	L_Delay_1us11
0x0106	0x000000  	NOP
;__Lib_Delays.c,383 :: 		}
L_end_Delay_1us:
0x0108	0x060000  	RETURN
; end of _Delay_1us
_Delay_5500us:
;__Lib_Delays.c,536 :: 		void Delay_5500us()
;__Lib_Delays.c,538 :: 		Delay_us(5500);
0x01D6	0x272957  	MOV	#29333, W7
L_Delay_5500us23:
0x01D8	0xED200E  	DEC	W7
0x01DA	0x3AFFFE  	BRA NZ	L_Delay_5500us23
0x01DC	0x000000  	NOP
;__Lib_Delays.c,539 :: 		}
L_end_Delay_5500us:
0x01DE	0x060000  	RETURN
; end of _Delay_5500us
_Lcd_Cmd:
0x0660	0xFA0000  	LNK	#0
;__Lib_Lcd.c,38 :: 		
;__Lib_Lcd.c,40 :: 		
; loc_word start address is: 2 (W1)
0x0662	0xFB808A  	ZE	W10, W1
;__Lib_Lcd.c,42 :: 		
0x0664	0xAEE002  	BTSS	W1, #7
0x0666	0xA902DC  	BCLR	LCD_D7, BitPos(LCD_D7+0)
0x0668	0xAFE002  	BTSC	W1, #7
0x066A	0xA802DC  	BSET	LCD_D7, BitPos(LCD_D7+0)
;__Lib_Lcd.c,43 :: 		
0x066C	0xAEC002  	BTSS	W1, #6
0x066E	0xA922DC  	BCLR	LCD_D6, BitPos(LCD_D6+0)
0x0670	0xAFC002  	BTSC	W1, #6
0x0672	0xA822DC  	BSET	LCD_D6, BitPos(LCD_D6+0)
;__Lib_Lcd.c,44 :: 		
0x0674	0xAEA002  	BTSS	W1, #5
0x0676	0xA942DC  	BCLR	LCD_D5, BitPos(LCD_D5+0)
0x0678	0xAFA002  	BTSC	W1, #5
0x067A	0xA842DC  	BSET	LCD_D5, BitPos(LCD_D5+0)
;__Lib_Lcd.c,45 :: 		
0x067C	0xAE8002  	BTSS	W1, #4
0x067E	0xA962DC  	BCLR	LCD_D4, BitPos(LCD_D4+0)
0x0680	0xAF8002  	BTSC	W1, #4
0x0682	0xA862DC  	BSET	LCD_D4, BitPos(LCD_D4+0)
;__Lib_Lcd.c,47 :: 		
0x0684	0x208800  	MOV	#lo_addr(__Lib_Lcd_cmd_status), W0
0x0686	0xA60010  	BTSS	[W0], BitPos(__Lib_Lcd_cmd_status+0)
0x0688	0xA8A2DC  	BSET	LCD_RS, BitPos(LCD_RS+0)
0x068A	0xA70010  	BTSC	[W0], BitPos(__Lib_Lcd_cmd_status+0)
0x068C	0xA9A2DC  	BCLR	LCD_RS, BitPos(LCD_RS+0)
;__Lib_Lcd.c,49 :: 		
0x068E	0x07FDA8  	RCALL	__Lib_Lcd_Strobe
;__Lib_Lcd.c,51 :: 		
0x0690	0xAE6002  	BTSS	W1, #3
0x0692	0xA902DC  	BCLR	LCD_D7, BitPos(LCD_D7+0)
0x0694	0xAF6002  	BTSC	W1, #3
0x0696	0xA802DC  	BSET	LCD_D7, BitPos(LCD_D7+0)
;__Lib_Lcd.c,52 :: 		
0x0698	0xAE4002  	BTSS	W1, #2
0x069A	0xA922DC  	BCLR	LCD_D6, BitPos(LCD_D6+0)
0x069C	0xAF4002  	BTSC	W1, #2
0x069E	0xA822DC  	BSET	LCD_D6, BitPos(LCD_D6+0)
;__Lib_Lcd.c,53 :: 		
0x06A0	0xAE2002  	BTSS	W1, #1
0x06A2	0xA942DC  	BCLR	LCD_D5, BitPos(LCD_D5+0)
0x06A4	0xAF2002  	BTSC	W1, #1
0x06A6	0xA842DC  	BSET	LCD_D5, BitPos(LCD_D5+0)
;__Lib_Lcd.c,54 :: 		
0x06A8	0xAE0002  	BTSS	W1, #0
0x06AA	0xA962DC  	BCLR	LCD_D4, BitPos(LCD_D4+0)
0x06AC	0xAF0002  	BTSC	W1, #0
0x06AE	0xA862DC  	BSET	LCD_D4, BitPos(LCD_D4+0)
; loc_word end address is: 2 (W1)
;__Lib_Lcd.c,56 :: 		
0x06B0	0x208800  	MOV	#lo_addr(__Lib_Lcd_cmd_status), W0
0x06B2	0xA60010  	BTSS	[W0], BitPos(__Lib_Lcd_cmd_status+0)
0x06B4	0xA8A2DC  	BSET	LCD_RS, BitPos(LCD_RS+0)
0x06B6	0xA70010  	BTSC	[W0], BitPos(__Lib_Lcd_cmd_status+0)
0x06B8	0xA9A2DC  	BCLR	LCD_RS, BitPos(LCD_RS+0)
;__Lib_Lcd.c,58 :: 		
0x06BA	0x07FD92  	RCALL	__Lib_Lcd_Strobe
;__Lib_Lcd.c,60 :: 		
0x06BC	0x208800  	MOV	#lo_addr(__Lib_Lcd_cmd_status), W0
0x06BE	0xA60010  	BTSS	[W0], BitPos(__Lib_Lcd_cmd_status+0)
0x06C0	0x370002  	BRA	L_Lcd_Cmd0
;__Lib_Lcd.c,61 :: 		
0x06C2	0x07FD89  	RCALL	_Delay_5500us
0x06C4	0x370001  	BRA	L_Lcd_Cmd1
L_Lcd_Cmd0:
;__Lib_Lcd.c,63 :: 		
0x06C6	0x07FD69  	RCALL	_Delay_50us
L_Lcd_Cmd1:
;__Lib_Lcd.c,64 :: 		
L_end_Lcd_Cmd:
0x06C8	0xFA8000  	ULNK
0x06CA	0x060000  	RETURN
; end of _Lcd_Cmd
_Delay_50us:
;__Lib_Delays.c,458 :: 		void Delay_50us()
;__Lib_Delays.c,460 :: 		Delay_us(50);
0x019A	0x2010A7  	MOV	#266, W7
L_Delay_50us17:
0x019C	0xED200E  	DEC	W7
0x019E	0x3AFFFE  	BRA NZ	L_Delay_50us17
0x01A0	0x000000  	NOP
0x01A2	0x000000  	NOP
;__Lib_Delays.c,461 :: 		}
L_end_Delay_50us:
0x01A4	0x060000  	RETURN
; end of _Delay_50us
_Lcd_Out:
0x0964	0xFA0000  	LNK	#0
;__Lib_Lcd.c,187 :: 		
;__Lib_Lcd.c,190 :: 		
0x0966	0x781F8A  	PUSH	W10
0x0968	0x37000A  	BRA	L_Lcd_Out11
;__Lib_Lcd.c,191 :: 		
L_Lcd_Out13:
0x096A	0x20080A  	MOV	#128, W10
0x096C	0x370011  	BRA	L_Lcd_Out12
;__Lib_Lcd.c,192 :: 		
L_Lcd_Out14:
0x096E	0x200C0A  	MOV	#192, W10
0x0970	0x37000F  	BRA	L_Lcd_Out12
;__Lib_Lcd.c,193 :: 		
L_Lcd_Out15:
0x0972	0x20094A  	MOV	#148, W10
0x0974	0x37000D  	BRA	L_Lcd_Out12
;__Lib_Lcd.c,194 :: 		
L_Lcd_Out16:
0x0976	0x200D4A  	MOV	#212, W10
0x0978	0x37000B  	BRA	L_Lcd_Out12
;__Lib_Lcd.c,195 :: 		
L_Lcd_Out17:
0x097A	0x20080A  	MOV	#128, W10
;__Lib_Lcd.c,196 :: 		
0x097C	0x370009  	BRA	L_Lcd_Out12
L_Lcd_Out11:
0x097E	0xE15061  	CP	W10, #1
0x0980	0x32FFF4  	BRA Z	L_Lcd_Out13
L__Lcd_Out32:
0x0982	0xE15062  	CP	W10, #2
0x0984	0x32FFF4  	BRA Z	L_Lcd_Out14
L__Lcd_Out33:
0x0986	0xE15063  	CP	W10, #3
0x0988	0x32FFF4  	BRA Z	L_Lcd_Out15
L__Lcd_Out34:
0x098A	0xE15064  	CP	W10, #4
0x098C	0x32FFF4  	BRA Z	L_Lcd_Out16
L__Lcd_Out35:
0x098E	0x37FFF5  	BRA	L_Lcd_Out17
L_Lcd_Out12:
;__Lib_Lcd.c,199 :: 		
0x0990	0x558061  	SUB	W11, #1, W0
0x0992	0x450000  	ADD	W10, W0, W0
0x0994	0x780500  	MOV	W0, W10
;__Lib_Lcd.c,201 :: 		
0x0996	0x784500  	MOV.B	W0, W10
0x0998	0x07FE63  	RCALL	_Lcd_Cmd
;__Lib_Lcd.c,202 :: 		
0x099A	0x208800  	MOV	#lo_addr(__Lib_Lcd_cmd_status), W0
0x099C	0xA10010  	BCLR	[W0], BitPos(__Lib_Lcd_cmd_status+0)
;__Lib_Lcd.c,203 :: 		
; i start address is: 4 (W2)
0x099E	0xEF2004  	CLR	W2
; i end address is: 4 (W2)
;__Lib_Lcd.c,204 :: 		
L_Lcd_Out18:
; i start address is: 4 (W2)
0x09A0	0x460002  	ADD	W12, W2, W0
0x09A2	0xE00410  	CP0.B	[W0]
0x09A4	0x320007  	BRA Z	L_Lcd_Out19
L__Lcd_Out36:
;__Lib_Lcd.c,205 :: 		
0x09A6	0x460002  	ADD	W12, W2, W0
0x09A8	0x781F8A  	PUSH	W10
0x09AA	0x784510  	MOV.B	[W0], W10
0x09AC	0x07FBFC  	RCALL	_Lcd_Chr_CP
0x09AE	0x78054F  	POP	W10
0x09B0	0xEC2004  	INC	W2
; i end address is: 4 (W2)
0x09B2	0x37FFF6  	BRA	L_Lcd_Out18
L_Lcd_Out19:
;__Lib_Lcd.c,206 :: 		
0x09B4	0x208800  	MOV	#lo_addr(__Lib_Lcd_cmd_status), W0
0x09B6	0xA00010  	BSET	[W0], BitPos(__Lib_Lcd_cmd_status+0)
;__Lib_Lcd.c,207 :: 		
L_end_Lcd_Out:
0x09B8	0x78054F  	POP	W10
0x09BA	0xFA8000  	ULNK
0x09BC	0x060000  	RETURN
; end of _Lcd_Out
_Lcd_Chr_CP:
0x01A6	0xFA0000  	LNK	#0
;__Lib_Lcd.c,67 :: 		
;__Lib_Lcd.c,69 :: 		
0x01A8	0x208800  	MOV	#lo_addr(__Lib_Lcd_cmd_status), W0
0x01AA	0xA10010  	BCLR	[W0], BitPos(__Lib_Lcd_cmd_status+0)
;__Lib_Lcd.c,70 :: 		
0x01AC	0x070259  	RCALL	_Lcd_Cmd
;__Lib_Lcd.c,71 :: 		
0x01AE	0x208800  	MOV	#lo_addr(__Lib_Lcd_cmd_status), W0
0x01B0	0xA00010  	BSET	[W0], BitPos(__Lib_Lcd_cmd_status+0)
;__Lib_Lcd.c,72 :: 		
L_end_Lcd_Chr_CP:
0x01B2	0xFA8000  	ULNK
0x01B4	0x060000  	RETURN
; end of _Lcd_Chr_CP
_FloatToStr:
0x0736	0xFA0006  	LNK	#6
;__Lib_Conversions.c,521 :: 		
;__Lib_Conversions.c,523 :: 		
0x0738	0x781F8A  	PUSH	W10
0x073A	0x781F8B  	PUSH	W11
0x073C	0x200000  	MOV	#0, W0
0x073E	0x984740  	MOV.B	W0, [W14+4]
0x0740	0x200000  	MOV	#0, W0
0x0742	0x984750  	MOV.B	W0, [W14+5]
;__Lib_Conversions.c,525 :: 		
;__Lib_Conversions.c,528 :: 		
0x0744	0x98070A  	MOV	W10, [W14+0]
0x0746	0x98071B  	MOV	W11, [W14+2]
;__Lib_Conversions.c,529 :: 		
0x0748	0x90010E  	MOV	[W14+0], W2
0x074A	0x90019E  	MOV	[W14+2], W3
0x074C	0x2FFFF0  	MOV	#65535, W0
0x074E	0x2FFFF1  	MOV	#65535, W1
0x0750	0xE11000  	CP	W2, W0
0x0752	0xE19801  	CPB	W3, W1
0x0754	0x3A0005  	BRA NZ	L_FloatToStr90
L__FloatToStr196:
;__Lib_Conversions.c,530 :: 		
0x0756	0x2082AB  	MOV	#lo_addr(?lstr1___Lib_Conversions), W11
0x0758	0x78050C  	MOV	W12, W10
0x075A	0x07FD10  	RCALL	_strcpy
;__Lib_Conversions.c,531 :: 		
0x075C	0xB3C030  	MOV.B	#3, W0
0x075E	0x3700FE  	BRA	L_end_FloatToStr
;__Lib_Conversions.c,532 :: 		
L_FloatToStr90:
;__Lib_Conversions.c,533 :: 		
; i start address is: 12 (W6)
0x0760	0xB3C016  	MOV.B	#1, W6
;__Lib_Conversions.c,534 :: 		
0x0762	0x470060  	ADD	W14, #0, W0
0x0764	0x400063  	ADD	W0, #3, W0
0x0766	0x784010  	MOV.B	[W0], W0
0x0768	0xAEE000  	BTSS	W0, #7
0x076A	0x37000D  	BRA	L__FloatToStr125
;__Lib_Conversions.c,535 :: 		
0x076C	0x470060  	ADD	W14, #0, W0
0x076E	0x400163  	ADD	W0, #3, W2
0x0770	0xFB8092  	ZE	[W2], W1
0x0772	0x200800  	MOV	#128, W0
0x0774	0x688000  	XOR	W1, W0, W0
0x0776	0x784900  	MOV.B	W0, [W2]
;__Lib_Conversions.c,536 :: 		
; i start address is: 2 (W1)
0x0778	0x4340E1  	ADD.B	W6, #1, W1
; i end address is: 12 (W6)
;__Lib_Conversions.c,537 :: 		
0x077A	0xB3C2D0  	MOV.B	#45, W0
0x077C	0x784E00  	MOV.B	W0, [W12]
0x077E	0x460061  	ADD	W12, #1, W0
0x0780	0x780600  	MOV	W0, W12
; i end address is: 2 (W1)
0x0782	0x784201  	MOV.B	W1, W4
;__Lib_Conversions.c,538 :: 		
0x0784	0x370001  	BRA	L_FloatToStr91
L__FloatToStr125:
;__Lib_Conversions.c,534 :: 		
0x0786	0x784206  	MOV.B	W6, W4
;__Lib_Conversions.c,538 :: 		
L_FloatToStr91:
;__Lib_Conversions.c,539 :: 		
; i start address is: 8 (W4)
0x0788	0x90000E  	MOV	[W14+0], W0
0x078A	0x90009E  	MOV	[W14+2], W1
0x078C	0xE10060  	CP	W0, #0
0x078E	0xE18860  	CPB	W1, #0
0x0790	0x3A0005  	BRA NZ	L_FloatToStr92
L__FloatToStr197:
; i end address is: 8 (W4)
;__Lib_Conversions.c,540 :: 		
0x0792	0x20830B  	MOV	#lo_addr(?lstr2___Lib_Conversions), W11
0x0794	0x78050C  	MOV	W12, W10
0x0796	0x07FCF2  	RCALL	_strcpy
;__Lib_Conversions.c,541 :: 		
0x0798	0xEF2000  	CLR	W0
0x079A	0x3700E0  	BRA	L_end_FloatToStr
;__Lib_Conversions.c,542 :: 		
L_FloatToStr92:
;__Lib_Conversions.c,543 :: 		
; i start address is: 8 (W4)
0x079C	0x90010E  	MOV	[W14+0], W2
0x079E	0x90019E  	MOV	[W14+2], W3
0x07A0	0x200000  	MOV	#0, W0
0x07A2	0x27F801  	MOV	#32640, W1
0x07A4	0xE11000  	CP	W2, W0
0x07A6	0xE19801  	CPB	W3, W1
0x07A8	0x3A0005  	BRA NZ	L_FloatToStr93
L__FloatToStr198:
;__Lib_Conversions.c,544 :: 		
0x07AA	0x20834B  	MOV	#lo_addr(?lstr3___Lib_Conversions), W11
0x07AC	0x78050C  	MOV	W12, W10
0x07AE	0x07FCE6  	RCALL	_strcpy
;__Lib_Conversions.c,545 :: 		
0x07B0	0x784004  	MOV.B	W4, W0
; i end address is: 8 (W4)
0x07B2	0x3700D4  	BRA	L_end_FloatToStr
;__Lib_Conversions.c,546 :: 		
L_FloatToStr93:
;__Lib_Conversions.c,554 :: 		
L_FloatToStr94:
0x07B4	0x781F8C  	PUSH	W12
0x07B6	0xBE9F8A  	PUSH.D	W10
0x07B8	0x200002  	MOV	#0, W2
0x07BA	0x23F803  	MOV	#16256, W3
0x07BC	0x90000E  	MOV	[W14+0], W0
0x07BE	0x90009E  	MOV	[W14+2], W1
0x07C0	0x07FD05  	RCALL	__Compare_Le_Fp
0x07C2	0xE00000  	CP0	W0
0x07C4	0xEF6000  	CLR.B	W0
0x07C6	0x3D0001  	BRA GE	L__FloatToStr199
0x07C8	0xEC6000  	INC.B	W0
L__FloatToStr199:
0x07CA	0xBE054F  	POP.D	W10
0x07CC	0x78064F  	POP	W12
0x07CE	0xE24000  	CP0.B	W0
0x07D0	0x32000F  	BRA Z	L_FloatToStr95
L__FloatToStr200:
;__Lib_Conversions.c,555 :: 		
0x07D2	0x781F8C  	PUSH	W12
0x07D4	0xBE9F8A  	PUSH.D	W10
0x07D6	0x90000E  	MOV	[W14+0], W0
0x07D8	0x90009E  	MOV	[W14+2], W1
0x07DA	0x200002  	MOV	#0, W2
0x07DC	0x241203  	MOV	#16672, W3
0x07DE	0x07FD07  	RCALL	__Mul_FP
0x07E0	0xBE054F  	POP.D	W10
0x07E2	0x78064F  	POP	W12
0x07E4	0x980700  	MOV	W0, [W14+0]
0x07E6	0x980711  	MOV	W1, [W14+2]
;__Lib_Conversions.c,556 :: 		
0x07E8	0x9040DE  	MOV.B	[W14+5], W1
0x07EA	0x470065  	ADD	W14, #5, W0
0x07EC	0x50C861  	SUB.B	W1, #1, [W0]
;__Lib_Conversions.c,557 :: 		
0x07EE	0x37FFE2  	BRA	L_FloatToStr94
L_FloatToStr95:
;__Lib_Conversions.c,562 :: 		
L_FloatToStr96:
0x07F0	0x781F8C  	PUSH	W12
0x07F2	0xBE9F8A  	PUSH.D	W10
0x07F4	0x200002  	MOV	#0, W2
0x07F6	0x241203  	MOV	#16672, W3
0x07F8	0x90000E  	MOV	[W14+0], W0
0x07FA	0x90009E  	MOV	[W14+2], W1
0x07FC	0x07FCDC  	RCALL	__Compare_Ge_Fp
0x07FE	0xE00000  	CP0	W0
0x0800	0xEF6000  	CLR.B	W0
0x0802	0x350001  	BRA LT	L__FloatToStr201
0x0804	0xEC6000  	INC.B	W0
L__FloatToStr201:
0x0806	0xBE054F  	POP.D	W10
0x0808	0x78064F  	POP	W12
0x080A	0xE24000  	CP0.B	W0
0x080C	0x32000F  	BRA Z	L_FloatToStr97
L__FloatToStr202:
;__Lib_Conversions.c,563 :: 		
0x080E	0x781F8C  	PUSH	W12
0x0810	0xBE9F8A  	PUSH.D	W10
0x0812	0x90000E  	MOV	[W14+0], W0
0x0814	0x90009E  	MOV	[W14+2], W1
0x0816	0x2CCCD2  	MOV	#52429, W2
0x0818	0x23DCC3  	MOV	#15820, W3
0x081A	0x07FCE9  	RCALL	__Mul_FP
0x081C	0xBE054F  	POP.D	W10
0x081E	0x78064F  	POP	W12
0x0820	0x980700  	MOV	W0, [W14+0]
0x0822	0x980711  	MOV	W1, [W14+2]
;__Lib_Conversions.c,564 :: 		
0x0824	0x9040DE  	MOV.B	[W14+5], W1
0x0826	0x470065  	ADD	W14, #5, W0
0x0828	0x40C861  	ADD.B	W1, #1, [W0]
;__Lib_Conversions.c,565 :: 		
0x082A	0x37FFE2  	BRA	L_FloatToStr96
L_FloatToStr97:
;__Lib_Conversions.c,570 :: 		
0x082C	0x470160  	ADD	W14, #0, W2
0x082E	0xD00032  	SL	[W2++], W0
0x0830	0xD280A2  	RLC	[W2--], W1
0x0832	0x980700  	MOV	W0, [W14+0]
0x0834	0x980711  	MOV	W1, [W14+2]
;__Lib_Conversions.c,579 :: 		
0x0836	0x470060  	ADD	W14, #0, W0
0x0838	0x400063  	ADD	W0, #3, W0
0x083A	0x784090  	MOV.B	[W0], W1
0x083C	0xB3C7F0  	MOV.B	#127, W0
; d start address is: 4 (W2)
0x083E	0x50C100  	SUB.B	W1, W0, W2
;__Lib_Conversions.c,582 :: 		
0x0840	0x470060  	ADD	W14, #0, W0
0x0842	0x4000E3  	ADD	W0, #3, W1
0x0844	0xB3C010  	MOV.B	#1, W0
0x0846	0x784880  	MOV.B	W0, [W1]
;__Lib_Conversions.c,583 :: 		
0x0848	0xFB8182  	ZE	W2, W3
; d end address is: 4 (W2)
0x084A	0x470160  	ADD	W14, #0, W2
0x084C	0xBE0012  	MOV.D	[W2], W0
L__FloatToStr203:
0x084E	0xE90183  	DEC	W3, W3
0x0850	0x350003  	BRA LT	L__FloatToStr204
0x0852	0xD00000  	SL	W0, W0
0x0854	0xD28081  	RLC	W1, W1
0x0856	0x37FFFB  	BRA	L__FloatToStr203
L__FloatToStr204:
0x0858	0x980700  	MOV	W0, [W14+0]
0x085A	0x980711  	MOV	W1, [W14+2]
;__Lib_Conversions.c,584 :: 		
0x085C	0x470060  	ADD	W14, #0, W0
0x085E	0x400063  	ADD	W0, #3, W0
0x0860	0x200301  	MOV	#48, W1
0x0862	0xFB8010  	ZE	[W0], W0
0x0864	0x408000  	ADD	W1, W0, W0
0x0866	0x784E00  	MOV.B	W0, [W12]
0x0868	0x460061  	ADD	W12, #1, W0
0x086A	0x780600  	MOV	W0, W12
;__Lib_Conversions.c,585 :: 		
0x086C	0x90405E  	MOV.B	[W14+5], W0
0x086E	0xE10461  	CP.B	W0, #1
0x0870	0x350004  	BRA LT	L__FloatToStr124
L__FloatToStr205:
0x0872	0x90405E  	MOV.B	[W14+5], W0
0x0874	0xE10466  	CP.B	W0, #6
0x0876	0x3C0001  	BRA GT	L__FloatToStr123
L__FloatToStr206:
0x0878	0x370006  	BRA	L_FloatToStr100
L__FloatToStr124:
L__FloatToStr123:
;__Lib_Conversions.c,586 :: 		
0x087A	0xB3C2E0  	MOV.B	#46, W0
0x087C	0x784E00  	MOV.B	W0, [W12]
0x087E	0x460061  	ADD	W12, #1, W0
0x0880	0x780600  	MOV	W0, W12
;__Lib_Conversions.c,587 :: 		
0x0882	0xB3C010  	MOV.B	#1, W0
0x0884	0x984740  	MOV.B	W0, [W14+4]
;__Lib_Conversions.c,588 :: 		
L_FloatToStr100:
;__Lib_Conversions.c,589 :: 		
; d start address is: 10 (W5)
0x0886	0xB3C065  	MOV.B	#6, W5
; d end address is: 10 (W5)
L_FloatToStr101:
; d start address is: 10 (W5)
0x0888	0xE12C60  	CP.B	W5, #0
0x088A	0x32002C  	BRA Z	L_FloatToStr102
L__FloatToStr207:
;__Lib_Conversions.c,590 :: 		
0x088C	0x470060  	ADD	W14, #0, W0
0x088E	0x4000E3  	ADD	W0, #3, W1
0x0890	0xEF2000  	CLR	W0
0x0892	0x784880  	MOV.B	W0, [W1]
;__Lib_Conversions.c,591 :: 		
0x0894	0x470060  	ADD	W14, #0, W0
0x0896	0xD001B0  	SL	[W0++], W3
0x0898	0xD28220  	RLC	[W0--], W4
0x089A	0xD00183  	SL	W3, W3
0x089C	0xD28204  	RLC	W4, W4
0x089E	0x470160  	ADD	W14, #0, W2
0x08A0	0x418032  	ADD	W3, [W2++], W0
0x08A2	0x4A00A2  	ADDC	W4, [W2--], W1
0x08A4	0x980700  	MOV	W0, [W14+0]
0x08A6	0x980711  	MOV	W1, [W14+2]
;__Lib_Conversions.c,592 :: 		
0x08A8	0x470160  	ADD	W14, #0, W2
0x08AA	0xD00032  	SL	[W2++], W0
0x08AC	0xD280A2  	RLC	[W2--], W1
0x08AE	0x980700  	MOV	W0, [W14+0]
0x08B0	0x980711  	MOV	W1, [W14+2]
;__Lib_Conversions.c,593 :: 		
0x08B2	0x470060  	ADD	W14, #0, W0
0x08B4	0x400063  	ADD	W0, #3, W0
0x08B6	0x200301  	MOV	#48, W1
0x08B8	0xFB8010  	ZE	[W0], W0
0x08BA	0x408000  	ADD	W1, W0, W0
0x08BC	0x784E00  	MOV.B	W0, [W12]
0x08BE	0x460061  	ADD	W12, #1, W0
0x08C0	0x780600  	MOV	W0, W12
;__Lib_Conversions.c,594 :: 		
0x08C2	0x90404E  	MOV.B	[W14+4], W0
0x08C4	0xE10460  	CP.B	W0, #0
0x08C6	0x3A000B  	BRA NZ	L_FloatToStr104
L__FloatToStr208:
;__Lib_Conversions.c,595 :: 		
0x08C8	0x90405E  	MOV.B	[W14+5], W0
0x08CA	0xED6000  	DEC.B	W0
0x08CC	0x984750  	MOV.B	W0, [W14+5]
0x08CE	0xE10460  	CP.B	W0, #0
0x08D0	0x3A0006  	BRA NZ	L_FloatToStr105
L__FloatToStr209:
;__Lib_Conversions.c,596 :: 		
0x08D2	0xB3C2E0  	MOV.B	#46, W0
0x08D4	0x784E00  	MOV.B	W0, [W12]
0x08D6	0x460061  	ADD	W12, #1, W0
0x08D8	0x780600  	MOV	W0, W12
;__Lib_Conversions.c,597 :: 		
0x08DA	0xB3C010  	MOV.B	#1, W0
0x08DC	0x984740  	MOV.B	W0, [W14+4]
;__Lib_Conversions.c,598 :: 		
L_FloatToStr105:
L_FloatToStr104:
;__Lib_Conversions.c,589 :: 		
; d start address is: 0 (W0)
0x08DE	0x52C061  	SUB.B	W5, #1, W0
; d end address is: 10 (W5)
;__Lib_Conversions.c,599 :: 		
0x08E0	0x784280  	MOV.B	W0, W5
; d end address is: 0 (W0)
0x08E2	0x37FFD2  	BRA	L_FloatToStr101
L_FloatToStr102:
;__Lib_Conversions.c,600 :: 		
L_FloatToStr106:
0x08E4	0x2FFFF0  	MOV	#65535, W0
0x08E6	0x460000  	ADD	W12, W0, W0
0x08E8	0x784090  	MOV.B	[W0], W1
0x08EA	0xB3C300  	MOV.B	#48, W0
0x08EC	0xE10C00  	CP.B	W1, W0
0x08EE	0x3A0003  	BRA NZ	L_FloatToStr107
L__FloatToStr210:
;__Lib_Conversions.c,601 :: 		
0x08F0	0x560061  	SUB	W12, #1, W0
0x08F2	0x780600  	MOV	W0, W12
0x08F4	0x37FFF7  	BRA	L_FloatToStr106
L_FloatToStr107:
;__Lib_Conversions.c,602 :: 		
0x08F6	0x2FFFF0  	MOV	#65535, W0
0x08F8	0x460000  	ADD	W12, W0, W0
0x08FA	0x784090  	MOV.B	[W0], W1
0x08FC	0xB3C2E0  	MOV.B	#46, W0
0x08FE	0xE10C00  	CP.B	W1, W0
0x0900	0x3A0002  	BRA NZ	L_FloatToStr108
L__FloatToStr211:
;__Lib_Conversions.c,603 :: 		
0x0902	0x560061  	SUB	W12, #1, W0
0x0904	0x780600  	MOV	W0, W12
L_FloatToStr108:
;__Lib_Conversions.c,604 :: 		
0x0906	0x90405E  	MOV.B	[W14+5], W0
0x0908	0xE10460  	CP.B	W0, #0
0x090A	0x320025  	BRA Z	L_FloatToStr109
L__FloatToStr212:
;__Lib_Conversions.c,605 :: 		
0x090C	0xB3C650  	MOV.B	#101, W0
0x090E	0x784E00  	MOV.B	W0, [W12]
0x0910	0x460061  	ADD	W12, #1, W0
0x0912	0x780600  	MOV	W0, W12
;__Lib_Conversions.c,606 :: 		
0x0914	0x90405E  	MOV.B	[W14+5], W0
0x0916	0xE10460  	CP.B	W0, #0
0x0918	0x3D0007  	BRA GE	L_FloatToStr110
L__FloatToStr213:
;__Lib_Conversions.c,607 :: 		
0x091A	0xB3C2D0  	MOV.B	#45, W0
0x091C	0x784E00  	MOV.B	W0, [W12]
0x091E	0x460061  	ADD	W12, #1, W0
0x0920	0x780600  	MOV	W0, W12
;__Lib_Conversions.c,608 :: 		
0x0922	0x9040DE  	MOV.B	[W14+5], W1
0x0924	0x470065  	ADD	W14, #5, W0
0x0926	0x10C860  	SUBR.B	W1, #0, [W0]
;__Lib_Conversions.c,609 :: 		
L_FloatToStr110:
;__Lib_Conversions.c,610 :: 		
; d start address is: 6 (W3)
0x0928	0x9041DE  	MOV.B	[W14+5], W3
;__Lib_Conversions.c,611 :: 		
0x092A	0x90405E  	MOV.B	[W14+5], W0
0x092C	0xE10469  	CP.B	W0, #9
0x092E	0x36000A  	BRA LEU	L_FloatToStr111
L__FloatToStr214:
;__Lib_Conversions.c,612 :: 		
0x0930	0xFB8003  	ZE	W3, W0
0x0932	0x2000A2  	MOV	#10, W2
0x0934	0x090011  	REPEAT	#17
0x0936	0xD80002  	DIV.S	W0, W2
0x0938	0x780080  	MOV	W0, W1
0x093A	0x200300  	MOV	#48, W0
0x093C	0x400001  	ADD	W0, W1, W0
0x093E	0x784E00  	MOV.B	W0, [W12]
0x0940	0x460061  	ADD	W12, #1, W0
0x0942	0x780600  	MOV	W0, W12
L_FloatToStr111:
;__Lib_Conversions.c,613 :: 		
0x0944	0xFB8003  	ZE	W3, W0
; d end address is: 6 (W3)
0x0946	0x2000A2  	MOV	#10, W2
0x0948	0x090011  	REPEAT	#17
0x094A	0xD80002  	DIV.S	W0, W2
0x094C	0x200300  	MOV	#48, W0
0x094E	0x400001  	ADD	W0, W1, W0
0x0950	0x784E00  	MOV.B	W0, [W12]
0x0952	0x460061  	ADD	W12, #1, W0
0x0954	0x780600  	MOV	W0, W12
;__Lib_Conversions.c,614 :: 		
L_FloatToStr109:
;__Lib_Conversions.c,615 :: 		
0x0956	0xEF2000  	CLR	W0
0x0958	0x784E00  	MOV.B	W0, [W12]
;__Lib_Conversions.c,616 :: 		
0x095A	0xEF2000  	CLR	W0
;__Lib_Conversions.c,617 :: 		
;__Lib_Conversions.c,616 :: 		
;__Lib_Conversions.c,617 :: 		
L_end_FloatToStr:
0x095C	0x7805CF  	POP	W11
0x095E	0x78054F  	POP	W10
0x0960	0xFA8000  	ULNK
0x0962	0x060000  	RETURN
; end of _FloatToStr
_strcpy:
0x017C	0xFA0000  	LNK	#0
;__Lib_CString.c,133 :: 		
;__Lib_CString.c,136 :: 		
; cp start address is: 0 (W0)
0x017E	0x78000A  	MOV	W10, W0
; cp end address is: 0 (W0)
;__Lib_CString.c,137 :: 		
L_strcpy34:
; cp start address is: 6 (W3)
; cp start address is: 0 (W0)
0x0180	0x780100  	MOV	W0, W2
; cp start address is: 6 (W3)
0x0182	0x4001E1  	ADD	W0, #1, W3
; cp end address is: 0 (W0)
; cp end address is: 6 (W3)
0x0184	0x78008B  	MOV	W11, W1
0x0186	0x458061  	ADD	W11, #1, W0
0x0188	0x780580  	MOV	W0, W11
0x018A	0x784911  	MOV.B	[W1], [W2]
0x018C	0xE00412  	CP0.B	[W2]
0x018E	0x320002  	BRA Z	L_strcpy35
L__strcpy133:
; cp end address is: 6 (W3)
;__Lib_CString.c,138 :: 		
; cp start address is: 6 (W3)
0x0190	0x780003  	MOV	W3, W0
; cp end address is: 6 (W3)
0x0192	0x37FFF6  	BRA	L_strcpy34
L_strcpy35:
;__Lib_CString.c,139 :: 		
0x0194	0x78000A  	MOV	W10, W0
;__Lib_CString.c,140 :: 		
L_end_strcpy:
0x0196	0xFA8000  	ULNK
0x0198	0x060000  	RETURN
; end of _strcpy
__Compare_Le_Fp:
0x01CC	0xFA0000  	LNK	#0
;__Lib_MathDouble.c,1348 :: 		
;__Lib_MathDouble.c,1349 :: 		
0x01CE	0x200014  	MOV	#1, W4
;__Lib_MathDouble.c,1350 :: 		
0x01D0	0x07FF9C  	RCALL	__Compare_Fp
;__Lib_MathDouble.c,1351 :: 		
L_end__Compare_Le_Fp:
0x01D2	0xFA8000  	ULNK
0x01D4	0x060000  	RETURN
; end of __Compare_Le_Fp
__Compare_Fp:
0x010A	0xFA0000  	LNK	#0
;__Lib_MathDouble.c,1272 :: 		
;__Lib_MathDouble.c,1274 :: 		
0x010C	0x070002  	RCALL	CompareFp__fcompare
;__Lib_MathDouble.c,1275 :: 		
0x010E	0x000000040178  	GOTO	the_end__Compare_Fp
;__Lib_MathDouble.c,1277 :: 		
CompareFp__fcompare:
;__Lib_MathDouble.c,1278 :: 		
0x0112	0x781F84  	MOV	W4, [W15++]
;__Lib_MathDouble.c,1279 :: 		
0x0114	0x070014  	RCALL	CompareFp__funpack2
;__Lib_MathDouble.c,1280 :: 		
0x0116	0x78004F  	MOV	[--W15], W0
;__Lib_MathDouble.c,1281 :: 		
0x0118	0x330011  	BRA N	CompareFp_exit
;__Lib_MathDouble.c,1282 :: 		
0x011A	0x2FFFF0  	MOV	#65535, W0
;__Lib_MathDouble.c,1283 :: 		
0x011C	0x6C8F83  	XOR	W9, W3, [W15]
;__Lib_MathDouble.c,1284 :: 		
0x011E	0x3B0006  	BRA NN	CompareFp_comparemag
;__Lib_MathDouble.c,1285 :: 		
0x0120	0x650504  	AND	W10, W4, W10
;__Lib_MathDouble.c,1286 :: 		
0x0122	0xA7000A  	BTSC	W10, #0
;__Lib_MathDouble.c,1287 :: 		
0x0124	0x370008  	BRA	CompareFp_returnEqual
;__Lib_MathDouble.c,1288 :: 		
0x0126	0xA6F009  	BTSS	W9, #15
;__Lib_MathDouble.c,1289 :: 		
0x0128	0x200010  	MOV	#1, W0
;__Lib_MathDouble.c,1290 :: 		
0x012A	0x370008  	BRA	CompareFp_exit
;__Lib_MathDouble.c,1291 :: 		
CompareFp_comparemag:
;__Lib_MathDouble.c,1292 :: 		
0x012C	0x540F82  	SUB	W8, W2, [W15]
;__Lib_MathDouble.c,1293 :: 		
0x012E	0x5C8F83  	SUBB	W9, W3, [W15]
;__Lib_MathDouble.c,1294 :: 		
0x0130	0x390003  	BRA LTU	CompareFp_adjust
;__Lib_MathDouble.c,1295 :: 		
0x0132	0x200010  	MOV	#1, W0
;__Lib_MathDouble.c,1296 :: 		
0x0134	0x3E0001  	BRA GTU	CompareFp_adjust
;__Lib_MathDouble.c,1297 :: 		
CompareFp_returnEqual:
;__Lib_MathDouble.c,1298 :: 		
0x0136	0x200000  	MOV	#0, W0
;__Lib_MathDouble.c,1299 :: 		
CompareFp_adjust:
;__Lib_MathDouble.c,1300 :: 		
0x0138	0xA7F009  	BTSC	W9, #15
;__Lib_MathDouble.c,1301 :: 		
0x013A	0xEA0000  	NEG	W0, W0
;__Lib_MathDouble.c,1302 :: 		
CompareFp_exit:
;__Lib_MathDouble.c,1303 :: 		
0x013C	0x060000  	RETURN
;__Lib_MathDouble.c,1304 :: 		
CompareFp__funpack2:
;__Lib_MathDouble.c,1305 :: 		
0x013E	0xBE8400  	MOV.D	W0, W8
;__Lib_MathDouble.c,1306 :: 		
0x0140	0x070006  	RCALL	CompareFp__funpack
;__Lib_MathDouble.c,1307 :: 		
0x0142	0xBE8300  	MOV.D	W0, W6
;__Lib_MathDouble.c,1308 :: 		
0x0144	0xBE8504  	MOV.D	W4, W10
;__Lib_MathDouble.c,1309 :: 		
0x0146	0xBE8002  	MOV.D	W2, W0
;__Lib_MathDouble.c,1310 :: 		
0x0148	0x070002  	RCALL	CompareFp__funpack
;__Lib_MathDouble.c,1311 :: 		
0x014A	0x754F84  	IOR.B	W10, W4, [W15]
;__Lib_MathDouble.c,1312 :: 		
0x014C	0x060000  	RETURN
;__Lib_MathDouble.c,1313 :: 		
CompareFp__funpack:
;__Lib_MathDouble.c,1314 :: 		
0x014E	0xDE0AC7  	LSR	W1, #7, W5
;__Lib_MathDouble.c,1315 :: 		
0x0150	0xB207F1  	AND	#127, W1
;__Lib_MathDouble.c,1316 :: 		
0x0152	0xB20FF5  	AND	#255, W5
;__Lib_MathDouble.c,1317 :: 		
0x0154	0x320008  	BRA Z	CompareFp_zeroorsub
;__Lib_MathDouble.c,1318 :: 		
0x0156	0x42CFE1  	ADD.B	W5, #1, [W15]
;__Lib_MathDouble.c,1319 :: 		
0x0158	0x320002  	BRA Z	CompareFp_nanorinf
;__Lib_MathDouble.c,1320 :: 		
CompareFp_finitereturn:
;__Lib_MathDouble.c,1321 :: 		
0x015A	0xA8E002  	BSET	W1, #7
;__Lib_MathDouble.c,1322 :: 		
0x015C	0x050024  	RETLW	#2, W4
;__Lib_MathDouble.c,1323 :: 		
CompareFp_nanorinf:
;__Lib_MathDouble.c,1324 :: 		
0x015E	0x700F81  	IOR	W0, W1, [W15]
;__Lib_MathDouble.c,1325 :: 		
0x0160	0x320001  	BRA Z	CompareFp_infinite
;__Lib_MathDouble.c,1326 :: 		
0x0162	0x050804  	RETLW	#128, W4
;__Lib_MathDouble.c,1327 :: 		
CompareFp_infinite:
;__Lib_MathDouble.c,1328 :: 		
0x0164	0x050044  	RETLW	#4, W4
;__Lib_MathDouble.c,1329 :: 		
CompareFp_zeroorsub:
;__Lib_MathDouble.c,1330 :: 		
0x0166	0x700F81  	IOR	W0, W1, [W15]
;__Lib_MathDouble.c,1331 :: 		
0x0168	0x3A0002  	BRA NZ	CompareFp_subnormal
;__Lib_MathDouble.c,1332 :: 		
0x016A	0x050014  	RETLW	#1, W4
;__Lib_MathDouble.c,1333 :: 		
CompareFp_normalize:
;__Lib_MathDouble.c,1334 :: 		
0x016C	0xE90285  	DEC	W5, W5
;__Lib_MathDouble.c,1335 :: 		
CompareFp_subnormal:
;__Lib_MathDouble.c,1336 :: 		
0x016E	0x400000  	ADD	W0, W0, W0
;__Lib_MathDouble.c,1337 :: 		
0x0170	0x48C081  	ADDC.B	W1, W1, W1
;__Lib_MathDouble.c,1338 :: 		
0x0172	0x3BFFFC  	BRA NN	CompareFp_normalize
;__Lib_MathDouble.c,1339 :: 		
0x0174	0xA8E002  	BSET	W1, #7
;__Lib_MathDouble.c,1340 :: 		
0x0176	0x050024  	RETLW	#2, W4
;__Lib_MathDouble.c,1343 :: 		
the_end__Compare_Fp:
;__Lib_MathDouble.c,1345 :: 		
L_end__Compare_Fp:
0x0178	0xFA8000  	ULNK
0x017A	0x060000  	RETURN
; end of __Compare_Fp
__Mul_FP:
0x01EE	0xFA0000  	LNK	#0
;__Lib_MathDouble.c,855 :: 		
;__Lib_MathDouble.c,857 :: 		
0x01F0	0x070002  	RCALL	MulFP___mulsf3
;__Lib_MathDouble.c,858 :: 		
0x01F2	0x000000040304  	GOTO	the_end__Mul_FP
;__Lib_MathDouble.c,861 :: 		
MulFP___mulsf3:
;__Lib_MathDouble.c,862 :: 		
0x01F6	0xBE9F88  	MOV.D	W8, [W15++]
;__Lib_MathDouble.c,863 :: 		
0x01F8	0xBE9F8A  	MOV.D	W10, [W15++]
;__Lib_MathDouble.c,864 :: 		
0x01FA	0x781F8C  	MOV	W12, [W15++]
;__Lib_MathDouble.c,865 :: 		
0x01FC	0x070030  	RCALL	MulFP__funpack2
;__Lib_MathDouble.c,866 :: 		
0x01FE	0x330037  	BRA N	MulFP__fPropagateNaN
;__Lib_MathDouble.c,867 :: 		
0x0200	0x6C8603  	XOR	W9, W3, W12
;__Lib_MathDouble.c,868 :: 		
0x0202	0xE15064  	CP	W10, #4
;__Lib_MathDouble.c,869 :: 		
0x0204	0x320024  	BRA Z	MulFP_aisinfinite
;__Lib_MathDouble.c,870 :: 		
0x0206	0xE12064  	CP	W4, #4
;__Lib_MathDouble.c,871 :: 		
0x0208	0x320027  	BRA Z	MulFP_bisinfinite
;__Lib_MathDouble.c,872 :: 		
0x020A	0xE15061  	CP	W10, #1
;__Lib_MathDouble.c,873 :: 		
0x020C	0x320022  	BRA Z	MulFP_return8_1
;__Lib_MathDouble.c,874 :: 		
0x020E	0xE12061  	CP	W4, #1
;__Lib_MathDouble.c,875 :: 		
0x0210	0x320021  	BRA Z	MulFP_return2_1
;__Lib_MathDouble.c,876 :: 		
0x0212	0x42858B  	ADD	W5, W11, W11
;__Lib_MathDouble.c,877 :: 		
0x0214	0xB107EB  	SUB	#126, W11
;__Lib_MathDouble.c,878 :: 		
0x0216	0xB83401  	MUL.UU	W6, W1, W8
;__Lib_MathDouble.c,879 :: 		
0x0218	0xB83A00  	MUL.UU	W7, W0, W4
;__Lib_MathDouble.c,880 :: 		
0x021A	0x420408  	ADD	W4, W8, W8
;__Lib_MathDouble.c,881 :: 		
0x021C	0x4A8489  	ADDC	W5, W9, W9
;__Lib_MathDouble.c,882 :: 		
0x021E	0xB83A01  	MUL.UU	W7, W1, W4
;__Lib_MathDouble.c,883 :: 		
0x0220	0xB83000  	MUL.UU	W6, W0, W0
;__Lib_MathDouble.c,884 :: 		
0x0222	0x408088  	ADD	W1, W8, W1
;__Lib_MathDouble.c,885 :: 		
0x0224	0x4A0109  	ADDC	W4, W9, W2
;__Lib_MathDouble.c,886 :: 		
0x0226	0x330004  	BRA N	MulFP_formsticky
;__Lib_MathDouble.c,887 :: 		
0x0228	0x400000  	ADD	W0, W0, W0
;__Lib_MathDouble.c,888 :: 		
0x022A	0x488081  	ADDC	W1, W1, W1
;__Lib_MathDouble.c,889 :: 		
0x022C	0x490102  	ADDC	W2, W2, W2
;__Lib_MathDouble.c,890 :: 		
0x022E	0xE9058B  	DEC	W11, W11
;__Lib_MathDouble.c,891 :: 		
MulFP_formsticky:
;__Lib_MathDouble.c,892 :: 		
0x0230	0xDD09C9  	SL	W1, #9, W3
;__Lib_MathDouble.c,893 :: 		
0x0232	0x700183  	IOR	W0, W3, W3
;__Lib_MathDouble.c,894 :: 		
0x0234	0x320001  	BRA Z	MulFP_formRandSig
;__Lib_MathDouble.c,895 :: 		
0x0236	0x200013  	MOV	#1, W3
;__Lib_MathDouble.c,896 :: 		
MulFP_formRandSig:
;__Lib_MathDouble.c,897 :: 		
0x0238	0xDE14C8  	LSR	W2, #8, W9
;__Lib_MathDouble.c,898 :: 		
0x023A	0xDD1448  	SL	W2, #8, W8
;__Lib_MathDouble.c,899 :: 		
0x023C	0xDE0947  	LSR	W1, #7, W2
;__Lib_MathDouble.c,900 :: 		
0x023E	0xB20012  	AND	#1, W2
;__Lib_MathDouble.c,901 :: 		
0x0240	0xDE08C8  	LSR	W1, #8, W1
;__Lib_MathDouble.c,902 :: 		
0x0242	0x708408  	IOR	W1, W8, W8
;__Lib_MathDouble.c,903 :: 		
0x0244	0x070024  	RCALL	MulFP__fpack
;__Lib_MathDouble.c,904 :: 		
MulFP_return0_1:
;__Lib_MathDouble.c,905 :: 		
0x0246	0xA1F001  	BCLR	W1, #15
;__Lib_MathDouble.c,906 :: 		
0x0248	0xA7F00C  	BTSC	W12, #15
;__Lib_MathDouble.c,907 :: 		
0x024A	0xA8E003  	BSET	W1, #15
;__Lib_MathDouble.c,908 :: 		
0x024C	0x370019  	BRA	MulFP__fbopExit
;__Lib_MathDouble.c,909 :: 		
MulFP_aisinfinite:
;__Lib_MathDouble.c,910 :: 		
0x024E	0xE12061  	CP	W4, #1
;__Lib_MathDouble.c,911 :: 		
0x0250	0x32001B  	BRA Z	MulFP__fbopReturnNaN
;__Lib_MathDouble.c,912 :: 		
MulFP_return8_1:
;__Lib_MathDouble.c,913 :: 		
0x0252	0xBE8108  	MOV.D	W8, W2
;__Lib_MathDouble.c,914 :: 		
MulFP_return2_1:
;__Lib_MathDouble.c,915 :: 		
0x0254	0xBE8002  	MOV.D	W2, W0
;__Lib_MathDouble.c,916 :: 		
0x0256	0x37FFF7  	BRA	MulFP_return0_1
;__Lib_MathDouble.c,917 :: 		
MulFP_bisinfinite:
;__Lib_MathDouble.c,918 :: 		
0x0258	0xE15061  	CP	W10, #1
;__Lib_MathDouble.c,919 :: 		
0x025A	0x3AFFFC  	BRA NZ	MulFP_return2_1
;__Lib_MathDouble.c,920 :: 		
0x025C	0x370015  	BRA	MulFP__fbopReturnNaN
;__Lib_MathDouble.c,921 :: 		
MulFP__funpack2:
;__Lib_MathDouble.c,922 :: 		
0x025E	0xBE8400  	MOV.D	W0, W8
;__Lib_MathDouble.c,923 :: 		
0x0260	0x07003C  	RCALL	MulFP__funpack
;__Lib_MathDouble.c,924 :: 		
0x0262	0xBE8300  	MOV.D	W0, W6
;__Lib_MathDouble.c,925 :: 		
0x0264	0xBE8504  	MOV.D	W4, W10
;__Lib_MathDouble.c,926 :: 		
0x0266	0xBE8002  	MOV.D	W2, W0
;__Lib_MathDouble.c,927 :: 		
0x0268	0x070038  	RCALL	MulFP__funpack
;__Lib_MathDouble.c,928 :: 		
0x026A	0x754F84  	IOR.B	W10, W4, [W15]
;__Lib_MathDouble.c,929 :: 		
0x026C	0x060000  	RETURN
;__Lib_MathDouble.c,930 :: 		
MulFP__fPropagateNaN:
;__Lib_MathDouble.c,931 :: 		
0x026E	0xBE8002  	MOV.D	W2, W0
;__Lib_MathDouble.c,932 :: 		
0x0270	0xE15064  	CP	W10, #4
;__Lib_MathDouble.c,933 :: 		
0x0272	0x360005  	BRA LEU	MulFP_return0_2
;__Lib_MathDouble.c,934 :: 		
0x0274	0xE12064  	CP	W4, #4
;__Lib_MathDouble.c,935 :: 		
0x0276	0x360002  	BRA LEU	MulFP_return8_2
;__Lib_MathDouble.c,936 :: 		
0x0278	0xA36809  	BTST.Z	W9, #6
;__Lib_MathDouble.c,937 :: 		
0x027A	0x3A0001  	BRA NZ	MulFP_return0_2
;__Lib_MathDouble.c,938 :: 		
MulFP_return8_2:
;__Lib_MathDouble.c,939 :: 		
0x027C	0xBE8008  	MOV.D	W8, W0
;__Lib_MathDouble.c,940 :: 		
MulFP_return0_2:
;__Lib_MathDouble.c,941 :: 		
0x027E	0xA8C002  	BSET	W1, #6
;__Lib_MathDouble.c,942 :: 		
MulFP__fbopExit:
;__Lib_MathDouble.c,943 :: 		
0x0280	0x78064F  	MOV	[--W15], W12
;__Lib_MathDouble.c,944 :: 		
0x0282	0xBE054F  	MOV.D	[--W15], W10
;__Lib_MathDouble.c,945 :: 		
0x0284	0xBE044F  	MOV.D	[--W15], W8
;__Lib_MathDouble.c,946 :: 		
0x0286	0x060000  	RETURN
;__Lib_MathDouble.c,947 :: 		
MulFP__fbopReturnNaN:
;__Lib_MathDouble.c,948 :: 		
0x0288	0x2FFFF0  	MOV	#65535, W0
;__Lib_MathDouble.c,949 :: 		
0x028A	0x27FFF1  	MOV	#32767, W1
;__Lib_MathDouble.c,950 :: 		
0x028C	0x37FFF9  	BRA	MulFP__fbopExit
;__Lib_MathDouble.c,951 :: 		
MulFP__fpack:
;__Lib_MathDouble.c,952 :: 		
0x028E	0x200081  	MOV	#8, W1
;__Lib_MathDouble.c,953 :: 		
0x0290	0x558061  	SUB	W11, #1, W0
;__Lib_MathDouble.c,954 :: 		
0x0292	0x3D000B  	BRA GE	MulFP_notsubnormal
;__Lib_MathDouble.c,955 :: 		
0x0294	0x20000B  	MOV	#0, W11
;__Lib_MathDouble.c,956 :: 		
0x0296	0x2FFE61  	MOV	#65510, W1
;__Lib_MathDouble.c,957 :: 		
0x0298	0xE10001  	CP	W0, W1
;__Lib_MathDouble.c,958 :: 		
0x029A	0x34001D  	BRA LE	MulFP_zerosig
;__Lib_MathDouble.c,959 :: 		
MulFP_subnormal1:
;__Lib_MathDouble.c,960 :: 		
0x029C	0x718182  	IOR	W3, W2, W3
;__Lib_MathDouble.c,961 :: 		
0x029E	0x640161  	AND	W8, #1, W2
;__Lib_MathDouble.c,962 :: 		
0x02A0	0xD10489  	LSR	W9, W9
;__Lib_MathDouble.c,963 :: 		
0x02A2	0xD38408  	RRC	W8, W8
;__Lib_MathDouble.c,964 :: 		
0x02A4	0xE80000  	INC	W0, W0
;__Lib_MathDouble.c,965 :: 		
0x02A6	0x3AFFFA  	BRA NZ	MulFP_subnormal1
;__Lib_MathDouble.c,966 :: 		
0x02A8	0x200071  	MOV	#7, W1
;__Lib_MathDouble.c,967 :: 		
MulFP_notsubnormal:
;__Lib_MathDouble.c,968 :: 		
0x02AA	0x640061  	AND	W8, #1, W0
;__Lib_MathDouble.c,969 :: 		
0x02AC	0x700003  	IOR	W0, W3, W0
;__Lib_MathDouble.c,970 :: 		
0x02AE	0x600002  	AND	W0, W2, W0
;__Lib_MathDouble.c,971 :: 		
0x02B0	0x320009  	BRA Z	MulFP_packupandgo
;__Lib_MathDouble.c,972 :: 		
0x02B2	0x440461  	ADD	W8, #1, W8
;__Lib_MathDouble.c,973 :: 		
0x02B4	0x4C84E0  	ADDC	W9, #0, W9
;__Lib_MathDouble.c,974 :: 		
0x02B6	0xA58809  	BTST.Z	W9, W1
;__Lib_MathDouble.c,975 :: 		
0x02B8	0x320005  	BRA Z	MulFP_packupandgo
;__Lib_MathDouble.c,976 :: 		
0x02BA	0xE8058B  	INC	W11, W11
;__Lib_MathDouble.c,977 :: 		
0x02BC	0xE10868  	CP	W1, #8
;__Lib_MathDouble.c,978 :: 		
0x02BE	0x3A0002  	BRA NZ	MulFP_packupandgo
;__Lib_MathDouble.c,979 :: 		
0x02C0	0xD10489  	LSR	W9, W9
;__Lib_MathDouble.c,980 :: 		
0x02C2	0xD38408  	RRC	W8, W8
;__Lib_MathDouble.c,981 :: 		
MulFP_packupandgo:
;__Lib_MathDouble.c,982 :: 		
0x02C4	0x200FF2  	MOV	#255, W2
;__Lib_MathDouble.c,983 :: 		
0x02C6	0xE15802  	CP	W11, W2
;__Lib_MathDouble.c,984 :: 		
0x02C8	0x3D0005  	BRA GE	MulFP_overflow
;__Lib_MathDouble.c,985 :: 		
0x02CA	0xDD5DC7  	SL	W11, #7, W11
;__Lib_MathDouble.c,986 :: 		
0x02CC	0xB207F9  	AND	#127, W9
;__Lib_MathDouble.c,987 :: 		
0x02CE	0x758089  	IOR	W11, W9, W1
;__Lib_MathDouble.c,988 :: 		
0x02D0	0x880008  	MOV	W8, W0
;__Lib_MathDouble.c,989 :: 		
0x02D2	0x060000  	RETURN
;__Lib_MathDouble.c,990 :: 		
MulFP_overflow:
;__Lib_MathDouble.c,991 :: 		
0x02D4	0x27F80B  	MOV	#32640, W11
;__Lib_MathDouble.c,992 :: 		
MulFP_zerosig:
;__Lib_MathDouble.c,993 :: 		
0x02D6	0x88001B  	MOV	W11, W1
;__Lib_MathDouble.c,994 :: 		
0x02D8	0x050000  	RETLW	#0, W0
;__Lib_MathDouble.c,995 :: 		
MulFP__funpack:
;__Lib_MathDouble.c,996 :: 		
0x02DA	0xDE0AC7  	LSR	W1, #7, W5
;__Lib_MathDouble.c,997 :: 		
0x02DC	0xB207F1  	AND	#127, W1
;__Lib_MathDouble.c,998 :: 		
0x02DE	0xB20FF5  	AND	#255, W5
;__Lib_MathDouble.c,999 :: 		
0x02E0	0x320008  	BRA Z	MulFP_zeroorsub
;__Lib_MathDouble.c,1000 :: 		
0x02E2	0x42CFE1  	ADD.B	W5, #1, [W15]
;__Lib_MathDouble.c,1001 :: 		
0x02E4	0x320002  	BRA Z	MulFP_nanorinf
;__Lib_MathDouble.c,1002 :: 		
MulFP_finitereturn:
;__Lib_MathDouble.c,1003 :: 		
0x02E6	0xA8E002  	BSET	W1, #7
;__Lib_MathDouble.c,1004 :: 		
0x02E8	0x050024  	RETLW	#2, W4
;__Lib_MathDouble.c,1005 :: 		
MulFP_nanorinf:
;__Lib_MathDouble.c,1006 :: 		
0x02EA	0x700F81  	IOR	W0, W1, [W15]
;__Lib_MathDouble.c,1007 :: 		
0x02EC	0x320001  	BRA Z	MulFP_infinite
;__Lib_MathDouble.c,1008 :: 		
0x02EE	0x050804  	RETLW	#128, W4
;__Lib_MathDouble.c,1009 :: 		
MulFP_infinite:
;__Lib_MathDouble.c,1010 :: 		
0x02F0	0x050044  	RETLW	#4, W4
;__Lib_MathDouble.c,1011 :: 		
MulFP_zeroorsub:
;__Lib_MathDouble.c,1012 :: 		
0x02F2	0x700F81  	IOR	W0, W1, [W15]
;__Lib_MathDouble.c,1013 :: 		
0x02F4	0x3A0002  	BRA NZ	MulFP_subnormal2
;__Lib_MathDouble.c,1014 :: 		
0x02F6	0x050014  	RETLW	#1, W4
;__Lib_MathDouble.c,1015 :: 		
MulFP_normalize:
;__Lib_MathDouble.c,1016 :: 		
0x02F8	0xE90285  	DEC	W5, W5
;__Lib_MathDouble.c,1017 :: 		
MulFP_subnormal2:
;__Lib_MathDouble.c,1018 :: 		
0x02FA	0x400000  	ADD	W0, W0, W0
;__Lib_MathDouble.c,1019 :: 		
0x02FC	0x48C081  	ADDC.B	W1, W1, W1
;__Lib_MathDouble.c,1020 :: 		
0x02FE	0x3BFFFC  	BRA NN	MulFP_normalize
;__Lib_MathDouble.c,1021 :: 		
0x0300	0xA8E002  	BSET	W1, #7
;__Lib_MathDouble.c,1022 :: 		
0x0302	0x050024  	RETLW	#2, W4
;__Lib_MathDouble.c,1025 :: 		
the_end__Mul_FP:
;__Lib_MathDouble.c,1028 :: 		
L_end__Mul_FP:
0x0304	0xFA8000  	ULNK
0x0306	0x060000  	RETURN
; end of __Mul_FP
__Compare_Ge_Fp:
0x01B6	0xFA0000  	LNK	#0
;__Lib_MathDouble.c,1354 :: 		
;__Lib_MathDouble.c,1355 :: 		
0x01B8	0x2FFFF4  	MOV	#65535, W4
;__Lib_MathDouble.c,1356 :: 		
0x01BA	0x07FFA7  	RCALL	__Compare_Fp
;__Lib_MathDouble.c,1357 :: 		
L_end__Compare_Ge_Fp:
0x01BC	0xFA8000  	ULNK
0x01BE	0x060000  	RETURN
; end of __Compare_Ge_Fp
0x0C10	0x20800A  	MOV	#2048, W10
0x0C12	0x20000B  	MOV	#0, W11
0x0C14	0x09003F  	REPEAT	#63
0x0C16	0x781D0B  	MOV	W11, [W10++]
0x0C18	0x060000  	RETURN
0x0C1A	0x208001  	MOV	#lo_addr(?lstr4_Q3), W1
0x0C1C	0x28BD80  	MOV	#35800, W0
0x0C1E	0x09001B  	REPEAT	#27
0x0C20	0x7818B0  	MOV	[W0++], [W1++]
0x0C22	0x060000  	RETURN
_BOTAO2int:
0x0B00	0xF80034  	PUSH	PSVPAG
0x0B02	0xF80036  	PUSH	RCOUNT
0x0B04	0x781F80  	PUSH	W0
0x0B06	0x200020  	MOV	#2, W0
0x0B08	0x09000C  	REPEAT	#12
0x0B0A	0x781FB0  	PUSH	[W0++]
;Q3.c,50 :: 		void BOTAO2int() iv IVT_ADDR_INT2INTERRUPT ics ICS_AUTO {
;Q3.c,51 :: 		delay_ms(50);
0x0B0C	0x200058  	MOV	#5, W8
0x0B0E	0x211AB7  	MOV	#4523, W7
L_BOTAO2int7:
0x0B10	0xED200E  	DEC	W7
0x0B12	0x3AFFFE  	BRA NZ	L_BOTAO2int7
0x0B14	0xED2010  	DEC	W8
0x0B16	0x3AFFFC  	BRA NZ	L_BOTAO2int7
;Q3.c,52 :: 		IFS1bits.INT2IF = 0;
0x0B18	0xA9E086  	BCLR.B	IFS1bits, #7
;Q3.c,53 :: 		flag_bot++;
0x0B1A	0x200011  	MOV	#1, W1
0x0B1C	0x208200  	MOV	#lo_addr(_flag_bot), W0
0x0B1E	0x408810  	ADD	W1, [W0], [W0]
;Q3.c,54 :: 		if (flag_bot>1){
0x0B20	0x804100  	MOV	_flag_bot, W0
0x0B22	0xE10061  	CP	W0, #1
0x0B24	0x340002  	BRA LE	L_BOTAO2int9
L__BOTAO2int26:
;Q3.c,55 :: 		flag_bot = 0;
0x0B26	0xEF2000  	CLR	W0
0x0B28	0x884100  	MOV	W0, _flag_bot
;Q3.c,56 :: 		}
L_BOTAO2int9:
;Q3.c,57 :: 		}
L_end_BOTAO2int:
0x0B2A	0x2001A0  	MOV	#26, W0
0x0B2C	0x09000C  	REPEAT	#12
0x0B2E	0x78104F  	POP	[W0--]
0x0B30	0x78004F  	POP	W0
0x0B32	0xF90036  	POP	RCOUNT
0x0B34	0xF90034  	POP	PSVPAG
0x0B36	0x064000  	RETFIE
; end of _BOTAO2int
_BOTAO1int:
0x0B38	0xF80034  	PUSH	PSVPAG
0x0B3A	0xF80036  	PUSH	RCOUNT
0x0B3C	0x781F80  	PUSH	W0
0x0B3E	0x200020  	MOV	#2, W0
0x0B40	0x09000C  	REPEAT	#12
0x0B42	0x781FB0  	PUSH	[W0++]
;Q3.c,28 :: 		void BOTAO1int() iv IVT_ADDR_INT0INTERRUPT ics ICS_AUTO {
;Q3.c,29 :: 		delay_ms(50);
0x0B44	0x200058  	MOV	#5, W8
0x0B46	0x211AB7  	MOV	#4523, W7
L_BOTAO1int0:
0x0B48	0xED200E  	DEC	W7
0x0B4A	0x3AFFFE  	BRA NZ	L_BOTAO1int0
0x0B4C	0xED2010  	DEC	W8
0x0B4E	0x3AFFFC  	BRA NZ	L_BOTAO1int0
;Q3.c,30 :: 		ADCValue = 0; // valor que guadara a convesao
0x0B50	0xEF2000  	CLR	W0
0x0B52	0x884390  	MOV	W0, _ADCValue
;Q3.c,31 :: 		ADC16Ptr = &ADCBUF1; // recebe o endereco de memoria do BUF0 do modulo AD
0x0B54	0x202820  	MOV	#lo_addr(ADCBUF1), W0
0x0B56	0x8843A0  	MOV	W0, _ADC16Ptr
;Q3.c,32 :: 		IFS0bits.ADIF = 0; // flag AD recebe zero
0x0B58	0xA96085  	BCLR	IFS0bits, #11
;Q3.c,33 :: 		ADCON1bits.ASAM = 1; // Auto amostragem
0x0B5A	0xA842A0  	BSET.B	ADCON1bits, #2
;Q3.c,35 :: 		while (!IFS0bits.ADIF); // Espera a conversao ser feita
L_BOTAO1int2:
0x0B5C	0xAF6085  	BTSC	IFS0bits, #11
0x0B5E	0x370001  	BRA	L_BOTAO1int3
0x0B60	0x37FFFD  	BRA	L_BOTAO1int2
L_BOTAO1int3:
;Q3.c,36 :: 		ADCON1bits.ASAM = 0; // faz o modulo parar a conversao
0x0B62	0xA942A0  	BCLR.B	ADCON1bits, #2
;Q3.c,37 :: 		for (count = 1; count < 16; count++) // Adicao dos valores em cada conversao
0x0B64	0x200010  	MOV	#1, W0
0x0B66	0x8843F0  	MOV	W0, _count
L_BOTAO1int4:
0x0B68	0x8043F0  	MOV	_count, W0
0x0B6A	0xE10070  	CP	W0, #16
0x0B6C	0x3D000B  	BRA GE	L_BOTAO1int5
L__BOTAO1int24:
;Q3.c,38 :: 		ADCValue = ADCValue + *ADC16Ptr++; //Acessando o valor dos buff usando aritmetica de ponteiro acessando o valor guardado atraves do operador de desreferencia(*)
0x0B6E	0x8043A0  	MOV	_ADC16Ptr, W0
0x0B70	0x780090  	MOV	[W0], W1
0x0B72	0x208720  	MOV	#lo_addr(_ADCValue), W0
0x0B74	0x408810  	ADD	W1, [W0], [W0]
0x0B76	0x200021  	MOV	#2, W1
0x0B78	0x208740  	MOV	#lo_addr(_ADC16Ptr), W0
0x0B7A	0x408810  	ADD	W1, [W0], [W0]
;Q3.c,37 :: 		for (count = 1; count < 16; count++) // Adicao dos valores em cada conversao
0x0B7C	0x200011  	MOV	#1, W1
0x0B7E	0x2087E0  	MOV	#lo_addr(_count), W0
0x0B80	0x408810  	ADD	W1, [W0], [W0]
;Q3.c,38 :: 		ADCValue = ADCValue + *ADC16Ptr++; //Acessando o valor dos buff usando aritmetica de ponteiro acessando o valor guardado atraves do operador de desreferencia(*)
0x0B82	0x37FFF2  	BRA	L_BOTAO1int4
L_BOTAO1int5:
;Q3.c,39 :: 		conversao = (float)(ADCValue);
0x0B84	0x804390  	MOV	_ADCValue, W0
0x0B86	0xDE80CF  	ASR	W0, #15, W1
0x0B88	0xEB8100  	SETM	W2
0x0B8A	0x07FD0F  	RCALL	__Long2Float
0x0B8C	0x8843B0  	MOV	W0, _conversao
0x0B8E	0x8843C1  	MOV	W1, _conversao+2
;Q3.c,40 :: 		media_temp  = conversao/15;
0x0B90	0x200002  	MOV	#0, W2
0x0B92	0x241703  	MOV	#16752, W3
0x0B94	0x07FC6F  	RCALL	__Div_FP
0x0B96	0x8843D0  	MOV	W0, _media_temp
0x0B98	0x8843E1  	MOV	W1, _media_temp+2
;Q3.c,41 :: 		temperatura = 100*((media_temp*5)/1023);
0x0B9A	0x200002  	MOV	#0, W2
0x0B9C	0x240A03  	MOV	#16544, W3
0x0B9E	0x07FB27  	RCALL	__Mul_FP
0x0BA0	0x2C0002  	MOV	#49152, W2
0x0BA2	0x2447F3  	MOV	#17535, W3
0x0BA4	0x07FC67  	RCALL	__Div_FP
0x0BA6	0x200002  	MOV	#0, W2
0x0BA8	0x242C83  	MOV	#17096, W3
0x0BAA	0x07FB21  	RCALL	__Mul_FP
0x0BAC	0x8842D0  	MOV	W0, _temperatura
0x0BAE	0x8842E1  	MOV	W1, _temperatura+2
;Q3.c,42 :: 		fahr =    (9/5)*temperatura + 32;
0x0BB0	0x200002  	MOV	#0, W2
0x0BB2	0x242003  	MOV	#16896, W3
0x0BB4	0x07FBA9  	RCALL	__AddSub_FP
0x0BB6	0x8842F0  	MOV	W0, _fahr
0x0BB8	0x884301  	MOV	W1, _fahr+2
;Q3.c,43 :: 		kel = temperatura + 273;
0x0BBA	0x8042D2  	MOV	_temperatura, W2
0x0BBC	0x8042E3  	MOV	_temperatura+2, W3
0x0BBE	0x280000  	MOV	#32768, W0
0x0BC0	0x243881  	MOV	#17288, W1
0x0BC2	0x07FBA2  	RCALL	__AddSub_FP
0x0BC4	0x8841C0  	MOV	W0, _kel
0x0BC6	0x8841D1  	MOV	W1, _kel+2
;Q3.c,44 :: 		IFS0.INT0IF = 0;
0x0BC8	0xA90084  	BCLR.B	IFS0, #0
;Q3.c,46 :: 		}
L_end_BOTAO1int:
0x0BCA	0x2001A0  	MOV	#26, W0
0x0BCC	0x09000C  	REPEAT	#12
0x0BCE	0x78104F  	POP	[W0--]
0x0BD0	0x78004F  	POP	W0
0x0BD2	0xF90036  	POP	RCOUNT
0x0BD4	0xF90034  	POP	PSVPAG
0x0BD6	0x064000  	RETFIE
; end of _BOTAO1int
__Long2Float:
0x05AA	0xFA0000  	LNK	#0
;__Lib_MathDouble.c,104 :: 		
;__Lib_MathDouble.c,106 :: 		
0x05AC	0x070002  	RCALL	LL_intro_Long2Float
;__Lib_MathDouble.c,107 :: 		
0x05AE	0x00000004065C  	GOTO	the_end__Long2Float
;__Lib_MathDouble.c,109 :: 		
LL_intro_Long2Float:
;__Lib_MathDouble.c,110 :: 		
0x05B2	0xE20004  	CP0	W2
;__Lib_MathDouble.c,111 :: 		
0x05B4	0x3A0006  	BRA NZ	Longint2Float__floatsisf
;__Lib_MathDouble.c,113 :: 		
Longword2Float__floatuisf:
;__Lib_MathDouble.c,114 :: 		
0x05B6	0xEB0500  	CLR	W10
;__Lib_MathDouble.c,115 :: 		
0x05B8	0xE20002  	CP0	W1
;__Lib_MathDouble.c,116 :: 		
0x05BA	0x3E000F  	BRA GTU	Long2Float_notspecial
;__Lib_MathDouble.c,117 :: 		
0x05BC	0xE20000  	CP0	W0
;__Lib_MathDouble.c,118 :: 		
0x05BE	0x320027  	BRA Z	Long2Float_return0
;__Lib_MathDouble.c,119 :: 		
0x05C0	0x37000C  	BRA	Long2Float_notspecial
;__Lib_MathDouble.c,121 :: 		
Longint2Float__floatsisf:
;__Lib_MathDouble.c,122 :: 		
0x05C2	0x8800A1  	MOV	W1, W10
;__Lib_MathDouble.c,123 :: 		
0x05C4	0xE20002  	CP0	W1
;__Lib_MathDouble.c,124 :: 		
0x05C6	0x350004  	BRA LT	Longint2Float_negative
;__Lib_MathDouble.c,125 :: 		
0x05C8	0x3C0008  	BRA GT	Long2Float_notspecial
;__Lib_MathDouble.c,126 :: 		
0x05CA	0xE20000  	CP0	W0
;__Lib_MathDouble.c,127 :: 		
0x05CC	0x320020  	BRA Z	Long2Float_return0
;__Lib_MathDouble.c,128 :: 		
0x05CE	0x370005  	BRA	Long2Float_notspecial
;__Lib_MathDouble.c,129 :: 		
Longint2Float_negative:
;__Lib_MathDouble.c,130 :: 		
0x05D0	0x100060  	SUBR	W0, #0, W0
;__Lib_MathDouble.c,131 :: 		
0x05D2	0x1880E0  	SUBBR	W1, #0, W1
;__Lib_MathDouble.c,132 :: 		
0x05D4	0x3B0002  	BRA NN	Long2Float_notspecial
;__Lib_MathDouble.c,133 :: 		
0x05D6	0x2CF001  	MOV	#52992, W1
;__Lib_MathDouble.c,134 :: 		
0x05D8	0x37001A  	BRA	Long2Float_return0
;__Lib_MathDouble.c,136 :: 		
Long2Float_notspecial:
;__Lib_MathDouble.c,137 :: 		
0x05DA	0xBE8400  	MOV.D	W0, W8
;__Lib_MathDouble.c,138 :: 		
0x05DC	0xB81160  	MUL.UU	W2, #0, W2
;__Lib_MathDouble.c,139 :: 		
0x05DE	0x20096B  	MOV	#150, W11
;__Lib_MathDouble.c,140 :: 		
0x05E0	0xCF8209  	FF1L	W9, W4
;__Lib_MathDouble.c,141 :: 		
0x05E2	0x390002  	BRA NC	Long2Float_fixshift
;__Lib_MathDouble.c,142 :: 		
0x05E4	0xCF8208  	FF1L	W8, W4
;__Lib_MathDouble.c,143 :: 		
0x05E6	0xB04104  	ADD.B	#16, W4
;__Lib_MathDouble.c,144 :: 		
Long2Float_fixshift:
;__Lib_MathDouble.c,145 :: 		
0x05E8	0x524269  	SUB.B	W4, #9, W4
;__Lib_MathDouble.c,146 :: 		
0x05EA	0x32000E  	BRA Z	Long2Float_round
;__Lib_MathDouble.c,147 :: 		
0x05EC	0x3B0008  	BRA NN	Long2Float_shiftleft
;__Lib_MathDouble.c,148 :: 		
Long2Float_shiftright:
;__Lib_MathDouble.c,149 :: 		
0x05EE	0x718182  	IOR	W3, W2, W3
;__Lib_MathDouble.c,150 :: 		
0x05F0	0x640161  	AND	W8, #1, W2
;__Lib_MathDouble.c,151 :: 		
0x05F2	0xD10489  	LSR	W9, W9
;__Lib_MathDouble.c,152 :: 		
0x05F4	0xD38408  	RRC	W8, W8
;__Lib_MathDouble.c,153 :: 		
0x05F6	0xE8058B  	INC	W11, W11
;__Lib_MathDouble.c,154 :: 		
0x05F8	0xE84204  	INC.B	W4, W4
;__Lib_MathDouble.c,155 :: 		
0x05FA	0x3AFFF9  	BRA NZ	Long2Float_shiftright
;__Lib_MathDouble.c,156 :: 		
0x05FC	0x370005  	BRA	Long2Float_round
;__Lib_MathDouble.c,157 :: 		
Long2Float_shiftleft:
;__Lib_MathDouble.c,158 :: 		
0x05FE	0x440408  	ADD	W8, W8, W8
;__Lib_MathDouble.c,159 :: 		
0x0600	0x4C8489  	ADDC	W9, W9, W9
;__Lib_MathDouble.c,160 :: 		
0x0602	0xE9058B  	DEC	W11, W11
;__Lib_MathDouble.c,161 :: 		
0x0604	0xE94204  	DEC.B	W4, W4
;__Lib_MathDouble.c,162 :: 		
0x0606	0x3AFFFB  	BRA NZ	Long2Float_shiftleft
;__Lib_MathDouble.c,163 :: 		
Long2Float_round:
;__Lib_MathDouble.c,164 :: 		
0x0608	0x070003  	RCALL	Long2Float__fpack
;__Lib_MathDouble.c,165 :: 		
0x060A	0xA7F00A  	BTSC	W10, #15
;__Lib_MathDouble.c,166 :: 		
0x060C	0xA8E003  	BSET	W1, #15
;__Lib_MathDouble.c,167 :: 		
Long2Float_return0:
;__Lib_MathDouble.c,168 :: 		
0x060E	0x060000  	RETURN
;__Lib_MathDouble.c,169 :: 		
Long2Float__fpack:
;__Lib_MathDouble.c,170 :: 		
0x0610	0x200081  	MOV	#8, W1
;__Lib_MathDouble.c,171 :: 		
0x0612	0x558061  	SUB	W11, #1, W0
;__Lib_MathDouble.c,172 :: 		
0x0614	0x3D000B  	BRA GE	Long2Float_notsubnormal
;__Lib_MathDouble.c,173 :: 		
0x0616	0x20000B  	MOV	#0, W11
;__Lib_MathDouble.c,174 :: 		
0x0618	0x2FFE61  	MOV	#65510, W1
;__Lib_MathDouble.c,175 :: 		
0x061A	0xE10001  	CP	W0, W1
;__Lib_MathDouble.c,176 :: 		
0x061C	0x34001D  	BRA LE	Long2Float_zerosig
;__Lib_MathDouble.c,177 :: 		
Long2Float_subnormal:
;__Lib_MathDouble.c,178 :: 		
0x061E	0x718182  	IOR	W3, W2, W3
;__Lib_MathDouble.c,179 :: 		
0x0620	0x640161  	AND	W8, #1, W2
;__Lib_MathDouble.c,180 :: 		
0x0622	0xD10489  	LSR	W9, W9
;__Lib_MathDouble.c,181 :: 		
0x0624	0xD38408  	RRC	W8, W8
;__Lib_MathDouble.c,182 :: 		
0x0626	0xE80000  	INC	W0, W0
;__Lib_MathDouble.c,183 :: 		
0x0628	0x3AFFFA  	BRA NZ	Long2Float_subnormal
;__Lib_MathDouble.c,184 :: 		
0x062A	0x200071  	MOV	#7, W1
;__Lib_MathDouble.c,185 :: 		
Long2Float_notsubnormal:
;__Lib_MathDouble.c,186 :: 		
0x062C	0x640061  	AND	W8, #1, W0
;__Lib_MathDouble.c,187 :: 		
0x062E	0x700003  	IOR	W0, W3, W0
;__Lib_MathDouble.c,188 :: 		
0x0630	0x600002  	AND	W0, W2, W0
;__Lib_MathDouble.c,189 :: 		
0x0632	0x320009  	BRA Z	Long2Float_packupandgo
;__Lib_MathDouble.c,190 :: 		
0x0634	0x440461  	ADD	W8, #1, W8
;__Lib_MathDouble.c,191 :: 		
0x0636	0x4C84E0  	ADDC	W9, #0, W9
;__Lib_MathDouble.c,192 :: 		
0x0638	0xA58809  	BTST.Z	W9, W1
;__Lib_MathDouble.c,193 :: 		
0x063A	0x320005  	BRA Z	Long2Float_packupandgo
;__Lib_MathDouble.c,194 :: 		
0x063C	0xE8058B  	INC	W11, W11
;__Lib_MathDouble.c,195 :: 		
0x063E	0xE10868  	CP	W1, #8
;__Lib_MathDouble.c,196 :: 		
0x0640	0x3A0002  	BRA NZ	Long2Float_packupandgo
;__Lib_MathDouble.c,197 :: 		
0x0642	0xD10489  	LSR	W9, W9
;__Lib_MathDouble.c,198 :: 		
0x0644	0xD38408  	RRC	W8, W8
;__Lib_MathDouble.c,199 :: 		
Long2Float_packupandgo:
;__Lib_MathDouble.c,200 :: 		
0x0646	0x200FF2  	MOV	#255, W2
;__Lib_MathDouble.c,201 :: 		
0x0648	0xE15802  	CP	W11, W2
;__Lib_MathDouble.c,202 :: 		
0x064A	0x3D0005  	BRA GE	Long2Float_overflow
;__Lib_MathDouble.c,203 :: 		
0x064C	0xDD5DC7  	SL	W11, #7, W11
;__Lib_MathDouble.c,204 :: 		
0x064E	0xB207F9  	AND	#127, W9
;__Lib_MathDouble.c,205 :: 		
0x0650	0x758089  	IOR	W11, W9, W1
;__Lib_MathDouble.c,206 :: 		
0x0652	0x880008  	MOV	W8, W0
;__Lib_MathDouble.c,207 :: 		
0x0654	0x060000  	RETURN
;__Lib_MathDouble.c,208 :: 		
Long2Float_overflow:
;__Lib_MathDouble.c,209 :: 		
0x0656	0x27F80B  	MOV	#32640, W11
;__Lib_MathDouble.c,210 :: 		
Long2Float_zerosig:
;__Lib_MathDouble.c,211 :: 		
0x0658	0x88001B  	MOV	W11, W1
;__Lib_MathDouble.c,212 :: 		
0x065A	0x050000  	RETLW	#0, W0
;__Lib_MathDouble.c,215 :: 		
the_end__Long2Float:
;__Lib_MathDouble.c,218 :: 		
L_end__Long2Float:
0x065C	0xFA8000  	ULNK
0x065E	0x060000  	RETURN
; end of __Long2Float
__Div_FP:
0x0474	0xFA0000  	LNK	#0
;__Lib_MathDouble.c,1050 :: 		
;__Lib_MathDouble.c,1052 :: 		
0x0476	0x070002  	RCALL	DivFP___divsf3
;__Lib_MathDouble.c,1053 :: 		
0x0478	0x0000000405A6  	GOTO	the_end__Div_FP
;__Lib_MathDouble.c,1056 :: 		
DivFP___divsf3:
;__Lib_MathDouble.c,1057 :: 		
0x047C	0xBE9F88  	MOV.D	W8, [W15++]
;__Lib_MathDouble.c,1058 :: 		
0x047E	0xBE9F8A  	MOV.D	W10, [W15++]
;__Lib_MathDouble.c,1059 :: 		
0x0480	0x781F8C  	MOV	W12, [W15++]
;__Lib_MathDouble.c,1060 :: 		
0x0482	0x07003E  	RCALL	DivFP__funpack2
;__Lib_MathDouble.c,1061 :: 		
0x0484	0x330045  	BRA N	DivFP__fPropagateNaN
;__Lib_MathDouble.c,1062 :: 		
0x0486	0x6C8603  	XOR	W9, W3, W12
;__Lib_MathDouble.c,1063 :: 		
0x0488	0xE15064  	CP	W10, #4
;__Lib_MathDouble.c,1064 :: 		
0x048A	0x32002E  	BRA Z	DivFP_aisinfinite
;__Lib_MathDouble.c,1065 :: 		
0x048C	0xE12064  	CP	W4, #4
;__Lib_MathDouble.c,1066 :: 		
0x048E	0x320033  	BRA Z	DivFP_returnZero
;__Lib_MathDouble.c,1067 :: 		
0x0490	0xE15061  	CP	W10, #1
;__Lib_MathDouble.c,1068 :: 		
0x0492	0x32002F  	BRA Z	DivFP_aiszero
;__Lib_MathDouble.c,1069 :: 		
0x0494	0xE12061  	CP	W4, #1
;__Lib_MathDouble.c,1070 :: 		
0x0496	0x320031  	BRA Z	DivFP_returnInf
;__Lib_MathDouble.c,1071 :: 		
DivFP_finitenonzero:
;__Lib_MathDouble.c,1072 :: 		
0x0498	0x558585  	SUB	W11, W5, W11
;__Lib_MathDouble.c,1073 :: 		
0x049A	0xB007EB  	ADD	#126, W11
;__Lib_MathDouble.c,1074 :: 		
0x049C	0x200009  	MOV	#0, W9
;__Lib_MathDouble.c,1075 :: 		
0x049E	0x200408  	MOV	#64, W8
;__Lib_MathDouble.c,1076 :: 		
0x04A0	0x370005  	BRA	DivFP_diventry
;__Lib_MathDouble.c,1077 :: 		
DivFP_divnext:
;__Lib_MathDouble.c,1078 :: 		
0x04A2	0x440408  	ADD	W8, W8, W8
;__Lib_MathDouble.c,1079 :: 		
0x04A4	0x4C8489  	ADDC	W9, W9, W9
;__Lib_MathDouble.c,1080 :: 		
0x04A6	0x31000A  	BRA C	DivFP_divdone
;__Lib_MathDouble.c,1081 :: 		
DivFP_divloop:
;__Lib_MathDouble.c,1082 :: 		
0x04A8	0x430306  	ADD	W6, W6, W6
;__Lib_MathDouble.c,1083 :: 		
0x04AA	0x4B8387  	ADDC	W7, W7, W7
;__Lib_MathDouble.c,1084 :: 		
DivFP_diventry:
;__Lib_MathDouble.c,1085 :: 		
0x04AC	0x530100  	SUB	W6, W0, W2
;__Lib_MathDouble.c,1086 :: 		
0x04AE	0x5B8181  	SUBB	W7, W1, W3
;__Lib_MathDouble.c,1087 :: 		
0x04B0	0x33FFF8  	BRA N	DivFP_divnext
;__Lib_MathDouble.c,1088 :: 		
0x04B2	0xBE8302  	MOV.D	W2, W6
;__Lib_MathDouble.c,1089 :: 		
0x04B4	0xA80010  	BSET	W8, #0
;__Lib_MathDouble.c,1090 :: 		
0x04B6	0x440408  	ADD	W8, W8, W8
;__Lib_MathDouble.c,1091 :: 		
0x04B8	0x4C8489  	ADDC	W9, W9, W9
;__Lib_MathDouble.c,1092 :: 		
0x04BA	0x39FFF6  	BRA NC	DivFP_divloop
;__Lib_MathDouble.c,1093 :: 		
DivFP_divdone:
;__Lib_MathDouble.c,1094 :: 		
0x04BC	0xDD39C6  	SL	W7, #6, W3
;__Lib_MathDouble.c,1095 :: 		
0x04BE	0x730183  	IOR	W6, W3, W3
;__Lib_MathDouble.c,1096 :: 		
0x04C0	0x320001  	BRA Z	DivFP_stickyok
;__Lib_MathDouble.c,1097 :: 		
0x04C2	0x200013  	MOV	#1, W3
;__Lib_MathDouble.c,1098 :: 		
DivFP_stickyok:
;__Lib_MathDouble.c,1099 :: 		
0x04C4	0xD10489  	LSR	W9, W9
;__Lib_MathDouble.c,1100 :: 		
0x04C6	0xD38408  	RRC	W8, W8
;__Lib_MathDouble.c,1101 :: 		
0x04C8	0xA39809  	BTST.Z	W9, #9
;__Lib_MathDouble.c,1102 :: 		
0x04CA	0x320005  	BRA Z	DivFP_guardused
;__Lib_MathDouble.c,1103 :: 		
0x04CC	0xA70008  	BTSC	W8, #0
;__Lib_MathDouble.c,1104 :: 		
0x04CE	0xA80006  	BSET	W3, #0
;__Lib_MathDouble.c,1105 :: 		
0x04D0	0xD10489  	LSR	W9, W9
;__Lib_MathDouble.c,1106 :: 		
0x04D2	0xD38408  	RRC	W8, W8
;__Lib_MathDouble.c,1107 :: 		
0x04D4	0xE8058B  	INC	W11, W11
;__Lib_MathDouble.c,1108 :: 		
DivFP_guardused:
;__Lib_MathDouble.c,1109 :: 		
0x04D6	0xD10489  	LSR	W9, W9
;__Lib_MathDouble.c,1110 :: 		
0x04D8	0xD38408  	RRC	W8, W8
;__Lib_MathDouble.c,1111 :: 		
0x04DA	0xEB0100  	CLR	W2
;__Lib_MathDouble.c,1112 :: 		
0x04DC	0xD28102  	RLC	W2, W2
;__Lib_MathDouble.c,1113 :: 		
0x04DE	0x070028  	RCALL	DivFP__fpack
;__Lib_MathDouble.c,1114 :: 		
DivFP_return0_1:
;__Lib_MathDouble.c,1115 :: 		
0x04E0	0xA1F001  	BCLR	W1, #15
;__Lib_MathDouble.c,1116 :: 		
0x04E2	0xA7F00C  	BTSC	W12, #15
;__Lib_MathDouble.c,1117 :: 		
0x04E4	0xA8E003  	BSET	W1, #15
;__Lib_MathDouble.c,1118 :: 		
0x04E6	0x37001D  	BRA	DivFP__fbopExit
;__Lib_MathDouble.c,1119 :: 		
DivFP_aisinfinite:
;__Lib_MathDouble.c,1120 :: 		
0x04E8	0xE12064  	CP	W4, #4
;__Lib_MathDouble.c,1121 :: 		
0x04EA	0x32001F  	BRA Z	DivFP__fbopReturnNaN
;__Lib_MathDouble.c,1122 :: 		
DivFP_return8_1:
;__Lib_MathDouble.c,1123 :: 		
0x04EC	0xBE8108  	MOV.D	W8, W2
;__Lib_MathDouble.c,1124 :: 		
DivFP_return2_1:
;__Lib_MathDouble.c,1125 :: 		
0x04EE	0xBE8002  	MOV.D	W2, W0
;__Lib_MathDouble.c,1126 :: 		
0x04F0	0x37FFF7  	BRA	DivFP_return0_1
;__Lib_MathDouble.c,1127 :: 		
DivFP_aiszero:
;__Lib_MathDouble.c,1128 :: 		
0x04F2	0xE12061  	CP	W4, #1
;__Lib_MathDouble.c,1129 :: 		
0x04F4	0x32001A  	BRA Z	DivFP__fbopReturnNaN
;__Lib_MathDouble.c,1130 :: 		
DivFP_returnZero:
;__Lib_MathDouble.c,1131 :: 		
0x04F6	0xB80060  	MUL.UU	W0, #0, W0
;__Lib_MathDouble.c,1132 :: 		
0x04F8	0x37FFF3  	BRA	DivFP_return0_1
;__Lib_MathDouble.c,1133 :: 		
DivFP_returnInf:
;__Lib_MathDouble.c,1134 :: 		
0x04FA	0x200000  	MOV	#0, W0
;__Lib_MathDouble.c,1135 :: 		
0x04FC	0x27F801  	MOV	#32640, W1
;__Lib_MathDouble.c,1136 :: 		
0x04FE	0x37FFF0  	BRA	DivFP_return0_1
;__Lib_MathDouble.c,1137 :: 		
DivFP__funpack2:
;__Lib_MathDouble.c,1138 :: 		
0x0500	0xBE8400  	MOV.D	W0, W8
;__Lib_MathDouble.c,1139 :: 		
0x0502	0x07003C  	RCALL	DivFP__funpack
;__Lib_MathDouble.c,1140 :: 		
0x0504	0xBE8300  	MOV.D	W0, W6
;__Lib_MathDouble.c,1141 :: 		
0x0506	0xBE8504  	MOV.D	W4, W10
;__Lib_MathDouble.c,1142 :: 		
0x0508	0xBE8002  	MOV.D	W2, W0
;__Lib_MathDouble.c,1143 :: 		
0x050A	0x070038  	RCALL	DivFP__funpack
;__Lib_MathDouble.c,1144 :: 		
0x050C	0x754F84  	IOR.B	W10, W4, [W15]
;__Lib_MathDouble.c,1145 :: 		
0x050E	0x060000  	RETURN
;__Lib_MathDouble.c,1146 :: 		
DivFP__fPropagateNaN:
;__Lib_MathDouble.c,1147 :: 		
0x0510	0xBE8002  	MOV.D	W2, W0
;__Lib_MathDouble.c,1148 :: 		
0x0512	0xE15064  	CP	W10, #4
;__Lib_MathDouble.c,1149 :: 		
0x0514	0x360005  	BRA LEU	DivFP_return0
;__Lib_MathDouble.c,1150 :: 		
0x0516	0xE12064  	CP	W4, #4
;__Lib_MathDouble.c,1151 :: 		
0x0518	0x360002  	BRA LEU	DivFP_return8
;__Lib_MathDouble.c,1152 :: 		
0x051A	0xA36809  	BTST.Z	W9, #6
;__Lib_MathDouble.c,1153 :: 		
0x051C	0x3A0001  	BRA NZ	DivFP_return0
;__Lib_MathDouble.c,1154 :: 		
DivFP_return8:
;__Lib_MathDouble.c,1155 :: 		
0x051E	0xBE8008  	MOV.D	W8, W0
;__Lib_MathDouble.c,1156 :: 		
DivFP_return0:
;__Lib_MathDouble.c,1157 :: 		
0x0520	0xA8C002  	BSET	W1, #6
;__Lib_MathDouble.c,1158 :: 		
DivFP__fbopExit:
;__Lib_MathDouble.c,1159 :: 		
0x0522	0x78064F  	MOV	[--W15], W12
;__Lib_MathDouble.c,1160 :: 		
0x0524	0xBE054F  	MOV.D	[--W15], W10
;__Lib_MathDouble.c,1161 :: 		
0x0526	0xBE044F  	MOV.D	[--W15], W8
;__Lib_MathDouble.c,1162 :: 		
0x0528	0x060000  	RETURN
;__Lib_MathDouble.c,1163 :: 		
DivFP__fbopReturnNaN:
;__Lib_MathDouble.c,1164 :: 		
0x052A	0x2FFFF0  	MOV	#65535, W0
;__Lib_MathDouble.c,1165 :: 		
0x052C	0x27FFF1  	MOV	#32767, W1
;__Lib_MathDouble.c,1166 :: 		
0x052E	0x37FFF9  	BRA	DivFP__fbopExit
;__Lib_MathDouble.c,1167 :: 		
DivFP__fpack:
;__Lib_MathDouble.c,1168 :: 		
0x0530	0x200081  	MOV	#8, W1
;__Lib_MathDouble.c,1169 :: 		
0x0532	0x558061  	SUB	W11, #1, W0
;__Lib_MathDouble.c,1170 :: 		
0x0534	0x3D000B  	BRA GE	DivFP_notsubnormal
;__Lib_MathDouble.c,1171 :: 		
0x0536	0x20000B  	MOV	#0, W11
;__Lib_MathDouble.c,1172 :: 		
0x0538	0x2FFE61  	MOV	#65510, W1
;__Lib_MathDouble.c,1173 :: 		
0x053A	0xE10001  	CP	W0, W1
;__Lib_MathDouble.c,1174 :: 		
0x053C	0x34001D  	BRA LE	DivFP_zerosig
;__Lib_MathDouble.c,1175 :: 		
DivFP_subnormal:
;__Lib_MathDouble.c,1176 :: 		
0x053E	0x718182  	IOR	W3, W2, W3
;__Lib_MathDouble.c,1177 :: 		
0x0540	0x640161  	AND	W8, #1, W2
;__Lib_MathDouble.c,1178 :: 		
0x0542	0xD10489  	LSR	W9, W9
;__Lib_MathDouble.c,1179 :: 		
0x0544	0xD38408  	RRC	W8, W8
;__Lib_MathDouble.c,1180 :: 		
0x0546	0xE80000  	INC	W0, W0
;__Lib_MathDouble.c,1181 :: 		
0x0548	0x3AFFFA  	BRA NZ	DivFP_subnormal
;__Lib_MathDouble.c,1182 :: 		
0x054A	0x200071  	MOV	#7, W1
;__Lib_MathDouble.c,1183 :: 		
DivFP_notsubnormal:
;__Lib_MathDouble.c,1184 :: 		
0x054C	0x640061  	AND	W8, #1, W0
;__Lib_MathDouble.c,1185 :: 		
0x054E	0x700003  	IOR	W0, W3, W0
;__Lib_MathDouble.c,1186 :: 		
0x0550	0x600002  	AND	W0, W2, W0
;__Lib_MathDouble.c,1187 :: 		
0x0552	0x320009  	BRA Z	DivFP_packupandgo
;__Lib_MathDouble.c,1188 :: 		
0x0554	0x440461  	ADD	W8, #1, W8
;__Lib_MathDouble.c,1189 :: 		
0x0556	0x4C84E0  	ADDC	W9, #0, W9
;__Lib_MathDouble.c,1190 :: 		
0x0558	0xA58809  	BTST.Z	W9, W1
;__Lib_MathDouble.c,1191 :: 		
0x055A	0x320005  	BRA Z	DivFP_packupandgo
;__Lib_MathDouble.c,1192 :: 		
0x055C	0xE8058B  	INC	W11, W11
;__Lib_MathDouble.c,1193 :: 		
0x055E	0xE10868  	CP	W1, #8
;__Lib_MathDouble.c,1194 :: 		
0x0560	0x3A0002  	BRA NZ	DivFP_packupandgo
;__Lib_MathDouble.c,1195 :: 		
0x0562	0xD10489  	LSR	W9, W9
;__Lib_MathDouble.c,1196 :: 		
0x0564	0xD38408  	RRC	W8, W8
;__Lib_MathDouble.c,1197 :: 		
DivFP_packupandgo:
;__Lib_MathDouble.c,1198 :: 		
0x0566	0x200FF2  	MOV	#255, W2
;__Lib_MathDouble.c,1199 :: 		
0x0568	0xE15802  	CP	W11, W2
;__Lib_MathDouble.c,1200 :: 		
0x056A	0x3D0005  	BRA GE	DivFP_overfloW
;__Lib_MathDouble.c,1201 :: 		
0x056C	0xDD5DC7  	SL	W11, #7, W11
;__Lib_MathDouble.c,1202 :: 		
0x056E	0xB207F9  	AND	#127, W9
;__Lib_MathDouble.c,1203 :: 		
0x0570	0x758089  	IOR	W11, W9, W1
;__Lib_MathDouble.c,1204 :: 		
0x0572	0x880008  	MOV	W8, W0
;__Lib_MathDouble.c,1205 :: 		
0x0574	0x060000  	RETURN
;__Lib_MathDouble.c,1206 :: 		
DivFP_overfloW:
;__Lib_MathDouble.c,1207 :: 		
0x0576	0x27F80B  	MOV	#32640, W11
;__Lib_MathDouble.c,1208 :: 		
DivFP_zerosig:
;__Lib_MathDouble.c,1209 :: 		
0x0578	0x88001B  	MOV	W11, W1
;__Lib_MathDouble.c,1210 :: 		
0x057A	0x050000  	RETLW	#0, W0
;__Lib_MathDouble.c,1211 :: 		
DivFP__funpack:
;__Lib_MathDouble.c,1212 :: 		
0x057C	0xDE0AC7  	LSR	W1, #7, W5
;__Lib_MathDouble.c,1213 :: 		
0x057E	0xB207F1  	AND	#127, W1
;__Lib_MathDouble.c,1214 :: 		
0x0580	0xB20FF5  	AND	#255, W5
;__Lib_MathDouble.c,1215 :: 		
0x0582	0x320008  	BRA Z	DivFP_zeroorsub
;__Lib_MathDouble.c,1216 :: 		
0x0584	0x42CFE1  	ADD.B	W5, #1, [W15]
;__Lib_MathDouble.c,1217 :: 		
0x0586	0x320002  	BRA Z	DivFP_nanorinf
;__Lib_MathDouble.c,1218 :: 		
DivFP_finitereturn:
;__Lib_MathDouble.c,1219 :: 		
0x0588	0xA8E002  	BSET	W1, #7
;__Lib_MathDouble.c,1220 :: 		
0x058A	0x050024  	RETLW	#2, W4
;__Lib_MathDouble.c,1221 :: 		
DivFP_nanorinf:
;__Lib_MathDouble.c,1222 :: 		
0x058C	0x700F81  	IOR	W0, W1, [W15]
;__Lib_MathDouble.c,1223 :: 		
0x058E	0x320001  	BRA Z	DivFP_infinite
;__Lib_MathDouble.c,1224 :: 		
0x0590	0x050804  	RETLW	#128, W4
;__Lib_MathDouble.c,1225 :: 		
DivFP_infinite:
;__Lib_MathDouble.c,1226 :: 		
0x0592	0x050044  	RETLW	#4, W4
;__Lib_MathDouble.c,1227 :: 		
DivFP_zeroorsub:
;__Lib_MathDouble.c,1228 :: 		
0x0594	0x700F81  	IOR	W0, W1, [W15]
;__Lib_MathDouble.c,1229 :: 		
0x0596	0x3A0002  	BRA NZ	DivFP_subnormal2
;__Lib_MathDouble.c,1230 :: 		
0x0598	0x050014  	RETLW	#1, W4
;__Lib_MathDouble.c,1231 :: 		
DivFP_normalize:
;__Lib_MathDouble.c,1232 :: 		
0x059A	0xE90285  	DEC	W5, W5
;__Lib_MathDouble.c,1233 :: 		
DivFP_subnormal2:
;__Lib_MathDouble.c,1234 :: 		
0x059C	0x400000  	ADD	W0, W0, W0
;__Lib_MathDouble.c,1235 :: 		
0x059E	0x48C081  	ADDC.B	W1, W1, W1
;__Lib_MathDouble.c,1236 :: 		
0x05A0	0x3BFFFC  	BRA NN	DivFP_normalize
;__Lib_MathDouble.c,1237 :: 		
0x05A2	0xA8E002  	BSET	W1, #7
;__Lib_MathDouble.c,1238 :: 		
0x05A4	0x050024  	RETLW	#2, W4
;__Lib_MathDouble.c,1241 :: 		
the_end__Div_FP:
;__Lib_MathDouble.c,1243 :: 		
L_end__Div_FP:
0x05A6	0xFA8000  	ULNK
0x05A8	0x060000  	RETURN
; end of __Div_FP
__AddSub_FP:
0x0308	0xFA0000  	LNK	#0
;__Lib_MathDouble.c,582 :: 		
;__Lib_MathDouble.c,584 :: 		
0x030A	0x070002  	RCALL	AddSubFP__addsf3
;__Lib_MathDouble.c,585 :: 		
0x030C	0x000000040470  	GOTO	the_end__AddSub_FP
;__Lib_MathDouble.c,588 :: 		
AddSubFP__addsf3:
;__Lib_MathDouble.c,589 :: 		
0x0310	0xBE9F88  	MOV.D	W8, [W15++]
;__Lib_MathDouble.c,590 :: 		
0x0312	0xBE9F8A  	MOV.D	W10, [W15++]
;__Lib_MathDouble.c,591 :: 		
0x0314	0x781F8C  	MOV	W12, [W15++]
;__Lib_MathDouble.c,592 :: 		
0x0316	0x070059  	RCALL	AddSubFP__funpack2
;__Lib_MathDouble.c,593 :: 		
0x0318	0x330060  	BRA N	AddSubFP__fPropagateNaN
;__Lib_MathDouble.c,594 :: 		
0x031A	0xE15064  	CP	W10, #4
;__Lib_MathDouble.c,595 :: 		
0x031C	0x32004F  	BRA Z	AddSubFP_aisinfinite
;__Lib_MathDouble.c,596 :: 		
AddSubFP_checkspecialb:
;__Lib_MathDouble.c,597 :: 		
0x031E	0xE12064  	CP	W4, #4
;__Lib_MathDouble.c,598 :: 		
0x0320	0x320052  	BRA Z	AddSubFP_return2_3
;__Lib_MathDouble.c,599 :: 		
0x0322	0x6C8203  	XOR	W9, W3, W4
;__Lib_MathDouble.c,600 :: 		
0x0324	0x3B0007  	BRA NN	AddSubFP_getsign
;__Lib_MathDouble.c,601 :: 		
0x0326	0xD00509  	SL	W9, W10
;__Lib_MathDouble.c,602 :: 		
0x0328	0xD00603  	SL	W3, W12
;__Lib_MathDouble.c,603 :: 		
0x032A	0x540F82  	SUB	W8, W2, [W15]
;__Lib_MathDouble.c,604 :: 		
0x032C	0x5D060C  	SUBB	W10, W12, W12
;__Lib_MathDouble.c,605 :: 		
0x032E	0x390002  	BRA NC	AddSubFP_getsign
;__Lib_MathDouble.c,606 :: 		
0x0330	0x320002  	BRA Z	AddSubFP_gotsign
;__Lib_MathDouble.c,607 :: 		
0x0332	0x880039  	MOV	W9, W3
;__Lib_MathDouble.c,608 :: 		
AddSubFP_getsign:
;__Lib_MathDouble.c,609 :: 		
0x0334	0x8800C3  	MOV	W3, W12
;__Lib_MathDouble.c,610 :: 		
AddSubFP_gotsign:
;__Lib_MathDouble.c,611 :: 		
0x0336	0x558285  	SUB	W11, W5, W5
;__Lib_MathDouble.c,612 :: 		
0x0338	0x3D0004  	BRA GE	AddSubFP_expcanonical
;__Lib_MathDouble.c,613 :: 		
0x033A	0xFD0300  	EXCH	W0, W6
;__Lib_MathDouble.c,614 :: 		
0x033C	0xFD0381  	EXCH	W1, W7
;__Lib_MathDouble.c,615 :: 		
0x033E	0xEA0285  	NEG	W5, W5
;__Lib_MathDouble.c,616 :: 		
0x0340	0x42858B  	ADD	W5, W11, W11
;__Lib_MathDouble.c,617 :: 		
AddSubFP_expcanonical:
;__Lib_MathDouble.c,618 :: 		
0x0342	0x720F84  	IOR	W4, W4, [W15]
;__Lib_MathDouble.c,619 :: 		
0x0344	0x3B0002  	BRA NN	AddSubFP_nonegate
;__Lib_MathDouble.c,620 :: 		
0x0346	0x100060  	SUBR	W0, #0, W0
;__Lib_MathDouble.c,621 :: 		
0x0348	0x1880E0  	SUBBR	W1, #0, W1
;__Lib_MathDouble.c,622 :: 		
AddSubFP_nonegate:
;__Lib_MathDouble.c,623 :: 		
0x034A	0xB81160  	MUL.UU	W2, #0, W2
;__Lib_MathDouble.c,624 :: 		
0x034C	0xEB0500  	CLR	W10
;__Lib_MathDouble.c,625 :: 		
0x034E	0xE1287A  	CP	W5, #26
;__Lib_MathDouble.c,626 :: 		
0x0350	0x39000A  	BRA NC	AddSubFP_aligniter
;__Lib_MathDouble.c,627 :: 		
0x0352	0x880006  	MOV	W6, W0
;__Lib_MathDouble.c,628 :: 		
0x0354	0xDD5DC7  	SL	W11, #7, W11
;__Lib_MathDouble.c,629 :: 		
0x0356	0xB207F7  	AND	#127, W7
;__Lib_MathDouble.c,630 :: 		
0x0358	0x758087  	IOR	W11, W7, W1
;__Lib_MathDouble.c,631 :: 		
0x035A	0x37002D  	BRA	AddSubFP_signoff
;__Lib_MathDouble.c,632 :: 		
AddSubFP_align:
;__Lib_MathDouble.c,633 :: 		
0x035C	0x718182  	IOR	W3, W2, W3
;__Lib_MathDouble.c,634 :: 		
0x035E	0x88002A  	MOV	W10, W2
;__Lib_MathDouble.c,635 :: 		
0x0360	0x600561  	AND	W0, #1, W10
;__Lib_MathDouble.c,636 :: 		
0x0362	0xD18081  	ASR	W1, W1
;__Lib_MathDouble.c,637 :: 		
0x0364	0xD38000  	RRC	W0, W0
;__Lib_MathDouble.c,638 :: 		
AddSubFP_aligniter:
;__Lib_MathDouble.c,639 :: 		
0x0366	0xE90285  	DEC	W5, W5
;__Lib_MathDouble.c,640 :: 		
0x0368	0x3BFFF9  	BRA NN	AddSubFP_align
;__Lib_MathDouble.c,641 :: 		
AddSubFP_aligned:
;__Lib_MathDouble.c,642 :: 		
0x036A	0x400406  	ADD	W0, W6, W8
;__Lib_MathDouble.c,643 :: 		
0x036C	0x488487  	ADDC	W1, W7, W9
;__Lib_MathDouble.c,644 :: 		
0x036E	0x3B0002  	BRA NN	AddSubFP_normalizesum
;__Lib_MathDouble.c,645 :: 		
0x0370	0x140460  	SUBR	W8, #0, W8
;__Lib_MathDouble.c,646 :: 		
0x0372	0x1C84E0  	SUBBR	W9, #0, W9
;__Lib_MathDouble.c,647 :: 		
AddSubFP_normalizesum:
;__Lib_MathDouble.c,648 :: 		
0x0374	0xA38809  	BTST.Z	W9, #8
;__Lib_MathDouble.c,649 :: 		
0x0376	0x320007  	BRA Z	AddSubFP_checknormal
;__Lib_MathDouble.c,650 :: 		
0x0378	0x71818A  	IOR	W3, W10, W3
;__Lib_MathDouble.c,651 :: 		
0x037A	0x718182  	IOR	W3, W2, W3
;__Lib_MathDouble.c,652 :: 		
0x037C	0x640161  	AND	W8, #1, W2
;__Lib_MathDouble.c,653 :: 		
0x037E	0xD10489  	LSR	W9, W9
;__Lib_MathDouble.c,654 :: 		
0x0380	0xD38408  	RRC	W8, W8
;__Lib_MathDouble.c,655 :: 		
0x0382	0xE8058B  	INC	W11, W11
;__Lib_MathDouble.c,656 :: 		
0x0384	0x370017  	BRA	AddSubFP_round
;__Lib_MathDouble.c,657 :: 		
AddSubFP_checknormal:
;__Lib_MathDouble.c,658 :: 		
0x0386	0xA37809  	BTST.Z	W9, #7
;__Lib_MathDouble.c,659 :: 		
0x0388	0x3A0013  	BRA NZ	AddSubFP_discardguard
;__Lib_MathDouble.c,660 :: 		
AddSubFP_underflow:
;__Lib_MathDouble.c,661 :: 		
0x038A	0xE20016  	CP0	W11
;__Lib_MathDouble.c,662 :: 		
0x038C	0x340013  	BRA LE	AddSubFP_round
;__Lib_MathDouble.c,663 :: 		
0x038E	0xE9058B  	DEC	W11, W11
;__Lib_MathDouble.c,664 :: 		
0x0390	0x440408  	ADD	W8, W8, W8
;__Lib_MathDouble.c,665 :: 		
0x0392	0x4C8489  	ADDC	W9, W9, W9
;__Lib_MathDouble.c,666 :: 		
0x0394	0x74440A  	IOR.B	W8, W10, W8
;__Lib_MathDouble.c,667 :: 		
0x0396	0xA37809  	BTST.Z	W9, #7
;__Lib_MathDouble.c,668 :: 		
0x0398	0x3A000D  	BRA NZ	AddSubFP_round
;__Lib_MathDouble.c,669 :: 		
AddSubFP_normalizeloop:
;__Lib_MathDouble.c,670 :: 		
0x039A	0xE20016  	CP0	W11
;__Lib_MathDouble.c,671 :: 		
0x039C	0x340007  	BRA LE	AddSubFP_normalizeexit
;__Lib_MathDouble.c,672 :: 		
0x039E	0xE9058B  	DEC	W11, W11
;__Lib_MathDouble.c,673 :: 		
0x03A0	0x440408  	ADD	W8, W8, W8
;__Lib_MathDouble.c,674 :: 		
0x03A2	0x4C8489  	ADDC	W9, W9, W9
;__Lib_MathDouble.c,675 :: 		
0x03A4	0x3A0001  	BRA NZ	AddSubFP_normalizetest
;__Lib_MathDouble.c,676 :: 		
0x03A6	0x20000B  	MOV	#0, W11
;__Lib_MathDouble.c,677 :: 		
AddSubFP_normalizetest:
;__Lib_MathDouble.c,678 :: 		
0x03A8	0xA37809  	BTST.Z	W9, #7
;__Lib_MathDouble.c,679 :: 		
0x03AA	0x32FFF7  	BRA Z	AddSubFP_normalizeloop
;__Lib_MathDouble.c,680 :: 		
AddSubFP_normalizeexit:
;__Lib_MathDouble.c,681 :: 		
0x03AC	0xEB0100  	CLR	W2
;__Lib_MathDouble.c,682 :: 		
0x03AE	0x370002  	BRA	AddSubFP_round
;__Lib_MathDouble.c,683 :: 		
AddSubFP_discardguard:
;__Lib_MathDouble.c,684 :: 		
0x03B0	0x718182  	IOR	W3, W2, W3
;__Lib_MathDouble.c,685 :: 		
0x03B2	0x88002A  	MOV	W10, W2
;__Lib_MathDouble.c,686 :: 		
AddSubFP_round:
;__Lib_MathDouble.c,687 :: 		
0x03B4	0x070022  	RCALL	AddSubFP__fpack
;__Lib_MathDouble.c,688 :: 		
AddSubFP_signoff:
;__Lib_MathDouble.c,689 :: 		
0x03B6	0xA7F00C  	BTSC	W12, #15
;__Lib_MathDouble.c,690 :: 		
0x03B8	0xA8E003  	BSET	W1, #15
;__Lib_MathDouble.c,691 :: 		
0x03BA	0x370018  	BRA	AddSubFP__fbopExit
;__Lib_MathDouble.c,692 :: 		
AddSubFP_aisinfinite:
;__Lib_MathDouble.c,693 :: 		
0x03BC	0xE12064  	CP	W4, #4
;__Lib_MathDouble.c,694 :: 		
0x03BE	0x3A0002  	BRA NZ	AddSubFP_return8_3
;__Lib_MathDouble.c,695 :: 		
0x03C0	0x6C8F83  	XOR	W9, W3, [W15]
;__Lib_MathDouble.c,696 :: 		
0x03C2	0x330018  	BRA N	AddSubFP__fbopReturnNaN
;__Lib_MathDouble.c,697 :: 		
AddSubFP_return8_3:
;__Lib_MathDouble.c,698 :: 		
0x03C4	0xBE8108  	MOV.D	W8, W2
;__Lib_MathDouble.c,699 :: 		
AddSubFP_return2_3:
;__Lib_MathDouble.c,700 :: 		
0x03C6	0xBE8002  	MOV.D	W2, W0
;__Lib_MathDouble.c,701 :: 		
0x03C8	0x370011  	BRA	AddSubFP__fbopExit
;__Lib_MathDouble.c,702 :: 		
AddSubFP__funpack2:
;__Lib_MathDouble.c,703 :: 		
0x03CA	0xBE8400  	MOV.D	W0, W8
;__Lib_MathDouble.c,704 :: 		
0x03CC	0x07003C  	RCALL	AddSubFP__funpack
;__Lib_MathDouble.c,705 :: 		
0x03CE	0xBE8300  	MOV.D	W0, W6
;__Lib_MathDouble.c,706 :: 		
0x03D0	0xBE8504  	MOV.D	W4, W10
;__Lib_MathDouble.c,707 :: 		
0x03D2	0xBE8002  	MOV.D	W2, W0
;__Lib_MathDouble.c,708 :: 		
0x03D4	0x070038  	RCALL	AddSubFP__funpack
;__Lib_MathDouble.c,709 :: 		
0x03D6	0x754F84  	IOR.B	W10, W4, [W15]
;__Lib_MathDouble.c,710 :: 		
0x03D8	0x060000  	RETURN
;__Lib_MathDouble.c,711 :: 		
AddSubFP__fPropagateNaN:
;__Lib_MathDouble.c,712 :: 		
0x03DA	0xBE8002  	MOV.D	W2, W0
;__Lib_MathDouble.c,713 :: 		
0x03DC	0xE15064  	CP	W10, #4
;__Lib_MathDouble.c,714 :: 		
0x03DE	0x360005  	BRA LEU	AddSubFP_return0_1
;__Lib_MathDouble.c,715 :: 		
0x03E0	0xE12064  	CP	W4, #4
;__Lib_MathDouble.c,716 :: 		
0x03E2	0x360002  	BRA LEU	AddSubFP_return8_1
;__Lib_MathDouble.c,717 :: 		
0x03E4	0xA36809  	BTST.Z	W9, #6
;__Lib_MathDouble.c,718 :: 		
0x03E6	0x3A0001  	BRA NZ	AddSubFP_return0_1
;__Lib_MathDouble.c,719 :: 		
AddSubFP_return8_1:
;__Lib_MathDouble.c,720 :: 		
0x03E8	0xBE8008  	MOV.D	W8, W0
;__Lib_MathDouble.c,721 :: 		
AddSubFP_return0_1:
;__Lib_MathDouble.c,722 :: 		
0x03EA	0xA8C002  	BSET	W1, #6
;__Lib_MathDouble.c,723 :: 		
AddSubFP__fbopExit:
;__Lib_MathDouble.c,724 :: 		
0x03EC	0x78064F  	MOV	[--W15], W12
;__Lib_MathDouble.c,725 :: 		
0x03EE	0xBE054F  	MOV.D	[--W15], W10
;__Lib_MathDouble.c,726 :: 		
0x03F0	0xBE044F  	MOV.D	[--W15], W8
;__Lib_MathDouble.c,727 :: 		
0x03F2	0x060000  	RETURN
;__Lib_MathDouble.c,728 :: 		
AddSubFP__fbopReturnNaN:
;__Lib_MathDouble.c,729 :: 		
0x03F4	0x2FFFF0  	MOV	#65535, W0
;__Lib_MathDouble.c,730 :: 		
0x03F6	0x27FFF1  	MOV	#32767, W1
;__Lib_MathDouble.c,731 :: 		
0x03F8	0x37FFF9  	BRA	AddSubFP__fbopExit
;__Lib_MathDouble.c,732 :: 		
AddSubFP__fpack:
;__Lib_MathDouble.c,733 :: 		
0x03FA	0x200081  	MOV	#8, W1
;__Lib_MathDouble.c,734 :: 		
0x03FC	0x558061  	SUB	W11, #1, W0
;__Lib_MathDouble.c,735 :: 		
0x03FE	0x3D000B  	BRA GE	AddSubFP_notsubnormal_1
;__Lib_MathDouble.c,736 :: 		
0x0400	0x20000B  	MOV	#0, W11
;__Lib_MathDouble.c,737 :: 		
0x0402	0x2FFE61  	MOV	#65510, W1
;__Lib_MathDouble.c,738 :: 		
0x0404	0xE10001  	CP	W0, W1
;__Lib_MathDouble.c,739 :: 		
0x0406	0x34001D  	BRA LE	AddSubFP_zerosig
;__Lib_MathDouble.c,740 :: 		
AddSubFP_subnormal_1:
;__Lib_MathDouble.c,741 :: 		
0x0408	0x718182  	IOR	W3, W2, W3
;__Lib_MathDouble.c,742 :: 		
0x040A	0x640161  	AND	W8, #1, W2
;__Lib_MathDouble.c,743 :: 		
0x040C	0xD10489  	LSR	W9, W9
;__Lib_MathDouble.c,744 :: 		
0x040E	0xD38408  	RRC	W8, W8
;__Lib_MathDouble.c,745 :: 		
0x0410	0xE80000  	INC	W0, W0
;__Lib_MathDouble.c,746 :: 		
0x0412	0x3AFFFA  	BRA NZ	AddSubFP_subnormal_1
;__Lib_MathDouble.c,747 :: 		
0x0414	0x200071  	MOV	#7, W1
;__Lib_MathDouble.c,748 :: 		
AddSubFP_notsubnormal_1:
;__Lib_MathDouble.c,749 :: 		
0x0416	0x640061  	AND	W8, #1, W0
;__Lib_MathDouble.c,750 :: 		
0x0418	0x700003  	IOR	W0, W3, W0
;__Lib_MathDouble.c,751 :: 		
0x041A	0x600002  	AND	W0, W2, W0
;__Lib_MathDouble.c,752 :: 		
0x041C	0x320009  	BRA Z	AddSubFP_packupandgo
;__Lib_MathDouble.c,753 :: 		
0x041E	0x440461  	ADD	W8, #1, W8
;__Lib_MathDouble.c,754 :: 		
0x0420	0x4C84E0  	ADDC	W9, #0, W9
;__Lib_MathDouble.c,755 :: 		
0x0422	0xA58809  	BTST.Z	W9, W1
;__Lib_MathDouble.c,756 :: 		
0x0424	0x320005  	BRA Z	AddSubFP_packupandgo
;__Lib_MathDouble.c,757 :: 		
0x0426	0xE8058B  	INC	W11, W11
;__Lib_MathDouble.c,758 :: 		
0x0428	0xE10868  	CP	W1, #8
;__Lib_MathDouble.c,759 :: 		
0x042A	0x3A0002  	BRA NZ	AddSubFP_packupandgo
;__Lib_MathDouble.c,760 :: 		
0x042C	0xD10489  	LSR	W9, W9
;__Lib_MathDouble.c,761 :: 		
0x042E	0xD38408  	RRC	W8, W8
;__Lib_MathDouble.c,762 :: 		
AddSubFP_packupandgo:
;__Lib_MathDouble.c,763 :: 		
0x0430	0x200FF2  	MOV	#255, W2
;__Lib_MathDouble.c,764 :: 		
0x0432	0xE15802  	CP	W11, W2
;__Lib_MathDouble.c,765 :: 		
0x0434	0x3D0005  	BRA GE	AddSubFP_overflow
;__Lib_MathDouble.c,766 :: 		
0x0436	0xDD5DC7  	SL	W11, #7, W11
;__Lib_MathDouble.c,767 :: 		
0x0438	0xB207F9  	AND	#127, W9
;__Lib_MathDouble.c,768 :: 		
0x043A	0x758089  	IOR	W11, W9, W1
;__Lib_MathDouble.c,769 :: 		
0x043C	0x880008  	MOV	W8, W0
;__Lib_MathDouble.c,770 :: 		
0x043E	0x060000  	RETURN
;__Lib_MathDouble.c,771 :: 		
AddSubFP_overflow:
;__Lib_MathDouble.c,772 :: 		
0x0440	0x27F80B  	MOV	#32640, W11
;__Lib_MathDouble.c,773 :: 		
AddSubFP_zerosig:
;__Lib_MathDouble.c,774 :: 		
0x0442	0x88001B  	MOV	W11, W1
;__Lib_MathDouble.c,775 :: 		
0x0444	0x050000  	RETLW	#0, W0
;__Lib_MathDouble.c,776 :: 		
AddSubFP__funpack:
;__Lib_MathDouble.c,777 :: 		
0x0446	0xDE0AC7  	LSR	W1, #7, W5
;__Lib_MathDouble.c,778 :: 		
0x0448	0xB207F1  	AND	#127, W1
;__Lib_MathDouble.c,779 :: 		
0x044A	0xB20FF5  	AND	#255, W5
;__Lib_MathDouble.c,780 :: 		
0x044C	0x320008  	BRA Z	AddSubFP_zeroorsub
;__Lib_MathDouble.c,781 :: 		
0x044E	0x42CFE1  	ADD.B	W5, #1, [W15]
;__Lib_MathDouble.c,782 :: 		
0x0450	0x320002  	BRA Z	AddSubFP_nanorinf
;__Lib_MathDouble.c,783 :: 		
AddSubFP_finitereturn:
;__Lib_MathDouble.c,784 :: 		
0x0452	0xA8E002  	BSET	W1, #7
;__Lib_MathDouble.c,785 :: 		
0x0454	0x050024  	RETLW	#2, W4
;__Lib_MathDouble.c,786 :: 		
AddSubFP_nanorinf:
;__Lib_MathDouble.c,787 :: 		
0x0456	0x700F81  	IOR	W0, W1, [W15]
;__Lib_MathDouble.c,788 :: 		
0x0458	0x320001  	BRA Z	AddSubFP_infinite
;__Lib_MathDouble.c,789 :: 		
0x045A	0x050804  	RETLW	#128, W4
;__Lib_MathDouble.c,790 :: 		
AddSubFP_infinite:
;__Lib_MathDouble.c,791 :: 		
0x045C	0x050044  	RETLW	#4, W4
;__Lib_MathDouble.c,792 :: 		
AddSubFP_zeroorsub:
;__Lib_MathDouble.c,793 :: 		
0x045E	0x700F81  	IOR	W0, W1, [W15]
;__Lib_MathDouble.c,794 :: 		
0x0460	0x3A0002  	BRA NZ	AddSubFP_subnormal_2
;__Lib_MathDouble.c,795 :: 		
0x0462	0x050014  	RETLW	#1, W4
;__Lib_MathDouble.c,796 :: 		
AddSubFP_normalize:
;__Lib_MathDouble.c,797 :: 		
0x0464	0xE90285  	DEC	W5, W5
;__Lib_MathDouble.c,798 :: 		
AddSubFP_subnormal_2:
;__Lib_MathDouble.c,799 :: 		
0x0466	0x400000  	ADD	W0, W0, W0
;__Lib_MathDouble.c,800 :: 		
0x0468	0x48C081  	ADDC.B	W1, W1, W1
;__Lib_MathDouble.c,801 :: 		
0x046A	0x3BFFFC  	BRA NN	AddSubFP_normalize
;__Lib_MathDouble.c,802 :: 		
0x046C	0xA8E002  	BSET	W1, #7
;__Lib_MathDouble.c,803 :: 		
0x046E	0x050024  	RETLW	#2, W4
;__Lib_MathDouble.c,806 :: 		
the_end__AddSub_FP:
;__Lib_MathDouble.c,809 :: 		
L_end__AddSub_FP:
0x0470	0xFA8000  	ULNK
0x0472	0x060000  	RETURN
; end of __AddSub_FP
;Q3.c,0 :: ?ICS?lstr4_Q3 [6]
0x0BD8	0x6554 ;?ICS?lstr4_Q3+0
0x0BDA	0x706D ;?ICS?lstr4_Q3+2
0x0BDC	0x003A ;?ICS?lstr4_Q3+4
; end of ?ICS?lstr4_Q3
;Q3.c,0 :: ?ICS?lstr2_Q3 [12]
0x0BDE	0x6554 ;?ICS?lstr2_Q3+0
0x0BE0	0x706D ;?ICS?lstr2_Q3+2
0x0BE2	0x7265 ;?ICS?lstr2_Q3+4
0x0BE4	0x7461 ;?ICS?lstr2_Q3+6
0x0BE6	0x7275 ;?ICS?lstr2_Q3+8
0x0BE8	0x0061 ;?ICS?lstr2_Q3+10
; end of ?ICS?lstr2_Q3
;Q3.c,0 :: ?ICS?lstr5_Q3 [2]
0x0BEA	0x0043 ;?ICS?lstr5_Q3+0
; end of ?ICS?lstr5_Q3
;Q3.c,0 :: ?ICS?lstr1_Q3 [12]
0x0BEC	0x6554 ;?ICS?lstr1_Q3+0
0x0BEE	0x706D ;?ICS?lstr1_Q3+2
0x0BF0	0x7265 ;?ICS?lstr1_Q3+4
0x0BF2	0x7461 ;?ICS?lstr1_Q3+6
0x0BF4	0x7275 ;?ICS?lstr1_Q3+8
0x0BF6	0x0061 ;?ICS?lstr1_Q3+10
; end of ?ICS?lstr1_Q3
;Q3.c,0 :: ?ICS_flag_bot [2]
0x0BF8	0x0000 ;?ICS_flag_bot+0
; end of ?ICS_flag_bot
;Q3.c,0 :: ?ICS?lstr3_Q3 [8]
0x0BFA	0x6543 ;?ICS?lstr3_Q3+0
0x0BFC	0x736C ;?ICS?lstr3_Q3+2
0x0BFE	0x7569 ;?ICS?lstr3_Q3+4
0x0C00	0x0073 ;?ICS?lstr3_Q3+6
; end of ?ICS?lstr3_Q3
;__Lib_Conversions.c,0 :: ?ICS?lstr1___Lib_Conversions [4]
0x0C02	0x614E ;?ICS?lstr1___Lib_Conversions+0
0x0C04	0x004E ;?ICS?lstr1___Lib_Conversions+2
; end of ?ICS?lstr1___Lib_Conversions
;Q3.c,0 :: ?ICS?lstr7_Q3 [2]
0x0C06	0x004B ;?ICS?lstr7_Q3+0
; end of ?ICS?lstr7_Q3
;__Lib_Conversions.c,0 :: ?ICS?lstr2___Lib_Conversions [2]
0x0C08	0x0030 ;?ICS?lstr2___Lib_Conversions+0
; end of ?ICS?lstr2___Lib_Conversions
;Q3.c,0 :: ?ICS?lstr6_Q3 [2]
0x0C0A	0x0046 ;?ICS?lstr6_Q3+0
; end of ?ICS?lstr6_Q3
;__Lib_Conversions.c,0 :: ?ICS?lstr3___Lib_Conversions [4]
0x0C0C	0x4E49 ;?ICS?lstr3___Lib_Conversions+0
0x0C0E	0x0046 ;?ICS?lstr3___Lib_Conversions+2
; end of ?ICS?lstr3___Lib_Conversions
Symbol List:
//** Routines locations **
//ADDRESS    SIZE    PROCEDURE
//----------------------------------------------
0x0100      [10]    _Delay_1us
0x010A     [114]    __Compare_Fp
0x017C      [30]    _strcpy
0x019A      [12]    _Delay_50us
0x01A6      [16]    _Lcd_Chr_CP
0x01B6      [10]    __Compare_Ge_Fp
0x01C0      [12]    _Delay_8ms
0x01CC      [10]    __Compare_Le_Fp
0x01D6      [10]    _Delay_5500us
0x01E0      [14]    __Lib_Lcd_Strobe
0x01EE     [282]    __Mul_FP
0x0308     [364]    __AddSub_FP
0x0474     [310]    __Div_FP
0x05AA     [182]    __Long2Float
0x0660     [108]    _Lcd_Cmd
0x06CC     [106]    _Lcd_Init
0x0736     [558]    _FloatToStr
0x0964      [90]    _Lcd_Out
0x09BE     [322]    _main
0x0B00      [56]    _BOTAO2int
0x0B38     [160]    _BOTAO1int
//** Variables locations ** 
//ADDRESS    SIZE    VARIABLE
//----------------------------------------------
0x0838       [4]    _kel
0x083C      [15]    _txt2
0x02DC       [0]    LCD_D7
0x02DC       [0]    LCD_D6
0x084B      [15]    _txt
0x085A       [4]    _temperatura
0x085E       [4]    _fahr
0x0862      [15]    _txt1
0x0872       [2]    _ADCValue
0x0874       [2]    _ADC16Ptr
0x02D8       [0]    LCD_D7_Direction
0x02DC       [0]    LCD_EN
0x0876       [4]    _conversao
0x087A       [4]    _media_temp
0x0282       [2]    ADCBUF1
0x087E       [2]    _count
0x02D8       [0]    LCD_D6_Direction
0x02DC       [0]    LCD_RS
0x0880       [0]    __Lib_Lcd_cmd_status
0x02DC       [0]    LCD_D5
0x02DC       [0]    LCD_D4
0x02D8       [0]    LCD_D4_Direction
0x02D8       [0]    LCD_D5_Direction
0x02D8       [0]    LCD_EN_Direction
0x02D8       [0]    LCD_RS_Direction
0x02D8       [0]    TRISE0_bit
0x02A8       [2]    ADPCFG
0x02D8       [0]    TRISE2_bit
0x02D8       [0]    TRISE1_bit
0x02D8       [2]    TRISEbits
0x008C       [2]    IEC0bits
0x02A8       [2]    ADPCFGbits
0x02C6       [2]    TRISBbits
0x02D8       [0]    TRISE3_bit
0x02DC       [0]    LATE1_bit
0x02DC       [0]    LATE2_bit
0x02DC       [0]    LATE4_bit
0x02DC       [0]    LATE0_bit
0x02D8       [0]    TRISE4_bit
0x02D8       [0]    TRISE5_bit
0x02DC       [0]    LATE3_bit
0x02DC       [0]    LATE5_bit
0x02A6       [2]    ADCHS
0x02AA       [2]    ADCSSL
0x010E       [2]    PR3
0x0112       [2]    T3CON
0x02A2       [2]    ADCON2bits
0x02A4       [2]    ADCON3
0x02A2       [2]    ADCON2
0x010A       [2]    TMR3
0x0082       [2]    INTCON2
0x0082       [2]    INTCON2bits
0x008E       [2]    IEC1bits
0x0084       [2]    IFS0
0x02A0       [2]    ADCON1
0x02A0       [2]    ADCON1bits
0x0084       [2]    IFS0bits
0x0086       [2]    IFS1bits
0x0800       [6]    ?lstr4_Q3
0x0806      [12]    ?lstr2_Q3
0x0812       [2]    ?lstr5_Q3
0x0814      [12]    ?lstr1_Q3
0x0820       [2]    _flag_bot
0x0822       [8]    ?lstr3_Q3
0x082A       [4]    ?lstr1___Lib_Conversions
0x082E       [2]    ?lstr7_Q3
0x0830       [2]    ?lstr2___Lib_Conversions
0x0832       [2]    ?lstr6_Q3
0x0834       [4]    ?lstr3___Lib_Conversions
0x0082       [2]    INTCON2
0x0084       [2]    IFS0
0x010A       [2]    TMR3
0x010E       [2]    PR3
0x0112       [2]    T3CON
0x0014       [2]    FARG_strcpy_to
0x0016       [2]    FARG_strcpy_from
0x0014       [1]    FARG_Lcd_Chr_CP_out_char
0x0282       [2]    ADCBUF1
0x02A0       [2]    ADCON1
0x02A2       [2]    ADCON2
0x02A4       [2]    ADCON3
0x02A6       [2]    ADCHS
0x02A8       [2]    ADPCFG
0x02AA       [2]    ADCSSL
0x0014       [1]    FARG_Lcd_Cmd_out_char
0x0014       [4]    FARG_FloatToStr_fnum
0x0018       [2]    FARG_FloatToStr_str
0x0014       [2]    FARG_Lcd_Out_row
0x0016       [2]    FARG_Lcd_Out_column
0x0018       [2]    FARG_Lcd_Out_text
//** Constants locations ** 
//ADDRESS    SIZE    CONSTANT
//----------------------------------------------
0x0BD8       [6]    ?ICS?lstr4_Q3
0x0BDE      [12]    ?ICS?lstr2_Q3
0x0BEA       [2]    ?ICS?lstr5_Q3
0x0BEC      [12]    ?ICS?lstr1_Q3
0x0BF8       [2]    ?ICS_flag_bot
0x0BFA       [8]    ?ICS?lstr3_Q3
0x0C02       [4]    ?ICS?lstr1___Lib_Conversions
0x0C06       [2]    ?ICS?lstr7_Q3
0x0C08       [2]    ?ICS?lstr2___Lib_Conversions
0x0C0A       [2]    ?ICS?lstr6_Q3
0x0C0C       [4]    ?ICS?lstr3___Lib_Conversions
