;  LST file generated by mikroListExporter - v.2.0 
; Date/Time: 11/03/2020 08:31:25
;----------------------------------------------

;Address Opcode 	ASM
0x0000	0x00000004062C  	GOTO	_main
0x0004	0x000000  	0
0x0006	0x000000  	0
0x0008	0x000000  	0
0x000A	0x000000  	0
0x000C	0x000000  	0
0x000E	0x000000  	0
0x0010	0x000000  	0
0x0012	0x000000  	0
0x0014	0x000000  	0
0x0016	0x000000  	0
0x0018	0x000000  	0
0x001A	0x000000  	0
0x001C	0x000000  	0
0x001E	0x000000  	0
0x0020	0x000000  	0
0x0022	0x000000  	0
0x0024	0x000000  	0
0x0026	0x000000  	0
0x0028	0x000000  	0
0x002A	0x000000  	0
0x002C	0x000000  	0
0x002E	0x000000  	0
0x0030	0x000000  	0
0x0032	0x000000  	0
0x0034	0x000000  	0
0x0036	0x000000  	0
0x0038	0x000000  	0
0x003A	0x000000  	0
0x003C	0x000000  	0
0x003E	0x000000  	0
0x0040	0x000000  	0
0x0042	0x000000  	0
0x0044	0x000000  	0
0x0046	0x000000  	0
0x0048	0x000000  	0
0x004A	0x000000  	0
0x004C	0x000000  	0
0x004E	0x000000  	0
0x0050	0x000000  	0
0x0052	0x000000  	0
0x0054	0x000000  	0
0x0056	0x000000  	0
0x0058	0x000000  	0
0x005A	0x000000  	0
0x005C	0x000000  	0
0x005E	0x000000  	0
0x0060	0x000000  	0
0x0062	0x000000  	0
0x0064	0x000000  	0
0x0066	0x000000  	0
0x0068	0x000000  	0
0x006A	0x000000  	0
0x006C	0x000000  	0
0x006E	0x000000  	0
0x0070	0x000000  	0
0x0072	0x000000  	0
0x0074	0x000000  	0
0x0076	0x000000  	0
0x0078	0x000000  	0
0x007A	0x000000  	0
0x007C	0x000000  	0
0x007E	0x000000  	0
0x0080	0x000000  	0
0x0082	0x000000  	0
0x0084	0x000000  	0
0x0086	0x000000  	0
0x0088	0x000000  	0
0x008A	0x000000  	0
0x008C	0x000000  	0
0x008E	0x000000  	0
0x0090	0x000000  	0
0x0092	0x000000  	0
0x0094	0x000000  	0
0x0096	0x000000  	0
0x0098	0x000000  	0
0x009A	0x000000  	0
0x009C	0x000000  	0
0x009E	0x000000  	0
0x00A0	0x000000  	0
0x00A2	0x000000  	0
0x00A4	0x000000  	0
0x00A6	0x000000  	0
0x00A8	0x000000  	0
0x00AA	0x000000  	0
0x00AC	0x000000  	0
0x00AE	0x000000  	0
0x00B0	0x000000  	0
0x00B2	0x000000  	0
0x00B4	0x000000  	0
0x00B6	0x000000  	0
0x00B8	0x000000  	0
0x00BA	0x000000  	0
0x00BC	0x000000  	0
0x00BE	0x000000  	0
0x00C0	0x000000  	0
0x00C2	0x000000  	0
0x00C4	0x000000  	0
0x00C6	0x000000  	0
0x00C8	0x000000  	0
0x00CA	0x000000  	0
0x00CC	0x000000  	0
0x00CE	0x000000  	0
0x00D0	0x000000  	0
0x00D2	0x000000  	0
0x00D4	0x000000  	0
0x00D6	0x000000  	0
0x00D8	0x000000  	0
0x00DA	0x000000  	0
0x00DC	0x000000  	0
0x00DE	0x000000  	0
0x00E0	0x000000  	0
0x00E2	0x000000  	0
0x00E4	0x000000  	0
0x00E6	0x000000  	0
0x00E8	0x000000  	0
0x00EA	0x000000  	0
0x00EC	0x000000  	0
0x00EE	0x000000  	0
0x00F0	0x000000  	0
0x00F2	0x000000  	0
0x00F4	0x000000  	0
0x00F6	0x000000  	0
0x00F8	0x000000  	0
0x00FA	0x000000  	0
0x00FC	0x000000  	0
0x00FE	0x000000  	0
_main:
0x062C	0x20804F  	MOV	#2052, W15
0x062E	0x20FFF0  	MOV	#4095, W0
0x0630	0xB7A020  	MOV	WREG, SPLIM
0x0632	0x200000  	MOV	#0, W0
0x0634	0xB7A034  	MOV	WREG, PSVPAG
0x0636	0x200040  	MOV	#4, W0
0x0638	0xB72044  	IOR	CORCON
0x063A	0xFA0004  	LNK	#4
0x063C	0x0000000206B0  	CALL	1712
;PWM.c,31 :: 		void main() {
;PWM.c,33 :: 		ADPCFG = 0xFFFF;
0x0640	0x781F8A  	PUSH	W10
0x0642	0x781F8B  	PUSH	W11
0x0644	0x781F8C  	PUSH	W12
0x0646	0x781F8D  	PUSH	W13
0x0648	0x2FFFF0  	MOV	#65535, W0
0x064A	0xB7A2A8  	MOV	WREG, ADPCFG
;PWM.c,34 :: 		init_OCmod();
0x064C	0x07FFB2  	RCALL	_init_OCmod
;PWM.c,36 :: 		while(1){
L_main0:
;PWM.c,37 :: 		for (i=0, j = 3; i < 4; i++, j--){
0x064E	0xEF2000  	CLR	W0
0x0650	0x884010  	MOV	W0, _i
0x0652	0x200030  	MOV	#3, W0
0x0654	0x884000  	MOV	W0, _j
L_main2:
0x0656	0x804010  	MOV	_i, W0
0x0658	0xE10064  	CP	W0, #4
0x065A	0x3D0023  	BRA GE	L_main3
L__main10:
;PWM.c,38 :: 		mudar_PWM(0.25*i, 0.25*j);
0x065C	0x804000  	MOV	_j, W0
0x065E	0xDE80CF  	ASR	W0, #15, W1
0x0660	0xEB8100  	SETM	W2
0x0662	0x07FE3D  	RCALL	__Long2Float
0x0664	0x200002  	MOV	#0, W2
0x0666	0x23E803  	MOV	#16000, W3
0x0668	0x07FEE0  	RCALL	__Mul_FP
0x066A	0x980700  	MOV	W0, [W14+0]
0x066C	0x980711  	MOV	W1, [W14+2]
0x066E	0x804010  	MOV	_i, W0
0x0670	0xDE80CF  	ASR	W0, #15, W1
0x0672	0xEB8100  	SETM	W2
0x0674	0x07FE34  	RCALL	__Long2Float
0x0676	0x200002  	MOV	#0, W2
0x0678	0x23E803  	MOV	#16000, W3
0x067A	0x07FED7  	RCALL	__Mul_FP
0x067C	0x90010E  	MOV	[W14+0], W2
0x067E	0x90019E  	MOV	[W14+2], W3
0x0680	0xBE0602  	MOV.D	W2, W12
0x0682	0xBE0500  	MOV.D	W0, W10
0x0684	0x07FFB8  	RCALL	_mudar_PWM
;PWM.c,39 :: 		Delay_ms(1000);
0x0686	0x200528  	MOV	#82, W8
0x0688	0x2616F7  	MOV	#24943, W7
L_main5:
0x068A	0xED200E  	DEC	W7
0x068C	0x3AFFFE  	BRA NZ	L_main5
0x068E	0xED2010  	DEC	W8
0x0690	0x3AFFFC  	BRA NZ	L_main5
0x0692	0x000000  	NOP
;PWM.c,37 :: 		for (i=0, j = 3; i < 4; i++, j--){
0x0694	0x200011  	MOV	#1, W1
0x0696	0x208020  	MOV	#lo_addr(_i), W0
0x0698	0x408810  	ADD	W1, [W0], [W0]
0x069A	0x200011  	MOV	#1, W1
0x069C	0x208000  	MOV	#lo_addr(_j), W0
0x069E	0x108810  	SUBR	W1, [W0], [W0]
;PWM.c,40 :: 		}
0x06A0	0x37FFDA  	BRA	L_main2
L_main3:
;PWM.c,41 :: 		}
0x06A2	0x37FFD5  	BRA	L_main0
;PWM.c,42 :: 		}
L_end_main:
0x06A4	0x7806CF  	POP	W13
0x06A6	0x78064F  	POP	W12
0x06A8	0x7805CF  	POP	W11
0x06AA	0x78054F  	POP	W10
0x06AC	0xFA8000  	ULNK
L__main_end_loop:
0x06AE	0x37FFFF  	BRA	L__main_end_loop
; end of _main
_init_OCmod:
;PWM.c,4 :: 		void init_OCmod(){
;PWM.c,5 :: 		TRISD = 0;
0x05B2	0xEF22D2  	CLR	TRISD
;PWM.c,6 :: 		IFS0 = 0;
0x05B4	0xEF2084  	CLR	IFS0
;PWM.c,7 :: 		IEC0 = 0;
0x05B6	0xEF208C  	CLR	IEC0
;PWM.c,9 :: 		IEC0bits.T2IE = 1;
0x05B8	0xA8C08C  	BSET.B	IEC0bits, #6
;PWM.c,10 :: 		T2CON = 0x8030;
0x05BA	0x280300  	MOV	#32816, W0
0x05BC	0xB7A110  	MOV	WREG, T2CON
;PWM.c,11 :: 		PR2 = 1250;
0x05BE	0x204E20  	MOV	#1250, W0
0x05C0	0xB7A10C  	MOV	WREG, PR2
;PWM.c,13 :: 		OC1CON = 0;
0x05C2	0xEF2184  	CLR	OC1CON
;PWM.c,14 :: 		OC1CONbits.OCM = 0b110;
0x05C4	0xB3C060  	MOV.B	#6, W0
0x05C6	0x784080  	MOV.B	W0, W1
0x05C8	0x201840  	MOV	#lo_addr(OC1CONbits), W0
0x05CA	0x68C090  	XOR.B	W1, [W0], W1
0x05CC	0x60C0E7  	AND.B	W1, #7, W1
0x05CE	0x201840  	MOV	#lo_addr(OC1CONbits), W0
0x05D0	0x68C090  	XOR.B	W1, [W0], W1
0x05D2	0x201840  	MOV	#lo_addr(OC1CONbits), W0
0x05D4	0x784801  	MOV.B	W1, [W0]
;PWM.c,15 :: 		OC1CONbits.OCTSEL = 0;
0x05D6	0xA96184  	BCLR.B	OC1CONbits, #3
;PWM.c,16 :: 		OC1RS = 1250;
0x05D8	0x204E20  	MOV	#1250, W0
0x05DA	0xB7A180  	MOV	WREG, OC1RS
;PWM.c,18 :: 		OC3CON = 0;
0x05DC	0xEF2190  	CLR	OC3CON
;PWM.c,19 :: 		OC3CONbits.OCM = 0b110;
0x05DE	0xB3C060  	MOV.B	#6, W0
0x05E0	0x784080  	MOV.B	W0, W1
0x05E2	0x201900  	MOV	#lo_addr(OC3CONbits), W0
0x05E4	0x68C090  	XOR.B	W1, [W0], W1
0x05E6	0x60C0E7  	AND.B	W1, #7, W1
0x05E8	0x201900  	MOV	#lo_addr(OC3CONbits), W0
0x05EA	0x68C090  	XOR.B	W1, [W0], W1
0x05EC	0x201900  	MOV	#lo_addr(OC3CONbits), W0
0x05EE	0x784801  	MOV.B	W1, [W0]
;PWM.c,20 :: 		OC3CONbits.OCTSEL = 0;
0x05F0	0xA96190  	BCLR.B	OC3CONbits, #3
;PWM.c,21 :: 		OC3RS = 0;
0x05F2	0xEF218C  	CLR	OC3RS
;PWM.c,22 :: 		}
L_end_init_OCmod:
0x05F4	0x060000  	RETURN
; end of _init_OCmod
_mudar_PWM:
;PWM.c,24 :: 		void mudar_PWM(float duty1, float duty2){
;PWM.c,25 :: 		OC1RS = floor(PR2*duty1);
0x05F6	0x781F8A  	PUSH	W10
0x05F8	0x781F8B  	PUSH	W11
0x05FA	0xBE9F8C  	PUSH.D	W12
0x05FC	0xBE9F8A  	PUSH.D	W10
0x05FE	0xBF810C  	MOV	PR2, WREG
0x0600	0xEB0080  	CLR	W1
0x0602	0x07FE6D  	RCALL	__Long2Float
0x0604	0xBE054F  	POP.D	W10
0x0606	0xBE010A  	MOV.D	W10, W2
0x0608	0x07FF10  	RCALL	__Mul_FP
0x060A	0xBE0500  	MOV.D	W0, W10
0x060C	0x07FF9B  	RCALL	_floor
0x060E	0x07FEC2  	RCALL	__Float2Longint
0x0610	0xB7A180  	MOV	WREG, OC1RS
;PWM.c,26 :: 		OC3RS = floor(PR2*duty2);
0x0612	0xBF810C  	MOV	PR2, WREG
0x0614	0xEB0080  	CLR	W1
0x0616	0x07FE63  	RCALL	__Long2Float
0x0618	0xBE064F  	POP.D	W12
0x061A	0xBE010C  	MOV.D	W12, W2
0x061C	0x07FF06  	RCALL	__Mul_FP
0x061E	0xBE0500  	MOV.D	W0, W10
0x0620	0x07FF91  	RCALL	_floor
0x0622	0x07FEB8  	RCALL	__Float2Longint
0x0624	0xB7A18C  	MOV	WREG, OC3RS
;PWM.c,27 :: 		}
L_end_mudar_PWM:
0x0626	0x7805CF  	POP	W11
0x0628	0x78054F  	POP	W10
0x062A	0x060000  	RETURN
; end of _mudar_PWM
_floor:
0x0544	0xFA0000  	LNK	#0
;__Lib_CMath.c,39 :: 		
;__Lib_CMath.c,43 :: 		
0x0546	0xDE58C7  	LSR	W11, #7, W1
0x0548	0xEB0100  	CLR	W2
0x054A	0x200FF0  	MOV	#255, W0
0x054C	0x608080  	AND	W1, W0, W1
;__Lib_CMath.c,44 :: 		
0x054E	0x2007F0  	MOV	#127, W0
0x0550	0x508000  	SUB	W1, W0, W0
; expon start address is: 2 (W1)
0x0552	0x780080  	MOV	W0, W1
;__Lib_CMath.c,45 :: 		
0x0554	0xE10060  	CP	W0, #0
0x0556	0x3D0010  	BRA GE	L_floor1
L__floor75:
; expon end address is: 2 (W1)
;__Lib_CMath.c,46 :: 		
0x0558	0xEF2004  	CLR	W2
0x055A	0xEF2006  	CLR	W3
0x055C	0xBE000A  	MOV.D	W10, W0
0x055E	0x07FF60  	RCALL	__Compare_Le_Fp
0x0560	0xE00000  	CP0	W0
0x0562	0xEF6000  	CLR.B	W0
0x0564	0x3D0001  	BRA GE	L__floor76
0x0566	0xEC6000  	INC.B	W0
L__floor76:
0x0568	0xE24000  	CP0.B	W0
0x056A	0x320003  	BRA Z	L_floor2
L__floor77:
;__Lib_CMath.c,47 :: 		
0x056C	0x200000  	MOV	#0, W0
0x056E	0x2BF801  	MOV	#49024, W1
0x0570	0x37001E  	BRA	L_end_floor
L_floor2:
;__Lib_CMath.c,49 :: 		
0x0572	0xEF2000  	CLR	W0
0x0574	0xEF2002  	CLR	W1
0x0576	0x37001B  	BRA	L_end_floor
L_floor1:
;__Lib_CMath.c,50 :: 		
; expon start address is: 2 (W1)
0x0578	0xE10878  	CP	W1, #24
0x057A	0x360002  	BRA LEU	L_floor4
L__floor78:
; expon end address is: 2 (W1)
;__Lib_CMath.c,51 :: 		
0x057C	0xBE000A  	MOV.D	W10, W0
0x057E	0x370017  	BRA	L_end_floor
L_floor4:
;__Lib_CMath.c,52 :: 		
0x0580	0xBE9F8A  	PUSH.D	W10
0x0582	0xBE000A  	MOV.D	W10, W0
0x0584	0x07FF07  	RCALL	__Float2Longint
0x0586	0xEB8100  	SETM	W2
0x0588	0x07FEAA  	RCALL	__Long2Float
0x058A	0xBE054F  	POP.D	W10
; i start address is: 8 (W4)
0x058C	0xBE0200  	MOV.D	W0, W4
;__Lib_CMath.c,54 :: 		
0x058E	0xBE9F84  	PUSH.D	W4
0x0590	0xBE010A  	MOV.D	W10, W2
0x0592	0x07FF41  	RCALL	__Compare_Ge_Fp
0x0594	0xE00000  	CP0	W0
0x0596	0xEF6000  	CLR.B	W0
0x0598	0x340001  	BRA LE	L__floor79
0x059A	0xEC6000  	INC.B	W0
L__floor79:
0x059C	0xBE024F  	POP.D	W4
0x059E	0xE24000  	CP0.B	W0
0x05A0	0x320005  	BRA Z	L_floor5
L__floor80:
;__Lib_CMath.c,55 :: 		
0x05A2	0x200002  	MOV	#0, W2
0x05A4	0x23F803  	MOV	#16256, W3
0x05A6	0xBE0004  	MOV.D	W4, W0
0x05A8	0x07FF31  	RCALL	__Sub_FP
; i end address is: 8 (W4)
0x05AA	0x370001  	BRA	L_end_floor
L_floor5:
;__Lib_CMath.c,56 :: 		
; i start address is: 8 (W4)
0x05AC	0xBE0004  	MOV.D	W4, W0
; i end address is: 8 (W4)
;__Lib_CMath.c,57 :: 		
L_end_floor:
0x05AE	0xFA8000  	ULNK
0x05B0	0x060000  	RETURN
; end of _floor
__Compare_Le_Fp:
0x0420	0xFA0000  	LNK	#0
;__Lib_MathDouble.c,1348 :: 		
;__Lib_MathDouble.c,1349 :: 		
0x0422	0x200014  	MOV	#1, W4
;__Lib_MathDouble.c,1350 :: 		
0x0424	0x07FE6D  	RCALL	__Compare_Fp
;__Lib_MathDouble.c,1351 :: 		
L_end__Compare_Le_Fp:
0x0426	0xFA8000  	ULNK
0x0428	0x060000  	RETURN
; end of __Compare_Le_Fp
__Compare_Fp:
0x0100	0xFA0000  	LNK	#0
;__Lib_MathDouble.c,1272 :: 		
;__Lib_MathDouble.c,1274 :: 		
0x0102	0x070002  	RCALL	CompareFp__fcompare
;__Lib_MathDouble.c,1275 :: 		
0x0104	0x00000004016E  	GOTO	the_end__Compare_Fp
;__Lib_MathDouble.c,1277 :: 		
CompareFp__fcompare:
;__Lib_MathDouble.c,1278 :: 		
0x0108	0x781F84  	MOV	W4, [W15++]
;__Lib_MathDouble.c,1279 :: 		
0x010A	0x070014  	RCALL	CompareFp__funpack2
;__Lib_MathDouble.c,1280 :: 		
0x010C	0x78004F  	MOV	[--W15], W0
;__Lib_MathDouble.c,1281 :: 		
0x010E	0x330011  	BRA N	CompareFp_exit
;__Lib_MathDouble.c,1282 :: 		
0x0110	0x2FFFF0  	MOV	#65535, W0
;__Lib_MathDouble.c,1283 :: 		
0x0112	0x6C8F83  	XOR	W9, W3, [W15]
;__Lib_MathDouble.c,1284 :: 		
0x0114	0x3B0006  	BRA NN	CompareFp_comparemag
;__Lib_MathDouble.c,1285 :: 		
0x0116	0x650504  	AND	W10, W4, W10
;__Lib_MathDouble.c,1286 :: 		
0x0118	0xA7000A  	BTSC	W10, #0
;__Lib_MathDouble.c,1287 :: 		
0x011A	0x370008  	BRA	CompareFp_returnEqual
;__Lib_MathDouble.c,1288 :: 		
0x011C	0xA6F009  	BTSS	W9, #15
;__Lib_MathDouble.c,1289 :: 		
0x011E	0x200010  	MOV	#1, W0
;__Lib_MathDouble.c,1290 :: 		
0x0120	0x370008  	BRA	CompareFp_exit
;__Lib_MathDouble.c,1291 :: 		
CompareFp_comparemag:
;__Lib_MathDouble.c,1292 :: 		
0x0122	0x540F82  	SUB	W8, W2, [W15]
;__Lib_MathDouble.c,1293 :: 		
0x0124	0x5C8F83  	SUBB	W9, W3, [W15]
;__Lib_MathDouble.c,1294 :: 		
0x0126	0x390003  	BRA LTU	CompareFp_adjust
;__Lib_MathDouble.c,1295 :: 		
0x0128	0x200010  	MOV	#1, W0
;__Lib_MathDouble.c,1296 :: 		
0x012A	0x3E0001  	BRA GTU	CompareFp_adjust
;__Lib_MathDouble.c,1297 :: 		
CompareFp_returnEqual:
;__Lib_MathDouble.c,1298 :: 		
0x012C	0x200000  	MOV	#0, W0
;__Lib_MathDouble.c,1299 :: 		
CompareFp_adjust:
;__Lib_MathDouble.c,1300 :: 		
0x012E	0xA7F009  	BTSC	W9, #15
;__Lib_MathDouble.c,1301 :: 		
0x0130	0xEA0000  	NEG	W0, W0
;__Lib_MathDouble.c,1302 :: 		
CompareFp_exit:
;__Lib_MathDouble.c,1303 :: 		
0x0132	0x060000  	RETURN
;__Lib_MathDouble.c,1304 :: 		
CompareFp__funpack2:
;__Lib_MathDouble.c,1305 :: 		
0x0134	0xBE8400  	MOV.D	W0, W8
;__Lib_MathDouble.c,1306 :: 		
0x0136	0x070006  	RCALL	CompareFp__funpack
;__Lib_MathDouble.c,1307 :: 		
0x0138	0xBE8300  	MOV.D	W0, W6
;__Lib_MathDouble.c,1308 :: 		
0x013A	0xBE8504  	MOV.D	W4, W10
;__Lib_MathDouble.c,1309 :: 		
0x013C	0xBE8002  	MOV.D	W2, W0
;__Lib_MathDouble.c,1310 :: 		
0x013E	0x070002  	RCALL	CompareFp__funpack
;__Lib_MathDouble.c,1311 :: 		
0x0140	0x754F84  	IOR.B	W10, W4, [W15]
;__Lib_MathDouble.c,1312 :: 		
0x0142	0x060000  	RETURN
;__Lib_MathDouble.c,1313 :: 		
CompareFp__funpack:
;__Lib_MathDouble.c,1314 :: 		
0x0144	0xDE0AC7  	LSR	W1, #7, W5
;__Lib_MathDouble.c,1315 :: 		
0x0146	0xB207F1  	AND	#127, W1
;__Lib_MathDouble.c,1316 :: 		
0x0148	0xB20FF5  	AND	#255, W5
;__Lib_MathDouble.c,1317 :: 		
0x014A	0x320008  	BRA Z	CompareFp_zeroorsub
;__Lib_MathDouble.c,1318 :: 		
0x014C	0x42CFE1  	ADD.B	W5, #1, [W15]
;__Lib_MathDouble.c,1319 :: 		
0x014E	0x320002  	BRA Z	CompareFp_nanorinf
;__Lib_MathDouble.c,1320 :: 		
CompareFp_finitereturn:
;__Lib_MathDouble.c,1321 :: 		
0x0150	0xA8E002  	BSET	W1, #7
;__Lib_MathDouble.c,1322 :: 		
0x0152	0x050024  	RETLW	#2, W4
;__Lib_MathDouble.c,1323 :: 		
CompareFp_nanorinf:
;__Lib_MathDouble.c,1324 :: 		
0x0154	0x700F81  	IOR	W0, W1, [W15]
;__Lib_MathDouble.c,1325 :: 		
0x0156	0x320001  	BRA Z	CompareFp_infinite
;__Lib_MathDouble.c,1326 :: 		
0x0158	0x050804  	RETLW	#128, W4
;__Lib_MathDouble.c,1327 :: 		
CompareFp_infinite:
;__Lib_MathDouble.c,1328 :: 		
0x015A	0x050044  	RETLW	#4, W4
;__Lib_MathDouble.c,1329 :: 		
CompareFp_zeroorsub:
;__Lib_MathDouble.c,1330 :: 		
0x015C	0x700F81  	IOR	W0, W1, [W15]
;__Lib_MathDouble.c,1331 :: 		
0x015E	0x3A0002  	BRA NZ	CompareFp_subnormal
;__Lib_MathDouble.c,1332 :: 		
0x0160	0x050014  	RETLW	#1, W4
;__Lib_MathDouble.c,1333 :: 		
CompareFp_normalize:
;__Lib_MathDouble.c,1334 :: 		
0x0162	0xE90285  	DEC	W5, W5
;__Lib_MathDouble.c,1335 :: 		
CompareFp_subnormal:
;__Lib_MathDouble.c,1336 :: 		
0x0164	0x400000  	ADD	W0, W0, W0
;__Lib_MathDouble.c,1337 :: 		
0x0166	0x48C081  	ADDC.B	W1, W1, W1
;__Lib_MathDouble.c,1338 :: 		
0x0168	0x3BFFFC  	BRA NN	CompareFp_normalize
;__Lib_MathDouble.c,1339 :: 		
0x016A	0xA8E002  	BSET	W1, #7
;__Lib_MathDouble.c,1340 :: 		
0x016C	0x050024  	RETLW	#2, W4
;__Lib_MathDouble.c,1343 :: 		
the_end__Compare_Fp:
;__Lib_MathDouble.c,1345 :: 		
L_end__Compare_Fp:
0x016E	0xFA8000  	ULNK
0x0170	0x060000  	RETURN
; end of __Compare_Fp
__Float2Longint:
0x0394	0xFA0000  	LNK	#0
;__Lib_MathDouble.c,479 :: 		
;__Lib_MathDouble.c,481 :: 		
0x0396	0x070002  	RCALL	Float2Longint__fixsfsi
;__Lib_MathDouble.c,482 :: 		
0x0398	0x000000040408  	GOTO	the_end__Float2Longint
;__Lib_MathDouble.c,486 :: 		
Float2Longint__fixsfsi:
;__Lib_MathDouble.c,487 :: 		
0x039C	0xBE8100  	MOV.D	W0, W2
;__Lib_MathDouble.c,488 :: 		
0x039E	0x07001F  	RCALL	Float2Longint__funpack
;__Lib_MathDouble.c,489 :: 		
0x03A0	0xA77004  	BTSC	W4, #7
;__Lib_MathDouble.c,490 :: 		
0x03A2	0xA1F003  	BCLR	W3, #15
;__Lib_MathDouble.c,491 :: 		
0x03A4	0xB10965  	SUB	#150, W5
;__Lib_MathDouble.c,492 :: 		
0x03A6	0x320016  	BRA Z	Float2Longint_setsign
;__Lib_MathDouble.c,493 :: 		
0x03A8	0x35000D  	BRA LT	Float2Longint_shiftright
;__Lib_MathDouble.c,494 :: 		
0x03AA	0xE12868  	CP	W5, #8
;__Lib_MathDouble.c,495 :: 		
0x03AC	0x350006  	BRA LT	Float2Longint_shiftleft
;__Lib_MathDouble.c,496 :: 		
0x03AE	0x2FFFF0  	MOV	#65535, W0
;__Lib_MathDouble.c,497 :: 		
0x03B0	0x27FFF1  	MOV	#32767, W1
;__Lib_MathDouble.c,498 :: 		
0x03B2	0xE20006  	CP0	W3
;__Lib_MathDouble.c,499 :: 		
0x03B4	0x3B0013  	BRA NN	Float2Longint_exit
;__Lib_MathDouble.c,500 :: 		
0x03B6	0x280001  	MOV	#32768, W1
;__Lib_MathDouble.c,501 :: 		
0x03B8	0x050000  	RETLW	#0, W0
;__Lib_MathDouble.c,502 :: 		
Float2Longint_shiftleft:
;__Lib_MathDouble.c,503 :: 		
0x03BA	0x400000  	ADD	W0, W0, W0
;__Lib_MathDouble.c,504 :: 		
0x03BC	0x488081  	ADDC	W1, W1, W1
;__Lib_MathDouble.c,505 :: 		
0x03BE	0xE90285  	DEC	W5, W5
;__Lib_MathDouble.c,506 :: 		
0x03C0	0x3AFFFC  	BRA NZ	Float2Longint_shiftleft
;__Lib_MathDouble.c,507 :: 		
0x03C2	0x370008  	BRA	Float2Longint_setsign
;__Lib_MathDouble.c,508 :: 		
Float2Longint_shiftright:
;__Lib_MathDouble.c,509 :: 		
0x03C4	0x428FF8  	ADD	W5, #24, [W15]
;__Lib_MathDouble.c,510 :: 		
0x03C6	0x3C0002  	BRA GT	Float2Longint_shiftrightloop
;__Lib_MathDouble.c,511 :: 		
0x03C8	0xEB0080  	CLR	W1
;__Lib_MathDouble.c,512 :: 		
0x03CA	0x050000  	RETLW	#0, W0
;__Lib_MathDouble.c,513 :: 		
Float2Longint_shiftrightloop:
;__Lib_MathDouble.c,514 :: 		
0x03CC	0xD10081  	LSR	W1, W1
;__Lib_MathDouble.c,515 :: 		
0x03CE	0xD38000  	RRC	W0, W0
;__Lib_MathDouble.c,516 :: 		
0x03D0	0xE80285  	INC	W5, W5
;__Lib_MathDouble.c,517 :: 		
0x03D2	0x3AFFFC  	BRA NZ	Float2Longint_shiftrightloop
;__Lib_MathDouble.c,518 :: 		
Float2Longint_setsign:
;__Lib_MathDouble.c,519 :: 		
0x03D4	0xE20006  	CP0	W3
;__Lib_MathDouble.c,520 :: 		
0x03D6	0x3B0002  	BRA NN	Float2Longint_exit
;__Lib_MathDouble.c,521 :: 		
0x03D8	0x100060  	SUBR	W0, #0, W0
;__Lib_MathDouble.c,522 :: 		
0x03DA	0x1880E0  	SUBBR	W1, #0, W1
;__Lib_MathDouble.c,523 :: 		
Float2Longint_exit:
;__Lib_MathDouble.c,524 :: 		
0x03DC	0x060000  	RETURN
;__Lib_MathDouble.c,525 :: 		
Float2Longint__funpack:
;__Lib_MathDouble.c,526 :: 		
0x03DE	0xDE0AC7  	LSR	W1, #7, W5
;__Lib_MathDouble.c,527 :: 		
0x03E0	0xB207F1  	AND	#127, W1
;__Lib_MathDouble.c,528 :: 		
0x03E2	0xB20FF5  	AND	#255, W5
;__Lib_MathDouble.c,529 :: 		
0x03E4	0x320008  	BRA Z	Float2Longint_zeroorsub
;__Lib_MathDouble.c,530 :: 		
0x03E6	0x42CFE1  	ADD.B	W5, #1, [W15]
;__Lib_MathDouble.c,531 :: 		
0x03E8	0x320002  	BRA Z	Float2Longint_nanorinf
;__Lib_MathDouble.c,532 :: 		
Float2Longint_finitereturn:
;__Lib_MathDouble.c,533 :: 		
0x03EA	0xA8E002  	BSET	W1, #7
;__Lib_MathDouble.c,534 :: 		
0x03EC	0x050024  	RETLW	#2, W4
;__Lib_MathDouble.c,535 :: 		
Float2Longint_nanorinf:
;__Lib_MathDouble.c,536 :: 		
0x03EE	0x700F81  	IOR	W0, W1, [W15]
;__Lib_MathDouble.c,537 :: 		
0x03F0	0x320001  	BRA Z	Float2Longint_infinite
;__Lib_MathDouble.c,538 :: 		
0x03F2	0x050804  	RETLW	#128, W4
;__Lib_MathDouble.c,539 :: 		
Float2Longint_infinite:
;__Lib_MathDouble.c,540 :: 		
0x03F4	0x050044  	RETLW	#4, W4
;__Lib_MathDouble.c,541 :: 		
Float2Longint_zeroorsub:
;__Lib_MathDouble.c,542 :: 		
0x03F6	0x700F81  	IOR	W0, W1, [W15]
;__Lib_MathDouble.c,543 :: 		
0x03F8	0x3A0002  	BRA NZ	Float2Longint_subnormal
;__Lib_MathDouble.c,544 :: 		
0x03FA	0x050014  	RETLW	#1, W4
;__Lib_MathDouble.c,545 :: 		
Float2Longint_normalize:
;__Lib_MathDouble.c,546 :: 		
0x03FC	0xE90285  	DEC	W5, W5
;__Lib_MathDouble.c,547 :: 		
Float2Longint_subnormal:
;__Lib_MathDouble.c,548 :: 		
0x03FE	0x400000  	ADD	W0, W0, W0
;__Lib_MathDouble.c,549 :: 		
0x0400	0x48C081  	ADDC.B	W1, W1, W1
;__Lib_MathDouble.c,550 :: 		
0x0402	0x3BFFFC  	BRA NN	Float2Longint_normalize
;__Lib_MathDouble.c,551 :: 		
0x0404	0xA8E002  	BSET	W1, #7
;__Lib_MathDouble.c,552 :: 		
0x0406	0x050024  	RETLW	#2, W4
;__Lib_MathDouble.c,555 :: 		
the_end__Float2Longint:
;__Lib_MathDouble.c,557 :: 		
L_end__Float2Longint:
0x0408	0xFA8000  	ULNK
0x040A	0x060000  	RETURN
; end of __Float2Longint
__Long2Float:
0x02DE	0xFA0000  	LNK	#0
;__Lib_MathDouble.c,104 :: 		
;__Lib_MathDouble.c,106 :: 		
0x02E0	0x070002  	RCALL	LL_intro_Long2Float
;__Lib_MathDouble.c,107 :: 		
0x02E2	0x000000040390  	GOTO	the_end__Long2Float
;__Lib_MathDouble.c,109 :: 		
LL_intro_Long2Float:
;__Lib_MathDouble.c,110 :: 		
0x02E6	0xE20004  	CP0	W2
;__Lib_MathDouble.c,111 :: 		
0x02E8	0x3A0006  	BRA NZ	Longint2Float__floatsisf
;__Lib_MathDouble.c,113 :: 		
Longword2Float__floatuisf:
;__Lib_MathDouble.c,114 :: 		
0x02EA	0xEB0500  	CLR	W10
;__Lib_MathDouble.c,115 :: 		
0x02EC	0xE20002  	CP0	W1
;__Lib_MathDouble.c,116 :: 		
0x02EE	0x3E000F  	BRA GTU	Long2Float_notspecial
;__Lib_MathDouble.c,117 :: 		
0x02F0	0xE20000  	CP0	W0
;__Lib_MathDouble.c,118 :: 		
0x02F2	0x320027  	BRA Z	Long2Float_return0
;__Lib_MathDouble.c,119 :: 		
0x02F4	0x37000C  	BRA	Long2Float_notspecial
;__Lib_MathDouble.c,121 :: 		
Longint2Float__floatsisf:
;__Lib_MathDouble.c,122 :: 		
0x02F6	0x8800A1  	MOV	W1, W10
;__Lib_MathDouble.c,123 :: 		
0x02F8	0xE20002  	CP0	W1
;__Lib_MathDouble.c,124 :: 		
0x02FA	0x350004  	BRA LT	Longint2Float_negative
;__Lib_MathDouble.c,125 :: 		
0x02FC	0x3C0008  	BRA GT	Long2Float_notspecial
;__Lib_MathDouble.c,126 :: 		
0x02FE	0xE20000  	CP0	W0
;__Lib_MathDouble.c,127 :: 		
0x0300	0x320020  	BRA Z	Long2Float_return0
;__Lib_MathDouble.c,128 :: 		
0x0302	0x370005  	BRA	Long2Float_notspecial
;__Lib_MathDouble.c,129 :: 		
Longint2Float_negative:
;__Lib_MathDouble.c,130 :: 		
0x0304	0x100060  	SUBR	W0, #0, W0
;__Lib_MathDouble.c,131 :: 		
0x0306	0x1880E0  	SUBBR	W1, #0, W1
;__Lib_MathDouble.c,132 :: 		
0x0308	0x3B0002  	BRA NN	Long2Float_notspecial
;__Lib_MathDouble.c,133 :: 		
0x030A	0x2CF001  	MOV	#52992, W1
;__Lib_MathDouble.c,134 :: 		
0x030C	0x37001A  	BRA	Long2Float_return0
;__Lib_MathDouble.c,136 :: 		
Long2Float_notspecial:
;__Lib_MathDouble.c,137 :: 		
0x030E	0xBE8400  	MOV.D	W0, W8
;__Lib_MathDouble.c,138 :: 		
0x0310	0xB81160  	MUL.UU	W2, #0, W2
;__Lib_MathDouble.c,139 :: 		
0x0312	0x20096B  	MOV	#150, W11
;__Lib_MathDouble.c,140 :: 		
0x0314	0xCF8209  	FF1L	W9, W4
;__Lib_MathDouble.c,141 :: 		
0x0316	0x390002  	BRA NC	Long2Float_fixshift
;__Lib_MathDouble.c,142 :: 		
0x0318	0xCF8208  	FF1L	W8, W4
;__Lib_MathDouble.c,143 :: 		
0x031A	0xB04104  	ADD.B	#16, W4
;__Lib_MathDouble.c,144 :: 		
Long2Float_fixshift:
;__Lib_MathDouble.c,145 :: 		
0x031C	0x524269  	SUB.B	W4, #9, W4
;__Lib_MathDouble.c,146 :: 		
0x031E	0x32000E  	BRA Z	Long2Float_round
;__Lib_MathDouble.c,147 :: 		
0x0320	0x3B0008  	BRA NN	Long2Float_shiftleft
;__Lib_MathDouble.c,148 :: 		
Long2Float_shiftright:
;__Lib_MathDouble.c,149 :: 		
0x0322	0x718182  	IOR	W3, W2, W3
;__Lib_MathDouble.c,150 :: 		
0x0324	0x640161  	AND	W8, #1, W2
;__Lib_MathDouble.c,151 :: 		
0x0326	0xD10489  	LSR	W9, W9
;__Lib_MathDouble.c,152 :: 		
0x0328	0xD38408  	RRC	W8, W8
;__Lib_MathDouble.c,153 :: 		
0x032A	0xE8058B  	INC	W11, W11
;__Lib_MathDouble.c,154 :: 		
0x032C	0xE84204  	INC.B	W4, W4
;__Lib_MathDouble.c,155 :: 		
0x032E	0x3AFFF9  	BRA NZ	Long2Float_shiftright
;__Lib_MathDouble.c,156 :: 		
0x0330	0x370005  	BRA	Long2Float_round
;__Lib_MathDouble.c,157 :: 		
Long2Float_shiftleft:
;__Lib_MathDouble.c,158 :: 		
0x0332	0x440408  	ADD	W8, W8, W8
;__Lib_MathDouble.c,159 :: 		
0x0334	0x4C8489  	ADDC	W9, W9, W9
;__Lib_MathDouble.c,160 :: 		
0x0336	0xE9058B  	DEC	W11, W11
;__Lib_MathDouble.c,161 :: 		
0x0338	0xE94204  	DEC.B	W4, W4
;__Lib_MathDouble.c,162 :: 		
0x033A	0x3AFFFB  	BRA NZ	Long2Float_shiftleft
;__Lib_MathDouble.c,163 :: 		
Long2Float_round:
;__Lib_MathDouble.c,164 :: 		
0x033C	0x070003  	RCALL	Long2Float__fpack
;__Lib_MathDouble.c,165 :: 		
0x033E	0xA7F00A  	BTSC	W10, #15
;__Lib_MathDouble.c,166 :: 		
0x0340	0xA8E003  	BSET	W1, #15
;__Lib_MathDouble.c,167 :: 		
Long2Float_return0:
;__Lib_MathDouble.c,168 :: 		
0x0342	0x060000  	RETURN
;__Lib_MathDouble.c,169 :: 		
Long2Float__fpack:
;__Lib_MathDouble.c,170 :: 		
0x0344	0x200081  	MOV	#8, W1
;__Lib_MathDouble.c,171 :: 		
0x0346	0x558061  	SUB	W11, #1, W0
;__Lib_MathDouble.c,172 :: 		
0x0348	0x3D000B  	BRA GE	Long2Float_notsubnormal
;__Lib_MathDouble.c,173 :: 		
0x034A	0x20000B  	MOV	#0, W11
;__Lib_MathDouble.c,174 :: 		
0x034C	0x2FFE61  	MOV	#65510, W1
;__Lib_MathDouble.c,175 :: 		
0x034E	0xE10001  	CP	W0, W1
;__Lib_MathDouble.c,176 :: 		
0x0350	0x34001D  	BRA LE	Long2Float_zerosig
;__Lib_MathDouble.c,177 :: 		
Long2Float_subnormal:
;__Lib_MathDouble.c,178 :: 		
0x0352	0x718182  	IOR	W3, W2, W3
;__Lib_MathDouble.c,179 :: 		
0x0354	0x640161  	AND	W8, #1, W2
;__Lib_MathDouble.c,180 :: 		
0x0356	0xD10489  	LSR	W9, W9
;__Lib_MathDouble.c,181 :: 		
0x0358	0xD38408  	RRC	W8, W8
;__Lib_MathDouble.c,182 :: 		
0x035A	0xE80000  	INC	W0, W0
;__Lib_MathDouble.c,183 :: 		
0x035C	0x3AFFFA  	BRA NZ	Long2Float_subnormal
;__Lib_MathDouble.c,184 :: 		
0x035E	0x200071  	MOV	#7, W1
;__Lib_MathDouble.c,185 :: 		
Long2Float_notsubnormal:
;__Lib_MathDouble.c,186 :: 		
0x0360	0x640061  	AND	W8, #1, W0
;__Lib_MathDouble.c,187 :: 		
0x0362	0x700003  	IOR	W0, W3, W0
;__Lib_MathDouble.c,188 :: 		
0x0364	0x600002  	AND	W0, W2, W0
;__Lib_MathDouble.c,189 :: 		
0x0366	0x320009  	BRA Z	Long2Float_packupandgo
;__Lib_MathDouble.c,190 :: 		
0x0368	0x440461  	ADD	W8, #1, W8
;__Lib_MathDouble.c,191 :: 		
0x036A	0x4C84E0  	ADDC	W9, #0, W9
;__Lib_MathDouble.c,192 :: 		
0x036C	0xA58809  	BTST.Z	W9, W1
;__Lib_MathDouble.c,193 :: 		
0x036E	0x320005  	BRA Z	Long2Float_packupandgo
;__Lib_MathDouble.c,194 :: 		
0x0370	0xE8058B  	INC	W11, W11
;__Lib_MathDouble.c,195 :: 		
0x0372	0xE10868  	CP	W1, #8
;__Lib_MathDouble.c,196 :: 		
0x0374	0x3A0002  	BRA NZ	Long2Float_packupandgo
;__Lib_MathDouble.c,197 :: 		
0x0376	0xD10489  	LSR	W9, W9
;__Lib_MathDouble.c,198 :: 		
0x0378	0xD38408  	RRC	W8, W8
;__Lib_MathDouble.c,199 :: 		
Long2Float_packupandgo:
;__Lib_MathDouble.c,200 :: 		
0x037A	0x200FF2  	MOV	#255, W2
;__Lib_MathDouble.c,201 :: 		
0x037C	0xE15802  	CP	W11, W2
;__Lib_MathDouble.c,202 :: 		
0x037E	0x3D0005  	BRA GE	Long2Float_overflow
;__Lib_MathDouble.c,203 :: 		
0x0380	0xDD5DC7  	SL	W11, #7, W11
;__Lib_MathDouble.c,204 :: 		
0x0382	0xB207F9  	AND	#127, W9
;__Lib_MathDouble.c,205 :: 		
0x0384	0x758089  	IOR	W11, W9, W1
;__Lib_MathDouble.c,206 :: 		
0x0386	0x880008  	MOV	W8, W0
;__Lib_MathDouble.c,207 :: 		
0x0388	0x060000  	RETURN
;__Lib_MathDouble.c,208 :: 		
Long2Float_overflow:
;__Lib_MathDouble.c,209 :: 		
0x038A	0x27F80B  	MOV	#32640, W11
;__Lib_MathDouble.c,210 :: 		
Long2Float_zerosig:
;__Lib_MathDouble.c,211 :: 		
0x038C	0x88001B  	MOV	W11, W1
;__Lib_MathDouble.c,212 :: 		
0x038E	0x050000  	RETLW	#0, W0
;__Lib_MathDouble.c,215 :: 		
the_end__Long2Float:
;__Lib_MathDouble.c,218 :: 		
L_end__Long2Float:
0x0390	0xFA8000  	ULNK
0x0392	0x060000  	RETURN
; end of __Long2Float
__Compare_Ge_Fp:
0x0416	0xFA0000  	LNK	#0
;__Lib_MathDouble.c,1354 :: 		
;__Lib_MathDouble.c,1355 :: 		
0x0418	0x2FFFF4  	MOV	#65535, W4
;__Lib_MathDouble.c,1356 :: 		
0x041A	0x07FE72  	RCALL	__Compare_Fp
;__Lib_MathDouble.c,1357 :: 		
L_end__Compare_Ge_Fp:
0x041C	0xFA8000  	ULNK
0x041E	0x060000  	RETURN
; end of __Compare_Ge_Fp
__Sub_FP:
0x040C	0xFA0000  	LNK	#0
;__Lib_MathDouble.c,830 :: 		
;__Lib_MathDouble.c,831 :: 		
0x040E	0xAAE007  	BTG	W3, #15
;__Lib_MathDouble.c,832 :: 		
0x0410	0x07FEB0  	RCALL	__AddSub_FP
;__Lib_MathDouble.c,833 :: 		
L_end__Sub_FP:
0x0412	0xFA8000  	ULNK
0x0414	0x060000  	RETURN
; end of __Sub_FP
__AddSub_FP:
0x0172	0xFA0000  	LNK	#0
;__Lib_MathDouble.c,582 :: 		
;__Lib_MathDouble.c,584 :: 		
0x0174	0x070002  	RCALL	AddSubFP__addsf3
;__Lib_MathDouble.c,585 :: 		
0x0176	0x0000000402DA  	GOTO	the_end__AddSub_FP
;__Lib_MathDouble.c,588 :: 		
AddSubFP__addsf3:
;__Lib_MathDouble.c,589 :: 		
0x017A	0xBE9F88  	MOV.D	W8, [W15++]
;__Lib_MathDouble.c,590 :: 		
0x017C	0xBE9F8A  	MOV.D	W10, [W15++]
;__Lib_MathDouble.c,591 :: 		
0x017E	0x781F8C  	MOV	W12, [W15++]
;__Lib_MathDouble.c,592 :: 		
0x0180	0x070059  	RCALL	AddSubFP__funpack2
;__Lib_MathDouble.c,593 :: 		
0x0182	0x330060  	BRA N	AddSubFP__fPropagateNaN
;__Lib_MathDouble.c,594 :: 		
0x0184	0xE15064  	CP	W10, #4
;__Lib_MathDouble.c,595 :: 		
0x0186	0x32004F  	BRA Z	AddSubFP_aisinfinite
;__Lib_MathDouble.c,596 :: 		
AddSubFP_checkspecialb:
;__Lib_MathDouble.c,597 :: 		
0x0188	0xE12064  	CP	W4, #4
;__Lib_MathDouble.c,598 :: 		
0x018A	0x320052  	BRA Z	AddSubFP_return2_3
;__Lib_MathDouble.c,599 :: 		
0x018C	0x6C8203  	XOR	W9, W3, W4
;__Lib_MathDouble.c,600 :: 		
0x018E	0x3B0007  	BRA NN	AddSubFP_getsign
;__Lib_MathDouble.c,601 :: 		
0x0190	0xD00509  	SL	W9, W10
;__Lib_MathDouble.c,602 :: 		
0x0192	0xD00603  	SL	W3, W12
;__Lib_MathDouble.c,603 :: 		
0x0194	0x540F82  	SUB	W8, W2, [W15]
;__Lib_MathDouble.c,604 :: 		
0x0196	0x5D060C  	SUBB	W10, W12, W12
;__Lib_MathDouble.c,605 :: 		
0x0198	0x390002  	BRA NC	AddSubFP_getsign
;__Lib_MathDouble.c,606 :: 		
0x019A	0x320002  	BRA Z	AddSubFP_gotsign
;__Lib_MathDouble.c,607 :: 		
0x019C	0x880039  	MOV	W9, W3
;__Lib_MathDouble.c,608 :: 		
AddSubFP_getsign:
;__Lib_MathDouble.c,609 :: 		
0x019E	0x8800C3  	MOV	W3, W12
;__Lib_MathDouble.c,610 :: 		
AddSubFP_gotsign:
;__Lib_MathDouble.c,611 :: 		
0x01A0	0x558285  	SUB	W11, W5, W5
;__Lib_MathDouble.c,612 :: 		
0x01A2	0x3D0004  	BRA GE	AddSubFP_expcanonical
;__Lib_MathDouble.c,613 :: 		
0x01A4	0xFD0300  	EXCH	W0, W6
;__Lib_MathDouble.c,614 :: 		
0x01A6	0xFD0381  	EXCH	W1, W7
;__Lib_MathDouble.c,615 :: 		
0x01A8	0xEA0285  	NEG	W5, W5
;__Lib_MathDouble.c,616 :: 		
0x01AA	0x42858B  	ADD	W5, W11, W11
;__Lib_MathDouble.c,617 :: 		
AddSubFP_expcanonical:
;__Lib_MathDouble.c,618 :: 		
0x01AC	0x720F84  	IOR	W4, W4, [W15]
;__Lib_MathDouble.c,619 :: 		
0x01AE	0x3B0002  	BRA NN	AddSubFP_nonegate
;__Lib_MathDouble.c,620 :: 		
0x01B0	0x100060  	SUBR	W0, #0, W0
;__Lib_MathDouble.c,621 :: 		
0x01B2	0x1880E0  	SUBBR	W1, #0, W1
;__Lib_MathDouble.c,622 :: 		
AddSubFP_nonegate:
;__Lib_MathDouble.c,623 :: 		
0x01B4	0xB81160  	MUL.UU	W2, #0, W2
;__Lib_MathDouble.c,624 :: 		
0x01B6	0xEB0500  	CLR	W10
;__Lib_MathDouble.c,625 :: 		
0x01B8	0xE1287A  	CP	W5, #26
;__Lib_MathDouble.c,626 :: 		
0x01BA	0x39000A  	BRA NC	AddSubFP_aligniter
;__Lib_MathDouble.c,627 :: 		
0x01BC	0x880006  	MOV	W6, W0
;__Lib_MathDouble.c,628 :: 		
0x01BE	0xDD5DC7  	SL	W11, #7, W11
;__Lib_MathDouble.c,629 :: 		
0x01C0	0xB207F7  	AND	#127, W7
;__Lib_MathDouble.c,630 :: 		
0x01C2	0x758087  	IOR	W11, W7, W1
;__Lib_MathDouble.c,631 :: 		
0x01C4	0x37002D  	BRA	AddSubFP_signoff
;__Lib_MathDouble.c,632 :: 		
AddSubFP_align:
;__Lib_MathDouble.c,633 :: 		
0x01C6	0x718182  	IOR	W3, W2, W3
;__Lib_MathDouble.c,634 :: 		
0x01C8	0x88002A  	MOV	W10, W2
;__Lib_MathDouble.c,635 :: 		
0x01CA	0x600561  	AND	W0, #1, W10
;__Lib_MathDouble.c,636 :: 		
0x01CC	0xD18081  	ASR	W1, W1
;__Lib_MathDouble.c,637 :: 		
0x01CE	0xD38000  	RRC	W0, W0
;__Lib_MathDouble.c,638 :: 		
AddSubFP_aligniter:
;__Lib_MathDouble.c,639 :: 		
0x01D0	0xE90285  	DEC	W5, W5
;__Lib_MathDouble.c,640 :: 		
0x01D2	0x3BFFF9  	BRA NN	AddSubFP_align
;__Lib_MathDouble.c,641 :: 		
AddSubFP_aligned:
;__Lib_MathDouble.c,642 :: 		
0x01D4	0x400406  	ADD	W0, W6, W8
;__Lib_MathDouble.c,643 :: 		
0x01D6	0x488487  	ADDC	W1, W7, W9
;__Lib_MathDouble.c,644 :: 		
0x01D8	0x3B0002  	BRA NN	AddSubFP_normalizesum
;__Lib_MathDouble.c,645 :: 		
0x01DA	0x140460  	SUBR	W8, #0, W8
;__Lib_MathDouble.c,646 :: 		
0x01DC	0x1C84E0  	SUBBR	W9, #0, W9
;__Lib_MathDouble.c,647 :: 		
AddSubFP_normalizesum:
;__Lib_MathDouble.c,648 :: 		
0x01DE	0xA38809  	BTST.Z	W9, #8
;__Lib_MathDouble.c,649 :: 		
0x01E0	0x320007  	BRA Z	AddSubFP_checknormal
;__Lib_MathDouble.c,650 :: 		
0x01E2	0x71818A  	IOR	W3, W10, W3
;__Lib_MathDouble.c,651 :: 		
0x01E4	0x718182  	IOR	W3, W2, W3
;__Lib_MathDouble.c,652 :: 		
0x01E6	0x640161  	AND	W8, #1, W2
;__Lib_MathDouble.c,653 :: 		
0x01E8	0xD10489  	LSR	W9, W9
;__Lib_MathDouble.c,654 :: 		
0x01EA	0xD38408  	RRC	W8, W8
;__Lib_MathDouble.c,655 :: 		
0x01EC	0xE8058B  	INC	W11, W11
;__Lib_MathDouble.c,656 :: 		
0x01EE	0x370017  	BRA	AddSubFP_round
;__Lib_MathDouble.c,657 :: 		
AddSubFP_checknormal:
;__Lib_MathDouble.c,658 :: 		
0x01F0	0xA37809  	BTST.Z	W9, #7
;__Lib_MathDouble.c,659 :: 		
0x01F2	0x3A0013  	BRA NZ	AddSubFP_discardguard
;__Lib_MathDouble.c,660 :: 		
AddSubFP_underflow:
;__Lib_MathDouble.c,661 :: 		
0x01F4	0xE20016  	CP0	W11
;__Lib_MathDouble.c,662 :: 		
0x01F6	0x340013  	BRA LE	AddSubFP_round
;__Lib_MathDouble.c,663 :: 		
0x01F8	0xE9058B  	DEC	W11, W11
;__Lib_MathDouble.c,664 :: 		
0x01FA	0x440408  	ADD	W8, W8, W8
;__Lib_MathDouble.c,665 :: 		
0x01FC	0x4C8489  	ADDC	W9, W9, W9
;__Lib_MathDouble.c,666 :: 		
0x01FE	0x74440A  	IOR.B	W8, W10, W8
;__Lib_MathDouble.c,667 :: 		
0x0200	0xA37809  	BTST.Z	W9, #7
;__Lib_MathDouble.c,668 :: 		
0x0202	0x3A000D  	BRA NZ	AddSubFP_round
;__Lib_MathDouble.c,669 :: 		
AddSubFP_normalizeloop:
;__Lib_MathDouble.c,670 :: 		
0x0204	0xE20016  	CP0	W11
;__Lib_MathDouble.c,671 :: 		
0x0206	0x340007  	BRA LE	AddSubFP_normalizeexit
;__Lib_MathDouble.c,672 :: 		
0x0208	0xE9058B  	DEC	W11, W11
;__Lib_MathDouble.c,673 :: 		
0x020A	0x440408  	ADD	W8, W8, W8
;__Lib_MathDouble.c,674 :: 		
0x020C	0x4C8489  	ADDC	W9, W9, W9
;__Lib_MathDouble.c,675 :: 		
0x020E	0x3A0001  	BRA NZ	AddSubFP_normalizetest
;__Lib_MathDouble.c,676 :: 		
0x0210	0x20000B  	MOV	#0, W11
;__Lib_MathDouble.c,677 :: 		
AddSubFP_normalizetest:
;__Lib_MathDouble.c,678 :: 		
0x0212	0xA37809  	BTST.Z	W9, #7
;__Lib_MathDouble.c,679 :: 		
0x0214	0x32FFF7  	BRA Z	AddSubFP_normalizeloop
;__Lib_MathDouble.c,680 :: 		
AddSubFP_normalizeexit:
;__Lib_MathDouble.c,681 :: 		
0x0216	0xEB0100  	CLR	W2
;__Lib_MathDouble.c,682 :: 		
0x0218	0x370002  	BRA	AddSubFP_round
;__Lib_MathDouble.c,683 :: 		
AddSubFP_discardguard:
;__Lib_MathDouble.c,684 :: 		
0x021A	0x718182  	IOR	W3, W2, W3
;__Lib_MathDouble.c,685 :: 		
0x021C	0x88002A  	MOV	W10, W2
;__Lib_MathDouble.c,686 :: 		
AddSubFP_round:
;__Lib_MathDouble.c,687 :: 		
0x021E	0x070022  	RCALL	AddSubFP__fpack
;__Lib_MathDouble.c,688 :: 		
AddSubFP_signoff:
;__Lib_MathDouble.c,689 :: 		
0x0220	0xA7F00C  	BTSC	W12, #15
;__Lib_MathDouble.c,690 :: 		
0x0222	0xA8E003  	BSET	W1, #15
;__Lib_MathDouble.c,691 :: 		
0x0224	0x370018  	BRA	AddSubFP__fbopExit
;__Lib_MathDouble.c,692 :: 		
AddSubFP_aisinfinite:
;__Lib_MathDouble.c,693 :: 		
0x0226	0xE12064  	CP	W4, #4
;__Lib_MathDouble.c,694 :: 		
0x0228	0x3A0002  	BRA NZ	AddSubFP_return8_3
;__Lib_MathDouble.c,695 :: 		
0x022A	0x6C8F83  	XOR	W9, W3, [W15]
;__Lib_MathDouble.c,696 :: 		
0x022C	0x330018  	BRA N	AddSubFP__fbopReturnNaN
;__Lib_MathDouble.c,697 :: 		
AddSubFP_return8_3:
;__Lib_MathDouble.c,698 :: 		
0x022E	0xBE8108  	MOV.D	W8, W2
;__Lib_MathDouble.c,699 :: 		
AddSubFP_return2_3:
;__Lib_MathDouble.c,700 :: 		
0x0230	0xBE8002  	MOV.D	W2, W0
;__Lib_MathDouble.c,701 :: 		
0x0232	0x370011  	BRA	AddSubFP__fbopExit
;__Lib_MathDouble.c,702 :: 		
AddSubFP__funpack2:
;__Lib_MathDouble.c,703 :: 		
0x0234	0xBE8400  	MOV.D	W0, W8
;__Lib_MathDouble.c,704 :: 		
0x0236	0x07003C  	RCALL	AddSubFP__funpack
;__Lib_MathDouble.c,705 :: 		
0x0238	0xBE8300  	MOV.D	W0, W6
;__Lib_MathDouble.c,706 :: 		
0x023A	0xBE8504  	MOV.D	W4, W10
;__Lib_MathDouble.c,707 :: 		
0x023C	0xBE8002  	MOV.D	W2, W0
;__Lib_MathDouble.c,708 :: 		
0x023E	0x070038  	RCALL	AddSubFP__funpack
;__Lib_MathDouble.c,709 :: 		
0x0240	0x754F84  	IOR.B	W10, W4, [W15]
;__Lib_MathDouble.c,710 :: 		
0x0242	0x060000  	RETURN
;__Lib_MathDouble.c,711 :: 		
AddSubFP__fPropagateNaN:
;__Lib_MathDouble.c,712 :: 		
0x0244	0xBE8002  	MOV.D	W2, W0
;__Lib_MathDouble.c,713 :: 		
0x0246	0xE15064  	CP	W10, #4
;__Lib_MathDouble.c,714 :: 		
0x0248	0x360005  	BRA LEU	AddSubFP_return0_1
;__Lib_MathDouble.c,715 :: 		
0x024A	0xE12064  	CP	W4, #4
;__Lib_MathDouble.c,716 :: 		
0x024C	0x360002  	BRA LEU	AddSubFP_return8_1
;__Lib_MathDouble.c,717 :: 		
0x024E	0xA36809  	BTST.Z	W9, #6
;__Lib_MathDouble.c,718 :: 		
0x0250	0x3A0001  	BRA NZ	AddSubFP_return0_1
;__Lib_MathDouble.c,719 :: 		
AddSubFP_return8_1:
;__Lib_MathDouble.c,720 :: 		
0x0252	0xBE8008  	MOV.D	W8, W0
;__Lib_MathDouble.c,721 :: 		
AddSubFP_return0_1:
;__Lib_MathDouble.c,722 :: 		
0x0254	0xA8C002  	BSET	W1, #6
;__Lib_MathDouble.c,723 :: 		
AddSubFP__fbopExit:
;__Lib_MathDouble.c,724 :: 		
0x0256	0x78064F  	MOV	[--W15], W12
;__Lib_MathDouble.c,725 :: 		
0x0258	0xBE054F  	MOV.D	[--W15], W10
;__Lib_MathDouble.c,726 :: 		
0x025A	0xBE044F  	MOV.D	[--W15], W8
;__Lib_MathDouble.c,727 :: 		
0x025C	0x060000  	RETURN
;__Lib_MathDouble.c,728 :: 		
AddSubFP__fbopReturnNaN:
;__Lib_MathDouble.c,729 :: 		
0x025E	0x2FFFF0  	MOV	#65535, W0
;__Lib_MathDouble.c,730 :: 		
0x0260	0x27FFF1  	MOV	#32767, W1
;__Lib_MathDouble.c,731 :: 		
0x0262	0x37FFF9  	BRA	AddSubFP__fbopExit
;__Lib_MathDouble.c,732 :: 		
AddSubFP__fpack:
;__Lib_MathDouble.c,733 :: 		
0x0264	0x200081  	MOV	#8, W1
;__Lib_MathDouble.c,734 :: 		
0x0266	0x558061  	SUB	W11, #1, W0
;__Lib_MathDouble.c,735 :: 		
0x0268	0x3D000B  	BRA GE	AddSubFP_notsubnormal_1
;__Lib_MathDouble.c,736 :: 		
0x026A	0x20000B  	MOV	#0, W11
;__Lib_MathDouble.c,737 :: 		
0x026C	0x2FFE61  	MOV	#65510, W1
;__Lib_MathDouble.c,738 :: 		
0x026E	0xE10001  	CP	W0, W1
;__Lib_MathDouble.c,739 :: 		
0x0270	0x34001D  	BRA LE	AddSubFP_zerosig
;__Lib_MathDouble.c,740 :: 		
AddSubFP_subnormal_1:
;__Lib_MathDouble.c,741 :: 		
0x0272	0x718182  	IOR	W3, W2, W3
;__Lib_MathDouble.c,742 :: 		
0x0274	0x640161  	AND	W8, #1, W2
;__Lib_MathDouble.c,743 :: 		
0x0276	0xD10489  	LSR	W9, W9
;__Lib_MathDouble.c,744 :: 		
0x0278	0xD38408  	RRC	W8, W8
;__Lib_MathDouble.c,745 :: 		
0x027A	0xE80000  	INC	W0, W0
;__Lib_MathDouble.c,746 :: 		
0x027C	0x3AFFFA  	BRA NZ	AddSubFP_subnormal_1
;__Lib_MathDouble.c,747 :: 		
0x027E	0x200071  	MOV	#7, W1
;__Lib_MathDouble.c,748 :: 		
AddSubFP_notsubnormal_1:
;__Lib_MathDouble.c,749 :: 		
0x0280	0x640061  	AND	W8, #1, W0
;__Lib_MathDouble.c,750 :: 		
0x0282	0x700003  	IOR	W0, W3, W0
;__Lib_MathDouble.c,751 :: 		
0x0284	0x600002  	AND	W0, W2, W0
;__Lib_MathDouble.c,752 :: 		
0x0286	0x320009  	BRA Z	AddSubFP_packupandgo
;__Lib_MathDouble.c,753 :: 		
0x0288	0x440461  	ADD	W8, #1, W8
;__Lib_MathDouble.c,754 :: 		
0x028A	0x4C84E0  	ADDC	W9, #0, W9
;__Lib_MathDouble.c,755 :: 		
0x028C	0xA58809  	BTST.Z	W9, W1
;__Lib_MathDouble.c,756 :: 		
0x028E	0x320005  	BRA Z	AddSubFP_packupandgo
;__Lib_MathDouble.c,757 :: 		
0x0290	0xE8058B  	INC	W11, W11
;__Lib_MathDouble.c,758 :: 		
0x0292	0xE10868  	CP	W1, #8
;__Lib_MathDouble.c,759 :: 		
0x0294	0x3A0002  	BRA NZ	AddSubFP_packupandgo
;__Lib_MathDouble.c,760 :: 		
0x0296	0xD10489  	LSR	W9, W9
;__Lib_MathDouble.c,761 :: 		
0x0298	0xD38408  	RRC	W8, W8
;__Lib_MathDouble.c,762 :: 		
AddSubFP_packupandgo:
;__Lib_MathDouble.c,763 :: 		
0x029A	0x200FF2  	MOV	#255, W2
;__Lib_MathDouble.c,764 :: 		
0x029C	0xE15802  	CP	W11, W2
;__Lib_MathDouble.c,765 :: 		
0x029E	0x3D0005  	BRA GE	AddSubFP_overflow
;__Lib_MathDouble.c,766 :: 		
0x02A0	0xDD5DC7  	SL	W11, #7, W11
;__Lib_MathDouble.c,767 :: 		
0x02A2	0xB207F9  	AND	#127, W9
;__Lib_MathDouble.c,768 :: 		
0x02A4	0x758089  	IOR	W11, W9, W1
;__Lib_MathDouble.c,769 :: 		
0x02A6	0x880008  	MOV	W8, W0
;__Lib_MathDouble.c,770 :: 		
0x02A8	0x060000  	RETURN
;__Lib_MathDouble.c,771 :: 		
AddSubFP_overflow:
;__Lib_MathDouble.c,772 :: 		
0x02AA	0x27F80B  	MOV	#32640, W11
;__Lib_MathDouble.c,773 :: 		
AddSubFP_zerosig:
;__Lib_MathDouble.c,774 :: 		
0x02AC	0x88001B  	MOV	W11, W1
;__Lib_MathDouble.c,775 :: 		
0x02AE	0x050000  	RETLW	#0, W0
;__Lib_MathDouble.c,776 :: 		
AddSubFP__funpack:
;__Lib_MathDouble.c,777 :: 		
0x02B0	0xDE0AC7  	LSR	W1, #7, W5
;__Lib_MathDouble.c,778 :: 		
0x02B2	0xB207F1  	AND	#127, W1
;__Lib_MathDouble.c,779 :: 		
0x02B4	0xB20FF5  	AND	#255, W5
;__Lib_MathDouble.c,780 :: 		
0x02B6	0x320008  	BRA Z	AddSubFP_zeroorsub
;__Lib_MathDouble.c,781 :: 		
0x02B8	0x42CFE1  	ADD.B	W5, #1, [W15]
;__Lib_MathDouble.c,782 :: 		
0x02BA	0x320002  	BRA Z	AddSubFP_nanorinf
;__Lib_MathDouble.c,783 :: 		
AddSubFP_finitereturn:
;__Lib_MathDouble.c,784 :: 		
0x02BC	0xA8E002  	BSET	W1, #7
;__Lib_MathDouble.c,785 :: 		
0x02BE	0x050024  	RETLW	#2, W4
;__Lib_MathDouble.c,786 :: 		
AddSubFP_nanorinf:
;__Lib_MathDouble.c,787 :: 		
0x02C0	0x700F81  	IOR	W0, W1, [W15]
;__Lib_MathDouble.c,788 :: 		
0x02C2	0x320001  	BRA Z	AddSubFP_infinite
;__Lib_MathDouble.c,789 :: 		
0x02C4	0x050804  	RETLW	#128, W4
;__Lib_MathDouble.c,790 :: 		
AddSubFP_infinite:
;__Lib_MathDouble.c,791 :: 		
0x02C6	0x050044  	RETLW	#4, W4
;__Lib_MathDouble.c,792 :: 		
AddSubFP_zeroorsub:
;__Lib_MathDouble.c,793 :: 		
0x02C8	0x700F81  	IOR	W0, W1, [W15]
;__Lib_MathDouble.c,794 :: 		
0x02CA	0x3A0002  	BRA NZ	AddSubFP_subnormal_2
;__Lib_MathDouble.c,795 :: 		
0x02CC	0x050014  	RETLW	#1, W4
;__Lib_MathDouble.c,796 :: 		
AddSubFP_normalize:
;__Lib_MathDouble.c,797 :: 		
0x02CE	0xE90285  	DEC	W5, W5
;__Lib_MathDouble.c,798 :: 		
AddSubFP_subnormal_2:
;__Lib_MathDouble.c,799 :: 		
0x02D0	0x400000  	ADD	W0, W0, W0
;__Lib_MathDouble.c,800 :: 		
0x02D2	0x48C081  	ADDC.B	W1, W1, W1
;__Lib_MathDouble.c,801 :: 		
0x02D4	0x3BFFFC  	BRA NN	AddSubFP_normalize
;__Lib_MathDouble.c,802 :: 		
0x02D6	0xA8E002  	BSET	W1, #7
;__Lib_MathDouble.c,803 :: 		
0x02D8	0x050024  	RETLW	#2, W4
;__Lib_MathDouble.c,806 :: 		
the_end__AddSub_FP:
;__Lib_MathDouble.c,809 :: 		
L_end__AddSub_FP:
0x02DA	0xFA8000  	ULNK
0x02DC	0x060000  	RETURN
; end of __AddSub_FP
__Mul_FP:
0x042A	0xFA0000  	LNK	#0
;__Lib_MathDouble.c,855 :: 		
;__Lib_MathDouble.c,857 :: 		
0x042C	0x070002  	RCALL	MulFP___mulsf3
;__Lib_MathDouble.c,858 :: 		
0x042E	0x000000040540  	GOTO	the_end__Mul_FP
;__Lib_MathDouble.c,861 :: 		
MulFP___mulsf3:
;__Lib_MathDouble.c,862 :: 		
0x0432	0xBE9F88  	MOV.D	W8, [W15++]
;__Lib_MathDouble.c,863 :: 		
0x0434	0xBE9F8A  	MOV.D	W10, [W15++]
;__Lib_MathDouble.c,864 :: 		
0x0436	0x781F8C  	MOV	W12, [W15++]
;__Lib_MathDouble.c,865 :: 		
0x0438	0x070030  	RCALL	MulFP__funpack2
;__Lib_MathDouble.c,866 :: 		
0x043A	0x330037  	BRA N	MulFP__fPropagateNaN
;__Lib_MathDouble.c,867 :: 		
0x043C	0x6C8603  	XOR	W9, W3, W12
;__Lib_MathDouble.c,868 :: 		
0x043E	0xE15064  	CP	W10, #4
;__Lib_MathDouble.c,869 :: 		
0x0440	0x320024  	BRA Z	MulFP_aisinfinite
;__Lib_MathDouble.c,870 :: 		
0x0442	0xE12064  	CP	W4, #4
;__Lib_MathDouble.c,871 :: 		
0x0444	0x320027  	BRA Z	MulFP_bisinfinite
;__Lib_MathDouble.c,872 :: 		
0x0446	0xE15061  	CP	W10, #1
;__Lib_MathDouble.c,873 :: 		
0x0448	0x320022  	BRA Z	MulFP_return8_1
;__Lib_MathDouble.c,874 :: 		
0x044A	0xE12061  	CP	W4, #1
;__Lib_MathDouble.c,875 :: 		
0x044C	0x320021  	BRA Z	MulFP_return2_1
;__Lib_MathDouble.c,876 :: 		
0x044E	0x42858B  	ADD	W5, W11, W11
;__Lib_MathDouble.c,877 :: 		
0x0450	0xB107EB  	SUB	#126, W11
;__Lib_MathDouble.c,878 :: 		
0x0452	0xB83401  	MUL.UU	W6, W1, W8
;__Lib_MathDouble.c,879 :: 		
0x0454	0xB83A00  	MUL.UU	W7, W0, W4
;__Lib_MathDouble.c,880 :: 		
0x0456	0x420408  	ADD	W4, W8, W8
;__Lib_MathDouble.c,881 :: 		
0x0458	0x4A8489  	ADDC	W5, W9, W9
;__Lib_MathDouble.c,882 :: 		
0x045A	0xB83A01  	MUL.UU	W7, W1, W4
;__Lib_MathDouble.c,883 :: 		
0x045C	0xB83000  	MUL.UU	W6, W0, W0
;__Lib_MathDouble.c,884 :: 		
0x045E	0x408088  	ADD	W1, W8, W1
;__Lib_MathDouble.c,885 :: 		
0x0460	0x4A0109  	ADDC	W4, W9, W2
;__Lib_MathDouble.c,886 :: 		
0x0462	0x330004  	BRA N	MulFP_formsticky
;__Lib_MathDouble.c,887 :: 		
0x0464	0x400000  	ADD	W0, W0, W0
;__Lib_MathDouble.c,888 :: 		
0x0466	0x488081  	ADDC	W1, W1, W1
;__Lib_MathDouble.c,889 :: 		
0x0468	0x490102  	ADDC	W2, W2, W2
;__Lib_MathDouble.c,890 :: 		
0x046A	0xE9058B  	DEC	W11, W11
;__Lib_MathDouble.c,891 :: 		
MulFP_formsticky:
;__Lib_MathDouble.c,892 :: 		
0x046C	0xDD09C9  	SL	W1, #9, W3
;__Lib_MathDouble.c,893 :: 		
0x046E	0x700183  	IOR	W0, W3, W3
;__Lib_MathDouble.c,894 :: 		
0x0470	0x320001  	BRA Z	MulFP_formRandSig
;__Lib_MathDouble.c,895 :: 		
0x0472	0x200013  	MOV	#1, W3
;__Lib_MathDouble.c,896 :: 		
MulFP_formRandSig:
;__Lib_MathDouble.c,897 :: 		
0x0474	0xDE14C8  	LSR	W2, #8, W9
;__Lib_MathDouble.c,898 :: 		
0x0476	0xDD1448  	SL	W2, #8, W8
;__Lib_MathDouble.c,899 :: 		
0x0478	0xDE0947  	LSR	W1, #7, W2
;__Lib_MathDouble.c,900 :: 		
0x047A	0xB20012  	AND	#1, W2
;__Lib_MathDouble.c,901 :: 		
0x047C	0xDE08C8  	LSR	W1, #8, W1
;__Lib_MathDouble.c,902 :: 		
0x047E	0x708408  	IOR	W1, W8, W8
;__Lib_MathDouble.c,903 :: 		
0x0480	0x070024  	RCALL	MulFP__fpack
;__Lib_MathDouble.c,904 :: 		
MulFP_return0_1:
;__Lib_MathDouble.c,905 :: 		
0x0482	0xA1F001  	BCLR	W1, #15
;__Lib_MathDouble.c,906 :: 		
0x0484	0xA7F00C  	BTSC	W12, #15
;__Lib_MathDouble.c,907 :: 		
0x0486	0xA8E003  	BSET	W1, #15
;__Lib_MathDouble.c,908 :: 		
0x0488	0x370019  	BRA	MulFP__fbopExit
;__Lib_MathDouble.c,909 :: 		
MulFP_aisinfinite:
;__Lib_MathDouble.c,910 :: 		
0x048A	0xE12061  	CP	W4, #1
;__Lib_MathDouble.c,911 :: 		
0x048C	0x32001B  	BRA Z	MulFP__fbopReturnNaN
;__Lib_MathDouble.c,912 :: 		
MulFP_return8_1:
;__Lib_MathDouble.c,913 :: 		
0x048E	0xBE8108  	MOV.D	W8, W2
;__Lib_MathDouble.c,914 :: 		
MulFP_return2_1:
;__Lib_MathDouble.c,915 :: 		
0x0490	0xBE8002  	MOV.D	W2, W0
;__Lib_MathDouble.c,916 :: 		
0x0492	0x37FFF7  	BRA	MulFP_return0_1
;__Lib_MathDouble.c,917 :: 		
MulFP_bisinfinite:
;__Lib_MathDouble.c,918 :: 		
0x0494	0xE15061  	CP	W10, #1
;__Lib_MathDouble.c,919 :: 		
0x0496	0x3AFFFC  	BRA NZ	MulFP_return2_1
;__Lib_MathDouble.c,920 :: 		
0x0498	0x370015  	BRA	MulFP__fbopReturnNaN
;__Lib_MathDouble.c,921 :: 		
MulFP__funpack2:
;__Lib_MathDouble.c,922 :: 		
0x049A	0xBE8400  	MOV.D	W0, W8
;__Lib_MathDouble.c,923 :: 		
0x049C	0x07003C  	RCALL	MulFP__funpack
;__Lib_MathDouble.c,924 :: 		
0x049E	0xBE8300  	MOV.D	W0, W6
;__Lib_MathDouble.c,925 :: 		
0x04A0	0xBE8504  	MOV.D	W4, W10
;__Lib_MathDouble.c,926 :: 		
0x04A2	0xBE8002  	MOV.D	W2, W0
;__Lib_MathDouble.c,927 :: 		
0x04A4	0x070038  	RCALL	MulFP__funpack
;__Lib_MathDouble.c,928 :: 		
0x04A6	0x754F84  	IOR.B	W10, W4, [W15]
;__Lib_MathDouble.c,929 :: 		
0x04A8	0x060000  	RETURN
;__Lib_MathDouble.c,930 :: 		
MulFP__fPropagateNaN:
;__Lib_MathDouble.c,931 :: 		
0x04AA	0xBE8002  	MOV.D	W2, W0
;__Lib_MathDouble.c,932 :: 		
0x04AC	0xE15064  	CP	W10, #4
;__Lib_MathDouble.c,933 :: 		
0x04AE	0x360005  	BRA LEU	MulFP_return0_2
;__Lib_MathDouble.c,934 :: 		
0x04B0	0xE12064  	CP	W4, #4
;__Lib_MathDouble.c,935 :: 		
0x04B2	0x360002  	BRA LEU	MulFP_return8_2
;__Lib_MathDouble.c,936 :: 		
0x04B4	0xA36809  	BTST.Z	W9, #6
;__Lib_MathDouble.c,937 :: 		
0x04B6	0x3A0001  	BRA NZ	MulFP_return0_2
;__Lib_MathDouble.c,938 :: 		
MulFP_return8_2:
;__Lib_MathDouble.c,939 :: 		
0x04B8	0xBE8008  	MOV.D	W8, W0
;__Lib_MathDouble.c,940 :: 		
MulFP_return0_2:
;__Lib_MathDouble.c,941 :: 		
0x04BA	0xA8C002  	BSET	W1, #6
;__Lib_MathDouble.c,942 :: 		
MulFP__fbopExit:
;__Lib_MathDouble.c,943 :: 		
0x04BC	0x78064F  	MOV	[--W15], W12
;__Lib_MathDouble.c,944 :: 		
0x04BE	0xBE054F  	MOV.D	[--W15], W10
;__Lib_MathDouble.c,945 :: 		
0x04C0	0xBE044F  	MOV.D	[--W15], W8
;__Lib_MathDouble.c,946 :: 		
0x04C2	0x060000  	RETURN
;__Lib_MathDouble.c,947 :: 		
MulFP__fbopReturnNaN:
;__Lib_MathDouble.c,948 :: 		
0x04C4	0x2FFFF0  	MOV	#65535, W0
;__Lib_MathDouble.c,949 :: 		
0x04C6	0x27FFF1  	MOV	#32767, W1
;__Lib_MathDouble.c,950 :: 		
0x04C8	0x37FFF9  	BRA	MulFP__fbopExit
;__Lib_MathDouble.c,951 :: 		
MulFP__fpack:
;__Lib_MathDouble.c,952 :: 		
0x04CA	0x200081  	MOV	#8, W1
;__Lib_MathDouble.c,953 :: 		
0x04CC	0x558061  	SUB	W11, #1, W0
;__Lib_MathDouble.c,954 :: 		
0x04CE	0x3D000B  	BRA GE	MulFP_notsubnormal
;__Lib_MathDouble.c,955 :: 		
0x04D0	0x20000B  	MOV	#0, W11
;__Lib_MathDouble.c,956 :: 		
0x04D2	0x2FFE61  	MOV	#65510, W1
;__Lib_MathDouble.c,957 :: 		
0x04D4	0xE10001  	CP	W0, W1
;__Lib_MathDouble.c,958 :: 		
0x04D6	0x34001D  	BRA LE	MulFP_zerosig
;__Lib_MathDouble.c,959 :: 		
MulFP_subnormal1:
;__Lib_MathDouble.c,960 :: 		
0x04D8	0x718182  	IOR	W3, W2, W3
;__Lib_MathDouble.c,961 :: 		
0x04DA	0x640161  	AND	W8, #1, W2
;__Lib_MathDouble.c,962 :: 		
0x04DC	0xD10489  	LSR	W9, W9
;__Lib_MathDouble.c,963 :: 		
0x04DE	0xD38408  	RRC	W8, W8
;__Lib_MathDouble.c,964 :: 		
0x04E0	0xE80000  	INC	W0, W0
;__Lib_MathDouble.c,965 :: 		
0x04E2	0x3AFFFA  	BRA NZ	MulFP_subnormal1
;__Lib_MathDouble.c,966 :: 		
0x04E4	0x200071  	MOV	#7, W1
;__Lib_MathDouble.c,967 :: 		
MulFP_notsubnormal:
;__Lib_MathDouble.c,968 :: 		
0x04E6	0x640061  	AND	W8, #1, W0
;__Lib_MathDouble.c,969 :: 		
0x04E8	0x700003  	IOR	W0, W3, W0
;__Lib_MathDouble.c,970 :: 		
0x04EA	0x600002  	AND	W0, W2, W0
;__Lib_MathDouble.c,971 :: 		
0x04EC	0x320009  	BRA Z	MulFP_packupandgo
;__Lib_MathDouble.c,972 :: 		
0x04EE	0x440461  	ADD	W8, #1, W8
;__Lib_MathDouble.c,973 :: 		
0x04F0	0x4C84E0  	ADDC	W9, #0, W9
;__Lib_MathDouble.c,974 :: 		
0x04F2	0xA58809  	BTST.Z	W9, W1
;__Lib_MathDouble.c,975 :: 		
0x04F4	0x320005  	BRA Z	MulFP_packupandgo
;__Lib_MathDouble.c,976 :: 		
0x04F6	0xE8058B  	INC	W11, W11
;__Lib_MathDouble.c,977 :: 		
0x04F8	0xE10868  	CP	W1, #8
;__Lib_MathDouble.c,978 :: 		
0x04FA	0x3A0002  	BRA NZ	MulFP_packupandgo
;__Lib_MathDouble.c,979 :: 		
0x04FC	0xD10489  	LSR	W9, W9
;__Lib_MathDouble.c,980 :: 		
0x04FE	0xD38408  	RRC	W8, W8
;__Lib_MathDouble.c,981 :: 		
MulFP_packupandgo:
;__Lib_MathDouble.c,982 :: 		
0x0500	0x200FF2  	MOV	#255, W2
;__Lib_MathDouble.c,983 :: 		
0x0502	0xE15802  	CP	W11, W2
;__Lib_MathDouble.c,984 :: 		
0x0504	0x3D0005  	BRA GE	MulFP_overflow
;__Lib_MathDouble.c,985 :: 		
0x0506	0xDD5DC7  	SL	W11, #7, W11
;__Lib_MathDouble.c,986 :: 		
0x0508	0xB207F9  	AND	#127, W9
;__Lib_MathDouble.c,987 :: 		
0x050A	0x758089  	IOR	W11, W9, W1
;__Lib_MathDouble.c,988 :: 		
0x050C	0x880008  	MOV	W8, W0
;__Lib_MathDouble.c,989 :: 		
0x050E	0x060000  	RETURN
;__Lib_MathDouble.c,990 :: 		
MulFP_overflow:
;__Lib_MathDouble.c,991 :: 		
0x0510	0x27F80B  	MOV	#32640, W11
;__Lib_MathDouble.c,992 :: 		
MulFP_zerosig:
;__Lib_MathDouble.c,993 :: 		
0x0512	0x88001B  	MOV	W11, W1
;__Lib_MathDouble.c,994 :: 		
0x0514	0x050000  	RETLW	#0, W0
;__Lib_MathDouble.c,995 :: 		
MulFP__funpack:
;__Lib_MathDouble.c,996 :: 		
0x0516	0xDE0AC7  	LSR	W1, #7, W5
;__Lib_MathDouble.c,997 :: 		
0x0518	0xB207F1  	AND	#127, W1
;__Lib_MathDouble.c,998 :: 		
0x051A	0xB20FF5  	AND	#255, W5
;__Lib_MathDouble.c,999 :: 		
0x051C	0x320008  	BRA Z	MulFP_zeroorsub
;__Lib_MathDouble.c,1000 :: 		
0x051E	0x42CFE1  	ADD.B	W5, #1, [W15]
;__Lib_MathDouble.c,1001 :: 		
0x0520	0x320002  	BRA Z	MulFP_nanorinf
;__Lib_MathDouble.c,1002 :: 		
MulFP_finitereturn:
;__Lib_MathDouble.c,1003 :: 		
0x0522	0xA8E002  	BSET	W1, #7
;__Lib_MathDouble.c,1004 :: 		
0x0524	0x050024  	RETLW	#2, W4
;__Lib_MathDouble.c,1005 :: 		
MulFP_nanorinf:
;__Lib_MathDouble.c,1006 :: 		
0x0526	0x700F81  	IOR	W0, W1, [W15]
;__Lib_MathDouble.c,1007 :: 		
0x0528	0x320001  	BRA Z	MulFP_infinite
;__Lib_MathDouble.c,1008 :: 		
0x052A	0x050804  	RETLW	#128, W4
;__Lib_MathDouble.c,1009 :: 		
MulFP_infinite:
;__Lib_MathDouble.c,1010 :: 		
0x052C	0x050044  	RETLW	#4, W4
;__Lib_MathDouble.c,1011 :: 		
MulFP_zeroorsub:
;__Lib_MathDouble.c,1012 :: 		
0x052E	0x700F81  	IOR	W0, W1, [W15]
;__Lib_MathDouble.c,1013 :: 		
0x0530	0x3A0002  	BRA NZ	MulFP_subnormal2
;__Lib_MathDouble.c,1014 :: 		
0x0532	0x050014  	RETLW	#1, W4
;__Lib_MathDouble.c,1015 :: 		
MulFP_normalize:
;__Lib_MathDouble.c,1016 :: 		
0x0534	0xE90285  	DEC	W5, W5
;__Lib_MathDouble.c,1017 :: 		
MulFP_subnormal2:
;__Lib_MathDouble.c,1018 :: 		
0x0536	0x400000  	ADD	W0, W0, W0
;__Lib_MathDouble.c,1019 :: 		
0x0538	0x48C081  	ADDC.B	W1, W1, W1
;__Lib_MathDouble.c,1020 :: 		
0x053A	0x3BFFFC  	BRA NN	MulFP_normalize
;__Lib_MathDouble.c,1021 :: 		
0x053C	0xA8E002  	BSET	W1, #7
;__Lib_MathDouble.c,1022 :: 		
0x053E	0x050024  	RETLW	#2, W4
;__Lib_MathDouble.c,1025 :: 		
the_end__Mul_FP:
;__Lib_MathDouble.c,1028 :: 		
L_end__Mul_FP:
0x0540	0xFA8000  	ULNK
0x0542	0x060000  	RETURN
; end of __Mul_FP
0x06B0	0x20800A  	MOV	#2048, W10
0x06B2	0x20000B  	MOV	#0, W11
0x06B4	0x090001  	REPEAT	#1
0x06B6	0x781D0B  	MOV	W11, [W10++]
0x06B8	0x060000  	RETURN
Symbol List:
//** Routines locations **
//ADDRESS    SIZE    PROCEDURE
//----------------------------------------------
0x0100     [114]    __Compare_Fp
0x0172     [364]    __AddSub_FP
0x02DE     [182]    __Long2Float
0x0394     [120]    __Float2Longint
0x040C      [10]    __Sub_FP
0x0416      [10]    __Compare_Ge_Fp
0x0420      [10]    __Compare_Le_Fp
0x042A     [282]    __Mul_FP
0x0544     [110]    _floor
0x05B2      [68]    _init_OCmod
0x05F6      [54]    _mudar_PWM
0x062C     [132]    _main
//** Variables locations ** 
//ADDRESS    SIZE    VARIABLE
//----------------------------------------------
0x0190       [2]    OC3CON
0x0184       [2]    OC1CONbits
0x0184       [2]    OC1CON
0x0190       [2]    OC3CONbits
0x0800       [2]    _j
0x0802       [2]    _i
0x02A8       [2]    ADPCFG
0x0110       [2]    T2CON
0x018C       [2]    OC3RS
0x010C       [2]    PR2
0x0180       [2]    OC1RS
0x02D2       [2]    TRISD
0x008C       [2]    IEC0bits
0x008C       [2]    IEC0
0x0084       [2]    IFS0
0x0084       [2]    IFS0
0x008C       [2]    IEC0
0x010C       [2]    PR2
0x0110       [2]    T2CON
0x0180       [2]    OC1RS
0x0184       [2]    OC1CON
0x018C       [2]    OC3RS
0x0190       [2]    OC3CON
0x02A8       [2]    ADPCFG
0x02D2       [2]    TRISD
0x0014       [4]    FARG_floor_x
0x0014       [4]    FARG_mudar_PWM_duty1
0x0018       [4]    FARG_mudar_PWM_duty2
