;  LST file generated by mikroListExporter - v.2.0 
; Date/Time: 13/03/2020 15:51:43
;----------------------------------------------

;Address Opcode 	ASM
0x0000	0x0000000403B6  	GOTO	_main
0x0004	0x000000  	0
0x0006	0x000000  	0
0x0008	0x000000  	0
0x000A	0x000000  	0
0x000C	0x000000  	0
0x000E	0x000000  	0
0x0010	0x000000  	0
0x0012	0x000000  	0
0x0014	0x000000  	0
0x0016	0x000000  	0
0x0018	0x000000  	0
0x001A	0x000000  	0
0x001C	0x000000  	0
0x001E	0x000000  	0
0x0020	0x000000  	0
0x0022	0x000000  	0
0x0024	0x000000  	0
0x0026	0x000000  	0
0x0028	0x000000  	0
0x002A	0x000000  	0
0x002C	0x000000  	0
0x002E	0x000000  	0
0x0030	0x000000  	0
0x0032	0x000000  	0
0x0034	0x000000  	0
0x0036	0x000000  	0
0x0038	0x000000  	0
0x003A	0x000000  	0
0x003C	0x000000  	0
0x003E	0x000000  	0
0x0040	0x000000  	0
0x0042	0x000000  	0
0x0044	0x000000  	0
0x0046	0x00039A  	922
0x0048	0x000000  	0
0x004A	0x000000  	0
0x004C	0x000000  	0
0x004E	0x000000  	0
0x0050	0x000000  	0
0x0052	0x000000  	0
0x0054	0x000000  	0
0x0056	0x000000  	0
0x0058	0x000000  	0
0x005A	0x000000  	0
0x005C	0x000000  	0
0x005E	0x000000  	0
0x0060	0x000000  	0
0x0062	0x000000  	0
0x0064	0x000000  	0
0x0066	0x000000  	0
0x0068	0x000000  	0
0x006A	0x000000  	0
0x006C	0x000000  	0
0x006E	0x000000  	0
0x0070	0x000000  	0
0x0072	0x000000  	0
0x0074	0x000000  	0
0x0076	0x000000  	0
0x0078	0x000000  	0
0x007A	0x000000  	0
0x007C	0x000000  	0
0x007E	0x000000  	0
0x0080	0x000000  	0
0x0082	0x000000  	0
0x0084	0x000000  	0
0x0086	0x000000  	0
0x0088	0x000000  	0
0x008A	0x000000  	0
0x008C	0x000000  	0
0x008E	0x000000  	0
0x0090	0x000000  	0
0x0092	0x000000  	0
0x0094	0x000000  	0
0x0096	0x000000  	0
0x0098	0x000000  	0
0x009A	0x000000  	0
0x009C	0x000000  	0
0x009E	0x000000  	0
0x00A0	0x000000  	0
0x00A2	0x000000  	0
0x00A4	0x000000  	0
0x00A6	0x000000  	0
0x00A8	0x000000  	0
0x00AA	0x000000  	0
0x00AC	0x000000  	0
0x00AE	0x000000  	0
0x00B0	0x000000  	0
0x00B2	0x000000  	0
0x00B4	0x000000  	0
0x00B6	0x000000  	0
0x00B8	0x000000  	0
0x00BA	0x000000  	0
0x00BC	0x000000  	0
0x00BE	0x000000  	0
0x00C0	0x000000  	0
0x00C2	0x000000  	0
0x00C4	0x000000  	0
0x00C6	0x000000  	0
0x00C8	0x000000  	0
0x00CA	0x000000  	0
0x00CC	0x000000  	0
0x00CE	0x000000  	0
0x00D0	0x000000  	0
0x00D2	0x000000  	0
0x00D4	0x000000  	0
0x00D6	0x000000  	0
0x00D8	0x000000  	0
0x00DA	0x000000  	0
0x00DC	0x000000  	0
0x00DE	0x000000  	0
0x00E0	0x000000  	0
0x00E2	0x000000  	0
0x00E4	0x000000  	0
0x00E6	0x000000  	0
0x00E8	0x000000  	0
0x00EA	0x000000  	0
0x00EC	0x000000  	0
0x00EE	0x000000  	0
0x00F0	0x000000  	0
0x00F2	0x000000  	0
0x00F4	0x000000  	0
0x00F6	0x000000  	0
0x00F8	0x000000  	0
0x00FA	0x000000  	0
0x00FC	0x000000  	0
0x00FE	0x000000  	0
_main:
0x03B6	0x20948F  	MOV	#2376, W15
0x03B8	0x20FFF0  	MOV	#4095, W0
0x03BA	0xB7A020  	MOV	WREG, SPLIM
0x03BC	0x200000  	MOV	#0, W0
0x03BE	0xB7A034  	MOV	WREG, PSVPAG
0x03C0	0x200040  	MOV	#4, W0
0x03C2	0xB72044  	IOR	CORCON
0x03C4	0x000000020574  	CALL	1396
0x03C8	0x00000002057E  	CALL	1406
;Q1.c,114 :: 		void main(){
;Q1.c,115 :: 		ADPCFG = 0xFFFF;
0x03CC	0x781F8A  	PUSH	W10
0x03CE	0x781F8B  	PUSH	W11
0x03D0	0x781F8C  	PUSH	W12
0x03D2	0x2FFFF0  	MOV	#65535, W0
0x03D4	0xB7A2A8  	MOV	WREG, ADPCFG
;Q1.c,116 :: 		TRISB = 0;
0x03D6	0xEF22C6  	CLR	TRISB
;Q1.c,117 :: 		LATB = 0;
0x03D8	0xEF22CA  	CLR	LATB
;Q1.c,118 :: 		init_uart2(103);
0x03DA	0xB3C67A  	MOV.B	#103, W10
0x03DC	0x07FF6A  	RCALL	_init_uart2
;Q1.c,121 :: 		IEC0bits.T1IE = 1;
0x03DE	0xA8608C  	BSET.B	IEC0bits, #3
;Q1.c,122 :: 		IFS0 = 0;
0x03E0	0xEF2084  	CLR	IFS0
;Q1.c,123 :: 		PR1 = 625;
0x03E2	0x202710  	MOV	#625, W0
0x03E4	0xB7A102  	MOV	WREG, PR1
;Q1.c,124 :: 		T1CON = 0x8000;
0x03E6	0x280000  	MOV	#32768, W0
0x03E8	0xB7A104  	MOV	WREG, T1CON
;Q1.c,125 :: 		valor = 0;
0x03EA	0xEF2000  	CLR	W0
0x03EC	0x884A20  	MOV	W0, _valor
;Q1.c,126 :: 		Lcd_Init();               // Initializa o LCD
0x03EE	0x07FF2C  	RCALL	_Lcd_Init
;Q1.c,127 :: 		Lcd_Cmd(_LCD_CLEAR);      // Limpa o display
0x03F0	0xB3C01A  	MOV.B	#1, W10
0x03F2	0x07FF6A  	RCALL	_Lcd_Cmd
;Q1.c,128 :: 		Lcd_Cmd(_LCD_CURSOR_OFF); // Desativa o cursor
0x03F4	0xB3C0CA  	MOV.B	#12, W10
0x03F6	0x07FF68  	RCALL	_Lcd_Cmd
;Q1.c,130 :: 		IntToStr(strlen(mC4), txt);
0x03F8	0x20864A  	MOV	#lo_addr(_mC4), W10
0x03FA	0x07FF9C  	RCALL	_strlen
0x03FC	0x2092CB  	MOV	#lo_addr(_txt), W11
0x03FE	0x780500  	MOV	W0, W10
0x0400	0x07FFA4  	RCALL	_IntToStr
;Q1.c,134 :: 		Lcd_Out(1,1, mC1);
0x0402	0x208C8C  	MOV	#lo_addr(_mC1), W12
0x0404	0x20001B  	MOV	#1, W11
0x0406	0x20001A  	MOV	#1, W10
0x0408	0x07FED0  	RCALL	_Lcd_Out
;Q1.c,135 :: 		Delay_ms(1000);
0x040A	0x200528  	MOV	#82, W8
0x040C	0x2616F7  	MOV	#24943, W7
L_main11:
0x040E	0xED200E  	DEC	W7
0x0410	0x3AFFFE  	BRA NZ	L_main11
0x0412	0xED2010  	DEC	W8
0x0414	0x3AFFFC  	BRA NZ	L_main11
0x0416	0x000000  	NOP
;Q1.c,138 :: 		while(1){
L_main13:
;Q1.c,140 :: 		if(strcmp(tmp, pC4) == 0){
0x0418	0x209400  	MOV	#lo_addr(_tmp), W0
0x041A	0x20800B  	MOV	#lo_addr(_pC4), W11
0x041C	0xFB8510  	ZE	[W0], W10
0x041E	0x07FEF2  	RCALL	_strcmp
0x0420	0xE10060  	CP	W0, #0
0x0422	0x3A000A  	BRA NZ	L_main15
L__main30:
;Q1.c,141 :: 		IntToStr(txt, strcmp(tmp, pC4));
0x0424	0x209400  	MOV	#lo_addr(_tmp), W0
0x0426	0x20800B  	MOV	#lo_addr(_pC4), W11
0x0428	0xFB8510  	ZE	[W0], W10
0x042A	0x07FEEC  	RCALL	_strcmp
0x042C	0x780580  	MOV	W0, W11
0x042E	0x2092CA  	MOV	#lo_addr(_txt), W10
0x0430	0x07FF8C  	RCALL	_IntToStr
;Q1.c,142 :: 		enviar_string(txt);
0x0432	0x2092CA  	MOV	#lo_addr(_txt), W10
0x0434	0x07FEF8  	RCALL	_enviar_string
;Q1.c,143 :: 		}else{
0x0436	0x370003  	BRA	L_main16
L_main15:
;Q1.c,144 :: 		tmp = receber_char();
0x0438	0x07FEB2  	RCALL	_receber_char
0x043A	0x209401  	MOV	#lo_addr(_tmp), W1
0x043C	0x784880  	MOV.B	W0, [W1]
;Q1.c,145 :: 		}
L_main16:
;Q1.c,149 :: 		}
0x043E	0x37FFEC  	BRA	L_main13
;Q1.c,150 :: 		}
L_end_main:
0x0440	0x78064F  	POP	W12
0x0442	0x7805CF  	POP	W11
0x0444	0x78054F  	POP	W10
L__main_end_loop:
0x0446	0x37FFFF  	BRA	L__main_end_loop
; end of _main
_init_uart2:
;Q1.c,24 :: 		void init_uart2(unsigned char baud_rate){
;Q1.c,25 :: 		U2BRG = baud_rate;
0x02B2	0xFB800A  	ZE	W10, W0
0x02B4	0xB7A21E  	MOV	WREG, U2BRG
;Q1.c,26 :: 		U2MODE = 0;
0x02B6	0xEF2216  	CLR	U2MODE
;Q1.c,27 :: 		U2STA = 0;
0x02B8	0xEF2218  	CLR	U2STA
;Q1.c,28 :: 		IFS1bits.U2TXIF = 0;
0x02BA	0xA92087  	BCLR	IFS1bits, #9
;Q1.c,29 :: 		IEC1bits.U2TXIE = 0;
0x02BC	0xA9208F  	BCLR	IEC1bits, #9
;Q1.c,30 :: 		IFS1BITS.U2RXIF = 0;
0x02BE	0xA90087  	BCLR	IFS1bits, #8
;Q1.c,31 :: 		IEC1bits.U2RXIE = 0;
0x02C0	0xA9008F  	BCLR	IEC1bits, #8
;Q1.c,32 :: 		U2MODEbits.UARTEN = 1;
0x02C2	0xA8E217  	BSET	U2MODEbits, #15
;Q1.c,33 :: 		U2STAbits.UTXEN = 1;
0x02C4	0xA84219  	BSET	U2STAbits, #10
;Q1.c,34 :: 		}
L_end_init_uart2:
0x02C6	0x060000  	RETURN
; end of _init_uart2
_Lcd_Init:
0x0248	0xFA0000  	LNK	#0
;__Lib_Lcd.c,105 :: 		
;__Lib_Lcd.c,107 :: 		
0x024A	0x07FF96  	RCALL	_Delay_8ms
0x024C	0x07FF95  	RCALL	_Delay_8ms
;__Lib_Lcd.c,109 :: 		
0x024E	0xA982D8  	BCLR	LCD_EN_Direction, BitPos(LCD_EN_Direction+0)
;__Lib_Lcd.c,110 :: 		
0x0250	0xA9A2D8  	BCLR	LCD_RS_Direction, BitPos(LCD_RS_Direction+0)
;__Lib_Lcd.c,111 :: 		
0x0252	0xA962D8  	BCLR	LCD_D4_Direction, BitPos(LCD_D4_Direction+0)
;__Lib_Lcd.c,112 :: 		
0x0254	0xA942D8  	BCLR	LCD_D5_Direction, BitPos(LCD_D5_Direction+0)
;__Lib_Lcd.c,113 :: 		
0x0256	0xA922D8  	BCLR	LCD_D6_Direction, BitPos(LCD_D6_Direction+0)
;__Lib_Lcd.c,114 :: 		
0x0258	0xA902D8  	BCLR	LCD_D7_Direction, BitPos(LCD_D7_Direction+0)
;__Lib_Lcd.c,116 :: 		
0x025A	0xA982DC  	BCLR	LCD_EN, BitPos(LCD_EN+0)
;__Lib_Lcd.c,117 :: 		
0x025C	0xA9A2DC  	BCLR	LCD_RS, BitPos(LCD_RS+0)
;__Lib_Lcd.c,118 :: 		
0x025E	0xA902DC  	BCLR	LCD_D7, BitPos(LCD_D7+0)
;__Lib_Lcd.c,119 :: 		
0x0260	0xA922DC  	BCLR	LCD_D6, BitPos(LCD_D6+0)
;__Lib_Lcd.c,120 :: 		
0x0262	0xA942DC  	BCLR	LCD_D5, BitPos(LCD_D5+0)
;__Lib_Lcd.c,121 :: 		
0x0264	0xA962DC  	BCLR	LCD_D4, BitPos(LCD_D4+0)
;__Lib_Lcd.c,130 :: 		
0x0266	0xA842DC  	BSET	LCD_D5, BitPos(LCD_D5+0)
;__Lib_Lcd.c,131 :: 		
0x0268	0xA862DC  	BSET	LCD_D4, BitPos(LCD_D4+0)
;__Lib_Lcd.c,132 :: 		
0x026A	0x07FF92  	RCALL	__Lib_Lcd_Strobe
;__Lib_Lcd.c,133 :: 		
0x026C	0x07FF54  	RCALL	_Delay_5500us
;__Lib_Lcd.c,136 :: 		
0x026E	0x07FF90  	RCALL	__Lib_Lcd_Strobe
;__Lib_Lcd.c,137 :: 		
0x0270	0x07FF52  	RCALL	_Delay_5500us
;__Lib_Lcd.c,140 :: 		
0x0272	0x07FF8E  	RCALL	__Lib_Lcd_Strobe
;__Lib_Lcd.c,141 :: 		
0x0274	0x07FF50  	RCALL	_Delay_5500us
;__Lib_Lcd.c,144 :: 		
0x0276	0xA962DC  	BCLR	LCD_D4, BitPos(LCD_D4+0)
;__Lib_Lcd.c,145 :: 		
0x0278	0x07FF8B  	RCALL	__Lib_Lcd_Strobe
;__Lib_Lcd.c,146 :: 		
0x027A	0x07FF4D  	RCALL	_Delay_5500us
;__Lib_Lcd.c,149 :: 		
0x027C	0x07FF89  	RCALL	__Lib_Lcd_Strobe
;__Lib_Lcd.c,151 :: 		
0x027E	0xA942DC  	BCLR	LCD_D5, BitPos(LCD_D5+0)
;__Lib_Lcd.c,152 :: 		
0x0280	0xA802DC  	BSET	LCD_D7, BitPos(LCD_D7+0)
;__Lib_Lcd.c,153 :: 		
0x0282	0x07FF86  	RCALL	__Lib_Lcd_Strobe
;__Lib_Lcd.c,154 :: 		
0x0284	0x07FF48  	RCALL	_Delay_5500us
;__Lib_Lcd.c,157 :: 		
0x0286	0xA902DC  	BCLR	LCD_D7, BitPos(LCD_D7+0)
;__Lib_Lcd.c,158 :: 		
0x0288	0xA862DC  	BSET	LCD_D4, BitPos(LCD_D4+0)
;__Lib_Lcd.c,159 :: 		
0x028A	0x07FF82  	RCALL	__Lib_Lcd_Strobe
;__Lib_Lcd.c,161 :: 		
0x028C	0xA962DC  	BCLR	LCD_D4, BitPos(LCD_D4+0)
;__Lib_Lcd.c,162 :: 		
0x028E	0x07FF80  	RCALL	__Lib_Lcd_Strobe
;__Lib_Lcd.c,163 :: 		
0x0290	0x07FF42  	RCALL	_Delay_5500us
;__Lib_Lcd.c,166 :: 		
0x0292	0x07FF7E  	RCALL	__Lib_Lcd_Strobe
;__Lib_Lcd.c,168 :: 		
0x0294	0xA862DC  	BSET	LCD_D4, BitPos(LCD_D4+0)
;__Lib_Lcd.c,169 :: 		
0x0296	0x07FF7C  	RCALL	__Lib_Lcd_Strobe
;__Lib_Lcd.c,170 :: 		
0x0298	0x07FF3E  	RCALL	_Delay_5500us
;__Lib_Lcd.c,173 :: 		
0x029A	0xA962DC  	BCLR	LCD_D4, BitPos(LCD_D4+0)
;__Lib_Lcd.c,174 :: 		
0x029C	0x07FF79  	RCALL	__Lib_Lcd_Strobe
;__Lib_Lcd.c,176 :: 		
0x029E	0xA802DC  	BSET	LCD_D7, BitPos(LCD_D7+0)
;__Lib_Lcd.c,177 :: 		
0x02A0	0xA822DC  	BSET	LCD_D6, BitPos(LCD_D6+0)
;__Lib_Lcd.c,178 :: 		
0x02A2	0xA842DC  	BSET	LCD_D5, BitPos(LCD_D5+0)
;__Lib_Lcd.c,179 :: 		
0x02A4	0xA862DC  	BSET	LCD_D4, BitPos(LCD_D4+0)
;__Lib_Lcd.c,180 :: 		
0x02A6	0x07FF74  	RCALL	__Lib_Lcd_Strobe
;__Lib_Lcd.c,181 :: 		
0x02A8	0x07FF36  	RCALL	_Delay_5500us
;__Lib_Lcd.c,183 :: 		
0x02AA	0x209420  	MOV	#lo_addr(__Lib_Lcd_cmd_status), W0
0x02AC	0xA00010  	BSET	[W0], BitPos(__Lib_Lcd_cmd_status+0)
;__Lib_Lcd.c,184 :: 		
L_end_Lcd_Init:
0x02AE	0xFA8000  	ULNK
0x02B0	0x060000  	RETURN
; end of _Lcd_Init
_Delay_8ms:
;__Lib_Delays.c,614 :: 		void Delay_8ms()
;__Lib_Delays.c,616 :: 		Delay_ms(8);
0x0178	0x2A6AA7  	MOV	#42666, W7
L_Delay_8ms29:
0x017A	0xED200E  	DEC	W7
0x017C	0x3AFFFE  	BRA NZ	L_Delay_8ms29
0x017E	0x000000  	NOP
0x0180	0x000000  	NOP
;__Lib_Delays.c,617 :: 		}
L_end_Delay_8ms:
0x0182	0x060000  	RETURN
; end of _Delay_8ms
__Lib_Lcd_Strobe:
0x0190	0xFA0000  	LNK	#0
;__Lib_Lcd.c,26 :: 		
;__Lib_Lcd.c,27 :: 		
0x0192	0xA882DC  	BSET	LCD_EN, BitPos(LCD_EN+0)
;__Lib_Lcd.c,28 :: 		
0x0194	0x07FFB5  	RCALL	_Delay_1us
;__Lib_Lcd.c,29 :: 		
0x0196	0xA982DC  	BCLR	LCD_EN, BitPos(LCD_EN+0)
;__Lib_Lcd.c,30 :: 		
0x0198	0x07FFB3  	RCALL	_Delay_1us
;__Lib_Lcd.c,31 :: 		
L_end_Strobe:
0x019A	0xFA8000  	ULNK
0x019C	0x060000  	RETURN
; end of __Lib_Lcd_Strobe
_Delay_1us:
;__Lib_Delays.c,380 :: 		void Delay_1us()
;__Lib_Delays.c,382 :: 		Delay_us(1);
0x0100	0x200057  	MOV	#5, W7
L_Delay_1us11:
0x0102	0xED200E  	DEC	W7
0x0104	0x3AFFFE  	BRA NZ	L_Delay_1us11
0x0106	0x000000  	NOP
;__Lib_Delays.c,383 :: 		}
L_end_Delay_1us:
0x0108	0x060000  	RETURN
; end of _Delay_1us
_Delay_5500us:
;__Lib_Delays.c,536 :: 		void Delay_5500us()
;__Lib_Delays.c,538 :: 		Delay_us(5500);
0x0116	0x272957  	MOV	#29333, W7
L_Delay_5500us23:
0x0118	0xED200E  	DEC	W7
0x011A	0x3AFFFE  	BRA NZ	L_Delay_5500us23
0x011C	0x000000  	NOP
;__Lib_Delays.c,539 :: 		}
L_end_Delay_5500us:
0x011E	0x060000  	RETURN
; end of _Delay_5500us
_Lcd_Cmd:
0x02C8	0xFA0000  	LNK	#0
;__Lib_Lcd.c,38 :: 		
;__Lib_Lcd.c,40 :: 		
; loc_word start address is: 2 (W1)
0x02CA	0xFB808A  	ZE	W10, W1
;__Lib_Lcd.c,42 :: 		
0x02CC	0xAEE002  	BTSS	W1, #7
0x02CE	0xA902DC  	BCLR	LCD_D7, BitPos(LCD_D7+0)
0x02D0	0xAFE002  	BTSC	W1, #7
0x02D2	0xA802DC  	BSET	LCD_D7, BitPos(LCD_D7+0)
;__Lib_Lcd.c,43 :: 		
0x02D4	0xAEC002  	BTSS	W1, #6
0x02D6	0xA922DC  	BCLR	LCD_D6, BitPos(LCD_D6+0)
0x02D8	0xAFC002  	BTSC	W1, #6
0x02DA	0xA822DC  	BSET	LCD_D6, BitPos(LCD_D6+0)
;__Lib_Lcd.c,44 :: 		
0x02DC	0xAEA002  	BTSS	W1, #5
0x02DE	0xA942DC  	BCLR	LCD_D5, BitPos(LCD_D5+0)
0x02E0	0xAFA002  	BTSC	W1, #5
0x02E2	0xA842DC  	BSET	LCD_D5, BitPos(LCD_D5+0)
;__Lib_Lcd.c,45 :: 		
0x02E4	0xAE8002  	BTSS	W1, #4
0x02E6	0xA962DC  	BCLR	LCD_D4, BitPos(LCD_D4+0)
0x02E8	0xAF8002  	BTSC	W1, #4
0x02EA	0xA862DC  	BSET	LCD_D4, BitPos(LCD_D4+0)
;__Lib_Lcd.c,47 :: 		
0x02EC	0x209420  	MOV	#lo_addr(__Lib_Lcd_cmd_status), W0
0x02EE	0xA60010  	BTSS	[W0], BitPos(__Lib_Lcd_cmd_status+0)
0x02F0	0xA8A2DC  	BSET	LCD_RS, BitPos(LCD_RS+0)
0x02F2	0xA70010  	BTSC	[W0], BitPos(__Lib_Lcd_cmd_status+0)
0x02F4	0xA9A2DC  	BCLR	LCD_RS, BitPos(LCD_RS+0)
;__Lib_Lcd.c,49 :: 		
0x02F6	0x07FF4C  	RCALL	__Lib_Lcd_Strobe
;__Lib_Lcd.c,51 :: 		
0x02F8	0xAE6002  	BTSS	W1, #3
0x02FA	0xA902DC  	BCLR	LCD_D7, BitPos(LCD_D7+0)
0x02FC	0xAF6002  	BTSC	W1, #3
0x02FE	0xA802DC  	BSET	LCD_D7, BitPos(LCD_D7+0)
;__Lib_Lcd.c,52 :: 		
0x0300	0xAE4002  	BTSS	W1, #2
0x0302	0xA922DC  	BCLR	LCD_D6, BitPos(LCD_D6+0)
0x0304	0xAF4002  	BTSC	W1, #2
0x0306	0xA822DC  	BSET	LCD_D6, BitPos(LCD_D6+0)
;__Lib_Lcd.c,53 :: 		
0x0308	0xAE2002  	BTSS	W1, #1
0x030A	0xA942DC  	BCLR	LCD_D5, BitPos(LCD_D5+0)
0x030C	0xAF2002  	BTSC	W1, #1
0x030E	0xA842DC  	BSET	LCD_D5, BitPos(LCD_D5+0)
;__Lib_Lcd.c,54 :: 		
0x0310	0xAE0002  	BTSS	W1, #0
0x0312	0xA962DC  	BCLR	LCD_D4, BitPos(LCD_D4+0)
0x0314	0xAF0002  	BTSC	W1, #0
0x0316	0xA862DC  	BSET	LCD_D4, BitPos(LCD_D4+0)
; loc_word end address is: 2 (W1)
;__Lib_Lcd.c,56 :: 		
0x0318	0x209420  	MOV	#lo_addr(__Lib_Lcd_cmd_status), W0
0x031A	0xA60010  	BTSS	[W0], BitPos(__Lib_Lcd_cmd_status+0)
0x031C	0xA8A2DC  	BSET	LCD_RS, BitPos(LCD_RS+0)
0x031E	0xA70010  	BTSC	[W0], BitPos(__Lib_Lcd_cmd_status+0)
0x0320	0xA9A2DC  	BCLR	LCD_RS, BitPos(LCD_RS+0)
;__Lib_Lcd.c,58 :: 		
0x0322	0x07FF36  	RCALL	__Lib_Lcd_Strobe
;__Lib_Lcd.c,60 :: 		
0x0324	0x209420  	MOV	#lo_addr(__Lib_Lcd_cmd_status), W0
0x0326	0xA60010  	BTSS	[W0], BitPos(__Lib_Lcd_cmd_status+0)
0x0328	0x370002  	BRA	L_Lcd_Cmd0
;__Lib_Lcd.c,61 :: 		
0x032A	0x07FEF5  	RCALL	_Delay_5500us
0x032C	0x370001  	BRA	L_Lcd_Cmd1
L_Lcd_Cmd0:
;__Lib_Lcd.c,63 :: 		
0x032E	0x07FEED  	RCALL	_Delay_50us
L_Lcd_Cmd1:
;__Lib_Lcd.c,64 :: 		
L_end_Lcd_Cmd:
0x0330	0xFA8000  	ULNK
0x0332	0x060000  	RETURN
; end of _Lcd_Cmd
_Delay_50us:
;__Lib_Delays.c,458 :: 		void Delay_50us()
;__Lib_Delays.c,460 :: 		Delay_us(50);
0x010A	0x2010A7  	MOV	#266, W7
L_Delay_50us17:
0x010C	0xED200E  	DEC	W7
0x010E	0x3AFFFE  	BRA NZ	L_Delay_50us17
0x0110	0x000000  	NOP
0x0112	0x000000  	NOP
;__Lib_Delays.c,461 :: 		}
L_end_Delay_50us:
0x0114	0x060000  	RETURN
; end of _Delay_50us
_IntToStr:
0x034A	0xFA0000  	LNK	#0
;__Lib_Conversions.c,195 :: 		
;__Lib_Conversions.c,201 :: 		
0x034C	0x781F8A  	PUSH	W10
; negative start address is: 8 (W4)
0x034E	0xEF2008  	CLR	W4
;__Lib_Conversions.c,202 :: 		
; inword start address is: 0 (W0)
0x0350	0x78000A  	MOV	W10, W0
;__Lib_Conversions.c,203 :: 		
0x0352	0xE15060  	CP	W10, #0
0x0354	0x3D0003  	BRA GE	L__IntToStr113
L__IntToStr156:
; inword end address is: 0 (W0)
;__Lib_Conversions.c,204 :: 		
0x0356	0x200014  	MOV	#1, W4
;__Lib_Conversions.c,205 :: 		
; inword start address is: 0 (W0)
0x0358	0x150060  	SUBR	W10, #0, W0
; inword end address is: 0 (W0)
; negative end address is: 8 (W4)
;__Lib_Conversions.c,206 :: 		
0x035A	0x370000  	BRA	L_IntToStr37
L__IntToStr113:
;__Lib_Conversions.c,203 :: 		
;__Lib_Conversions.c,206 :: 		
L_IntToStr37:
;__Lib_Conversions.c,207 :: 		
; inword start address is: 0 (W0)
; negative start address is: 8 (W4)
0x035C	0x780500  	MOV	W0, W10
; inword end address is: 0 (W0)
0x035E	0x07FEE0  	RCALL	_WordToStr
;__Lib_Conversions.c,209 :: 		
; i start address is: 6 (W3)
0x0360	0x200063  	MOV	#6, W3
; negative end address is: 8 (W4)
; i end address is: 6 (W3)
0x0362	0x780104  	MOV	W4, W2
;__Lib_Conversions.c,210 :: 		
L_IntToStr38:
; i start address is: 6 (W3)
; negative start address is: 4 (W2)
0x0364	0xE11860  	CP	W3, #0
0x0366	0x360006  	BRA LEU	L_IntToStr39
L__IntToStr157:
;__Lib_Conversions.c,211 :: 		
0x0368	0x458083  	ADD	W11, W3, W1
0x036A	0x518061  	SUB	W3, #1, W0
0x036C	0x458000  	ADD	W11, W0, W0
0x036E	0x784890  	MOV.B	[W0], [W1]
;__Lib_Conversions.c,212 :: 		
0x0370	0xED2006  	DEC	W3
;__Lib_Conversions.c,213 :: 		
; i end address is: 6 (W3)
0x0372	0x37FFF8  	BRA	L_IntToStr38
L_IntToStr39:
;__Lib_Conversions.c,214 :: 		
0x0374	0xB3C200  	MOV.B	#32, W0
0x0376	0x784D80  	MOV.B	W0, [W11]
;__Lib_Conversions.c,215 :: 		
0x0378	0xE20004  	CP0	W2
0x037A	0x32000C  	BRA Z	L_IntToStr40
L__IntToStr158:
; negative end address is: 4 (W2)
;__Lib_Conversions.c,216 :: 		
; i start address is: 4 (W2)
0x037C	0xEF2004  	CLR	W2
; i end address is: 4 (W2)
;__Lib_Conversions.c,217 :: 		
L_IntToStr41:
; i start address is: 4 (W2)
0x037E	0x458002  	ADD	W11, W2, W0
0x0380	0x784090  	MOV.B	[W0], W1
0x0382	0xB3C200  	MOV.B	#32, W0
0x0384	0xE10C00  	CP.B	W1, W0
0x0386	0x3A0002  	BRA NZ	L_IntToStr42
L__IntToStr159:
; i start address is: 4 (W2)
0x0388	0xEC2004  	INC	W2
; i end address is: 4 (W2)
0x038A	0x37FFF9  	BRA	L_IntToStr41
L_IntToStr42:
;__Lib_Conversions.c,218 :: 		
0x038C	0x510061  	SUB	W2, #1, W0
; i end address is: 4 (W2)
;__Lib_Conversions.c,219 :: 		
0x038E	0x458080  	ADD	W11, W0, W1
0x0390	0xB3C2D0  	MOV.B	#45, W0
0x0392	0x784880  	MOV.B	W0, [W1]
L_IntToStr40:
;__Lib_Conversions.c,220 :: 		
L_end_IntToStr:
0x0394	0x78054F  	POP	W10
0x0396	0xFA8000  	ULNK
0x0398	0x060000  	RETURN
; end of _IntToStr
_WordToStr:
0x0120	0xFA0002  	LNK	#2
;__Lib_Conversions.c,98 :: 		
;__Lib_Conversions.c,103 :: 		
; len start address is: 4 (W2)
0x0122	0xEF2004  	CLR	W2
; len end address is: 4 (W2)
L_WordToStr11:
; len start address is: 4 (W2)
0x0124	0xE11465  	CP.B	W2, #5
0x0126	0x310006  	BRA GEU	L_WordToStr12
L__WordToStr139:
;__Lib_Conversions.c,104 :: 		
0x0128	0xFB8002  	ZE	W2, W0
0x012A	0x458080  	ADD	W11, W0, W1
0x012C	0xB3C200  	MOV.B	#32, W0
0x012E	0x784880  	MOV.B	W0, [W1]
;__Lib_Conversions.c,103 :: 		
0x0130	0xEC6004  	INC.B	W2
;__Lib_Conversions.c,104 :: 		
0x0132	0x37FFF8  	BRA	L_WordToStr11
L_WordToStr12:
;__Lib_Conversions.c,105 :: 		
0x0134	0xFB8002  	ZE	W2, W0
0x0136	0x458080  	ADD	W11, W0, W1
0x0138	0xEF2000  	CLR	W0
0x013A	0x784880  	MOV.B	W0, [W1]
; len start address is: 6 (W3)
0x013C	0x5141E1  	SUB.B	W2, #1, W3
; len end address is: 4 (W2)
; len end address is: 6 (W3)
;__Lib_Conversions.c,107 :: 		
L_WordToStr14:
;__Lib_Conversions.c,108 :: 		
; len start address is: 6 (W3)
0x013E	0xFB8003  	ZE	W3, W0
0x0140	0x458000  	ADD	W11, W0, W0
0x0142	0x980700  	MOV	W0, [W14+0]
0x0144	0x2000A2  	MOV	#10, W2
0x0146	0x090011  	REPEAT	#17
0x0148	0xD88502  	DIV.U	W10, W2
0x014A	0x200300  	MOV	#48, W0
0x014C	0x408080  	ADD	W1, W0, W1
0x014E	0x90000E  	MOV	[W14+0], W0
0x0150	0x784801  	MOV.B	W1, [W0]
;__Lib_Conversions.c,109 :: 		
0x0152	0x2000A2  	MOV	#10, W2
0x0154	0x090011  	REPEAT	#17
0x0156	0xD88502  	DIV.U	W10, W2
0x0158	0x780500  	MOV	W0, W10
;__Lib_Conversions.c,110 :: 		
0x015A	0xE10060  	CP	W0, #0
0x015C	0x3A0001  	BRA NZ	L_WordToStr16
L__WordToStr140:
; len end address is: 6 (W3)
;__Lib_Conversions.c,111 :: 		
0x015E	0x370002  	BRA	L_WordToStr15
L_WordToStr16:
;__Lib_Conversions.c,112 :: 		
; len start address is: 6 (W3)
0x0160	0xED6006  	DEC.B	W3
;__Lib_Conversions.c,113 :: 		
; len end address is: 6 (W3)
0x0162	0x37FFED  	BRA	L_WordToStr14
L_WordToStr15:
;__Lib_Conversions.c,114 :: 		
L_end_WordToStr:
0x0164	0xFA8000  	ULNK
0x0166	0x060000  	RETURN
; end of _WordToStr
_strlen:
0x0334	0xFA0000  	LNK	#0
;__Lib_CString.c,143 :: 		
;__Lib_CString.c,146 :: 		
; cp start address is: 2 (W1)
0x0336	0x78008A  	MOV	W10, W1
; cp end address is: 2 (W1)
;__Lib_CString.c,147 :: 		
L_strlen36:
; cp start address is: 2 (W1)
0x0338	0x780001  	MOV	W1, W0
0x033A	0xEC2002  	INC	W1
0x033C	0xE00410  	CP0.B	[W0]
0x033E	0x320001  	BRA Z	L_strlen37
L__strlen135:
;__Lib_CString.c,148 :: 		
0x0340	0x37FFFB  	BRA	L_strlen36
L_strlen37:
;__Lib_CString.c,149 :: 		
0x0342	0x50800A  	SUB	W1, W10, W0
; cp end address is: 2 (W1)
0x0344	0xED2000  	DEC	W0
;__Lib_CString.c,150 :: 		
L_end_strlen:
0x0346	0xFA8000  	ULNK
0x0348	0x060000  	RETURN
; end of _strlen
_Lcd_Out:
0x01AA	0xFA0000  	LNK	#0
;__Lib_Lcd.c,187 :: 		
;__Lib_Lcd.c,190 :: 		
0x01AC	0x781F8A  	PUSH	W10
0x01AE	0x37000A  	BRA	L_Lcd_Out11
;__Lib_Lcd.c,191 :: 		
L_Lcd_Out13:
0x01B0	0x20080A  	MOV	#128, W10
0x01B2	0x370011  	BRA	L_Lcd_Out12
;__Lib_Lcd.c,192 :: 		
L_Lcd_Out14:
0x01B4	0x200C0A  	MOV	#192, W10
0x01B6	0x37000F  	BRA	L_Lcd_Out12
;__Lib_Lcd.c,193 :: 		
L_Lcd_Out15:
0x01B8	0x20094A  	MOV	#148, W10
0x01BA	0x37000D  	BRA	L_Lcd_Out12
;__Lib_Lcd.c,194 :: 		
L_Lcd_Out16:
0x01BC	0x200D4A  	MOV	#212, W10
0x01BE	0x37000B  	BRA	L_Lcd_Out12
;__Lib_Lcd.c,195 :: 		
L_Lcd_Out17:
0x01C0	0x20080A  	MOV	#128, W10
;__Lib_Lcd.c,196 :: 		
0x01C2	0x370009  	BRA	L_Lcd_Out12
L_Lcd_Out11:
0x01C4	0xE15061  	CP	W10, #1
0x01C6	0x32FFF4  	BRA Z	L_Lcd_Out13
L__Lcd_Out32:
0x01C8	0xE15062  	CP	W10, #2
0x01CA	0x32FFF4  	BRA Z	L_Lcd_Out14
L__Lcd_Out33:
0x01CC	0xE15063  	CP	W10, #3
0x01CE	0x32FFF4  	BRA Z	L_Lcd_Out15
L__Lcd_Out34:
0x01D0	0xE15064  	CP	W10, #4
0x01D2	0x32FFF4  	BRA Z	L_Lcd_Out16
L__Lcd_Out35:
0x01D4	0x37FFF5  	BRA	L_Lcd_Out17
L_Lcd_Out12:
;__Lib_Lcd.c,199 :: 		
0x01D6	0x558061  	SUB	W11, #1, W0
0x01D8	0x450000  	ADD	W10, W0, W0
0x01DA	0x780500  	MOV	W0, W10
;__Lib_Lcd.c,201 :: 		
0x01DC	0x784500  	MOV.B	W0, W10
0x01DE	0x070074  	RCALL	_Lcd_Cmd
;__Lib_Lcd.c,202 :: 		
0x01E0	0x209420  	MOV	#lo_addr(__Lib_Lcd_cmd_status), W0
0x01E2	0xA10010  	BCLR	[W0], BitPos(__Lib_Lcd_cmd_status+0)
;__Lib_Lcd.c,203 :: 		
; i start address is: 4 (W2)
0x01E4	0xEF2004  	CLR	W2
; i end address is: 4 (W2)
;__Lib_Lcd.c,204 :: 		
L_Lcd_Out18:
; i start address is: 4 (W2)
0x01E6	0x460002  	ADD	W12, W2, W0
0x01E8	0xE00410  	CP0.B	[W0]
0x01EA	0x320007  	BRA Z	L_Lcd_Out19
L__Lcd_Out36:
;__Lib_Lcd.c,205 :: 		
0x01EC	0x460002  	ADD	W12, W2, W0
0x01EE	0x781F8A  	PUSH	W10
0x01F0	0x784510  	MOV.B	[W0], W10
0x01F2	0x07FFBA  	RCALL	_Lcd_Chr_CP
0x01F4	0x78054F  	POP	W10
0x01F6	0xEC2004  	INC	W2
; i end address is: 4 (W2)
0x01F8	0x37FFF6  	BRA	L_Lcd_Out18
L_Lcd_Out19:
;__Lib_Lcd.c,206 :: 		
0x01FA	0x209420  	MOV	#lo_addr(__Lib_Lcd_cmd_status), W0
0x01FC	0xA00010  	BSET	[W0], BitPos(__Lib_Lcd_cmd_status+0)
;__Lib_Lcd.c,207 :: 		
L_end_Lcd_Out:
0x01FE	0x78054F  	POP	W10
0x0200	0xFA8000  	ULNK
0x0202	0x060000  	RETURN
; end of _Lcd_Out
_Lcd_Chr_CP:
0x0168	0xFA0000  	LNK	#0
;__Lib_Lcd.c,67 :: 		
;__Lib_Lcd.c,69 :: 		
0x016A	0x209420  	MOV	#lo_addr(__Lib_Lcd_cmd_status), W0
0x016C	0xA10010  	BCLR	[W0], BitPos(__Lib_Lcd_cmd_status+0)
;__Lib_Lcd.c,70 :: 		
0x016E	0x0700AC  	RCALL	_Lcd_Cmd
;__Lib_Lcd.c,71 :: 		
0x0170	0x209420  	MOV	#lo_addr(__Lib_Lcd_cmd_status), W0
0x0172	0xA00010  	BSET	[W0], BitPos(__Lib_Lcd_cmd_status+0)
;__Lib_Lcd.c,72 :: 		
L_end_Lcd_Chr_CP:
0x0174	0xFA8000  	ULNK
0x0176	0x060000  	RETURN
; end of _Lcd_Chr_CP
_strcmp:
0x0204	0xFA0000  	LNK	#0
;__Lib_CString.c,122 :: 		
;__Lib_CString.c,124 :: 		
L_strcmp30:
0x0206	0xE0041A  	CP0.B	[W10]
0x0208	0x320008  	BRA Z	L__strcmp88
L__strcmp130:
0x020A	0x78401A  	MOV.B	[W10], W0
0x020C	0xE1041B  	CP.B	W0, [W11]
0x020E	0x3A0005  	BRA NZ	L__strcmp87
L__strcmp131:
L__strcmp86:
;__Lib_CString.c,125 :: 		
0x0210	0x450061  	ADD	W10, #1, W0
0x0212	0x780500  	MOV	W0, W10
0x0214	0x458061  	ADD	W11, #1, W0
0x0216	0x780580  	MOV	W0, W11
0x0218	0x37FFF6  	BRA	L_strcmp30
;__Lib_CString.c,124 :: 		
L__strcmp88:
L__strcmp87:
;__Lib_CString.c,127 :: 		
0x021A	0x78401B  	MOV.B	[W11], W0
0x021C	0xFB809A  	ZE	[W10], W1
0x021E	0xFB8000  	ZE	W0, W0
0x0220	0x508000  	SUB	W1, W0, W0
;__Lib_CString.c,128 :: 		
L_end_strcmp:
0x0222	0xFA8000  	ULNK
0x0224	0x060000  	RETURN
; end of _strcmp
_enviar_string:
;Q1.c,61 :: 		void enviar_string(unsigned char *s){
;Q1.c,62 :: 		cont_str = 0;
0x0226	0xEF2000  	CLR	W0
0x0228	0x884A30  	MOV	W0, _cont_str
;Q1.c,63 :: 		while(s[cont_str]){
L_enviar_string2:
0x022A	0x209460  	MOV	#lo_addr(_cont_str), W0
0x022C	0x450010  	ADD	W10, [W0], W0
0x022E	0xE00410  	CP0.B	[W0]
0x0230	0x32000A  	BRA Z	L_enviar_string3
L__enviar_string24:
;Q1.c,64 :: 		enviar_char(s[cont_str++]);
0x0232	0x209460  	MOV	#lo_addr(_cont_str), W0
0x0234	0x450010  	ADD	W10, [W0], W0
0x0236	0x781F8A  	PUSH	W10
0x0238	0x784510  	MOV.B	[W0], W10
0x023A	0x07FFA4  	RCALL	_enviar_char
0x023C	0x78054F  	POP	W10
0x023E	0x200011  	MOV	#1, W1
0x0240	0x209460  	MOV	#lo_addr(_cont_str), W0
0x0242	0x408810  	ADD	W1, [W0], [W0]
;Q1.c,65 :: 		}
0x0244	0x37FFF2  	BRA	L_enviar_string2
L_enviar_string3:
;Q1.c,66 :: 		}
L_end_enviar_string:
0x0246	0x060000  	RETURN
; end of _enviar_string
_enviar_char:
;Q1.c,55 :: 		void enviar_char(unsigned char c){
;Q1.c,56 :: 		while(U2STAbits.UTXBF);
L_enviar_char0:
0x0184	0xAE2219  	BTSS	U2STAbits, #9
0x0186	0x370001  	BRA	L_enviar_char1
0x0188	0x37FFFD  	BRA	L_enviar_char0
L_enviar_char1:
;Q1.c,57 :: 		U2TXREG = c;
0x018A	0xFB800A  	ZE	W10, W0
0x018C	0xB7A21A  	MOV	WREG, U2TXREG
;Q1.c,58 :: 		}
L_end_enviar_char:
0x018E	0x060000  	RETURN
; end of _enviar_char
_receber_char:
;Q1.c,69 :: 		unsigned char receber_char(){
;Q1.c,71 :: 		while(!U2STAbits.URXDA);
L_receber_char4:
0x019E	0xAF0218  	BTSC	U2STAbits, #0
0x01A0	0x370001  	BRA	L_receber_char5
0x01A2	0x37FFFD  	BRA	L_receber_char4
L_receber_char5:
;Q1.c,72 :: 		c = U2RXREG;
; c start address is: 2 (W1)
0x01A4	0x8010E1  	MOV	U2RXREG, W1
;Q1.c,73 :: 		return c;
0x01A6	0x784001  	MOV.B	W1, W0
; c end address is: 2 (W1)
;Q1.c,74 :: 		}
L_end_receber_char:
0x01A8	0x060000  	RETURN
; end of _receber_char
0x0574	0x20800A  	MOV	#2048, W10
0x0576	0x20000B  	MOV	#0, W11
0x0578	0x0900A3  	REPEAT	#163
0x057A	0x781D0B  	MOV	W11, [W10++]
0x057C	0x060000  	RETURN
0x057E	0x208001  	MOV	#lo_addr(_pC4), W1
0x0580	0x284480  	MOV	#33864, W0
0x0582	0x090095  	REPEAT	#149
0x0584	0x7818B0  	MOV	[W0++], [W1++]
0x0586	0x060000  	RETURN
_Tx_serial2:
0x039A	0xF80034  	PUSH	PSVPAG
0x039C	0xF80036  	PUSH	RCOUNT
0x039E	0x781F80  	PUSH	W0
0x03A0	0x200020  	MOV	#2, W0
0x03A2	0x09000C  	REPEAT	#12
0x03A4	0x781FB0  	PUSH	[W0++]
;Q1.c,18 :: 		void Tx_serial2() iv IVT_ADDR_U2TXINTERRUPT{
;Q1.c,20 :: 		IFS1bits.U2TXIF = 0;
0x03A6	0xA92087  	BCLR	IFS1bits, #9
;Q1.c,21 :: 		}
L_end_Tx_serial2:
0x03A8	0x2001A0  	MOV	#26, W0
0x03AA	0x09000C  	REPEAT	#12
0x03AC	0x78104F  	POP	[W0--]
0x03AE	0x78004F  	POP	W0
0x03B0	0xF90036  	POP	RCOUNT
0x03B2	0xF90034  	POP	PSVPAG
0x03B4	0x064000  	RETFIE
; end of _Tx_serial2
;Q1.c,0 :: ?ICS_pC4 [100]
0x0448	0x5750 ;?ICS_pC4+0
0x044A	0x004D ;?ICS_pC4+2
0x044C	0x0000 ;?ICS_pC4+4
0x044E	0x0000 ;?ICS_pC4+6
0x0450	0x0000 ;?ICS_pC4+8
0x0452	0x0000 ;?ICS_pC4+10
0x0454	0x0000 ;?ICS_pC4+12
0x0456	0x0000 ;?ICS_pC4+14
0x0458	0x0000 ;?ICS_pC4+16
0x045A	0x0000 ;?ICS_pC4+18
0x045C	0x0000 ;?ICS_pC4+20
0x045E	0x0000 ;?ICS_pC4+22
0x0460	0x0000 ;?ICS_pC4+24
0x0462	0x0000 ;?ICS_pC4+26
0x0464	0x0000 ;?ICS_pC4+28
0x0466	0x0000 ;?ICS_pC4+30
0x0468	0x0000 ;?ICS_pC4+32
0x046A	0x0000 ;?ICS_pC4+34
0x046C	0x0000 ;?ICS_pC4+36
0x046E	0x0000 ;?ICS_pC4+38
0x0470	0x0000 ;?ICS_pC4+40
0x0472	0x0000 ;?ICS_pC4+42
0x0474	0x0000 ;?ICS_pC4+44
0x0476	0x0000 ;?ICS_pC4+46
0x0478	0x0000 ;?ICS_pC4+48
0x047A	0x0000 ;?ICS_pC4+50
0x047C	0x0000 ;?ICS_pC4+52
0x047E	0x0000 ;?ICS_pC4+54
0x0480	0x0000 ;?ICS_pC4+56
0x0482	0x0000 ;?ICS_pC4+58
0x0484	0x0000 ;?ICS_pC4+60
0x0486	0x0000 ;?ICS_pC4+62
0x0488	0x0000 ;?ICS_pC4+64
0x048A	0x0000 ;?ICS_pC4+66
0x048C	0x0000 ;?ICS_pC4+68
0x048E	0x0000 ;?ICS_pC4+70
0x0490	0x0000 ;?ICS_pC4+72
0x0492	0x0000 ;?ICS_pC4+74
0x0494	0x0000 ;?ICS_pC4+76
0x0496	0x0000 ;?ICS_pC4+78
0x0498	0x0000 ;?ICS_pC4+80
0x049A	0x0000 ;?ICS_pC4+82
0x049C	0x0000 ;?ICS_pC4+84
0x049E	0x0000 ;?ICS_pC4+86
0x04A0	0x0000 ;?ICS_pC4+88
0x04A2	0x0000 ;?ICS_pC4+90
0x04A4	0x0000 ;?ICS_pC4+92
0x04A6	0x0000 ;?ICS_pC4+94
0x04A8	0x0000 ;?ICS_pC4+96
0x04AA	0x0000 ;?ICS_pC4+98
; end of ?ICS_pC4
;Q1.c,0 :: ?ICS_mC4 [100]
0x04AC	0x624F ;?ICS_mC4+0
0x04AE	0x6972 ;?ICS_mC4+2
0x04B0	0x6167 ;?ICS_mC4+4
0x04B2	0x6F64 ;?ICS_mC4+6
0x04B4	0x2021 ;?ICS_mC4+8
0x04B6	0x6944 ;?ICS_mC4+10
0x04B8	0x6967 ;?ICS_mC4+12
0x04BA	0x6574 ;?ICS_mC4+14
0x04BC	0x5020 ;?ICS_mC4+16
0x04BE	0x5241 ;?ICS_mC4+18
0x04C0	0x5241 ;?ICS_mC4+20
0x04C2	0x7020 ;?ICS_mC4+22
0x04C4	0x7261 ;?ICS_mC4+24
0x04C6	0x2061 ;?ICS_mC4+26
0x04C8	0x7027 ;?ICS_mC4+28
0x04CA	0x7261 ;?ICS_mC4+30
0x04CC	0x7261 ;?ICS_mC4+32
0x04CE	0x2027 ;?ICS_mC4+34
0x04D0	0x2065 ;?ICS_mC4+36
0x04D2	0x7061 ;?ICS_mC4+38
0x04D4	0x7469 ;?ICS_mC4+40
0x04D6	0x7261 ;?ICS_mC4+42
0x04D8	0x6F20 ;?ICS_mC4+44
0x04DA	0x4220 ;?ICS_mC4+46
0x04DC	0x7A75 ;?ICS_mC4+48
0x04DE	0x657A ;?ICS_mC4+50
0x04E0	0x2172 ;?ICS_mC4+52
0x04E2	0x0A0D ;?ICS_mC4+54
0x04E4	0x0000 ;?ICS_mC4+56
0x04E6	0x0000 ;?ICS_mC4+58
0x04E8	0x0000 ;?ICS_mC4+60
0x04EA	0x0000 ;?ICS_mC4+62
0x04EC	0x0000 ;?ICS_mC4+64
0x04EE	0x0000 ;?ICS_mC4+66
0x04F0	0x0000 ;?ICS_mC4+68
0x04F2	0x0000 ;?ICS_mC4+70
0x04F4	0x0000 ;?ICS_mC4+72
0x04F6	0x0000 ;?ICS_mC4+74
0x04F8	0x0000 ;?ICS_mC4+76
0x04FA	0x0000 ;?ICS_mC4+78
0x04FC	0x0000 ;?ICS_mC4+80
0x04FE	0x0000 ;?ICS_mC4+82
0x0500	0x0000 ;?ICS_mC4+84
0x0502	0x0000 ;?ICS_mC4+86
0x0504	0x0000 ;?ICS_mC4+88
0x0506	0x0000 ;?ICS_mC4+90
0x0508	0x0000 ;?ICS_mC4+92
0x050A	0x0000 ;?ICS_mC4+94
0x050C	0x0000 ;?ICS_mC4+96
0x050E	0x0000 ;?ICS_mC4+98
; end of ?ICS_mC4
;Q1.c,0 :: ?ICS_mC1 [100]
0x0510	0x694F ;?ICS_mC1+0
0x0512	0x202C ;?ICS_mC1+2
0x0514	0x4350 ;?ICS_mC1+4
0x0516	0x7420 ;?ICS_mC1+6
0x0518	0x6475 ;?ICS_mC1+8
0x051A	0x206F ;?ICS_mC1+10
0x051C	0x6562 ;?ICS_mC1+12
0x051E	0x3F6D ;?ICS_mC1+14
0x0520	0x0A0D ;?ICS_mC1+16
0x0522	0x0000 ;?ICS_mC1+18
0x0524	0x0000 ;?ICS_mC1+20
0x0526	0x0000 ;?ICS_mC1+22
0x0528	0x0000 ;?ICS_mC1+24
0x052A	0x0000 ;?ICS_mC1+26
0x052C	0x0000 ;?ICS_mC1+28
0x052E	0x0000 ;?ICS_mC1+30
0x0530	0x0000 ;?ICS_mC1+32
0x0532	0x0000 ;?ICS_mC1+34
0x0534	0x0000 ;?ICS_mC1+36
0x0536	0x0000 ;?ICS_mC1+38
0x0538	0x0000 ;?ICS_mC1+40
0x053A	0x0000 ;?ICS_mC1+42
0x053C	0x0000 ;?ICS_mC1+44
0x053E	0x0000 ;?ICS_mC1+46
0x0540	0x0000 ;?ICS_mC1+48
0x0542	0x0000 ;?ICS_mC1+50
0x0544	0x0000 ;?ICS_mC1+52
0x0546	0x0000 ;?ICS_mC1+54
0x0548	0x0000 ;?ICS_mC1+56
0x054A	0x0000 ;?ICS_mC1+58
0x054C	0x0000 ;?ICS_mC1+60
0x054E	0x0000 ;?ICS_mC1+62
0x0550	0x0000 ;?ICS_mC1+64
0x0552	0x0000 ;?ICS_mC1+66
0x0554	0x0000 ;?ICS_mC1+68
0x0556	0x0000 ;?ICS_mC1+70
0x0558	0x0000 ;?ICS_mC1+72
0x055A	0x0000 ;?ICS_mC1+74
0x055C	0x0000 ;?ICS_mC1+76
0x055E	0x0000 ;?ICS_mC1+78
0x0560	0x0000 ;?ICS_mC1+80
0x0562	0x0000 ;?ICS_mC1+82
0x0564	0x0000 ;?ICS_mC1+84
0x0566	0x0000 ;?ICS_mC1+86
0x0568	0x0000 ;?ICS_mC1+88
0x056A	0x0000 ;?ICS_mC1+90
0x056C	0x0000 ;?ICS_mC1+92
0x056E	0x0000 ;?ICS_mC1+94
0x0570	0x0000 ;?ICS_mC1+96
0x0572	0x0000 ;?ICS_mC1+98
; end of ?ICS_mC1
Symbol List:
//** Routines locations **
//ADDRESS    SIZE    PROCEDURE
//----------------------------------------------
0x0100      [10]    _Delay_1us
0x010A      [12]    _Delay_50us
0x0116      [10]    _Delay_5500us
0x0120      [72]    _WordToStr
0x0168      [16]    _Lcd_Chr_CP
0x0178      [12]    _Delay_8ms
0x0184      [12]    _enviar_char
0x0190      [14]    __Lib_Lcd_Strobe
0x019E      [12]    _receber_char
0x01AA      [90]    _Lcd_Out
0x0204      [34]    _strcmp
0x0226      [34]    _enviar_string
0x0248     [106]    _Lcd_Init
0x02B2      [22]    _init_uart2
0x02C8     [108]    _Lcd_Cmd
0x0334      [22]    _strlen
0x034A      [80]    _IntToStr
0x039A      [28]    _Tx_serial2
0x03B6     [146]    _main
//** Variables locations ** 
//ADDRESS    SIZE    VARIABLE
//----------------------------------------------
0x0086       [2]    IFS1bits
0x0218       [2]    U2STA
0x0216       [2]    U2MODE
0x02DC       [0]    LCD_EN
0x0216       [2]    U2MODEbits
0x008E       [2]    IEC1bits
0x092C      [20]    _txt
0x021E       [2]    U2BRG
0x0940       [1]    _tmp
0x02DC       [0]    LCD_D6
0x02DC       [0]    LCD_D7
0x02DC       [0]    LCD_RS
0x0942       [0]    __Lib_Lcd_cmd_status
0x02DC       [0]    LCD_D4
0x02DC       [0]    LCD_D5
0x02D8       [0]    LCD_D4_Direction
0x02D8       [0]    LCD_RS_Direction
0x02D8       [0]    LCD_EN_Direction
0x02D8       [0]    LCD_D7_Direction
0x02D8       [0]    LCD_D6_Direction
0x02D8       [0]    LCD_D5_Direction
0x02D8       [0]    TRISE3_bit
0x02D8       [0]    TRISE5_bit
0x02D8       [0]    TRISE4_bit
0x02D8       [0]    TRISE0_bit
0x02D8       [0]    TRISE1_bit
0x02D8       [0]    TRISE2_bit
0x02DC       [0]    LATE1_bit
0x02DC       [0]    LATE0_bit
0x02DC       [0]    LATE4_bit
0x02DC       [0]    LATE5_bit
0x02DC       [0]    LATE3_bit
0x02DC       [0]    LATE2_bit
0x0084       [2]    IFS0
0x008C       [2]    IEC0bits
0x02CA       [2]    LATB
0x0944       [2]    _valor
0x0104       [2]    T1CON
0x0102       [2]    PR1
0x0946       [2]    _cont_str
0x021A       [2]    U2TXREG
0x0218       [2]    U2STAbits
0x02C6       [2]    TRISB
0x02A8       [2]    ADPCFG
0x021C       [2]    U2RXREG
0x0800     [100]    _pC4
0x0864     [100]    _mC4
0x08C8     [100]    _mC1
0x0084       [2]    IFS0
0x0102       [2]    PR1
0x0104       [2]    T1CON
0x0014       [2]    FARG_WordToStr_input
0x0016       [2]    FARG_WordToStr_output
0x0014       [1]    FARG_Lcd_Chr_CP_out_char
0x0014       [1]    FARG_enviar_char_c
0x0014       [2]    FARG_Lcd_Out_row
0x0016       [2]    FARG_Lcd_Out_column
0x0018       [2]    FARG_Lcd_Out_text
0x0014       [2]    FARG_strcmp_s1
0x0016       [2]    FARG_strcmp_s2
0x0216       [2]    U2MODE
0x0218       [2]    U2STA
0x021A       [2]    U2TXREG
0x021C       [2]    U2RXREG
0x021E       [2]    U2BRG
0x0014       [2]    FARG_enviar_string_s
0x02A8       [2]    ADPCFG
0x0014       [1]    FARG_init_uart2_baud_rate
0x02C6       [2]    TRISB
0x0014       [1]    FARG_Lcd_Cmd_out_char
0x02CA       [2]    LATB
0x0014       [2]    FARG_strlen_s
0x0014       [2]    FARG_IntToStr_input
0x0016       [2]    FARG_IntToStr_output
//** Constants locations ** 
//ADDRESS    SIZE    CONSTANT
//----------------------------------------------
0x0448     [100]    ?ICS_pC4
0x04AC     [100]    ?ICS_mC4
0x0510     [100]    ?ICS_mC1
