;  LST file generated by mikroListExporter - v.2.0 
; Date/Time: 06/12/2019 08:16:17
;----------------------------------------------

;Address Opcode 	ASM
0x0000	0x000000040120  	GOTO	_main
0x0004	0x000000  	0
0x0006	0x000000  	0
0x0008	0x000000  	0
0x000A	0x000000  	0
0x000C	0x000000  	0
0x000E	0x000000  	0
0x0010	0x000000  	0
0x0012	0x000000  	0
0x0014	0x000000  	0
0x0016	0x000000  	0
0x0018	0x000000  	0
0x001A	0x000100  	256
0x001C	0x000000  	0
0x001E	0x000000  	0
0x0020	0x000000  	0
0x0022	0x000000  	0
0x0024	0x000000  	0
0x0026	0x000000  	0
0x0028	0x000000  	0
0x002A	0x000000  	0
0x002C	0x000000  	0
0x002E	0x000000  	0
0x0030	0x000000  	0
0x0032	0x000000  	0
0x0034	0x000000  	0
0x0036	0x000000  	0
0x0038	0x000000  	0
0x003A	0x000000  	0
0x003C	0x000000  	0
0x003E	0x000000  	0
0x0040	0x000000  	0
0x0042	0x000000  	0
0x0044	0x000000  	0
0x0046	0x000000  	0
0x0048	0x000000  	0
0x004A	0x000000  	0
0x004C	0x000000  	0
0x004E	0x000000  	0
0x0050	0x000000  	0
0x0052	0x000000  	0
0x0054	0x000000  	0
0x0056	0x000000  	0
0x0058	0x000000  	0
0x005A	0x000000  	0
0x005C	0x000000  	0
0x005E	0x000000  	0
0x0060	0x000000  	0
0x0062	0x000000  	0
0x0064	0x000000  	0
0x0066	0x000000  	0
0x0068	0x000000  	0
0x006A	0x000000  	0
0x006C	0x000000  	0
0x006E	0x000000  	0
0x0070	0x000000  	0
0x0072	0x000000  	0
0x0074	0x000000  	0
0x0076	0x000000  	0
0x0078	0x000000  	0
0x007A	0x000000  	0
0x007C	0x000000  	0
0x007E	0x000000  	0
0x0080	0x000000  	0
0x0082	0x000000  	0
0x0084	0x000000  	0
0x0086	0x000000  	0
0x0088	0x000000  	0
0x008A	0x000000  	0
0x008C	0x000000  	0
0x008E	0x000000  	0
0x0090	0x000000  	0
0x0092	0x000000  	0
0x0094	0x000000  	0
0x0096	0x000000  	0
0x0098	0x000000  	0
0x009A	0x000000  	0
0x009C	0x000000  	0
0x009E	0x000000  	0
0x00A0	0x000000  	0
0x00A2	0x000000  	0
0x00A4	0x000000  	0
0x00A6	0x000000  	0
0x00A8	0x000000  	0
0x00AA	0x000000  	0
0x00AC	0x000000  	0
0x00AE	0x000000  	0
0x00B0	0x000000  	0
0x00B2	0x000000  	0
0x00B4	0x000000  	0
0x00B6	0x000000  	0
0x00B8	0x000000  	0
0x00BA	0x000000  	0
0x00BC	0x000000  	0
0x00BE	0x000000  	0
0x00C0	0x000000  	0
0x00C2	0x000000  	0
0x00C4	0x000000  	0
0x00C6	0x000000  	0
0x00C8	0x000000  	0
0x00CA	0x000000  	0
0x00CC	0x000000  	0
0x00CE	0x000000  	0
0x00D0	0x000000  	0
0x00D2	0x000000  	0
0x00D4	0x000000  	0
0x00D6	0x000000  	0
0x00D8	0x000000  	0
0x00DA	0x000000  	0
0x00DC	0x000000  	0
0x00DE	0x000000  	0
0x00E0	0x000000  	0
0x00E2	0x000000  	0
0x00E4	0x000000  	0
0x00E6	0x000000  	0
0x00E8	0x000000  	0
0x00EA	0x000000  	0
0x00EC	0x000000  	0
0x00EE	0x000000  	0
0x00F0	0x000000  	0
0x00F2	0x000000  	0
0x00F4	0x000000  	0
0x00F6	0x000000  	0
0x00F8	0x000000  	0
0x00FA	0x000000  	0
0x00FC	0x000000  	0
0x00FE	0x000000  	0
_main:
0x0120	0x20802F  	MOV	#2050, W15
0x0122	0x20FFF0  	MOV	#4095, W0
0x0124	0xB7A020  	MOV	WREG, SPLIM
0x0126	0x200000  	MOV	#0, W0
0x0128	0xB7A034  	MOV	WREG, PSVPAG
0x012A	0x200040  	MOV	#4, W0
0x012C	0xB72044  	IOR	CORCON
0x012E	0x00000002015A  	CALL	346
;timer1.c,9 :: 		void main() {
;timer1.c,10 :: 		ADPCFG=0xFFFF;
0x0132	0x2FFFF0  	MOV	#65535, W0
0x0134	0xB7A2A8  	MOV	WREG, ADPCFG
;timer1.c,11 :: 		TRISB=0;
0x0136	0xEF22C6  	CLR	TRISB
;timer1.c,12 :: 		TMR1=0;
0x0138	0xEF2100  	CLR	TMR1
;timer1.c,13 :: 		IFS0=0;
0x013A	0xEF2084  	CLR	IFS0
;timer1.c,14 :: 		IEC0=0x0008;
0x013C	0x200080  	MOV	#8, W0
0x013E	0xB7A08C  	MOV	WREG, IEC0
;timer1.c,15 :: 		PR1=31250;
0x0140	0x27A120  	MOV	#31250, W0
0x0142	0xB7A102  	MOV	WREG, PR1
;timer1.c,16 :: 		T1CON=0x8030;
0x0144	0x280300  	MOV	#32816, W0
0x0146	0xB7A104  	MOV	WREG, T1CON
;timer1.c,17 :: 		while(1){
L_main0:
;timer1.c,18 :: 		if (ti == 0){
0x0148	0x804000  	MOV	_ti, W0
0x014A	0xE10060  	CP	W0, #0
0x014C	0x3A0002  	BRA NZ	L_main2
L__main6:
;timer1.c,19 :: 		LATB= 0;
0x014E	0xEF22CA  	CLR	LATB
;timer1.c,20 :: 		}else{
0x0150	0x370002  	BRA	L_main3
L_main2:
;timer1.c,21 :: 		LATB=1;
0x0152	0x200010  	MOV	#1, W0
0x0154	0xB7A2CA  	MOV	WREG, LATB
;timer1.c,22 :: 		}
L_main3:
;timer1.c,23 :: 		}
0x0156	0x37FFF8  	BRA	L_main0
;timer1.c,24 :: 		}
L_end_main:
L__main_end_loop:
0x0158	0x37FFFF  	BRA	L__main_end_loop
; end of _main
0x015A	0x20800A  	MOV	#2048, W10
0x015C	0x20000B  	MOV	#0, W11
0x015E	0x090000  	REPEAT	#0
0x0160	0x781D0B  	MOV	W11, [W10++]
0x0162	0x060000  	RETURN
_relogio:
0x0100	0xF80034  	PUSH	PSVPAG
0x0102	0xF80036  	PUSH	RCOUNT
0x0104	0x781F80  	PUSH	W0
0x0106	0x200020  	MOV	#2, W0
0x0108	0x09000C  	REPEAT	#12
0x010A	0x781FB0  	PUSH	[W0++]
;timer1.c,3 :: 		void relogio() iv IVT_ADDR_T1INTERRUPT {
;timer1.c,5 :: 		ti = ~ti;
0x010C	0x208000  	MOV	#lo_addr(_ti), W0
0x010E	0xEA8810  	COM	[W0], [W0]
;timer1.c,6 :: 		IFS0 = 0;
0x0110	0xEF2084  	CLR	IFS0
;timer1.c,7 :: 		}
L_end_relogio:
0x0112	0x2001A0  	MOV	#26, W0
0x0114	0x09000C  	REPEAT	#12
0x0116	0x78104F  	POP	[W0--]
0x0118	0x78004F  	POP	W0
0x011A	0xF90036  	POP	RCOUNT
0x011C	0xF90034  	POP	PSVPAG
0x011E	0x064000  	RETFIE
; end of _relogio
Symbol List:
//** Routines locations **
//ADDRESS    SIZE    PROCEDURE
//----------------------------------------------
0x0100      [32]    _relogio
0x0120      [58]    _main
//** Variables locations ** 
//ADDRESS    SIZE    VARIABLE
//----------------------------------------------
0x0104       [2]    T1CON
0x0102       [2]    PR1
0x02CA       [2]    LATB
0x0800       [2]    _ti
0x008C       [2]    IEC0
0x02C6       [2]    TRISB
0x02A8       [2]    ADPCFG
0x0084       [2]    IFS0
0x0100       [2]    TMR1
0x0084       [2]    IFS0
0x008C       [2]    IEC0
0x0100       [2]    TMR1
0x0102       [2]    PR1
0x0104       [2]    T1CON
0x02A8       [2]    ADPCFG
0x02C6       [2]    TRISB
0x02CA       [2]    LATB
