;  LST file generated by mikroListExporter - v.2.0 
; Date/Time: 19/11/2019 15:52:51
;----------------------------------------------

;Address Opcode 	ASM
0x0000	0x000000040356  	GOTO	_main
0x0004	0x000000  	0
0x0006	0x000000  	0
0x0008	0x000000  	0
0x000A	0x000000  	0
0x000C	0x000000  	0
0x000E	0x000000  	0
0x0010	0x000000  	0
0x0012	0x000000  	0
0x0014	0x000000  	0
0x0016	0x000000  	0
0x0018	0x000000  	0
0x001A	0x000000  	0
0x001C	0x000000  	0
0x001E	0x000000  	0
0x0020	0x000000  	0
0x0022	0x000000  	0
0x0024	0x000000  	0
0x0026	0x000000  	0
0x0028	0x000000  	0
0x002A	0x000000  	0
0x002C	0x000000  	0
0x002E	0x000000  	0
0x0030	0x000000  	0
0x0032	0x000000  	0
0x0034	0x000000  	0
0x0036	0x000000  	0
0x0038	0x000000  	0
0x003A	0x000000  	0
0x003C	0x000000  	0
0x003E	0x000000  	0
0x0040	0x000000  	0
0x0042	0x000000  	0
0x0044	0x000000  	0
0x0046	0x000000  	0
0x0048	0x000000  	0
0x004A	0x000000  	0
0x004C	0x000000  	0
0x004E	0x000000  	0
0x0050	0x000000  	0
0x0052	0x000000  	0
0x0054	0x000000  	0
0x0056	0x000000  	0
0x0058	0x000000  	0
0x005A	0x000000  	0
0x005C	0x000000  	0
0x005E	0x000000  	0
0x0060	0x000000  	0
0x0062	0x000000  	0
0x0064	0x000000  	0
0x0066	0x000000  	0
0x0068	0x000000  	0
0x006A	0x000000  	0
0x006C	0x000000  	0
0x006E	0x000000  	0
0x0070	0x000000  	0
0x0072	0x000000  	0
0x0074	0x000000  	0
0x0076	0x000000  	0
0x0078	0x000000  	0
0x007A	0x000000  	0
0x007C	0x000000  	0
0x007E	0x000000  	0
0x0080	0x000000  	0
0x0082	0x000000  	0
0x0084	0x000000  	0
0x0086	0x000000  	0
0x0088	0x000000  	0
0x008A	0x000000  	0
0x008C	0x000000  	0
0x008E	0x000000  	0
0x0090	0x000000  	0
0x0092	0x000000  	0
0x0094	0x000000  	0
0x0096	0x000000  	0
0x0098	0x000000  	0
0x009A	0x000000  	0
0x009C	0x000000  	0
0x009E	0x000000  	0
0x00A0	0x000000  	0
0x00A2	0x000000  	0
0x00A4	0x000000  	0
0x00A6	0x000000  	0
0x00A8	0x000000  	0
0x00AA	0x000000  	0
0x00AC	0x000000  	0
0x00AE	0x000000  	0
0x00B0	0x000000  	0
0x00B2	0x000000  	0
0x00B4	0x000000  	0
0x00B6	0x000000  	0
0x00B8	0x000000  	0
0x00BA	0x000000  	0
0x00BC	0x000000  	0
0x00BE	0x000000  	0
0x00C0	0x000000  	0
0x00C2	0x000000  	0
0x00C4	0x000000  	0
0x00C6	0x000000  	0
0x00C8	0x000000  	0
0x00CA	0x000000  	0
0x00CC	0x000000  	0
0x00CE	0x000000  	0
0x00D0	0x000000  	0
0x00D2	0x000000  	0
0x00D4	0x000000  	0
0x00D6	0x000000  	0
0x00D8	0x000000  	0
0x00DA	0x000000  	0
0x00DC	0x000000  	0
0x00DE	0x000000  	0
0x00E0	0x000000  	0
0x00E2	0x000000  	0
0x00E4	0x000000  	0
0x00E6	0x000000  	0
0x00E8	0x000000  	0
0x00EA	0x000000  	0
0x00EC	0x000000  	0
0x00EE	0x000000  	0
0x00F0	0x000000  	0
0x00F2	0x000000  	0
0x00F4	0x000000  	0
0x00F6	0x000000  	0
0x00F8	0x000000  	0
0x00FA	0x000000  	0
0x00FC	0x000000  	0
0x00FE	0x000000  	0
_main:
0x0356	0x20812F  	MOV	#2066, W15
0x0358	0x20FFF0  	MOV	#4095, W0
0x035A	0xB7A020  	MOV	WREG, SPLIM
0x035C	0x200000  	MOV	#0, W0
0x035E	0xB7A034  	MOV	WREG, PSVPAG
0x0360	0x200040  	MOV	#4, W0
0x0362	0xB72044  	IOR	CORCON
0x0364	0x000000020396  	CALL	918
0x0368	0x0000000203A0  	CALL	928
;lab1.c,16 :: 		void main() {
;lab1.c,18 :: 		ADPCFG=0xFFFF;
0x036C	0x2FFFF0  	MOV	#65535, W0
0x036E	0xB7A2A8  	MOV	WREG, ADPCFG
;lab1.c,19 :: 		TRISB=0;
0x0370	0xEF22C6  	CLR	TRISB
;lab1.c,20 :: 		TRISD=0;
0x0372	0xEF22D2  	CLR	TRISD
;lab1.c,22 :: 		while(1){
L_main0:
;lab1.c,23 :: 		leitor();
0x0374	0x07FFC6  	RCALL	_leitor
;lab1.c,24 :: 		Delay_ms(5);
0x0376	0x2682A7  	MOV	#26666, W7
L_main2:
0x0378	0xED200E  	DEC	W7
0x037A	0x3AFFFE  	BRA NZ	L_main2
0x037C	0x000000  	NOP
0x037E	0x000000  	NOP
;lab1.c,25 :: 		conv_char_to_hexa();
0x0380	0x07FFA3  	RCALL	_conv_char_to_hexa
;lab1.c,26 :: 		}
0x0382	0x37FFF8  	BRA	L_main0
;lab1.c,27 :: 		}
L_end_main:
L__main_end_loop:
0x0384	0x37FFFF  	BRA	L__main_end_loop
; end of _main
_leitor:
;lab1.c,40 :: 		void leitor(){
;lab1.c,42 :: 		for(i=0;i < 4;i++){
0x0302	0xEF2000  	CLR	W0
0x0304	0x884050  	MOV	W0, _i
L_leitor4:
0x0306	0x804050  	MOV	_i, W0
0x0308	0xE10064  	CP	W0, #4
0x030A	0x310024  	BRA GEU	L_leitor5
L__leitor57:
;lab1.c,43 :: 		LATD = 0xFF;
0x030C	0x200FF0  	MOV	#255, W0
0x030E	0xB7A2D6  	MOV	WREG, LATD
;lab1.c,44 :: 		Delay_ms(T);
0x0310	0x214D57  	MOV	#5333, W7
L_leitor7:
0x0312	0xED200E  	DEC	W7
0x0314	0x3AFFFE  	BRA NZ	L_leitor7
0x0316	0x000000  	NOP
;lab1.c,45 :: 		LATB = 0xFF;
0x0318	0x200FF0  	MOV	#255, W0
0x031A	0xB7A2CA  	MOV	WREG, LATB
;lab1.c,46 :: 		Delay_ms(T);
0x031C	0x214D57  	MOV	#5333, W7
L_leitor9:
0x031E	0xED200E  	DEC	W7
0x0320	0x3AFFFE  	BRA NZ	L_leitor9
0x0322	0x000000  	NOP
;lab1.c,47 :: 		LATB = hexa1[i];
0x0324	0x208061  	MOV	#lo_addr(_hexa1), W1
0x0326	0x2080A0  	MOV	#lo_addr(_i), W0
0x0328	0x408010  	ADD	W1, [W0], W0
0x032A	0x784010  	MOV.B	[W0], W0
0x032C	0xFB8000  	ZE	W0, W0
0x032E	0xB7A2CA  	MOV	WREG, LATB
;lab1.c,48 :: 		Delay_ms(T);
0x0330	0x214D57  	MOV	#5333, W7
L_leitor11:
0x0332	0xED200E  	DEC	W7
0x0334	0x3AFFFE  	BRA NZ	L_leitor11
0x0336	0x000000  	NOP
;lab1.c,49 :: 		LATD = D[i];
0x0338	0x2080C1  	MOV	#lo_addr(_D), W1
0x033A	0x2080A0  	MOV	#lo_addr(_i), W0
0x033C	0x408010  	ADD	W1, [W0], W0
0x033E	0x784010  	MOV.B	[W0], W0
0x0340	0xFB8000  	ZE	W0, W0
0x0342	0xB7A2D6  	MOV	WREG, LATD
;lab1.c,50 :: 		Delay_ms(T);
0x0344	0x214D57  	MOV	#5333, W7
L_leitor13:
0x0346	0xED200E  	DEC	W7
0x0348	0x3AFFFE  	BRA NZ	L_leitor13
0x034A	0x000000  	NOP
;lab1.c,42 :: 		for(i=0;i < 4;i++){
0x034C	0x200011  	MOV	#1, W1
0x034E	0x2080A0  	MOV	#lo_addr(_i), W0
0x0350	0x408810  	ADD	W1, [W0], [W0]
;lab1.c,51 :: 		}
0x0352	0x37FFD9  	BRA	L_leitor4
L_leitor5:
;lab1.c,52 :: 		}
L_end_leitor:
0x0354	0x060000  	RETURN
; end of _leitor
_conv_char_to_hexa:
0x02C8	0xFA0002  	LNK	#2
;lab1.c,54 :: 		void conv_char_to_hexa(){
;lab1.c,55 :: 		for(j=0;j<4;j++){
0x02CA	0x781F8A  	PUSH	W10
0x02CC	0xEF2000  	CLR	W0
0x02CE	0x884000  	MOV	W0, _j
L_conv_char_to_hexa15:
0x02D0	0x804000  	MOV	_j, W0
0x02D2	0xE10064  	CP	W0, #4
0x02D4	0x310013  	BRA GEU	L_conv_char_to_hexa16
L__conv_char_to_hexa59:
;lab1.c,56 :: 		hexa1[j] = char_to_7seg(disp7[j]);
0x02D6	0x208061  	MOV	#lo_addr(_hexa1), W1
0x02D8	0x208000  	MOV	#lo_addr(_j), W0
0x02DA	0x408010  	ADD	W1, [W0], W0
0x02DC	0x980700  	MOV	W0, [W14+0]
0x02DE	0x208021  	MOV	#lo_addr(_disp7), W1
0x02E0	0x208000  	MOV	#lo_addr(_j), W0
0x02E2	0x408010  	ADD	W1, [W0], W0
0x02E4	0x784510  	MOV.B	[W0], W10
0x02E6	0x07FF0C  	RCALL	_char_to_7seg
0x02E8	0x90008E  	MOV	[W14+0], W1
0x02EA	0x784880  	MOV.B	W0, [W1]
;lab1.c,57 :: 		Delay_ms(1);
0x02EC	0x214D57  	MOV	#5333, W7
L_conv_char_to_hexa18:
0x02EE	0xED200E  	DEC	W7
0x02F0	0x3AFFFE  	BRA NZ	L_conv_char_to_hexa18
0x02F2	0x000000  	NOP
;lab1.c,55 :: 		for(j=0;j<4;j++){
0x02F4	0x200011  	MOV	#1, W1
0x02F6	0x208000  	MOV	#lo_addr(_j), W0
0x02F8	0x408810  	ADD	W1, [W0], [W0]
;lab1.c,58 :: 		}
0x02FA	0x37FFEA  	BRA	L_conv_char_to_hexa15
L_conv_char_to_hexa16:
;lab1.c,59 :: 		}
L_end_conv_char_to_hexa:
0x02FC	0x78054F  	POP	W10
0x02FE	0xFA8000  	ULNK
0x0300	0x060000  	RETURN
; end of _conv_char_to_hexa
_char_to_7seg:
;lab1.c,67 :: 		int char_to_7seg(char _char){
;lab1.c,69 :: 		switch(_char){
0x0100	0x370080  	BRA	L_char_to_7seg20
;lab1.c,70 :: 		case ('-'):
L_char_to_7seg22:
;lab1.c,71 :: 		hexa = 0xBF;
0x0102	0x208101  	MOV	#lo_addr(_hexa), W1
0x0104	0xB3CBF0  	MOV.B	#191, W0
0x0106	0x784880  	MOV.B	W0, [W1]
;lab1.c,72 :: 		break;
0x0108	0x3700DC  	BRA	L_char_to_7seg21
;lab1.c,74 :: 		case(' '):
L_char_to_7seg23:
;lab1.c,75 :: 		hexa = 0xFF;
0x010A	0x208101  	MOV	#lo_addr(_hexa), W1
0x010C	0xB3CFF0  	MOV.B	#255, W0
0x010E	0x784880  	MOV.B	W0, [W1]
;lab1.c,76 :: 		break;
0x0110	0x3700D8  	BRA	L_char_to_7seg21
;lab1.c,78 :: 		case('a'):
L_char_to_7seg24:
;lab1.c,79 :: 		hexa=0x88;
0x0112	0x208101  	MOV	#lo_addr(_hexa), W1
0x0114	0xB3C880  	MOV.B	#136, W0
0x0116	0x784880  	MOV.B	W0, [W1]
;lab1.c,80 :: 		break;
0x0118	0x3700D4  	BRA	L_char_to_7seg21
;lab1.c,82 :: 		case('b'):
L_char_to_7seg25:
;lab1.c,83 :: 		hexa=0x83;
0x011A	0x208101  	MOV	#lo_addr(_hexa), W1
0x011C	0xB3C830  	MOV.B	#131, W0
0x011E	0x784880  	MOV.B	W0, [W1]
;lab1.c,84 :: 		break;
0x0120	0x3700D0  	BRA	L_char_to_7seg21
;lab1.c,86 :: 		case('c'):
L_char_to_7seg26:
;lab1.c,87 :: 		hexa=0xA7;
0x0122	0x208101  	MOV	#lo_addr(_hexa), W1
0x0124	0xB3CA70  	MOV.B	#167, W0
0x0126	0x784880  	MOV.B	W0, [W1]
;lab1.c,88 :: 		break;
0x0128	0x3700CC  	BRA	L_char_to_7seg21
;lab1.c,90 :: 		case('d'):
L_char_to_7seg27:
;lab1.c,91 :: 		hexa=0xA1;
0x012A	0x208101  	MOV	#lo_addr(_hexa), W1
0x012C	0xB3CA10  	MOV.B	#161, W0
0x012E	0x784880  	MOV.B	W0, [W1]
;lab1.c,92 :: 		break;
0x0130	0x3700C8  	BRA	L_char_to_7seg21
;lab1.c,94 :: 		case('e'):
L_char_to_7seg28:
;lab1.c,95 :: 		hexa=0x86;
0x0132	0x208101  	MOV	#lo_addr(_hexa), W1
0x0134	0xB3C860  	MOV.B	#134, W0
0x0136	0x784880  	MOV.B	W0, [W1]
;lab1.c,96 :: 		break;
0x0138	0x3700C4  	BRA	L_char_to_7seg21
;lab1.c,98 :: 		case('f'):
L_char_to_7seg29:
;lab1.c,99 :: 		hexa=0x8E;
0x013A	0x208101  	MOV	#lo_addr(_hexa), W1
0x013C	0xB3C8E0  	MOV.B	#142, W0
0x013E	0x784880  	MOV.B	W0, [W1]
;lab1.c,100 :: 		break;
0x0140	0x3700C0  	BRA	L_char_to_7seg21
;lab1.c,102 :: 		case('g'):
L_char_to_7seg30:
;lab1.c,103 :: 		hexa=0x90;
0x0142	0x208101  	MOV	#lo_addr(_hexa), W1
0x0144	0xB3C900  	MOV.B	#144, W0
0x0146	0x784880  	MOV.B	W0, [W1]
;lab1.c,104 :: 		break;
0x0148	0x3700BC  	BRA	L_char_to_7seg21
;lab1.c,106 :: 		case('h'):
L_char_to_7seg31:
;lab1.c,107 :: 		hexa=0x8B;
0x014A	0x208101  	MOV	#lo_addr(_hexa), W1
0x014C	0xB3C8B0  	MOV.B	#139, W0
0x014E	0x784880  	MOV.B	W0, [W1]
;lab1.c,108 :: 		break;
0x0150	0x3700B8  	BRA	L_char_to_7seg21
;lab1.c,110 :: 		case('i'):
L_char_to_7seg32:
;lab1.c,111 :: 		hexa=0xF9;
0x0152	0x208101  	MOV	#lo_addr(_hexa), W1
0x0154	0xB3CF90  	MOV.B	#249, W0
0x0156	0x784880  	MOV.B	W0, [W1]
;lab1.c,112 :: 		break;
0x0158	0x3700B4  	BRA	L_char_to_7seg21
;lab1.c,114 :: 		case('j'):
L_char_to_7seg33:
;lab1.c,115 :: 		hexa=0xE1;
0x015A	0x208101  	MOV	#lo_addr(_hexa), W1
0x015C	0xB3CE10  	MOV.B	#225, W0
0x015E	0x784880  	MOV.B	W0, [W1]
;lab1.c,116 :: 		break;
0x0160	0x3700B0  	BRA	L_char_to_7seg21
;lab1.c,118 :: 		case('l'):
L_char_to_7seg34:
;lab1.c,119 :: 		hexa=0xF1;
0x0162	0x208101  	MOV	#lo_addr(_hexa), W1
0x0164	0xB3CF10  	MOV.B	#241, W0
0x0166	0x784880  	MOV.B	W0, [W1]
;lab1.c,120 :: 		break;
0x0168	0x3700AC  	BRA	L_char_to_7seg21
;lab1.c,122 :: 		case('n'):
L_char_to_7seg35:
;lab1.c,123 :: 		hexa=0xAB;
0x016A	0x208101  	MOV	#lo_addr(_hexa), W1
0x016C	0xB3CAB0  	MOV.B	#171, W0
0x016E	0x784880  	MOV.B	W0, [W1]
;lab1.c,124 :: 		break;
0x0170	0x3700A8  	BRA	L_char_to_7seg21
;lab1.c,126 :: 		case('o'):
L_char_to_7seg36:
;lab1.c,127 :: 		hexa=0xA3;
0x0172	0x208101  	MOV	#lo_addr(_hexa), W1
0x0174	0xB3CA30  	MOV.B	#163, W0
0x0176	0x784880  	MOV.B	W0, [W1]
;lab1.c,128 :: 		break;
0x0178	0x3700A4  	BRA	L_char_to_7seg21
;lab1.c,130 :: 		case('p'):
L_char_to_7seg37:
;lab1.c,131 :: 		hexa=0x8C;
0x017A	0x208101  	MOV	#lo_addr(_hexa), W1
0x017C	0xB3C8C0  	MOV.B	#140, W0
0x017E	0x784880  	MOV.B	W0, [W1]
;lab1.c,132 :: 		break;
0x0180	0x3700A0  	BRA	L_char_to_7seg21
;lab1.c,134 :: 		case('q'):
L_char_to_7seg38:
;lab1.c,135 :: 		hexa=0x98;
0x0182	0x208101  	MOV	#lo_addr(_hexa), W1
0x0184	0xB3C980  	MOV.B	#152, W0
0x0186	0x784880  	MOV.B	W0, [W1]
;lab1.c,136 :: 		break;
0x0188	0x37009C  	BRA	L_char_to_7seg21
;lab1.c,138 :: 		case('r'):
L_char_to_7seg39:
;lab1.c,139 :: 		hexa=0xAF;
0x018A	0x208101  	MOV	#lo_addr(_hexa), W1
0x018C	0xB3CAF0  	MOV.B	#175, W0
0x018E	0x784880  	MOV.B	W0, [W1]
;lab1.c,140 :: 		break;
0x0190	0x370098  	BRA	L_char_to_7seg21
;lab1.c,142 :: 		case('s'):
L_char_to_7seg40:
;lab1.c,143 :: 		hexa=0x92;
0x0192	0x208101  	MOV	#lo_addr(_hexa), W1
0x0194	0xB3C920  	MOV.B	#146, W0
0x0196	0x784880  	MOV.B	W0, [W1]
;lab1.c,144 :: 		break;
0x0198	0x370094  	BRA	L_char_to_7seg21
;lab1.c,146 :: 		case('u'):
L_char_to_7seg41:
;lab1.c,147 :: 		hexa=0xC1;
0x019A	0x208101  	MOV	#lo_addr(_hexa), W1
0x019C	0xB3CC10  	MOV.B	#193, W0
0x019E	0x784880  	MOV.B	W0, [W1]
;lab1.c,148 :: 		break;
0x01A0	0x370090  	BRA	L_char_to_7seg21
;lab1.c,150 :: 		case('v'):
L_char_to_7seg42:
;lab1.c,151 :: 		hexa=0xE3;
0x01A2	0x208101  	MOV	#lo_addr(_hexa), W1
0x01A4	0xB3CE30  	MOV.B	#227, W0
0x01A6	0x784880  	MOV.B	W0, [W1]
;lab1.c,152 :: 		break;
0x01A8	0x37008C  	BRA	L_char_to_7seg21
;lab1.c,154 :: 		case('z'):
L_char_to_7seg43:
;lab1.c,155 :: 		hexa=0xE4;
0x01AA	0x208101  	MOV	#lo_addr(_hexa), W1
0x01AC	0xB3CE40  	MOV.B	#228, W0
0x01AE	0x784880  	MOV.B	W0, [W1]
;lab1.c,156 :: 		break;
0x01B0	0x370088  	BRA	L_char_to_7seg21
;lab1.c,158 :: 		case('0'):
L_char_to_7seg44:
;lab1.c,159 :: 		hexa=0xC0;
0x01B2	0x208101  	MOV	#lo_addr(_hexa), W1
0x01B4	0xB3CC00  	MOV.B	#192, W0
0x01B6	0x784880  	MOV.B	W0, [W1]
;lab1.c,160 :: 		break;
0x01B8	0x370084  	BRA	L_char_to_7seg21
;lab1.c,162 :: 		case('1'):
L_char_to_7seg45:
;lab1.c,163 :: 		hexa=0xF9;
0x01BA	0x208101  	MOV	#lo_addr(_hexa), W1
0x01BC	0xB3CF90  	MOV.B	#249, W0
0x01BE	0x784880  	MOV.B	W0, [W1]
;lab1.c,164 :: 		break;
0x01C0	0x370080  	BRA	L_char_to_7seg21
;lab1.c,166 :: 		case('2'):
L_char_to_7seg46:
;lab1.c,167 :: 		hexa=0xA4;
0x01C2	0x208101  	MOV	#lo_addr(_hexa), W1
0x01C4	0xB3CA40  	MOV.B	#164, W0
0x01C6	0x784880  	MOV.B	W0, [W1]
;lab1.c,168 :: 		break;
0x01C8	0x37007C  	BRA	L_char_to_7seg21
;lab1.c,170 :: 		case('3'):
L_char_to_7seg47:
;lab1.c,171 :: 		hexa=0xB0;
0x01CA	0x208101  	MOV	#lo_addr(_hexa), W1
0x01CC	0xB3CB00  	MOV.B	#176, W0
0x01CE	0x784880  	MOV.B	W0, [W1]
;lab1.c,172 :: 		break;
0x01D0	0x370078  	BRA	L_char_to_7seg21
;lab1.c,174 :: 		case('4'):
L_char_to_7seg48:
;lab1.c,175 :: 		hexa=0x99;
0x01D2	0x208101  	MOV	#lo_addr(_hexa), W1
0x01D4	0xB3C990  	MOV.B	#153, W0
0x01D6	0x784880  	MOV.B	W0, [W1]
;lab1.c,176 :: 		break;
0x01D8	0x370074  	BRA	L_char_to_7seg21
;lab1.c,178 :: 		case('5'):
L_char_to_7seg49:
;lab1.c,179 :: 		hexa=0x92;
0x01DA	0x208101  	MOV	#lo_addr(_hexa), W1
0x01DC	0xB3C920  	MOV.B	#146, W0
0x01DE	0x784880  	MOV.B	W0, [W1]
;lab1.c,180 :: 		break;
0x01E0	0x370070  	BRA	L_char_to_7seg21
;lab1.c,182 :: 		case('6'):
L_char_to_7seg50:
;lab1.c,183 :: 		hexa=0x82;
0x01E2	0x208101  	MOV	#lo_addr(_hexa), W1
0x01E4	0xB3C820  	MOV.B	#130, W0
0x01E6	0x784880  	MOV.B	W0, [W1]
;lab1.c,184 :: 		break;
0x01E8	0x37006C  	BRA	L_char_to_7seg21
;lab1.c,186 :: 		case('7'):
L_char_to_7seg51:
;lab1.c,187 :: 		hexa=0xF8;
0x01EA	0x208101  	MOV	#lo_addr(_hexa), W1
0x01EC	0xB3CF80  	MOV.B	#248, W0
0x01EE	0x784880  	MOV.B	W0, [W1]
;lab1.c,188 :: 		break;
0x01F0	0x370068  	BRA	L_char_to_7seg21
;lab1.c,190 :: 		case('8'):
L_char_to_7seg52:
;lab1.c,191 :: 		hexa=0x80;
0x01F2	0x208101  	MOV	#lo_addr(_hexa), W1
0x01F4	0xB3C800  	MOV.B	#128, W0
0x01F6	0x784880  	MOV.B	W0, [W1]
;lab1.c,192 :: 		break;
0x01F8	0x370064  	BRA	L_char_to_7seg21
;lab1.c,194 :: 		case('9'):
L_char_to_7seg53:
;lab1.c,195 :: 		hexa=0x90;
0x01FA	0x208101  	MOV	#lo_addr(_hexa), W1
0x01FC	0xB3C900  	MOV.B	#144, W0
0x01FE	0x784880  	MOV.B	W0, [W1]
;lab1.c,196 :: 		break;
0x0200	0x370060  	BRA	L_char_to_7seg21
;lab1.c,197 :: 		}
L_char_to_7seg20:
0x0202	0xB3C2D0  	MOV.B	#45, W0
0x0204	0xE15400  	CP.B	W10, W0
0x0206	0x32FF7D  	BRA Z	L_char_to_7seg22
L__char_to_7seg61:
0x0208	0xB3C200  	MOV.B	#32, W0
0x020A	0xE15400  	CP.B	W10, W0
0x020C	0x32FF7E  	BRA Z	L_char_to_7seg23
L__char_to_7seg62:
0x020E	0xB3C610  	MOV.B	#97, W0
0x0210	0xE15400  	CP.B	W10, W0
0x0212	0x32FF7F  	BRA Z	L_char_to_7seg24
L__char_to_7seg63:
0x0214	0xB3C620  	MOV.B	#98, W0
0x0216	0xE15400  	CP.B	W10, W0
0x0218	0x32FF80  	BRA Z	L_char_to_7seg25
L__char_to_7seg64:
0x021A	0xB3C630  	MOV.B	#99, W0
0x021C	0xE15400  	CP.B	W10, W0
0x021E	0x32FF81  	BRA Z	L_char_to_7seg26
L__char_to_7seg65:
0x0220	0xB3C640  	MOV.B	#100, W0
0x0222	0xE15400  	CP.B	W10, W0
0x0224	0x32FF82  	BRA Z	L_char_to_7seg27
L__char_to_7seg66:
0x0226	0xB3C650  	MOV.B	#101, W0
0x0228	0xE15400  	CP.B	W10, W0
0x022A	0x32FF83  	BRA Z	L_char_to_7seg28
L__char_to_7seg67:
0x022C	0xB3C660  	MOV.B	#102, W0
0x022E	0xE15400  	CP.B	W10, W0
0x0230	0x32FF84  	BRA Z	L_char_to_7seg29
L__char_to_7seg68:
0x0232	0xB3C670  	MOV.B	#103, W0
0x0234	0xE15400  	CP.B	W10, W0
0x0236	0x32FF85  	BRA Z	L_char_to_7seg30
L__char_to_7seg69:
0x0238	0xB3C680  	MOV.B	#104, W0
0x023A	0xE15400  	CP.B	W10, W0
0x023C	0x32FF86  	BRA Z	L_char_to_7seg31
L__char_to_7seg70:
0x023E	0xB3C690  	MOV.B	#105, W0
0x0240	0xE15400  	CP.B	W10, W0
0x0242	0x32FF87  	BRA Z	L_char_to_7seg32
L__char_to_7seg71:
0x0244	0xB3C6A0  	MOV.B	#106, W0
0x0246	0xE15400  	CP.B	W10, W0
0x0248	0x32FF88  	BRA Z	L_char_to_7seg33
L__char_to_7seg72:
0x024A	0xB3C6C0  	MOV.B	#108, W0
0x024C	0xE15400  	CP.B	W10, W0
0x024E	0x32FF89  	BRA Z	L_char_to_7seg34
L__char_to_7seg73:
0x0250	0xB3C6E0  	MOV.B	#110, W0
0x0252	0xE15400  	CP.B	W10, W0
0x0254	0x32FF8A  	BRA Z	L_char_to_7seg35
L__char_to_7seg74:
0x0256	0xB3C6F0  	MOV.B	#111, W0
0x0258	0xE15400  	CP.B	W10, W0
0x025A	0x32FF8B  	BRA Z	L_char_to_7seg36
L__char_to_7seg75:
0x025C	0xB3C700  	MOV.B	#112, W0
0x025E	0xE15400  	CP.B	W10, W0
0x0260	0x32FF8C  	BRA Z	L_char_to_7seg37
L__char_to_7seg76:
0x0262	0xB3C710  	MOV.B	#113, W0
0x0264	0xE15400  	CP.B	W10, W0
0x0266	0x32FF8D  	BRA Z	L_char_to_7seg38
L__char_to_7seg77:
0x0268	0xB3C720  	MOV.B	#114, W0
0x026A	0xE15400  	CP.B	W10, W0
0x026C	0x32FF8E  	BRA Z	L_char_to_7seg39
L__char_to_7seg78:
0x026E	0xB3C730  	MOV.B	#115, W0
0x0270	0xE15400  	CP.B	W10, W0
0x0272	0x32FF8F  	BRA Z	L_char_to_7seg40
L__char_to_7seg79:
0x0274	0xB3C750  	MOV.B	#117, W0
0x0276	0xE15400  	CP.B	W10, W0
0x0278	0x32FF90  	BRA Z	L_char_to_7seg41
L__char_to_7seg80:
0x027A	0xB3C760  	MOV.B	#118, W0
0x027C	0xE15400  	CP.B	W10, W0
0x027E	0x32FF91  	BRA Z	L_char_to_7seg42
L__char_to_7seg81:
0x0280	0xB3C7A0  	MOV.B	#122, W0
0x0282	0xE15400  	CP.B	W10, W0
0x0284	0x32FF92  	BRA Z	L_char_to_7seg43
L__char_to_7seg82:
0x0286	0xB3C300  	MOV.B	#48, W0
0x0288	0xE15400  	CP.B	W10, W0
0x028A	0x32FF93  	BRA Z	L_char_to_7seg44
L__char_to_7seg83:
0x028C	0xB3C310  	MOV.B	#49, W0
0x028E	0xE15400  	CP.B	W10, W0
0x0290	0x32FF94  	BRA Z	L_char_to_7seg45
L__char_to_7seg84:
0x0292	0xB3C320  	MOV.B	#50, W0
0x0294	0xE15400  	CP.B	W10, W0
0x0296	0x32FF95  	BRA Z	L_char_to_7seg46
L__char_to_7seg85:
0x0298	0xB3C330  	MOV.B	#51, W0
0x029A	0xE15400  	CP.B	W10, W0
0x029C	0x32FF96  	BRA Z	L_char_to_7seg47
L__char_to_7seg86:
0x029E	0xB3C340  	MOV.B	#52, W0
0x02A0	0xE15400  	CP.B	W10, W0
0x02A2	0x32FF97  	BRA Z	L_char_to_7seg48
L__char_to_7seg87:
0x02A4	0xB3C350  	MOV.B	#53, W0
0x02A6	0xE15400  	CP.B	W10, W0
0x02A8	0x32FF98  	BRA Z	L_char_to_7seg49
L__char_to_7seg88:
0x02AA	0xB3C360  	MOV.B	#54, W0
0x02AC	0xE15400  	CP.B	W10, W0
0x02AE	0x32FF99  	BRA Z	L_char_to_7seg50
L__char_to_7seg89:
0x02B0	0xB3C370  	MOV.B	#55, W0
0x02B2	0xE15400  	CP.B	W10, W0
0x02B4	0x32FF9A  	BRA Z	L_char_to_7seg51
L__char_to_7seg90:
0x02B6	0xB3C380  	MOV.B	#56, W0
0x02B8	0xE15400  	CP.B	W10, W0
0x02BA	0x32FF9B  	BRA Z	L_char_to_7seg52
L__char_to_7seg91:
0x02BC	0xB3C390  	MOV.B	#57, W0
0x02BE	0xE15400  	CP.B	W10, W0
0x02C0	0x32FF9C  	BRA Z	L_char_to_7seg53
L__char_to_7seg92:
L_char_to_7seg21:
;lab1.c,198 :: 		return hexa;
0x02C2	0x208100  	MOV	#lo_addr(_hexa), W0
0x02C4	0xFB8010  	ZE	[W0], W0
;lab1.c,199 :: 		}
L_end_char_to_7seg:
0x02C6	0x060000  	RETURN
; end of _char_to_7seg
0x0396	0x20800A  	MOV	#2048, W10
0x0398	0x20000B  	MOV	#0, W11
0x039A	0x090008  	REPEAT	#8
0x039C	0x781D0B  	MOV	W11, [W10++]
0x039E	0x060000  	RETURN
0x03A0	0x208001  	MOV	#lo_addr(_j), W1
0x03A2	0x283860  	MOV	#33670, W0
0x03A4	0x090007  	REPEAT	#7
0x03A6	0x7818B0  	MOV	[W0++], [W1++]
0x03A8	0x060000  	RETURN
;lab1.c,0 :: ?ICS_j [2]
0x0386	0x0000 ;?ICS_j+0
; end of ?ICS_j
;lab1.c,0 :: ?ICS_disp7 [4]
0x0388	0x7265 ;?ICS_disp7+0
0x038A	0x2030 ;?ICS_disp7+2
; end of ?ICS_disp7
;lab1.c,0 :: ?ICS_hexa1 [4]
0x038C	0xBFBF ;?ICS_hexa1+0
0x038E	0xBFBF ;?ICS_hexa1+2
; end of ?ICS_hexa1
;lab1.c,0 :: ?ICS_i [2]
0x0390	0x0000 ;?ICS_i+0
; end of ?ICS_i
;lab1.c,0 :: ?ICS_D [4]
0x0392	0xFDFE ;?ICS_D+0
0x0394	0xF7FB ;?ICS_D+2
; end of ?ICS_D
Symbol List:
//** Routines locations **
//ADDRESS    SIZE    PROCEDURE
//----------------------------------------------
0x0100     [456]    _char_to_7seg
0x02C8      [58]    _conv_char_to_hexa
0x0302      [84]    _leitor
0x0356      [48]    _main
//** Variables locations ** 
//ADDRESS    SIZE    VARIABLE
//----------------------------------------------
0x02D2       [2]    TRISD
0x02D6       [2]    LATD
0x02CA       [2]    LATB
0x02C6       [2]    TRISB
0x02A8       [2]    ADPCFG
0x0810       [1]    _hexa
0x0800       [2]    _j
0x0802       [4]    _disp7
0x0806       [4]    _hexa1
0x080A       [2]    _i
0x080C       [4]    _D
0x0014       [1]    FARG_char_to_7seg__char
0x02A8       [2]    ADPCFG
0x02C6       [2]    TRISB
0x02CA       [2]    LATB
0x02D2       [2]    TRISD
0x02D6       [2]    LATD
//** Constants locations ** 
//ADDRESS    SIZE    CONSTANT
//----------------------------------------------
0x0386       [2]    ?ICS_j
0x0388       [4]    ?ICS_disp7
0x038C       [4]    ?ICS_hexa1
0x0390       [2]    ?ICS_i
0x0392       [4]    ?ICS_D
