;  LST file generated by mikroListExporter - v.2.0 
; Date/Time: 16/03/2020 08:12:24
;----------------------------------------------

;Address Opcode 	ASM
0x0000	0x000000040436  	GOTO	_main
0x0004	0x000000  	0
0x0006	0x000000  	0
0x0008	0x000000  	0
0x000A	0x000000  	0
0x000C	0x000000  	0
0x000E	0x000000  	0
0x0010	0x000000  	0
0x0012	0x000000  	0
0x0014	0x0003CA  	970
0x0016	0x000000  	0
0x0018	0x000000  	0
0x001A	0x000376  	886
0x001C	0x000000  	0
0x001E	0x000000  	0
0x0020	0x0003FA  	1018
0x0022	0x000000  	0
0x0024	0x000000  	0
0x0026	0x000000  	0
0x0028	0x000000  	0
0x002A	0x000000  	0
0x002C	0x000000  	0
0x002E	0x000000  	0
0x0030	0x000000  	0
0x0032	0x000000  	0
0x0034	0x000000  	0
0x0036	0x000000  	0
0x0038	0x000000  	0
0x003A	0x000000  	0
0x003C	0x000000  	0
0x003E	0x000000  	0
0x0040	0x000000  	0
0x0042	0x000000  	0
0x0044	0x000000  	0
0x0046	0x0004AA  	1194
0x0048	0x000000  	0
0x004A	0x000000  	0
0x004C	0x000000  	0
0x004E	0x000000  	0
0x0050	0x000000  	0
0x0052	0x000000  	0
0x0054	0x000000  	0
0x0056	0x000000  	0
0x0058	0x000000  	0
0x005A	0x000000  	0
0x005C	0x000000  	0
0x005E	0x000000  	0
0x0060	0x000000  	0
0x0062	0x000000  	0
0x0064	0x000000  	0
0x0066	0x000000  	0
0x0068	0x000000  	0
0x006A	0x000000  	0
0x006C	0x000000  	0
0x006E	0x000000  	0
0x0070	0x000000  	0
0x0072	0x000000  	0
0x0074	0x000000  	0
0x0076	0x000000  	0
0x0078	0x000000  	0
0x007A	0x000000  	0
0x007C	0x000000  	0
0x007E	0x000000  	0
0x0080	0x000000  	0
0x0082	0x000000  	0
0x0084	0x000000  	0
0x0086	0x000000  	0
0x0088	0x000000  	0
0x008A	0x000000  	0
0x008C	0x000000  	0
0x008E	0x000000  	0
0x0090	0x000000  	0
0x0092	0x000000  	0
0x0094	0x000000  	0
0x0096	0x000000  	0
0x0098	0x000000  	0
0x009A	0x000000  	0
0x009C	0x000000  	0
0x009E	0x000000  	0
0x00A0	0x000000  	0
0x00A2	0x000000  	0
0x00A4	0x000000  	0
0x00A6	0x000000  	0
0x00A8	0x000000  	0
0x00AA	0x000000  	0
0x00AC	0x000000  	0
0x00AE	0x000000  	0
0x00B0	0x000000  	0
0x00B2	0x000000  	0
0x00B4	0x000000  	0
0x00B6	0x000000  	0
0x00B8	0x000000  	0
0x00BA	0x000000  	0
0x00BC	0x000000  	0
0x00BE	0x000000  	0
0x00C0	0x000000  	0
0x00C2	0x000000  	0
0x00C4	0x000000  	0
0x00C6	0x000000  	0
0x00C8	0x000000  	0
0x00CA	0x000000  	0
0x00CC	0x000000  	0
0x00CE	0x000000  	0
0x00D0	0x000000  	0
0x00D2	0x000000  	0
0x00D4	0x000000  	0
0x00D6	0x000000  	0
0x00D8	0x000000  	0
0x00DA	0x000000  	0
0x00DC	0x000000  	0
0x00DE	0x000000  	0
0x00E0	0x000000  	0
0x00E2	0x000000  	0
0x00E4	0x000000  	0
0x00E6	0x000000  	0
0x00E8	0x000000  	0
0x00EA	0x000000  	0
0x00EC	0x000000  	0
0x00EE	0x000000  	0
0x00F0	0x000000  	0
0x00F2	0x000000  	0
0x00F4	0x000000  	0
0x00F6	0x000000  	0
0x00F8	0x000000  	0
0x00FA	0x000000  	0
0x00FC	0x000000  	0
0x00FE	0x000000  	0
_main:
0x0436	0x20B6CF  	MOV	#2924, W15
0x0438	0x20FFF0  	MOV	#4095, W0
0x043A	0xB7A020  	MOV	WREG, SPLIM
0x043C	0x200000  	MOV	#0, W0
0x043E	0xB7A034  	MOV	WREG, PSVPAG
0x0440	0x200040  	MOV	#4, W0
0x0442	0xB72044  	IOR	CORCON
0x0444	0x00000002081C  	CALL	2076
0x0448	0x000000020826  	CALL	2086
;q1.c,268 :: 		void main() {
;q1.c,270 :: 		INIT_UART2(103);
0x044C	0x781F8A  	PUSH	W10
0x044E	0xB3C67A  	MOV.B	#103, W10
0x0450	0x07FF10  	RCALL	_INIT_UART2
;q1.c,271 :: 		ADPCFG = 0xFFFF;
0x0452	0x2FFFF0  	MOV	#65535, W0
0x0454	0xB7A2A8  	MOV	WREG, ADPCFG
;q1.c,273 :: 		TRISB = 0;
0x0456	0xEF22C6  	CLR	TRISB
;q1.c,274 :: 		TRISD = 0;
0x0458	0xEF22D2  	CLR	TRISD
;q1.c,275 :: 		LATD = 0;
0x045A	0xEF22D6  	CLR	LATD
;q1.c,276 :: 		LATB = 0;
0x045C	0xEF22CA  	CLR	LATB
;q1.c,277 :: 		IEC0 = 0;
0x045E	0xEF208C  	CLR	IEC0
;q1.c,279 :: 		IEC0bits.T1IE = 1;
0x0460	0xA8608C  	BSET.B	IEC0bits, #3
;q1.c,280 :: 		IEC0bits.T2IE = 1;
0x0462	0xA8C08C  	BSET.B	IEC0bits, #6
;q1.c,282 :: 		T1CON = 0x0030;
0x0464	0x200300  	MOV	#48, W0
0x0466	0xB7A104  	MOV	WREG, T1CON
;q1.c,283 :: 		PR1 = 64000;
0x0468	0x2FA000  	MOV	#64000, W0
0x046A	0xB7A102  	MOV	WREG, PR1
;q1.c,285 :: 		T2CON = 0x0010;
0x046C	0x200100  	MOV	#16, W0
0x046E	0xB7A110  	MOV	WREG, T2CON
;q1.c,286 :: 		PR2 = 250;
0x0470	0x200FA0  	MOV	#250, W0
0x0472	0xB7A10C  	MOV	WREG, PR2
;q1.c,288 :: 		IEC0bits.INT0IE = 1;
0x0474	0xA8008C  	BSET.B	IEC0bits, #0
;q1.c,289 :: 		while(1){
L_main55:
;q1.c,290 :: 		if (botao == 0){
0x0476	0x804700  	MOV	_botao, W0
0x0478	0xE10060  	CP	W0, #0
0x047A	0x3A0004  	BRA NZ	L_main57
L__main116:
;q1.c,291 :: 		conversa();
0x047C	0x07FF05  	RCALL	_conversa
;q1.c,292 :: 		estado_criatividade = 0;
0x047E	0xEF2000  	CLR	W0
0x0480	0x884A30  	MOV	W0, _estado_criatividade
;q1.c,293 :: 		}else{
0x0482	0x370010  	BRA	L_main58
L_main57:
;q1.c,294 :: 		if (numero_tentativas > 0){
0x0484	0x8046F0  	MOV	_numero_tentativas, W0
0x0486	0xE10060  	CP	W0, #0
0x0488	0x340002  	BRA LE	L_main59
L__main117:
;q1.c,295 :: 		criatividade();
0x048A	0x07FE92  	RCALL	_criatividade
;q1.c,296 :: 		}else{
0x048C	0x370009  	BRA	L_main60
L_main59:
;q1.c,297 :: 		send_str("BLOQUEIO TOTAL\r\n");
0x048E	0x2094EA  	MOV	#lo_addr(?lstr7_q1), W10
0x0490	0x07FE73  	RCALL	_send_str
;q1.c,298 :: 		botao = 0;
0x0492	0xEF2000  	CLR	W0
0x0494	0x884700  	MOV	W0, _botao
;q1.c,299 :: 		LATBbits.LATB0 = 0;
0x0496	0xA902CA  	BCLR.B	LATBbits, #0
;q1.c,300 :: 		estado_criatividade = 0;
0x0498	0xEF2000  	CLR	W0
0x049A	0x884A30  	MOV	W0, _estado_criatividade
;q1.c,301 :: 		numero_tentativas = 2;
0x049C	0x200020  	MOV	#2, W0
0x049E	0x8846F0  	MOV	W0, _numero_tentativas
;q1.c,302 :: 		}
L_main60:
;q1.c,303 :: 		estado = 0;
0x04A0	0xEF2000  	CLR	W0
0x04A2	0x8847A0  	MOV	W0, _estado
;q1.c,304 :: 		}
L_main58:
;q1.c,305 :: 		}
0x04A4	0x37FFE8  	BRA	L_main55
;q1.c,306 :: 		}
L_end_main:
0x04A6	0x78054F  	POP	W10
L__main_end_loop:
0x04A8	0x37FFFF  	BRA	L__main_end_loop
; end of _main
_INIT_UART2:
;q1.c,49 :: 		void INIT_UART2(unsigned char valor_baud){
;q1.c,50 :: 		U2BRG = valor_baud;  //Configurar UART: 8bits de dados, 1 it de parada, sem paridade
0x0272	0xFB800A  	ZE	W10, W0
0x0274	0xB7A21E  	MOV	WREG, U2BRG
;q1.c,51 :: 		U2MODE = 0x0000; //ver tabela para saber as outras configura??es
0x0276	0xEF2216  	CLR	U2MODE
;q1.c,52 :: 		U2STA = 0x0000;
0x0278	0xEF2218  	CLR	U2STA
;q1.c,53 :: 		IFS1bits.U2TXIF = 0;  //Zera a flag de interrupcao de Tx
0x027A	0xA92087  	BCLR	IFS1bits, #9
;q1.c,54 :: 		IEC1bits.U2TXIE = 0;  //Desabilita a interrupcao de Tx
0x027C	0xA9208F  	BCLR	IEC1bits, #9
;q1.c,55 :: 		IFS1bits.U2RXIF = 0;  //Zera a flag de de interrupcao de Rx
0x027E	0xA90087  	BCLR	IFS1bits, #8
;q1.c,56 :: 		IEC1bits.U2RXIE = 0;  //Desabilita a flag de interrupcao de Rx
0x0280	0xA9008F  	BCLR	IEC1bits, #8
;q1.c,57 :: 		U2MODEbits.UARTEN = 1; //Liga a UART
0x0282	0xA8E217  	BSET	U2MODEbits, #15
;q1.c,58 :: 		U2STAbits.UTXEN = 1;   //Come?a a comunica??o
0x0284	0xA84219  	BSET	U2STAbits, #10
;q1.c,59 :: 		}
L_end_INIT_UART2:
0x0286	0x060000  	RETURN
; end of _INIT_UART2
_conversa:
;q1.c,108 :: 		void conversa(){
;q1.c,109 :: 		switch(estado){
0x0288	0x781F8A  	PUSH	W10
0x028A	0x370051  	BRA	L_conversa21
;q1.c,110 :: 		case 0:
L_conversa23:
;q1.c,111 :: 		receive_str();
0x028C	0x07FF81  	RCALL	_receive_str
;q1.c,112 :: 		estado++;
0x028E	0x200011  	MOV	#1, W1
0x0290	0x208F40  	MOV	#lo_addr(_estado), W0
0x0292	0x408810  	ADD	W1, [W0], [W0]
;q1.c,113 :: 		break;
0x0294	0x37006E  	BRA	L_conversa22
;q1.c,114 :: 		case 1:
L_conversa24:
;q1.c,115 :: 		send_str(mC[0]); //uC:envia oi pC
0x0296	0x20962A  	MOV	#lo_addr(_mC), W10
0x0298	0x07FF6F  	RCALL	_send_str
;q1.c,116 :: 		send_str("\n\r");
0x029A	0x2095FA  	MOV	#lo_addr(?lstr2_q1), W10
0x029C	0x07FF6D  	RCALL	_send_str
;q1.c,117 :: 		estado++;
0x029E	0x200011  	MOV	#1, W1
0x02A0	0x208F40  	MOV	#lo_addr(_estado), W0
0x02A2	0x408810  	ADD	W1, [W0], [W0]
;q1.c,118 :: 		break;
0x02A4	0x370066  	BRA	L_conversa22
;q1.c,119 :: 		case 2:            //Pc:Tudo bem
L_conversa25:
;q1.c,120 :: 		receive_str();
0x02A6	0x07FF74  	RCALL	_receive_str
;q1.c,121 :: 		check(pC[0]);
0x02A8	0x20ADDA  	MOV	#lo_addr(_pC), W10
0x02AA	0x07FF55  	RCALL	_check
;q1.c,122 :: 		break;
0x02AC	0x370062  	BRA	L_conversa22
;q1.c,123 :: 		case 3:
L_conversa26:
;q1.c,124 :: 		send_str(mC[1]);//digite leds
0x02AE	0x209B2A  	MOV	#lo_addr(_mC+80), W10
0x02B0	0x07FF63  	RCALL	_send_str
;q1.c,125 :: 		send_str("\n\r");
0x02B2	0x20ADAA  	MOV	#lo_addr(?lstr3_q1), W10
0x02B4	0x07FF61  	RCALL	_send_str
;q1.c,126 :: 		estado++;
0x02B6	0x200011  	MOV	#1, W1
0x02B8	0x208F40  	MOV	#lo_addr(_estado), W0
0x02BA	0x408810  	ADD	W1, [W0], [W0]
;q1.c,127 :: 		break;
0x02BC	0x37005A  	BRA	L_conversa22
;q1.c,128 :: 		case 4:
L_conversa27:
;q1.c,129 :: 		receive_str();  //ta bom
0x02BE	0x07FF68  	RCALL	_receive_str
;q1.c,130 :: 		check(pC[1]);
0x02C0	0x20AF1A  	MOV	#lo_addr(_pC+20), W10
0x02C2	0x07FF49  	RCALL	_check
;q1.c,131 :: 		break;
0x02C4	0x370056  	BRA	L_conversa22
;q1.c,132 :: 		case 5:              //leds
L_conversa28:
;q1.c,133 :: 		receive_str();
0x02C6	0x07FF64  	RCALL	_receive_str
;q1.c,134 :: 		check(pC[2]);
0x02C8	0x20B05A  	MOV	#lo_addr(_pC+40), W10
0x02CA	0x07FF45  	RCALL	_check
;q1.c,135 :: 		break;
0x02CC	0x370052  	BRA	L_conversa22
;q1.c,136 :: 		case 6:
L_conversa29:
;q1.c,137 :: 		T1CONbits.TON = 1;
0x02CE	0xA8E105  	BSET	T1CONbits, #15
;q1.c,138 :: 		send_str(mC[2]); //digite pwm
0x02D0	0x20A02A  	MOV	#lo_addr(_mC+160), W10
0x02D2	0x07FF52  	RCALL	_send_str
;q1.c,139 :: 		send_str("\n\r");
0x02D4	0x20AA2A  	MOV	#lo_addr(?lstr4_q1), W10
0x02D6	0x07FF50  	RCALL	_send_str
;q1.c,140 :: 		estado++;
0x02D8	0x200011  	MOV	#1, W1
0x02DA	0x208F40  	MOV	#lo_addr(_estado), W0
0x02DC	0x408810  	ADD	W1, [W0], [W0]
;q1.c,141 :: 		break;
0x02DE	0x370049  	BRA	L_conversa22
;q1.c,142 :: 		case 7:
L_conversa30:
;q1.c,143 :: 		receive_str();    //sem problema
0x02E0	0x07FF57  	RCALL	_receive_str
;q1.c,144 :: 		check(pC[3]);
0x02E2	0x20B19A  	MOV	#lo_addr(_pC+60), W10
0x02E4	0x07FF38  	RCALL	_check
;q1.c,145 :: 		break;
0x02E6	0x370045  	BRA	L_conversa22
;q1.c,146 :: 		case 8:
L_conversa31:
;q1.c,147 :: 		receive_str();    //pwm
0x02E8	0x07FF53  	RCALL	_receive_str
;q1.c,148 :: 		check(pC[4]);
0x02EA	0x20B2DA  	MOV	#lo_addr(_pC+80), W10
0x02EC	0x07FF34  	RCALL	_check
;q1.c,149 :: 		break;
0x02EE	0x370041  	BRA	L_conversa22
;q1.c,150 :: 		case 9:
L_conversa32:
;q1.c,151 :: 		var = 0;
0x02F0	0xEF2000  	CLR	W0
0x02F2	0x8856C0  	MOV	W0, _var
;q1.c,152 :: 		T2CONbits.TON = 1;
0x02F4	0xA8E111  	BSET	T2CONbits, #15
;q1.c,153 :: 		send_str(mC[3]); //digite parar
0x02F6	0x20A52A  	MOV	#lo_addr(_mC+240), W10
0x02F8	0x07FF3F  	RCALL	_send_str
;q1.c,154 :: 		send_str("\n\r");
0x02FA	0x20948A  	MOV	#lo_addr(?lstr5_q1), W10
0x02FC	0x07FF3D  	RCALL	_send_str
;q1.c,155 :: 		estado++;
0x02FE	0x200011  	MOV	#1, W1
0x0300	0x208F40  	MOV	#lo_addr(_estado), W0
0x0302	0x408810  	ADD	W1, [W0], [W0]
;q1.c,156 :: 		break;
0x0304	0x370036  	BRA	L_conversa22
;q1.c,157 :: 		case 10:
L_conversa33:
;q1.c,158 :: 		receive_str();   //parar
0x0306	0x07FF44  	RCALL	_receive_str
;q1.c,159 :: 		check(pC[5]);
0x0308	0x20B41A  	MOV	#lo_addr(_pC+100), W10
0x030A	0x07FF25  	RCALL	_check
;q1.c,160 :: 		break;
0x030C	0x370032  	BRA	L_conversa22
;q1.c,161 :: 		default:
L_conversa34:
;q1.c,162 :: 		LATDbits.LATD3 = 1;
0x030E	0xA862D6  	BSET.B	LATDbits, #3
;q1.c,163 :: 		T1CONbits.TON = 0;
0x0310	0xA9E105  	BCLR	T1CONbits, #15
;q1.c,164 :: 		T2CONbits.TON = 0;
0x0312	0xA9E111  	BCLR	T2CONbits, #15
;q1.c,165 :: 		estado = 1;
0x0314	0x200010  	MOV	#1, W0
0x0316	0x8847A0  	MOV	W0, _estado
;q1.c,166 :: 		LATB = 0;
0x0318	0xEF22CA  	CLR	LATB
;q1.c,167 :: 		Delay_ms(3000);
0x031A	0x200278  	MOV	#39, W8
0x031C	0x225AB7  	MOV	#9643, W7
L_conversa35:
0x031E	0xED200E  	DEC	W7
0x0320	0x3AFFFE  	BRA NZ	L_conversa35
0x0322	0xED2010  	DEC	W8
0x0324	0x3AFFFC  	BRA NZ	L_conversa35
0x0326	0x000000  	NOP
0x0328	0x000000  	NOP
;q1.c,168 :: 		LATDbits.LATD3 = 0;
0x032A	0xA962D6  	BCLR.B	LATDbits, #3
;q1.c,169 :: 		break;
0x032C	0x370022  	BRA	L_conversa22
;q1.c,170 :: 		}
L_conversa21:
0x032E	0x8047A0  	MOV	_estado, W0
0x0330	0xE10060  	CP	W0, #0
0x0332	0x32FFAC  	BRA Z	L_conversa23
L__conversa91:
0x0334	0x8047A0  	MOV	_estado, W0
0x0336	0xE10061  	CP	W0, #1
0x0338	0x32FFAE  	BRA Z	L_conversa24
L__conversa92:
0x033A	0x8047A0  	MOV	_estado, W0
0x033C	0xE10062  	CP	W0, #2
0x033E	0x32FFB3  	BRA Z	L_conversa25
L__conversa93:
0x0340	0x8047A0  	MOV	_estado, W0
0x0342	0xE10063  	CP	W0, #3
0x0344	0x32FFB4  	BRA Z	L_conversa26
L__conversa94:
0x0346	0x8047A0  	MOV	_estado, W0
0x0348	0xE10064  	CP	W0, #4
0x034A	0x32FFB9  	BRA Z	L_conversa27
L__conversa95:
0x034C	0x8047A0  	MOV	_estado, W0
0x034E	0xE10065  	CP	W0, #5
0x0350	0x32FFBA  	BRA Z	L_conversa28
L__conversa96:
0x0352	0x8047A0  	MOV	_estado, W0
0x0354	0xE10066  	CP	W0, #6
0x0356	0x32FFBB  	BRA Z	L_conversa29
L__conversa97:
0x0358	0x8047A0  	MOV	_estado, W0
0x035A	0xE10067  	CP	W0, #7
0x035C	0x32FFC1  	BRA Z	L_conversa30
L__conversa98:
0x035E	0x8047A0  	MOV	_estado, W0
0x0360	0xE10068  	CP	W0, #8
0x0362	0x32FFC2  	BRA Z	L_conversa31
L__conversa99:
0x0364	0x8047A0  	MOV	_estado, W0
0x0366	0xE10069  	CP	W0, #9
0x0368	0x32FFC3  	BRA Z	L_conversa32
L__conversa100:
0x036A	0x8047A0  	MOV	_estado, W0
0x036C	0xE1006A  	CP	W0, #10
0x036E	0x32FFCB  	BRA Z	L_conversa33
L__conversa101:
0x0370	0x37FFCE  	BRA	L_conversa34
L_conversa22:
;q1.c,172 :: 		}
L_end_conversa:
0x0372	0x78054F  	POP	W10
0x0374	0x060000  	RETURN
; end of _conversa
_receive_str:
;q1.c,86 :: 		void receive_str(){
;q1.c,87 :: 		int i = 0;
; i start address is: 6 (W3)
; i start address is: 6 (W3)
0x0190	0xEF2006  	CLR	W3
; i end address is: 6 (W3)
;q1.c,89 :: 		do{
0x0192	0x370000  	BRA	L_receive_str16
L__receive_str68:
;q1.c,93 :: 		}while(c != 0x0A);
;q1.c,89 :: 		do{
L_receive_str16:
;q1.c,90 :: 		c = receive_char();
; i start address is: 6 (W3)
0x0194	0x07FFCC  	RCALL	_receive_char
; c start address is: 4 (W2)
0x0196	0x784100  	MOV.B	W0, W2
;q1.c,91 :: 		str[i] = c;
0x0198	0x208F61  	MOV	#lo_addr(_str), W1
0x019A	0x408083  	ADD	W1, W3, W1
0x019C	0x784880  	MOV.B	W0, [W1]
;q1.c,92 :: 		i++;
0x019E	0xEC2006  	INC	W3
; i end address is: 6 (W3)
;q1.c,93 :: 		}while(c != 0x0A);
0x01A0	0xE1146A  	CP.B	W2, #10
0x01A2	0x3AFFF8  	BRA NZ	L__receive_str68
L__receive_str87:
; c end address is: 4 (W2)
; i end address is: 6 (W3)
;q1.c,94 :: 		str[i-1] = '\0';
; i start address is: 6 (W3)
0x01A4	0x5180E1  	SUB	W3, #1, W1
; i end address is: 6 (W3)
0x01A6	0x208F60  	MOV	#lo_addr(_str), W0
0x01A8	0x400081  	ADD	W0, W1, W1
0x01AA	0xEF2000  	CLR	W0
0x01AC	0x784880  	MOV.B	W0, [W1]
;q1.c,95 :: 		}
L_end_receive_str:
0x01AE	0x060000  	RETURN
; end of _receive_str
_receive_char:
;q1.c,79 :: 		char receive_char(){
;q1.c,81 :: 		while(!U2STAbits.URXDA);
L_receive_char14:
0x012E	0xAF0218  	BTSC	U2STAbits, #0
0x0130	0x370001  	BRA	L_receive_char15
0x0132	0x37FFFD  	BRA	L_receive_char14
L_receive_char15:
;q1.c,82 :: 		c = U2RXREG; // escreve caractere
; c start address is: 2 (W1)
0x0134	0x8010E1  	MOV	U2RXREG, W1
;q1.c,83 :: 		return c;
0x0136	0x784001  	MOV.B	W1, W0
; c end address is: 2 (W1)
;q1.c,84 :: 		}
L_end_receive_char:
0x0138	0x060000  	RETURN
; end of _receive_char
_send_str:
;q1.c,73 :: 		void send_str(unsigned char* str){
;q1.c,74 :: 		unsigned int i = 0;
; i start address is: 2 (W1)
0x0178	0xEF2002  	CLR	W1
; i end address is: 2 (W1)
;q1.c,75 :: 		while(str[i])
L_send_str12:
; i start address is: 2 (W1)
0x017A	0x450001  	ADD	W10, W1, W0
0x017C	0xE00410  	CP0.B	[W0]
0x017E	0x320007  	BRA Z	L_send_str13
L__send_str84:
;q1.c,76 :: 		send_char(str[i++]);
0x0180	0x450001  	ADD	W10, W1, W0
0x0182	0x781F8A  	PUSH	W10
0x0184	0x784510  	MOV.B	[W0], W10
0x0186	0x07FFBC  	RCALL	_send_char
0x0188	0x78054F  	POP	W10
0x018A	0xEC2002  	INC	W1
; i end address is: 2 (W1)
0x018C	0x37FFF6  	BRA	L_send_str12
L_send_str13:
;q1.c,77 :: 		}
L_end_send_str:
0x018E	0x060000  	RETURN
; end of _send_str
_send_char:
;q1.c,67 :: 		void send_char(unsigned char c){
;q1.c,68 :: 		while( U2STAbits.UTXBF);
L_send_char10:
0x0100	0xAE2219  	BTSS	U2STAbits, #9
0x0102	0x370001  	BRA	L_send_char11
0x0104	0x37FFFD  	BRA	L_send_char10
L_send_char11:
;q1.c,69 :: 		U2TXREG = c; // escreve caractere
0x0106	0xFB800A  	ZE	W10, W0
0x0108	0xB7A21A  	MOV	WREG, U2TXREG
;q1.c,70 :: 		}
L_end_send_char:
0x010A	0x060000  	RETURN
; end of _send_char
_check:
;q1.c,99 :: 		void check(char* str1){
;q1.c,100 :: 		flag = strcmp(str, str1);
0x0156	0x781F8A  	PUSH	W10
0x0158	0x781F8B  	PUSH	W11
0x015A	0x78058A  	MOV	W10, W11
0x015C	0x208F6A  	MOV	#lo_addr(_str), W10
0x015E	0x07FFD6  	RCALL	_strcmp
0x0160	0x884000  	MOV	W0, _flag
;q1.c,101 :: 		if(flag == 0){
0x0162	0xE10060  	CP	W0, #0
0x0164	0x3A0004  	BRA NZ	L_check19
L__check89:
;q1.c,102 :: 		estado++;
0x0166	0x200011  	MOV	#1, W1
0x0168	0x208F40  	MOV	#lo_addr(_estado), W0
0x016A	0x408810  	ADD	W1, [W0], [W0]
;q1.c,103 :: 		}else{
0x016C	0x370002  	BRA	L_check20
L_check19:
;q1.c,104 :: 		send_str("Não entendi, Repita por favor\n\r");
0x016E	0x20802A  	MOV	#lo_addr(?lstr1_q1), W10
0x0170	0x070003  	RCALL	_send_str
;q1.c,105 :: 		}
L_check20:
;q1.c,106 :: 		}
L_end_check:
0x0172	0x7805CF  	POP	W11
0x0174	0x78054F  	POP	W10
0x0176	0x060000  	RETURN
; end of _check
_strcmp:
0x010C	0xFA0000  	LNK	#0
;__Lib_CString.c,122 :: 		
;__Lib_CString.c,124 :: 		
L_strcmp30:
0x010E	0xE0041A  	CP0.B	[W10]
0x0110	0x320008  	BRA Z	L__strcmp88
L__strcmp130:
0x0112	0x78401A  	MOV.B	[W10], W0
0x0114	0xE1041B  	CP.B	W0, [W11]
0x0116	0x3A0005  	BRA NZ	L__strcmp87
L__strcmp131:
L__strcmp86:
;__Lib_CString.c,125 :: 		
0x0118	0x450061  	ADD	W10, #1, W0
0x011A	0x780500  	MOV	W0, W10
0x011C	0x458061  	ADD	W11, #1, W0
0x011E	0x780580  	MOV	W0, W11
0x0120	0x37FFF6  	BRA	L_strcmp30
;__Lib_CString.c,124 :: 		
L__strcmp88:
L__strcmp87:
;__Lib_CString.c,127 :: 		
0x0122	0x78401B  	MOV.B	[W11], W0
0x0124	0xFB809A  	ZE	[W10], W1
0x0126	0xFB8000  	ZE	W0, W0
0x0128	0x508000  	SUB	W1, W0, W0
;__Lib_CString.c,128 :: 		
L_end_strcmp:
0x012A	0xFA8000  	ULNK
0x012C	0x060000  	RETURN
; end of _strcmp
_criatividade:
;q1.c,217 :: 		void criatividade(){
;q1.c,218 :: 		switch(estado_criatividade){
0x01B0	0x781F8A  	PUSH	W10
0x01B2	0x781F8B  	PUSH	W11
0x01B4	0x370048  	BRA	L_criatividade42
;q1.c,219 :: 		case 0:
L_criatividade44:
;q1.c,220 :: 		receive_criat(str_criat);
0x01B6	0x20B58A  	MOV	#lo_addr(_str_criat), W10
0x01B8	0x07FFC0  	RCALL	_receive_criat
;q1.c,221 :: 		estado_criatividade++;
0x01BA	0x200011  	MOV	#1, W1
0x01BC	0x209460  	MOV	#lo_addr(_estado_criatividade), W0
0x01BE	0x408810  	ADD	W1, [W0], [W0]
;q1.c,222 :: 		break;
0x01C0	0x370055  	BRA	L_criatividade43
;q1.c,223 :: 		case 1:
L_criatividade45:
;q1.c,224 :: 		send_str(perguntas[0]);
0x01C2	0x20AA5A  	MOV	#lo_addr(_perguntas), W10
0x01C4	0x07FFD9  	RCALL	_send_str
;q1.c,225 :: 		estado_criatividade++;
0x01C6	0x200011  	MOV	#1, W1
0x01C8	0x209460  	MOV	#lo_addr(_estado_criatividade), W0
0x01CA	0x408810  	ADD	W1, [W0], [W0]
;q1.c,226 :: 		break;
0x01CC	0x37004F  	BRA	L_criatividade43
;q1.c,227 :: 		case 2:
L_criatividade46:
;q1.c,228 :: 		receive_criat(str_criat);
0x01CE	0x20B58A  	MOV	#lo_addr(_str_criat), W10
0x01D0	0x07FFB4  	RCALL	_receive_criat
;q1.c,229 :: 		flag_criat = strcmp(respostas[0],str_criat);
0x01D2	0x20B58B  	MOV	#lo_addr(_str_criat), W11
0x01D4	0x208C0A  	MOV	#lo_addr(_respostas), W10
0x01D6	0x07FF9A  	RCALL	_strcmp
0x01D8	0x884110  	MOV	W0, _flag_criat
;q1.c,230 :: 		if (flag_criat == 0){
0x01DA	0xE10060  	CP	W0, #0
0x01DC	0x3A0006  	BRA NZ	L_criatividade47
L__criatividade107:
;q1.c,231 :: 		send_str(mensagens[0]);
0x01DE	0x20824A  	MOV	#lo_addr(_mensagens), W10
0x01E0	0x07FFCB  	RCALL	_send_str
;q1.c,232 :: 		estado_criatividade++;
0x01E2	0x200011  	MOV	#1, W1
0x01E4	0x209460  	MOV	#lo_addr(_estado_criatividade), W0
0x01E6	0x408810  	ADD	W1, [W0], [W0]
;q1.c,233 :: 		}else{
0x01E8	0x370005  	BRA	L_criatividade48
L_criatividade47:
;q1.c,234 :: 		send_str(mensagens[1]);
0x01EA	0x2084BA  	MOV	#lo_addr(_mensagens+39), W10
0x01EC	0x07FFC5  	RCALL	_send_str
;q1.c,235 :: 		numero_tentativas--;
0x01EE	0x200011  	MOV	#1, W1
0x01F0	0x208DE0  	MOV	#lo_addr(_numero_tentativas), W0
0x01F2	0x108810  	SUBR	W1, [W0], [W0]
;q1.c,236 :: 		}
L_criatividade48:
;q1.c,237 :: 		break;
0x01F4	0x37003B  	BRA	L_criatividade43
;q1.c,238 :: 		case 3:
L_criatividade49:
;q1.c,239 :: 		send_str(perguntas[1]);
0x01F6	0x20ABEA  	MOV	#lo_addr(_perguntas+25), W10
0x01F8	0x07FFBF  	RCALL	_send_str
;q1.c,240 :: 		estado_criatividade++;
0x01FA	0x200011  	MOV	#1, W1
0x01FC	0x209460  	MOV	#lo_addr(_estado_criatividade), W0
0x01FE	0x408810  	ADD	W1, [W0], [W0]
;q1.c,241 :: 		break;
0x0200	0x370035  	BRA	L_criatividade43
;q1.c,242 :: 		case 4:
L_criatividade50:
;q1.c,243 :: 		receive_criat(str_criat);
0x0202	0x20B58A  	MOV	#lo_addr(_str_criat), W10
0x0204	0x07FF9A  	RCALL	_receive_criat
;q1.c,244 :: 		flag_criat = strcmp(respostas[1],str_criat);
0x0206	0x20B58B  	MOV	#lo_addr(_str_criat), W11
0x0208	0x208CFA  	MOV	#lo_addr(_respostas+15), W10
0x020A	0x07FF80  	RCALL	_strcmp
0x020C	0x884110  	MOV	W0, _flag_criat
;q1.c,245 :: 		if (flag_criat == 0){
0x020E	0xE10060  	CP	W0, #0
0x0210	0x3A0006  	BRA NZ	L_criatividade51
L__criatividade108:
;q1.c,246 :: 		send_str(mensagens[2]);
0x0212	0x20872A  	MOV	#lo_addr(_mensagens+78), W10
0x0214	0x07FFB1  	RCALL	_send_str
;q1.c,247 :: 		estado_criatividade++;
0x0216	0x200011  	MOV	#1, W1
0x0218	0x209460  	MOV	#lo_addr(_estado_criatividade), W0
0x021A	0x408810  	ADD	W1, [W0], [W0]
;q1.c,248 :: 		}else{
0x021C	0x370005  	BRA	L_criatividade52
L_criatividade51:
;q1.c,249 :: 		send_str(mensagens[3]);
0x021E	0x20899A  	MOV	#lo_addr(_mensagens+117), W10
0x0220	0x07FFAB  	RCALL	_send_str
;q1.c,250 :: 		numero_tentativas--;
0x0222	0x200011  	MOV	#1, W1
0x0224	0x208DE0  	MOV	#lo_addr(_numero_tentativas), W0
0x0226	0x108810  	SUBR	W1, [W0], [W0]
;q1.c,251 :: 		}
L_criatividade52:
;q1.c,252 :: 		break;
0x0228	0x370021  	BRA	L_criatividade43
;q1.c,253 :: 		case 5:
L_criatividade53:
;q1.c,254 :: 		send_str("Acesso liberado\r\n");
0x022A	0x208E2A  	MOV	#lo_addr(?lstr6_q1), W10
0x022C	0x07FFA5  	RCALL	_send_str
;q1.c,255 :: 		numero_tentativas = 2;
0x022E	0x200020  	MOV	#2, W0
0x0230	0x8846F0  	MOV	W0, _numero_tentativas
;q1.c,256 :: 		LATBbits.LATB0 = 0;
0x0232	0xA902CA  	BCLR.B	LATBbits, #0
;q1.c,257 :: 		botao = 0;
0x0234	0xEF2000  	CLR	W0
0x0236	0x884700  	MOV	W0, _botao
;q1.c,258 :: 		estado_criatividade++;
0x0238	0x200011  	MOV	#1, W1
0x023A	0x209460  	MOV	#lo_addr(_estado_criatividade), W0
0x023C	0x408810  	ADD	W1, [W0], [W0]
;q1.c,259 :: 		break;
0x023E	0x370016  	BRA	L_criatividade43
;q1.c,260 :: 		default:
L_criatividade54:
;q1.c,261 :: 		estado_criatividade = 0;
0x0240	0xEF2000  	CLR	W0
0x0242	0x884A30  	MOV	W0, _estado_criatividade
;q1.c,262 :: 		break;
0x0244	0x370013  	BRA	L_criatividade43
;q1.c,263 :: 		}
L_criatividade42:
0x0246	0x804A30  	MOV	_estado_criatividade, W0
0x0248	0xE10060  	CP	W0, #0
0x024A	0x32FFB5  	BRA Z	L_criatividade44
L__criatividade109:
0x024C	0x804A30  	MOV	_estado_criatividade, W0
0x024E	0xE10061  	CP	W0, #1
0x0250	0x32FFB8  	BRA Z	L_criatividade45
L__criatividade110:
0x0252	0x804A30  	MOV	_estado_criatividade, W0
0x0254	0xE10062  	CP	W0, #2
0x0256	0x32FFBB  	BRA Z	L_criatividade46
L__criatividade111:
0x0258	0x804A30  	MOV	_estado_criatividade, W0
0x025A	0xE10063  	CP	W0, #3
0x025C	0x32FFCC  	BRA Z	L_criatividade49
L__criatividade112:
0x025E	0x804A30  	MOV	_estado_criatividade, W0
0x0260	0xE10064  	CP	W0, #4
0x0262	0x32FFCF  	BRA Z	L_criatividade50
L__criatividade113:
0x0264	0x804A30  	MOV	_estado_criatividade, W0
0x0266	0xE10065  	CP	W0, #5
0x0268	0x32FFE0  	BRA Z	L_criatividade53
L__criatividade114:
0x026A	0x37FFEA  	BRA	L_criatividade54
L_criatividade43:
;q1.c,264 :: 		}
L_end_criatividade:
0x026C	0x7805CF  	POP	W11
0x026E	0x78054F  	POP	W10
0x0270	0x060000  	RETURN
; end of _criatividade
_receive_criat:
;q1.c,202 :: 		void receive_criat(char* stri){
;q1.c,203 :: 		int i = 0;
; i start address is: 6 (W3)
; i start address is: 6 (W3)
0x013A	0xEF2006  	CLR	W3
; i end address is: 6 (W3)
;q1.c,205 :: 		do{
0x013C	0x370000  	BRA	L_receive_criat39
L__receive_criat69:
;q1.c,209 :: 		}while(c != 0x0A);
;q1.c,205 :: 		do{
L_receive_criat39:
;q1.c,206 :: 		c = receive_char();
; i start address is: 6 (W3)
0x013E	0x07FFF7  	RCALL	_receive_char
; c start address is: 4 (W2)
0x0140	0x784100  	MOV.B	W0, W2
;q1.c,207 :: 		stri[i] = c;
0x0142	0x450083  	ADD	W10, W3, W1
0x0144	0x784880  	MOV.B	W0, [W1]
;q1.c,208 :: 		i++;
0x0146	0xEC2006  	INC	W3
; i end address is: 6 (W3)
;q1.c,209 :: 		}while(c != 0x0A);
0x0148	0xE1146A  	CP.B	W2, #10
0x014A	0x3AFFF9  	BRA NZ	L__receive_criat69
L__receive_criat105:
; c end address is: 4 (W2)
; i end address is: 6 (W3)
;q1.c,210 :: 		stri[i-1] = '\0';
; i start address is: 6 (W3)
0x014C	0x518061  	SUB	W3, #1, W0
; i end address is: 6 (W3)
0x014E	0x450080  	ADD	W10, W0, W1
0x0150	0xEF2000  	CLR	W0
0x0152	0x784880  	MOV.B	W0, [W1]
;q1.c,211 :: 		}
L_end_receive_criat:
0x0154	0x060000  	RETURN
; end of _receive_criat
0x081C	0x20800A  	MOV	#2048, W10
0x081E	0x20000B  	MOV	#0, W11
0x0820	0x0901B5  	REPEAT	#437
0x0822	0x781D0B  	MOV	W11, [W10++]
0x0824	0x060000  	RETURN
0x0826	0x208001  	MOV	#lo_addr(_flag), W1
0x0828	0x286520  	MOV	#34386, W0
0x082A	0x0900A4  	REPEAT	#164
0x082C	0x7818B0  	MOV	[W0++], [W1++]
0x082E	0x7858B0  	MOV.B	[W0++], [W1++]
0x0830	0x2094C1  	MOV	#lo_addr(_step), W1
0x0832	0x284C60  	MOV	#33990, W0
0x0834	0x0900C4  	REPEAT	#196
0x0836	0x7818B0  	MOV	[W0++], [W1++]
0x0838	0x7858B0  	MOV.B	[W0++], [W1++]
0x083A	0x20AD81  	MOV	#lo_addr(_var), W1
0x083C	0x2879E0  	MOV	#34718, W0
0x083E	0x09003D  	REPEAT	#61
0x0840	0x7818B0  	MOV	[W0++], [W1++]
0x0842	0x7858B0  	MOV.B	[W0++], [W1++]
0x0844	0x060000  	RETURN
_Tx_serial2:
0x04AA	0xF80034  	PUSH	PSVPAG
0x04AC	0xF80036  	PUSH	RCOUNT
0x04AE	0x781F80  	PUSH	W0
0x04B0	0x200020  	MOV	#2, W0
0x04B2	0x09000C  	REPEAT	#12
0x04B4	0x781FB0  	PUSH	[W0++]
;q1.c,62 :: 		void Tx_serial2() iv IVT_ADDR_U2TXINTERRUPT{
;q1.c,63 :: 		IFS1bits.U2TXIF = 0;
0x04B6	0xA92087  	BCLR	IFS1bits, #9
;q1.c,64 :: 		}
L_end_Tx_serial2:
0x04B8	0x2001A0  	MOV	#26, W0
0x04BA	0x09000C  	REPEAT	#12
0x04BC	0x78104F  	POP	[W0--]
0x04BE	0x78004F  	POP	W0
0x04C0	0xF90036  	POP	RCOUNT
0x04C2	0xF90034  	POP	PSVPAG
0x04C4	0x064000  	RETFIE
; end of _Tx_serial2
_tempo2:
0x03FA	0xF80034  	PUSH	PSVPAG
0x03FC	0xF80036  	PUSH	RCOUNT
0x03FE	0x781F80  	PUSH	W0
0x0400	0x200020  	MOV	#2, W0
0x0402	0x09000C  	REPEAT	#12
0x0404	0x781FB0  	PUSH	[W0++]
;q1.c,36 :: 		void tempo2() iv IVT_ADDR_T2INTERRUPT ics ICS_AUTO {
;q1.c,37 :: 		IFS0bits.T2IF = 0;
0x0406	0xA9C084  	BCLR.B	IFS0bits, #6
;q1.c,38 :: 		cont++;
0x0408	0x200011  	MOV	#1, W1
0x040A	0x20B560  	MOV	#lo_addr(_cont), W0
0x040C	0x408810  	ADD	W1, [W0], [W0]
;q1.c,39 :: 		if(cont == 250){
0x040E	0x200FA1  	MOV	#250, W1
0x0410	0x20B560  	MOV	#lo_addr(_cont), W0
0x0412	0xE10810  	CP	W1, [W0]
0x0414	0x3A0004  	BRA NZ	L_tempo28
L__tempo278:
;q1.c,40 :: 		LATB = 0xFFFF;
0x0416	0x2FFFF0  	MOV	#65535, W0
0x0418	0xB7A2CA  	MOV	WREG, LATB
;q1.c,41 :: 		cont = 0;
0x041A	0xEF2000  	CLR	W0
0x041C	0x885AB0  	MOV	W0, _cont
;q1.c,42 :: 		}
L_tempo28:
;q1.c,43 :: 		if(cont == var)
0x041E	0x805AB1  	MOV	_cont, W1
0x0420	0x20AD80  	MOV	#lo_addr(_var), W0
0x0422	0xE10810  	CP	W1, [W0]
0x0424	0x3A0001  	BRA NZ	L_tempo29
L__tempo279:
;q1.c,44 :: 		LATB = 0;
0x0426	0xEF22CA  	CLR	LATB
L_tempo29:
;q1.c,46 :: 		}
L_end_tempo2:
0x0428	0x2001A0  	MOV	#26, W0
0x042A	0x09000C  	REPEAT	#12
0x042C	0x78104F  	POP	[W0--]
0x042E	0x78004F  	POP	W0
0x0430	0xF90036  	POP	RCOUNT
0x0432	0xF90034  	POP	PSVPAG
0x0434	0x064000  	RETFIE
; end of _tempo2
_tempo:
0x0376	0xF80034  	PUSH	PSVPAG
0x0378	0xF80036  	PUSH	RCOUNT
0x037A	0x781F80  	PUSH	W0
0x037C	0x200020  	MOV	#2, W0
0x037E	0x09000C  	REPEAT	#12
0x0380	0x781FB0  	PUSH	[W0++]
;q1.c,21 :: 		void tempo() iv IVT_ADDR_T1INTERRUPT ics ICS_AUTO {
;q1.c,22 :: 		IFS0bits.T1IF = 0;
0x0382	0xA96084  	BCLR.B	IFS0bits, #3
;q1.c,23 :: 		if (estado == 6 || estado == 7 || estado == 8)
0x0384	0x8047A0  	MOV	_estado, W0
0x0386	0xE10066  	CP	W0, #6
0x0388	0x320007  	BRA Z	L__tempo65
L__tempo71:
0x038A	0x8047A0  	MOV	_estado, W0
0x038C	0xE10067  	CP	W0, #7
0x038E	0x320004  	BRA Z	L__tempo64
L__tempo72:
0x0390	0x8047A0  	MOV	_estado, W0
0x0392	0xE10068  	CP	W0, #8
0x0394	0x320001  	BRA Z	L__tempo63
L__tempo73:
0x0396	0x370001  	BRA	L_tempo2
L__tempo65:
L__tempo64:
L__tempo63:
;q1.c,24 :: 		LATB = ~LATB;
0x0398	0xEEA2CA  	COM	LATB
L_tempo2:
;q1.c,25 :: 		if (estado == 9 || estado == 10){
0x039A	0x8047A0  	MOV	_estado, W0
0x039C	0xE10069  	CP	W0, #9
0x039E	0x320004  	BRA Z	L__tempo67
L__tempo74:
0x03A0	0x8047A0  	MOV	_estado, W0
0x03A2	0xE1006A  	CP	W0, #10
0x03A4	0x320001  	BRA Z	L__tempo66
L__tempo75:
0x03A6	0x37000A  	BRA	L_tempo5
L__tempo67:
L__tempo66:
;q1.c,26 :: 		if (var <= 225){
0x03A8	0x200E11  	MOV	#225, W1
0x03AA	0x20AD80  	MOV	#lo_addr(_var), W0
0x03AC	0xE10810  	CP	W1, [W0]
0x03AE	0x350004  	BRA LT	L_tempo6
L__tempo76:
;q1.c,27 :: 		var = var + step;
0x03B0	0x804A61  	MOV	_step, W1
0x03B2	0x20AD80  	MOV	#lo_addr(_var), W0
0x03B4	0x408810  	ADD	W1, [W0], [W0]
;q1.c,28 :: 		}else{
0x03B6	0x370002  	BRA	L_tempo7
L_tempo6:
;q1.c,29 :: 		var = 0;
0x03B8	0xEF2000  	CLR	W0
0x03BA	0x8856C0  	MOV	W0, _var
;q1.c,30 :: 		}
L_tempo7:
;q1.c,31 :: 		}
L_tempo5:
;q1.c,32 :: 		}
L_end_tempo:
0x03BC	0x2001A0  	MOV	#26, W0
0x03BE	0x09000C  	REPEAT	#12
0x03C0	0x78104F  	POP	[W0--]
0x03C2	0x78004F  	POP	W0
0x03C4	0xF90036  	POP	RCOUNT
0x03C6	0xF90034  	POP	PSVPAG
0x03C8	0x064000  	RETFIE
; end of _tempo
_botaozinho:
0x03CA	0xF80034  	PUSH	PSVPAG
0x03CC	0xF80036  	PUSH	RCOUNT
0x03CE	0x781F80  	PUSH	W0
0x03D0	0x200020  	MOV	#2, W0
0x03D2	0x09000C  	REPEAT	#12
0x03D4	0x781FB0  	PUSH	[W0++]
;q1.c,190 :: 		void botaozinho() iv IVT_ADDR_INT0INTERRUPT ics ICS_AUTO {
;q1.c,191 :: 		IFS0bits.INT0IF = 0;
0x03D6	0xA90084  	BCLR.B	IFS0bits, #0
;q1.c,192 :: 		if (botao == 0){
0x03D8	0x804700  	MOV	_botao, W0
0x03DA	0xE10060  	CP	W0, #0
0x03DC	0x3A0004  	BRA NZ	L_botaozinho37
L__botaozinho103:
;q1.c,193 :: 		botao = 1;
0x03DE	0x200010  	MOV	#1, W0
0x03E0	0x884700  	MOV	W0, _botao
;q1.c,194 :: 		LATBbits.LATB0 = 1;
0x03E2	0xA802CA  	BSET.B	LATBbits, #0
;q1.c,195 :: 		}else{
0x03E4	0x370003  	BRA	L_botaozinho38
L_botaozinho37:
;q1.c,196 :: 		LATBbits.LATB0 = 0;
0x03E6	0xA902CA  	BCLR.B	LATBbits, #0
;q1.c,197 :: 		botao = 0;
0x03E8	0xEF2000  	CLR	W0
0x03EA	0x884700  	MOV	W0, _botao
;q1.c,198 :: 		}
L_botaozinho38:
;q1.c,199 :: 		}
L_end_botaozinho:
0x03EC	0x2001A0  	MOV	#26, W0
0x03EE	0x09000C  	REPEAT	#12
0x03F0	0x78104F  	POP	[W0--]
0x03F2	0x78004F  	POP	W0
0x03F4	0xF90036  	POP	RCOUNT
0x03F6	0xF90034  	POP	PSVPAG
0x03F8	0x064000  	RETFIE
; end of _botaozinho
;q1.c,0 :: ?ICS_step [2]
0x04C6	0x0019 ;?ICS_step+0
; end of ?ICS_step
;,0 :: _initBlock_1 [20]
; Containing: ?ICS?lstr7_q1 [17]
;             ?ICS?lstr2_q1 [3]
0x04C8	0x4C42 ;_initBlock_1+0 : ?ICS?lstr7_q1 at 0x04C8
0x04CA	0x514F ;_initBlock_1+2
0x04CC	0x4555 ;_initBlock_1+4
0x04CE	0x4F49 ;_initBlock_1+6
0x04D0	0x5420 ;_initBlock_1+8
0x04D2	0x544F ;_initBlock_1+10
0x04D4	0x4C41 ;_initBlock_1+12
0x04D6	0x0A0D ;_initBlock_1+14
0x04D8	0x0A00 ;_initBlock_1+16 : ?ICS?lstr2_q1 at 0x04D9
0x04DA	0x000D ;_initBlock_1+18
; end of _initBlock_1
;q1.c,0 :: ?ICS_mC [320]
0x04DC	0x694F ;?ICS_mC+0
0x04DE	0x202C ;?ICS_mC+2
0x04E0	0x4350 ;?ICS_mC+4
0x04E2	0x7420 ;?ICS_mC+6
0x04E4	0x6475 ;?ICS_mC+8
0x04E6	0x206F ;?ICS_mC+10
0x04E8	0x6562 ;?ICS_mC+12
0x04EA	0x3F6D ;?ICS_mC+14
0x04EC	0x0000 ;?ICS_mC+16
0x04EE	0x0000 ;?ICS_mC+18
0x04F0	0x0000 ;?ICS_mC+20
0x04F2	0x0000 ;?ICS_mC+22
0x04F4	0x0000 ;?ICS_mC+24
0x04F6	0x0000 ;?ICS_mC+26
0x04F8	0x0000 ;?ICS_mC+28
0x04FA	0x0000 ;?ICS_mC+30
0x04FC	0x0000 ;?ICS_mC+32
0x04FE	0x0000 ;?ICS_mC+34
0x0500	0x0000 ;?ICS_mC+36
0x0502	0x0000 ;?ICS_mC+38
0x0504	0x0000 ;?ICS_mC+40
0x0506	0x0000 ;?ICS_mC+42
0x0508	0x0000 ;?ICS_mC+44
0x050A	0x0000 ;?ICS_mC+46
0x050C	0x0000 ;?ICS_mC+48
0x050E	0x0000 ;?ICS_mC+50
0x0510	0x0000 ;?ICS_mC+52
0x0512	0x0000 ;?ICS_mC+54
0x0514	0x0000 ;?ICS_mC+56
0x0516	0x0000 ;?ICS_mC+58
0x0518	0x0000 ;?ICS_mC+60
0x051A	0x0000 ;?ICS_mC+62
0x051C	0x0000 ;?ICS_mC+64
0x051E	0x0000 ;?ICS_mC+66
0x0520	0x0000 ;?ICS_mC+68
0x0522	0x0000 ;?ICS_mC+70
0x0524	0x0000 ;?ICS_mC+72
0x0526	0x0000 ;?ICS_mC+74
0x0528	0x0000 ;?ICS_mC+76
0x052A	0x0000 ;?ICS_mC+78
0x052C	0x6F50 ;?ICS_mC+80
0x052E	0x2072 ;?ICS_mC+82
0x0530	0x6166 ;?ICS_mC+84
0x0532	0x6F76 ;?ICS_mC+86
0x0534	0x2072 ;?ICS_mC+88
0x0536	0x6964 ;?ICS_mC+90
0x0538	0x6967 ;?ICS_mC+92
0x053A	0x6174 ;?ICS_mC+94
0x053C	0x6120 ;?ICS_mC+96
0x053E	0x7020 ;?ICS_mC+98
0x0540	0x6C61 ;?ICS_mC+100
0x0542	0x7661 ;?ICS_mC+102
0x0544	0x6172 ;?ICS_mC+104
0x0546	0x2720 ;?ICS_mC+106
0x0548	0x656C ;?ICS_mC+108
0x054A	0x7364 ;?ICS_mC+110
0x054C	0x2027 ;?ICS_mC+112
0x054E	0x6170 ;?ICS_mC+114
0x0550	0x6172 ;?ICS_mC+116
0x0552	0x6C20 ;?ICS_mC+118
0x0554	0x6769 ;?ICS_mC+120
0x0556	0x7261 ;?ICS_mC+122
0x0558	0x6520 ;?ICS_mC+124
0x055A	0x6420 ;?ICS_mC+126
0x055C	0x7365 ;?ICS_mC+128
0x055E	0x696C ;?ICS_mC+130
0x0560	0x6167 ;?ICS_mC+132
0x0562	0x2072 ;?ICS_mC+134
0x0564	0x736F ;?ICS_mC+136
0x0566	0x6C20 ;?ICS_mC+138
0x0568	0x6465 ;?ICS_mC+140
0x056A	0x2073 ;?ICS_mC+142
0x056C	0x2061 ;?ICS_mC+144
0x056E	0x6163 ;?ICS_mC+146
0x0570	0x6164 ;?ICS_mC+148
0x0572	0x3020 ;?ICS_mC+150
0x0574	0x352E ;?ICS_mC+152
0x0576	0x0073 ;?ICS_mC+154
0x0578	0x0000 ;?ICS_mC+156
0x057A	0x0000 ;?ICS_mC+158
0x057C	0x6741 ;?ICS_mC+160
0x057E	0x726F ;?ICS_mC+162
0x0580	0x2061 ;?ICS_mC+164
0x0582	0x6964 ;?ICS_mC+166
0x0584	0x6967 ;?ICS_mC+168
0x0586	0x6174 ;?ICS_mC+170
0x0588	0x6120 ;?ICS_mC+172
0x058A	0x7020 ;?ICS_mC+174
0x058C	0x6C61 ;?ICS_mC+176
0x058E	0x7661 ;?ICS_mC+178
0x0590	0x6172 ;?ICS_mC+180
0x0592	0x5020 ;?ICS_mC+182
0x0594	0x4D57 ;?ICS_mC+184
0x0596	0x0021 ;?ICS_mC+186
0x0598	0x0000 ;?ICS_mC+188
0x059A	0x0000 ;?ICS_mC+190
0x059C	0x0000 ;?ICS_mC+192
0x059E	0x0000 ;?ICS_mC+194
0x05A0	0x0000 ;?ICS_mC+196
0x05A2	0x0000 ;?ICS_mC+198
0x05A4	0x0000 ;?ICS_mC+200
0x05A6	0x0000 ;?ICS_mC+202
0x05A8	0x0000 ;?ICS_mC+204
0x05AA	0x0000 ;?ICS_mC+206
0x05AC	0x0000 ;?ICS_mC+208
0x05AE	0x0000 ;?ICS_mC+210
0x05B0	0x0000 ;?ICS_mC+212
0x05B2	0x0000 ;?ICS_mC+214
0x05B4	0x0000 ;?ICS_mC+216
0x05B6	0x0000 ;?ICS_mC+218
0x05B8	0x0000 ;?ICS_mC+220
0x05BA	0x0000 ;?ICS_mC+222
0x05BC	0x0000 ;?ICS_mC+224
0x05BE	0x0000 ;?ICS_mC+226
0x05C0	0x0000 ;?ICS_mC+228
0x05C2	0x0000 ;?ICS_mC+230
0x05C4	0x0000 ;?ICS_mC+232
0x05C6	0x0000 ;?ICS_mC+234
0x05C8	0x0000 ;?ICS_mC+236
0x05CA	0x0000 ;?ICS_mC+238
0x05CC	0x624F ;?ICS_mC+240
0x05CE	0x6972 ;?ICS_mC+242
0x05D0	0x6167 ;?ICS_mC+244
0x05D2	0x6F64 ;?ICS_mC+246
0x05D4	0x2021 ;?ICS_mC+248
0x05D6	0x6944 ;?ICS_mC+250
0x05D8	0x6967 ;?ICS_mC+252
0x05DA	0x6574 ;?ICS_mC+254
0x05DC	0x5020 ;?ICS_mC+256
0x05DE	0x5241 ;?ICS_mC+258
0x05E0	0x5241 ;?ICS_mC+260
0x05E2	0x7020 ;?ICS_mC+262
0x05E4	0x7261 ;?ICS_mC+264
0x05E6	0x2061 ;?ICS_mC+266
0x05E8	0x7027 ;?ICS_mC+268
0x05EA	0x7261 ;?ICS_mC+270
0x05EC	0x7261 ;?ICS_mC+272
0x05EE	0x2027 ;?ICS_mC+274
0x05F0	0x2065 ;?ICS_mC+276
0x05F2	0x7061 ;?ICS_mC+278
0x05F4	0x7469 ;?ICS_mC+280
0x05F6	0x7261 ;?ICS_mC+282
0x05F8	0x6F20 ;?ICS_mC+284
0x05FA	0x4220 ;?ICS_mC+286
0x05FC	0x7A75 ;?ICS_mC+288
0x05FE	0x657A ;?ICS_mC+290
0x0600	0x2172 ;?ICS_mC+292
0x0602	0x0000 ;?ICS_mC+294
0x0604	0x0000 ;?ICS_mC+296
0x0606	0x0000 ;?ICS_mC+298
0x0608	0x0000 ;?ICS_mC+300
0x060A	0x0000 ;?ICS_mC+302
0x060C	0x0000 ;?ICS_mC+304
0x060E	0x0000 ;?ICS_mC+306
0x0610	0x0000 ;?ICS_mC+308
0x0612	0x0000 ;?ICS_mC+310
0x0614	0x0000 ;?ICS_mC+312
0x0616	0x0000 ;?ICS_mC+314
0x0618	0x0000 ;?ICS_mC+316
0x061A	0x0000 ;?ICS_mC+318
; end of ?ICS_mC
;,0 :: _initBlock_3 [53]
; Containing: ?ICS?lstr4_q1 [3]
;             ?ICS_perguntas [50]
0x061C	0x0D0A ;_initBlock_3+0 : ?ICS?lstr4_q1 at 0x061C
0x061E	0x4900 ;_initBlock_3+2 : ?ICS_perguntas at 0x061F
0x0620	0x666E ;_initBlock_3+4
0x0622	0x726F ;_initBlock_3+6
0x0624	0x656D ;_initBlock_3+8
0x0626	0x7320 ;_initBlock_3+10
0x0628	0x7565 ;_initBlock_3+12
0x062A	0x4320 ;_initBlock_3+14
0x062C	0x4650 ;_initBlock_3+16
0x062E	0x0A0D ;_initBlock_3+18
0x0630	0x0000 ;_initBlock_3+20
0x0632	0x0000 ;_initBlock_3+22
0x0634	0x0000 ;_initBlock_3+24
0x0636	0x0000 ;_initBlock_3+26
0x0638	0x6E49 ;_initBlock_3+28
0x063A	0x6F66 ;_initBlock_3+30
0x063C	0x6D72 ;_initBlock_3+32
0x063E	0x2065 ;_initBlock_3+34
0x0640	0x7573 ;_initBlock_3+36
0x0642	0x2061 ;_initBlock_3+38
0x0644	0x6469 ;_initBlock_3+40
0x0646	0x6E65 ;_initBlock_3+42
0x0648	0x6974 ;_initBlock_3+44
0x064A	0x6164 ;_initBlock_3+46
0x064C	0x6564 ;_initBlock_3+48
0x064E	0x0A0D ;_initBlock_3+50
0x0650	0x00 ;_initBlock_3+52
; end of _initBlock_3
;q1.c,0 :: ?ICS_flag [2]
0x0652	0x0000 ;?ICS_flag+0
; end of ?ICS_flag
;q1.c,0 :: ?ICS?lstr1_q1 [32]
0x0654	0xE34E ;?ICS?lstr1_q1+0
0x0656	0x206F ;?ICS?lstr1_q1+2
0x0658	0x6E65 ;?ICS?lstr1_q1+4
0x065A	0x6574 ;?ICS?lstr1_q1+6
0x065C	0x646E ;?ICS?lstr1_q1+8
0x065E	0x2C69 ;?ICS?lstr1_q1+10
0x0660	0x5220 ;?ICS?lstr1_q1+12
0x0662	0x7065 ;?ICS?lstr1_q1+14
0x0664	0x7469 ;?ICS?lstr1_q1+16
0x0666	0x2061 ;?ICS?lstr1_q1+18
0x0668	0x6F70 ;?ICS?lstr1_q1+20
0x066A	0x2072 ;?ICS?lstr1_q1+22
0x066C	0x6166 ;?ICS?lstr1_q1+24
0x066E	0x6F76 ;?ICS?lstr1_q1+26
0x0670	0x0A72 ;?ICS?lstr1_q1+28
0x0672	0x000D ;?ICS?lstr1_q1+30
; end of ?ICS?lstr1_q1
;q1.c,0 :: ?ICS_flag_criat [2]
0x0674	0x0000 ;?ICS_flag_criat+0
; end of ?ICS_flag_criat
;q1.c,0 :: ?ICS_mensagens [156]
0x0676	0x5043 ;?ICS_mensagens+0
0x0678	0x2046 ;?ICS_mensagens+2
0x067A	0xE176 ;?ICS_mensagens+4
0x067C	0x696C ;?ICS_mensagens+6
0x067E	0x6F64 ;?ICS_mensagens+8
0x0680	0x0A0D ;?ICS_mensagens+10
0x0682	0x0000 ;?ICS_mensagens+12
0x0684	0x0000 ;?ICS_mensagens+14
0x0686	0x0000 ;?ICS_mensagens+16
0x0688	0x0000 ;?ICS_mensagens+18
0x068A	0x0000 ;?ICS_mensagens+20
0x068C	0x0000 ;?ICS_mensagens+22
0x068E	0x0000 ;?ICS_mensagens+24
0x0690	0x0000 ;?ICS_mensagens+26
0x0692	0x0000 ;?ICS_mensagens+28
0x0694	0x0000 ;?ICS_mensagens+30
0x0696	0x0000 ;?ICS_mensagens+32
0x0698	0x0000 ;?ICS_mensagens+34
0x069A	0x0000 ;?ICS_mensagens+36
0x069C	0x4300 ;?ICS_mensagens+38
0x069E	0x4650 ;?ICS_mensagens+40
0x06A0	0x6920 ;?ICS_mensagens+42
0x06A2	0x766E ;?ICS_mensagens+44
0x06A4	0x6CE1 ;?ICS_mensagens+46
0x06A6	0x6469 ;?ICS_mensagens+48
0x06A8	0x2C6F ;?ICS_mensagens+50
0x06AA	0x7420 ;?ICS_mensagens+52
0x06AC	0x6E65 ;?ICS_mensagens+54
0x06AE	0x6574 ;?ICS_mensagens+56
0x06B0	0x6E20 ;?ICS_mensagens+58
0x06B2	0x766F ;?ICS_mensagens+60
0x06B4	0x6D61 ;?ICS_mensagens+62
0x06B6	0x6E65 ;?ICS_mensagens+64
0x06B8	0x6574 ;?ICS_mensagens+66
0x06BA	0x0A0D ;?ICS_mensagens+68
0x06BC	0x0000 ;?ICS_mensagens+70
0x06BE	0x0000 ;?ICS_mensagens+72
0x06C0	0x0000 ;?ICS_mensagens+74
0x06C2	0x0000 ;?ICS_mensagens+76
0x06C4	0x6449 ;?ICS_mensagens+78
0x06C6	0x6E65 ;?ICS_mensagens+80
0x06C8	0x6974 ;?ICS_mensagens+82
0x06CA	0x6164 ;?ICS_mensagens+84
0x06CC	0x6564 ;?ICS_mensagens+86
0x06CE	0x7620 ;?ICS_mensagens+88
0x06D0	0x6CE1 ;?ICS_mensagens+90
0x06D2	0x6469 ;?ICS_mensagens+92
0x06D4	0x0D61 ;?ICS_mensagens+94
0x06D6	0x000A ;?ICS_mensagens+96
0x06D8	0x0000 ;?ICS_mensagens+98
0x06DA	0x0000 ;?ICS_mensagens+100
0x06DC	0x0000 ;?ICS_mensagens+102
0x06DE	0x0000 ;?ICS_mensagens+104
0x06E0	0x0000 ;?ICS_mensagens+106
0x06E2	0x0000 ;?ICS_mensagens+108
0x06E4	0x0000 ;?ICS_mensagens+110
0x06E6	0x0000 ;?ICS_mensagens+112
0x06E8	0x0000 ;?ICS_mensagens+114
0x06EA	0x4900 ;?ICS_mensagens+116
0x06EC	0x6564 ;?ICS_mensagens+118
0x06EE	0x746E ;?ICS_mensagens+120
0x06F0	0x6469 ;?ICS_mensagens+122
0x06F2	0x6461 ;?ICS_mensagens+124
0x06F4	0x2065 ;?ICS_mensagens+126
0x06F6	0x6E69 ;?ICS_mensagens+128
0x06F8	0xE176 ;?ICS_mensagens+130
0x06FA	0x696C ;?ICS_mensagens+132
0x06FC	0x6164 ;?ICS_mensagens+134
0x06FE	0x202C ;?ICS_mensagens+136
0x0700	0x6574 ;?ICS_mensagens+138
0x0702	0x746E ;?ICS_mensagens+140
0x0704	0x2065 ;?ICS_mensagens+142
0x0706	0x6F6E ;?ICS_mensagens+144
0x0708	0x6176 ;?ICS_mensagens+146
0x070A	0x656D ;?ICS_mensagens+148
0x070C	0x746E ;?ICS_mensagens+150
0x070E	0x0D65 ;?ICS_mensagens+152
0x0710	0x000A ;?ICS_mensagens+154
; end of ?ICS_mensagens
;q1.c,0 :: ?ICS_respostas [30]
0x0712	0x3030 ;?ICS_respostas+0
0x0714	0x2E30 ;?ICS_respostas+2
0x0716	0x3030 ;?ICS_respostas+4
0x0718	0x2E30 ;?ICS_respostas+6
0x071A	0x3030 ;?ICS_respostas+8
0x071C	0x2D30 ;?ICS_respostas+10
0x071E	0x3030 ;?ICS_respostas+12
0x0720	0x3000 ;?ICS_respostas+14
0x0722	0x3231 ;?ICS_respostas+16
0x0724	0x3433 ;?ICS_respostas+18
0x0726	0x3635 ;?ICS_respostas+20
0x0728	0x3837 ;?ICS_respostas+22
0x072A	0x0039 ;?ICS_respostas+24
0x072C	0x0000 ;?ICS_respostas+26
0x072E	0x0000 ;?ICS_respostas+28
; end of ?ICS_respostas
;q1.c,0 :: ?ICS_numero_tentativas [2]
0x0730	0x0002 ;?ICS_numero_tentativas+0
; end of ?ICS_numero_tentativas
;q1.c,0 :: ?ICS_botao [2]
0x0732	0x0000 ;?ICS_botao+0
; end of ?ICS_botao
;q1.c,0 :: ?ICS?lstr6_q1 [18]
0x0734	0x6341 ;?ICS?lstr6_q1+0
0x0736	0x7365 ;?ICS?lstr6_q1+2
0x0738	0x6F73 ;?ICS?lstr6_q1+4
0x073A	0x6C20 ;?ICS?lstr6_q1+6
0x073C	0x6269 ;?ICS?lstr6_q1+8
0x073E	0x7265 ;?ICS?lstr6_q1+10
0x0740	0x6461 ;?ICS?lstr6_q1+12
0x0742	0x0D6F ;?ICS?lstr6_q1+14
0x0744	0x000A ;?ICS?lstr6_q1+16
; end of ?ICS?lstr6_q1
;q1.c,0 :: ?ICS_estado [2]
0x0746	0x0000 ;?ICS_estado+0
; end of ?ICS_estado
;q1.c,0 :: ?ICS_str [80]
0x0748	0x0000 ;?ICS_str+0
0x074A	0x0000 ;?ICS_str+2
0x074C	0x0000 ;?ICS_str+4
0x074E	0x0000 ;?ICS_str+6
0x0750	0x0000 ;?ICS_str+8
0x0752	0x0000 ;?ICS_str+10
0x0754	0x0000 ;?ICS_str+12
0x0756	0x0000 ;?ICS_str+14
0x0758	0x0000 ;?ICS_str+16
0x075A	0x0000 ;?ICS_str+18
0x075C	0x0000 ;?ICS_str+20
0x075E	0x0000 ;?ICS_str+22
0x0760	0x0000 ;?ICS_str+24
0x0762	0x0000 ;?ICS_str+26
0x0764	0x0000 ;?ICS_str+28
0x0766	0x0000 ;?ICS_str+30
0x0768	0x0000 ;?ICS_str+32
0x076A	0x0000 ;?ICS_str+34
0x076C	0x0000 ;?ICS_str+36
0x076E	0x0000 ;?ICS_str+38
0x0770	0x0000 ;?ICS_str+40
0x0772	0x0000 ;?ICS_str+42
0x0774	0x0000 ;?ICS_str+44
0x0776	0x0000 ;?ICS_str+46
0x0778	0x0000 ;?ICS_str+48
0x077A	0x0000 ;?ICS_str+50
0x077C	0x0000 ;?ICS_str+52
0x077E	0x0000 ;?ICS_str+54
0x0780	0x0000 ;?ICS_str+56
0x0782	0x0000 ;?ICS_str+58
0x0784	0x0000 ;?ICS_str+60
0x0786	0x0000 ;?ICS_str+62
0x0788	0x0000 ;?ICS_str+64
0x078A	0x0000 ;?ICS_str+66
0x078C	0x0000 ;?ICS_str+68
0x078E	0x0000 ;?ICS_str+70
0x0790	0x0000 ;?ICS_str+72
0x0792	0x0000 ;?ICS_str+74
0x0794	0x0000 ;?ICS_str+76
0x0796	0x0000 ;?ICS_str+78
; end of ?ICS_str
;q1.c,0 :: ?ICS_estado_criatividade [2]
0x0798	0x0000 ;?ICS_estado_criatividade+0
; end of ?ICS_estado_criatividade
;q1.c,0 :: ?ICS?lstr5_q1 [3]
0x079A	0x0D0A ;?ICS?lstr5_q1+0
0x079C	0x00 ;?ICS?lstr5_q1+2
; end of ?ICS?lstr5_q1
;q1.c,0 :: ?ICS_var [2]
0x079E	0x0000 ;?ICS_var+0
; end of ?ICS_var
;,0 :: _initBlock_17 [123]
; Containing: ?ICS?lstr3_q1 [3]
;             ?ICS_pC [120]
0x07A0	0x0D0A ;_initBlock_17+0 : ?ICS?lstr3_q1 at 0x07A0
0x07A2	0x5400 ;_initBlock_17+2 : ?ICS_pC at 0x07A3
0x07A4	0x6475 ;_initBlock_17+4
0x07A6	0x206F ;_initBlock_17+6
0x07A8	0x6562 ;_initBlock_17+8
0x07AA	0x206D ;_initBlock_17+10
0x07AC	0x2065 ;_initBlock_17+12
0x07AE	0x6F76 ;_initBlock_17+14
0x07B0	0xEA63 ;_initBlock_17+16
0x07B2	0x003F ;_initBlock_17+18
0x07B4	0x0000 ;_initBlock_17+20
0x07B6	0x5400 ;_initBlock_17+22
0x07B8	0x20E1 ;_initBlock_17+24
0x07BA	0x6F62 ;_initBlock_17+26
0x07BC	0x2E6D ;_initBlock_17+28
0x07BE	0x0000 ;_initBlock_17+30
0x07C0	0x0000 ;_initBlock_17+32
0x07C2	0x0000 ;_initBlock_17+34
0x07C4	0x0000 ;_initBlock_17+36
0x07C6	0x0000 ;_initBlock_17+38
0x07C8	0x0000 ;_initBlock_17+40
0x07CA	0x6C00 ;_initBlock_17+42
0x07CC	0x6465 ;_initBlock_17+44
0x07CE	0x0073 ;_initBlock_17+46
0x07D0	0x0000 ;_initBlock_17+48
0x07D2	0x0000 ;_initBlock_17+50
0x07D4	0x0000 ;_initBlock_17+52
0x07D6	0x0000 ;_initBlock_17+54
0x07D8	0x0000 ;_initBlock_17+56
0x07DA	0x0000 ;_initBlock_17+58
0x07DC	0x0000 ;_initBlock_17+60
0x07DE	0x5300 ;_initBlock_17+62
0x07E0	0x6D65 ;_initBlock_17+64
0x07E2	0x7020 ;_initBlock_17+66
0x07E4	0x6F72 ;_initBlock_17+68
0x07E6	0x6C62 ;_initBlock_17+70
0x07E8	0x6D65 ;_initBlock_17+72
0x07EA	0x2E61 ;_initBlock_17+74
0x07EC	0x0000 ;_initBlock_17+76
0x07EE	0x0000 ;_initBlock_17+78
0x07F0	0x0000 ;_initBlock_17+80
0x07F2	0x5000 ;_initBlock_17+82
0x07F4	0x4D57 ;_initBlock_17+84
0x07F6	0x0000 ;_initBlock_17+86
0x07F8	0x0000 ;_initBlock_17+88
0x07FA	0x0000 ;_initBlock_17+90
0x07FC	0x0000 ;_initBlock_17+92
0x07FE	0x0000 ;_initBlock_17+94
0x0800	0x0000 ;_initBlock_17+96
0x0802	0x0000 ;_initBlock_17+98
0x0804	0x0000 ;_initBlock_17+100
0x0806	0x5000 ;_initBlock_17+102
0x0808	0x5241 ;_initBlock_17+104
0x080A	0x5241 ;_initBlock_17+106
0x080C	0x0000 ;_initBlock_17+108
0x080E	0x0000 ;_initBlock_17+110
0x0810	0x0000 ;_initBlock_17+112
0x0812	0x0000 ;_initBlock_17+114
0x0814	0x0000 ;_initBlock_17+116
0x0816	0x0000 ;_initBlock_17+118
0x0818	0x0000 ;_initBlock_17+120
0x081A	0x00 ;_initBlock_17+122
; end of _initBlock_17
Symbol List:
//** Routines locations **
//ADDRESS    SIZE    PROCEDURE
//----------------------------------------------
0x0100      [12]    _send_char
0x010C      [34]    _strcmp
0x012E      [12]    _receive_char
0x013A      [28]    _receive_criat
0x0156      [34]    _check
0x0178      [24]    _send_str
0x0190      [32]    _receive_str
0x01B0     [194]    _criatividade
0x0272      [22]    _INIT_UART2
0x0288     [238]    _conversa
0x0376      [84]    _tempo
0x03CA      [48]    _botaozinho
0x03FA      [60]    _tempo2
0x0436     [116]    _main
0x04AA      [28]    _Tx_serial2
//** Variables locations ** 
//ADDRESS    SIZE    VARIABLE
//----------------------------------------------
0x010C       [2]    PR2
0x0110       [2]    T2CON
0x0102       [2]    PR1
0x02CA       [2]    LATB
0x02D6       [2]    LATD
0x02D2       [2]    TRISD
0x0104       [2]    T1CON
0x008C       [2]    IEC0bits
0x008C       [2]    IEC0
0x021C       [2]    U2RXREG
0x02D6       [1]    LATDbits
0x0B56       [2]    _cont
0x0084       [2]    IFS0bits
0x0104       [2]    T1CONbits
0x0110       [2]    T2CONbits
0x0B58      [20]    _str_criat
0x021A       [2]    U2TXREG
0x0218       [2]    U2STAbits
0x008E       [2]    IEC1bits
0x0086       [2]    IFS1bits
0x0218       [2]    U2STA
0x02C6       [2]    TRISB
0x02A8       [2]    ADPCFG
0x0216       [2]    U2MODEbits
0x02CA       [2]    LATBbits
0x0216       [2]    U2MODE
0x021E       [2]    U2BRG
0x0800       [2]    _flag
0x0802      [32]    ?lstr1_q1
0x0822       [2]    _flag_criat
0x0824     [156]    _mensagens
0x08C0      [30]    _respostas
0x08DE       [2]    _numero_tentativas
0x08E0       [2]    _botao
0x08E2      [18]    ?lstr6_q1
0x08F4       [2]    _estado
0x08F6      [80]    _str
0x0946       [2]    _estado_criatividade
0x0948       [3]    ?lstr5_q1
0x094C       [2]    _step
0x094E      [17]    ?lstr7_q1
0x095F       [3]    ?lstr2_q1
0x0962     [320]    _mC
0x0AA2       [3]    ?lstr4_q1
0x0AA5      [50]    _perguntas
0x0AD8       [2]    _var
0x0ADA       [3]    ?lstr3_q1
0x0ADD     [120]    _pC
0x008C       [2]    IEC0
0x0014       [1]    FARG_send_char_c
0x0102       [2]    PR1
0x0104       [2]    T1CON
0x0014       [2]    FARG_strcmp_s1
0x0016       [2]    FARG_strcmp_s2
0x010C       [2]    PR2
0x0110       [2]    T2CON
0x0014       [2]    FARG_receive_criat_stri
0x0014       [2]    FARG_check_str1
0x0014       [2]    FARG_send_str_str
0x0216       [2]    U2MODE
0x0218       [2]    U2STA
0x021A       [2]    U2TXREG
0x021C       [2]    U2RXREG
0x021E       [2]    U2BRG
0x0014       [1]    FARG_INIT_UART2_valor_baud
0x02A8       [2]    ADPCFG
0x02C6       [2]    TRISB
0x02CA       [2]    LATB
0x02D2       [2]    TRISD
0x02D6       [2]    LATD
//** Constants locations ** 
//ADDRESS    SIZE    CONSTANT
//----------------------------------------------
0x04C6       [2]    ?ICS_step
0x04C8      [17]    ?ICS?lstr7_q1
0x04D9       [3]    ?ICS?lstr2_q1
0x04DC     [320]    ?ICS_mC
0x061C       [3]    ?ICS?lstr4_q1
0x061F      [50]    ?ICS_perguntas
0x0652       [2]    ?ICS_flag
0x0654      [32]    ?ICS?lstr1_q1
0x0674       [2]    ?ICS_flag_criat
0x0676     [156]    ?ICS_mensagens
0x0712      [30]    ?ICS_respostas
0x0730       [2]    ?ICS_numero_tentativas
0x0732       [2]    ?ICS_botao
0x0734      [18]    ?ICS?lstr6_q1
0x0746       [2]    ?ICS_estado
0x0748      [80]    ?ICS_str
0x0798       [2]    ?ICS_estado_criatividade
0x079A       [3]    ?ICS?lstr5_q1
0x079E       [2]    ?ICS_var
0x07A0       [3]    ?ICS?lstr3_q1
0x07A3     [120]    ?ICS_pC
