;  LST file generated by mikroListExporter - v.2.0 
; Date/Time: 10/02/2020 08:10:19
;----------------------------------------------

;Address Opcode 	ASM
0x0000	0x0000000402B2  	GOTO	_main
0x0004	0x000000  	0
0x0006	0x000000  	0
0x0008	0x000000  	0
0x000A	0x000000  	0
0x000C	0x000000  	0
0x000E	0x000000  	0
0x0010	0x000000  	0
0x0012	0x000000  	0
0x0014	0x00027A  	634
0x0016	0x000000  	0
0x0018	0x000000  	0
0x001A	0x000000  	0
0x001C	0x000000  	0
0x001E	0x000000  	0
0x0020	0x000000  	0
0x0022	0x000000  	0
0x0024	0x000000  	0
0x0026	0x000000  	0
0x0028	0x000000  	0
0x002A	0x000000  	0
0x002C	0x000000  	0
0x002E	0x000000  	0
0x0030	0x000000  	0
0x0032	0x000000  	0
0x0034	0x000000  	0
0x0036	0x000000  	0
0x0038	0x000000  	0
0x003A	0x000000  	0
0x003C	0x000000  	0
0x003E	0x000000  	0
0x0040	0x000000  	0
0x0042	0x000000  	0
0x0044	0x000000  	0
0x0046	0x000000  	0
0x0048	0x000000  	0
0x004A	0x000000  	0
0x004C	0x000000  	0
0x004E	0x000000  	0
0x0050	0x000000  	0
0x0052	0x000000  	0
0x0054	0x000000  	0
0x0056	0x000000  	0
0x0058	0x000000  	0
0x005A	0x000000  	0
0x005C	0x000000  	0
0x005E	0x000000  	0
0x0060	0x000000  	0
0x0062	0x000000  	0
0x0064	0x000000  	0
0x0066	0x000000  	0
0x0068	0x000000  	0
0x006A	0x000000  	0
0x006C	0x000000  	0
0x006E	0x000000  	0
0x0070	0x000000  	0
0x0072	0x000000  	0
0x0074	0x000000  	0
0x0076	0x000000  	0
0x0078	0x000000  	0
0x007A	0x000000  	0
0x007C	0x000000  	0
0x007E	0x000000  	0
0x0080	0x000000  	0
0x0082	0x000000  	0
0x0084	0x000000  	0
0x0086	0x000000  	0
0x0088	0x000000  	0
0x008A	0x000000  	0
0x008C	0x000000  	0
0x008E	0x000000  	0
0x0090	0x000000  	0
0x0092	0x000000  	0
0x0094	0x000000  	0
0x0096	0x000000  	0
0x0098	0x000000  	0
0x009A	0x000000  	0
0x009C	0x000000  	0
0x009E	0x000000  	0
0x00A0	0x000000  	0
0x00A2	0x000000  	0
0x00A4	0x000000  	0
0x00A6	0x000000  	0
0x00A8	0x000000  	0
0x00AA	0x000000  	0
0x00AC	0x000000  	0
0x00AE	0x000000  	0
0x00B0	0x000000  	0
0x00B2	0x000000  	0
0x00B4	0x000000  	0
0x00B6	0x000000  	0
0x00B8	0x000000  	0
0x00BA	0x000000  	0
0x00BC	0x000000  	0
0x00BE	0x000000  	0
0x00C0	0x000000  	0
0x00C2	0x000000  	0
0x00C4	0x000000  	0
0x00C6	0x000000  	0
0x00C8	0x000000  	0
0x00CA	0x000000  	0
0x00CC	0x000000  	0
0x00CE	0x000000  	0
0x00D0	0x000000  	0
0x00D2	0x000000  	0
0x00D4	0x000000  	0
0x00D6	0x000000  	0
0x00D8	0x000000  	0
0x00DA	0x000000  	0
0x00DC	0x000000  	0
0x00DE	0x000000  	0
0x00E0	0x000000  	0
0x00E2	0x000000  	0
0x00E4	0x000000  	0
0x00E6	0x000000  	0
0x00E8	0x000000  	0
0x00EA	0x000000  	0
0x00EC	0x000000  	0
0x00EE	0x000000  	0
0x00F0	0x000000  	0
0x00F2	0x000000  	0
0x00F4	0x000000  	0
0x00F6	0x000000  	0
0x00F8	0x000000  	0
0x00FA	0x000000  	0
0x00FC	0x000000  	0
0x00FE	0x000000  	0
_main:
0x02B2	0x20826F  	MOV	#2086, W15
0x02B4	0x20FFF0  	MOV	#4095, W0
0x02B6	0xB7A020  	MOV	WREG, SPLIM
0x02B8	0x200000  	MOV	#0, W0
0x02BA	0xB7A034  	MOV	WREG, PSVPAG
0x02BC	0x200040  	MOV	#4, W0
0x02BE	0xB72044  	IOR	CORCON
0x02C0	0x000000020364  	CALL	868
0x02C4	0x00000002036E  	CALL	878
;LAB3_Q1.c,38 :: 		void main() {
;LAB3_Q1.c,39 :: 		ADPCFG = 0xFFFF;
0x02C8	0x781F8A  	PUSH	W10
0x02CA	0x781F8B  	PUSH	W11
0x02CC	0x781F8C  	PUSH	W12
0x02CE	0x2FFFF0  	MOV	#65535, W0
0x02D0	0xB7A2A8  	MOV	WREG, ADPCFG
;LAB3_Q1.c,41 :: 		IEC0bits.INT0IE = 1;//Ativando interrupçao do botao
0x02D2	0xA8008C  	BSET.B	IEC0bits, #0
;LAB3_Q1.c,43 :: 		IFS0 = 0;
0x02D4	0xEF2084  	CLR	IFS0
;LAB3_Q1.c,45 :: 		Lcd_Init();                        // Initialize LCD
0x02D6	0x07FF66  	RCALL	_Lcd_Init
;LAB3_Q1.c,46 :: 		Lcd_Cmd(_LCD_CLEAR);               // Clear display
0x02D8	0xB3C01A  	MOV.B	#1, W10
0x02DA	0x07FF99  	RCALL	_Lcd_Cmd
;LAB3_Q1.c,47 :: 		Lcd_Cmd(_LCD_CURSOR_OFF);          // Cursor off
0x02DC	0xB3C0CA  	MOV.B	#12, W10
0x02DE	0x07FF97  	RCALL	_Lcd_Cmd
;LAB3_Q1.c,49 :: 		while(1){
L_main3:
;LAB3_Q1.c,50 :: 		switch(flag_botao){
0x02E0	0x37001A  	BRA	L_main5
;LAB3_Q1.c,51 :: 		case 0:
L_main7:
;LAB3_Q1.c,52 :: 		Lcd_Out(1,1,txtmeioseg);
0x02E2	0x20806C  	MOV	#lo_addr(_txtmeioseg), W12
0x02E4	0x20001B  	MOV	#1, W11
0x02E6	0x20001A  	MOV	#1, W10
0x02E8	0x07FF30  	RCALL	_Lcd_Out
;LAB3_Q1.c,53 :: 		break;
0x02EA	0x370025  	BRA	L_main6
;LAB3_Q1.c,54 :: 		case 1:
L_main8:
;LAB3_Q1.c,55 :: 		Lcd_Out(1,1,txtumseg);
0x02EC	0x20800C  	MOV	#lo_addr(_txtumseg), W12
0x02EE	0x20001B  	MOV	#1, W11
0x02F0	0x20001A  	MOV	#1, W10
0x02F2	0x07FF2B  	RCALL	_Lcd_Out
;LAB3_Q1.c,56 :: 		break;
0x02F4	0x370020  	BRA	L_main6
;LAB3_Q1.c,57 :: 		case 2:
L_main9:
;LAB3_Q1.c,58 :: 		Lcd_Out(1,1,txtdezseg);
0x02F6	0x20816C  	MOV	#lo_addr(_txtdezseg), W12
0x02F8	0x20001B  	MOV	#1, W11
0x02FA	0x20001A  	MOV	#1, W10
0x02FC	0x07FF26  	RCALL	_Lcd_Out
;LAB3_Q1.c,59 :: 		break;
0x02FE	0x37001B  	BRA	L_main6
;LAB3_Q1.c,60 :: 		case 3:
L_main10:
;LAB3_Q1.c,61 :: 		Lcd_Out(1,1,txtummin);
0x0300	0x20810C  	MOV	#lo_addr(_txtummin), W12
0x0302	0x20001B  	MOV	#1, W11
0x0304	0x20001A  	MOV	#1, W10
0x0306	0x07FF21  	RCALL	_Lcd_Out
;LAB3_Q1.c,62 :: 		break;
0x0308	0x370016  	BRA	L_main6
;LAB3_Q1.c,63 :: 		case 4:
L_main11:
;LAB3_Q1.c,64 :: 		Lcd_Out(1,1,txtumahora);
0x030A	0x2081DC  	MOV	#lo_addr(_txtumahora), W12
0x030C	0x20001B  	MOV	#1, W11
0x030E	0x20001A  	MOV	#1, W10
0x0310	0x07FF1C  	RCALL	_Lcd_Out
;LAB3_Q1.c,65 :: 		break;
0x0312	0x370011  	BRA	L_main6
;LAB3_Q1.c,66 :: 		default:
L_main12:
;LAB3_Q1.c,67 :: 		break;
0x0314	0x370010  	BRA	L_main6
;LAB3_Q1.c,68 :: 		}
L_main5:
0x0316	0x804070  	MOV	_flag_botao, W0
0x0318	0xE10060  	CP	W0, #0
0x031A	0x32FFE3  	BRA Z	L_main7
L__main16:
0x031C	0x804070  	MOV	_flag_botao, W0
0x031E	0xE10061  	CP	W0, #1
0x0320	0x32FFE5  	BRA Z	L_main8
L__main17:
0x0322	0x804070  	MOV	_flag_botao, W0
0x0324	0xE10062  	CP	W0, #2
0x0326	0x32FFE7  	BRA Z	L_main9
L__main18:
0x0328	0x804070  	MOV	_flag_botao, W0
0x032A	0xE10063  	CP	W0, #3
0x032C	0x32FFE9  	BRA Z	L_main10
L__main19:
0x032E	0x804070  	MOV	_flag_botao, W0
0x0330	0xE10064  	CP	W0, #4
0x0332	0x32FFEB  	BRA Z	L_main11
L__main20:
0x0334	0x37FFEF  	BRA	L_main12
L_main6:
;LAB3_Q1.c,70 :: 		}
0x0336	0x37FFD4  	BRA	L_main3
;LAB3_Q1.c,71 :: 		}
L_end_main:
0x0338	0x78064F  	POP	W12
0x033A	0x7805CF  	POP	W11
0x033C	0x78054F  	POP	W10
L__main_end_loop:
0x033E	0x37FFFF  	BRA	L__main_end_loop
; end of _main
_Lcd_Init:
0x01A4	0xFA0000  	LNK	#0
;__Lib_Lcd.c,105 :: 		
;__Lib_Lcd.c,107 :: 		
0x01A6	0x07FFC4  	RCALL	_Delay_8ms
0x01A8	0x07FFC3  	RCALL	_Delay_8ms
;__Lib_Lcd.c,109 :: 		
0x01AA	0xA982D8  	BCLR	LCD_EN_Direction, BitPos(LCD_EN_Direction+0)
;__Lib_Lcd.c,110 :: 		
0x01AC	0xA9A2D8  	BCLR	LCD_RS_Direction, BitPos(LCD_RS_Direction+0)
;__Lib_Lcd.c,111 :: 		
0x01AE	0xA962D8  	BCLR	LCD_D4_Direction, BitPos(LCD_D4_Direction+0)
;__Lib_Lcd.c,112 :: 		
0x01B0	0xA942D8  	BCLR	LCD_D5_Direction, BitPos(LCD_D5_Direction+0)
;__Lib_Lcd.c,113 :: 		
0x01B2	0xA922D8  	BCLR	LCD_D6_Direction, BitPos(LCD_D6_Direction+0)
;__Lib_Lcd.c,114 :: 		
0x01B4	0xA902D8  	BCLR	LCD_D7_Direction, BitPos(LCD_D7_Direction+0)
;__Lib_Lcd.c,116 :: 		
0x01B6	0xA982DC  	BCLR	LCD_EN, BitPos(LCD_EN+0)
;__Lib_Lcd.c,117 :: 		
0x01B8	0xA9A2DC  	BCLR	LCD_RS, BitPos(LCD_RS+0)
;__Lib_Lcd.c,118 :: 		
0x01BA	0xA902DC  	BCLR	LCD_D7, BitPos(LCD_D7+0)
;__Lib_Lcd.c,119 :: 		
0x01BC	0xA922DC  	BCLR	LCD_D6, BitPos(LCD_D6+0)
;__Lib_Lcd.c,120 :: 		
0x01BE	0xA942DC  	BCLR	LCD_D5, BitPos(LCD_D5+0)
;__Lib_Lcd.c,121 :: 		
0x01C0	0xA962DC  	BCLR	LCD_D4, BitPos(LCD_D4+0)
;__Lib_Lcd.c,130 :: 		
0x01C2	0xA842DC  	BSET	LCD_D5, BitPos(LCD_D5+0)
;__Lib_Lcd.c,131 :: 		
0x01C4	0xA862DC  	BSET	LCD_D4, BitPos(LCD_D4+0)
;__Lib_Lcd.c,132 :: 		
0x01C6	0x07FFBA  	RCALL	__Lib_Lcd_Strobe
;__Lib_Lcd.c,133 :: 		
0x01C8	0x07FFA0  	RCALL	_Delay_5500us
;__Lib_Lcd.c,136 :: 		
0x01CA	0x07FFB8  	RCALL	__Lib_Lcd_Strobe
;__Lib_Lcd.c,137 :: 		
0x01CC	0x07FF9E  	RCALL	_Delay_5500us
;__Lib_Lcd.c,140 :: 		
0x01CE	0x07FFB6  	RCALL	__Lib_Lcd_Strobe
;__Lib_Lcd.c,141 :: 		
0x01D0	0x07FF9C  	RCALL	_Delay_5500us
;__Lib_Lcd.c,144 :: 		
0x01D2	0xA962DC  	BCLR	LCD_D4, BitPos(LCD_D4+0)
;__Lib_Lcd.c,145 :: 		
0x01D4	0x07FFB3  	RCALL	__Lib_Lcd_Strobe
;__Lib_Lcd.c,146 :: 		
0x01D6	0x07FF99  	RCALL	_Delay_5500us
;__Lib_Lcd.c,149 :: 		
0x01D8	0x07FFB1  	RCALL	__Lib_Lcd_Strobe
;__Lib_Lcd.c,151 :: 		
0x01DA	0xA942DC  	BCLR	LCD_D5, BitPos(LCD_D5+0)
;__Lib_Lcd.c,152 :: 		
0x01DC	0xA802DC  	BSET	LCD_D7, BitPos(LCD_D7+0)
;__Lib_Lcd.c,153 :: 		
0x01DE	0x07FFAE  	RCALL	__Lib_Lcd_Strobe
;__Lib_Lcd.c,154 :: 		
0x01E0	0x07FF94  	RCALL	_Delay_5500us
;__Lib_Lcd.c,157 :: 		
0x01E2	0xA902DC  	BCLR	LCD_D7, BitPos(LCD_D7+0)
;__Lib_Lcd.c,158 :: 		
0x01E4	0xA862DC  	BSET	LCD_D4, BitPos(LCD_D4+0)
;__Lib_Lcd.c,159 :: 		
0x01E6	0x07FFAA  	RCALL	__Lib_Lcd_Strobe
;__Lib_Lcd.c,161 :: 		
0x01E8	0xA962DC  	BCLR	LCD_D4, BitPos(LCD_D4+0)
;__Lib_Lcd.c,162 :: 		
0x01EA	0x07FFA8  	RCALL	__Lib_Lcd_Strobe
;__Lib_Lcd.c,163 :: 		
0x01EC	0x07FF8E  	RCALL	_Delay_5500us
;__Lib_Lcd.c,166 :: 		
0x01EE	0x07FFA6  	RCALL	__Lib_Lcd_Strobe
;__Lib_Lcd.c,168 :: 		
0x01F0	0xA862DC  	BSET	LCD_D4, BitPos(LCD_D4+0)
;__Lib_Lcd.c,169 :: 		
0x01F2	0x07FFA4  	RCALL	__Lib_Lcd_Strobe
;__Lib_Lcd.c,170 :: 		
0x01F4	0x07FF8A  	RCALL	_Delay_5500us
;__Lib_Lcd.c,173 :: 		
0x01F6	0xA962DC  	BCLR	LCD_D4, BitPos(LCD_D4+0)
;__Lib_Lcd.c,174 :: 		
0x01F8	0x07FFA1  	RCALL	__Lib_Lcd_Strobe
;__Lib_Lcd.c,176 :: 		
0x01FA	0xA802DC  	BSET	LCD_D7, BitPos(LCD_D7+0)
;__Lib_Lcd.c,177 :: 		
0x01FC	0xA822DC  	BSET	LCD_D6, BitPos(LCD_D6+0)
;__Lib_Lcd.c,178 :: 		
0x01FE	0xA842DC  	BSET	LCD_D5, BitPos(LCD_D5+0)
;__Lib_Lcd.c,179 :: 		
0x0200	0xA862DC  	BSET	LCD_D4, BitPos(LCD_D4+0)
;__Lib_Lcd.c,180 :: 		
0x0202	0x07FF9C  	RCALL	__Lib_Lcd_Strobe
;__Lib_Lcd.c,181 :: 		
0x0204	0x07FF82  	RCALL	_Delay_5500us
;__Lib_Lcd.c,183 :: 		
0x0206	0x208240  	MOV	#lo_addr(__Lib_Lcd_cmd_status), W0
0x0208	0xA00010  	BSET	[W0], BitPos(__Lib_Lcd_cmd_status+0)
;__Lib_Lcd.c,184 :: 		
L_end_Lcd_Init:
0x020A	0xFA8000  	ULNK
0x020C	0x060000  	RETURN
; end of _Lcd_Init
_Delay_8ms:
;__Lib_Delays.c,614 :: 		void Delay_8ms()
;__Lib_Delays.c,616 :: 		Delay_ms(8);
0x0130	0x2A6AA7  	MOV	#42666, W7
L_Delay_8ms29:
0x0132	0xED200E  	DEC	W7
0x0134	0x3AFFFE  	BRA NZ	L_Delay_8ms29
0x0136	0x000000  	NOP
0x0138	0x000000  	NOP
;__Lib_Delays.c,617 :: 		}
L_end_Delay_8ms:
0x013A	0x060000  	RETURN
; end of _Delay_8ms
__Lib_Lcd_Strobe:
0x013C	0xFA0000  	LNK	#0
;__Lib_Lcd.c,26 :: 		
;__Lib_Lcd.c,27 :: 		
0x013E	0xA882DC  	BSET	LCD_EN, BitPos(LCD_EN+0)
;__Lib_Lcd.c,28 :: 		
0x0140	0x07FFDF  	RCALL	_Delay_1us
;__Lib_Lcd.c,29 :: 		
0x0142	0xA982DC  	BCLR	LCD_EN, BitPos(LCD_EN+0)
;__Lib_Lcd.c,30 :: 		
0x0144	0x07FFDD  	RCALL	_Delay_1us
;__Lib_Lcd.c,31 :: 		
L_end_Strobe:
0x0146	0xFA8000  	ULNK
0x0148	0x060000  	RETURN
; end of __Lib_Lcd_Strobe
_Delay_1us:
;__Lib_Delays.c,380 :: 		void Delay_1us()
;__Lib_Delays.c,382 :: 		Delay_us(1);
0x0100	0x200057  	MOV	#5, W7
L_Delay_1us11:
0x0102	0xED200E  	DEC	W7
0x0104	0x3AFFFE  	BRA NZ	L_Delay_1us11
0x0106	0x000000  	NOP
;__Lib_Delays.c,383 :: 		}
L_end_Delay_1us:
0x0108	0x060000  	RETURN
; end of _Delay_1us
_Delay_5500us:
;__Lib_Delays.c,536 :: 		void Delay_5500us()
;__Lib_Delays.c,538 :: 		Delay_us(5500);
0x010A	0x272957  	MOV	#29333, W7
L_Delay_5500us23:
0x010C	0xED200E  	DEC	W7
0x010E	0x3AFFFE  	BRA NZ	L_Delay_5500us23
0x0110	0x000000  	NOP
;__Lib_Delays.c,539 :: 		}
L_end_Delay_5500us:
0x0112	0x060000  	RETURN
; end of _Delay_5500us
_Lcd_Cmd:
0x020E	0xFA0000  	LNK	#0
;__Lib_Lcd.c,38 :: 		
;__Lib_Lcd.c,40 :: 		
; loc_word start address is: 2 (W1)
0x0210	0xFB808A  	ZE	W10, W1
;__Lib_Lcd.c,42 :: 		
0x0212	0xAEE002  	BTSS	W1, #7
0x0214	0xA902DC  	BCLR	LCD_D7, BitPos(LCD_D7+0)
0x0216	0xAFE002  	BTSC	W1, #7
0x0218	0xA802DC  	BSET	LCD_D7, BitPos(LCD_D7+0)
;__Lib_Lcd.c,43 :: 		
0x021A	0xAEC002  	BTSS	W1, #6
0x021C	0xA922DC  	BCLR	LCD_D6, BitPos(LCD_D6+0)
0x021E	0xAFC002  	BTSC	W1, #6
0x0220	0xA822DC  	BSET	LCD_D6, BitPos(LCD_D6+0)
;__Lib_Lcd.c,44 :: 		
0x0222	0xAEA002  	BTSS	W1, #5
0x0224	0xA942DC  	BCLR	LCD_D5, BitPos(LCD_D5+0)
0x0226	0xAFA002  	BTSC	W1, #5
0x0228	0xA842DC  	BSET	LCD_D5, BitPos(LCD_D5+0)
;__Lib_Lcd.c,45 :: 		
0x022A	0xAE8002  	BTSS	W1, #4
0x022C	0xA962DC  	BCLR	LCD_D4, BitPos(LCD_D4+0)
0x022E	0xAF8002  	BTSC	W1, #4
0x0230	0xA862DC  	BSET	LCD_D4, BitPos(LCD_D4+0)
;__Lib_Lcd.c,47 :: 		
0x0232	0x208240  	MOV	#lo_addr(__Lib_Lcd_cmd_status), W0
0x0234	0xA60010  	BTSS	[W0], BitPos(__Lib_Lcd_cmd_status+0)
0x0236	0xA8A2DC  	BSET	LCD_RS, BitPos(LCD_RS+0)
0x0238	0xA70010  	BTSC	[W0], BitPos(__Lib_Lcd_cmd_status+0)
0x023A	0xA9A2DC  	BCLR	LCD_RS, BitPos(LCD_RS+0)
;__Lib_Lcd.c,49 :: 		
0x023C	0x07FF7F  	RCALL	__Lib_Lcd_Strobe
;__Lib_Lcd.c,51 :: 		
0x023E	0xAE6002  	BTSS	W1, #3
0x0240	0xA902DC  	BCLR	LCD_D7, BitPos(LCD_D7+0)
0x0242	0xAF6002  	BTSC	W1, #3
0x0244	0xA802DC  	BSET	LCD_D7, BitPos(LCD_D7+0)
;__Lib_Lcd.c,52 :: 		
0x0246	0xAE4002  	BTSS	W1, #2
0x0248	0xA922DC  	BCLR	LCD_D6, BitPos(LCD_D6+0)
0x024A	0xAF4002  	BTSC	W1, #2
0x024C	0xA822DC  	BSET	LCD_D6, BitPos(LCD_D6+0)
;__Lib_Lcd.c,53 :: 		
0x024E	0xAE2002  	BTSS	W1, #1
0x0250	0xA942DC  	BCLR	LCD_D5, BitPos(LCD_D5+0)
0x0252	0xAF2002  	BTSC	W1, #1
0x0254	0xA842DC  	BSET	LCD_D5, BitPos(LCD_D5+0)
;__Lib_Lcd.c,54 :: 		
0x0256	0xAE0002  	BTSS	W1, #0
0x0258	0xA962DC  	BCLR	LCD_D4, BitPos(LCD_D4+0)
0x025A	0xAF0002  	BTSC	W1, #0
0x025C	0xA862DC  	BSET	LCD_D4, BitPos(LCD_D4+0)
; loc_word end address is: 2 (W1)
;__Lib_Lcd.c,56 :: 		
0x025E	0x208240  	MOV	#lo_addr(__Lib_Lcd_cmd_status), W0
0x0260	0xA60010  	BTSS	[W0], BitPos(__Lib_Lcd_cmd_status+0)
0x0262	0xA8A2DC  	BSET	LCD_RS, BitPos(LCD_RS+0)
0x0264	0xA70010  	BTSC	[W0], BitPos(__Lib_Lcd_cmd_status+0)
0x0266	0xA9A2DC  	BCLR	LCD_RS, BitPos(LCD_RS+0)
;__Lib_Lcd.c,58 :: 		
0x0268	0x07FF69  	RCALL	__Lib_Lcd_Strobe
;__Lib_Lcd.c,60 :: 		
0x026A	0x208240  	MOV	#lo_addr(__Lib_Lcd_cmd_status), W0
0x026C	0xA60010  	BTSS	[W0], BitPos(__Lib_Lcd_cmd_status+0)
0x026E	0x370002  	BRA	L_Lcd_Cmd0
;__Lib_Lcd.c,61 :: 		
0x0270	0x07FF4C  	RCALL	_Delay_5500us
0x0272	0x370001  	BRA	L_Lcd_Cmd1
L_Lcd_Cmd0:
;__Lib_Lcd.c,63 :: 		
0x0274	0x07FF57  	RCALL	_Delay_50us
L_Lcd_Cmd1:
;__Lib_Lcd.c,64 :: 		
L_end_Lcd_Cmd:
0x0276	0xFA8000  	ULNK
0x0278	0x060000  	RETURN
; end of _Lcd_Cmd
_Delay_50us:
;__Lib_Delays.c,458 :: 		void Delay_50us()
;__Lib_Delays.c,460 :: 		Delay_us(50);
0x0124	0x2010A7  	MOV	#266, W7
L_Delay_50us17:
0x0126	0xED200E  	DEC	W7
0x0128	0x3AFFFE  	BRA NZ	L_Delay_50us17
0x012A	0x000000  	NOP
0x012C	0x000000  	NOP
;__Lib_Delays.c,461 :: 		}
L_end_Delay_50us:
0x012E	0x060000  	RETURN
; end of _Delay_50us
_Lcd_Out:
0x014A	0xFA0000  	LNK	#0
;__Lib_Lcd.c,187 :: 		
;__Lib_Lcd.c,190 :: 		
0x014C	0x781F8A  	PUSH	W10
0x014E	0x37000A  	BRA	L_Lcd_Out11
;__Lib_Lcd.c,191 :: 		
L_Lcd_Out13:
0x0150	0x20080A  	MOV	#128, W10
0x0152	0x370011  	BRA	L_Lcd_Out12
;__Lib_Lcd.c,192 :: 		
L_Lcd_Out14:
0x0154	0x200C0A  	MOV	#192, W10
0x0156	0x37000F  	BRA	L_Lcd_Out12
;__Lib_Lcd.c,193 :: 		
L_Lcd_Out15:
0x0158	0x20094A  	MOV	#148, W10
0x015A	0x37000D  	BRA	L_Lcd_Out12
;__Lib_Lcd.c,194 :: 		
L_Lcd_Out16:
0x015C	0x200D4A  	MOV	#212, W10
0x015E	0x37000B  	BRA	L_Lcd_Out12
;__Lib_Lcd.c,195 :: 		
L_Lcd_Out17:
0x0160	0x20080A  	MOV	#128, W10
;__Lib_Lcd.c,196 :: 		
0x0162	0x370009  	BRA	L_Lcd_Out12
L_Lcd_Out11:
0x0164	0xE15061  	CP	W10, #1
0x0166	0x32FFF4  	BRA Z	L_Lcd_Out13
L__Lcd_Out32:
0x0168	0xE15062  	CP	W10, #2
0x016A	0x32FFF4  	BRA Z	L_Lcd_Out14
L__Lcd_Out33:
0x016C	0xE15063  	CP	W10, #3
0x016E	0x32FFF4  	BRA Z	L_Lcd_Out15
L__Lcd_Out34:
0x0170	0xE15064  	CP	W10, #4
0x0172	0x32FFF4  	BRA Z	L_Lcd_Out16
L__Lcd_Out35:
0x0174	0x37FFF5  	BRA	L_Lcd_Out17
L_Lcd_Out12:
;__Lib_Lcd.c,199 :: 		
0x0176	0x558061  	SUB	W11, #1, W0
0x0178	0x450000  	ADD	W10, W0, W0
0x017A	0x780500  	MOV	W0, W10
;__Lib_Lcd.c,201 :: 		
0x017C	0x784500  	MOV.B	W0, W10
0x017E	0x070047  	RCALL	_Lcd_Cmd
;__Lib_Lcd.c,202 :: 		
0x0180	0x208240  	MOV	#lo_addr(__Lib_Lcd_cmd_status), W0
0x0182	0xA10010  	BCLR	[W0], BitPos(__Lib_Lcd_cmd_status+0)
;__Lib_Lcd.c,203 :: 		
; i start address is: 4 (W2)
0x0184	0xEF2004  	CLR	W2
; i end address is: 4 (W2)
;__Lib_Lcd.c,204 :: 		
L_Lcd_Out18:
; i start address is: 4 (W2)
0x0186	0x460002  	ADD	W12, W2, W0
0x0188	0xE00410  	CP0.B	[W0]
0x018A	0x320007  	BRA Z	L_Lcd_Out19
L__Lcd_Out36:
;__Lib_Lcd.c,205 :: 		
0x018C	0x460002  	ADD	W12, W2, W0
0x018E	0x781F8A  	PUSH	W10
0x0190	0x784510  	MOV.B	[W0], W10
0x0192	0x07FFC0  	RCALL	_Lcd_Chr_CP
0x0194	0x78054F  	POP	W10
0x0196	0xEC2004  	INC	W2
; i end address is: 4 (W2)
0x0198	0x37FFF6  	BRA	L_Lcd_Out18
L_Lcd_Out19:
;__Lib_Lcd.c,206 :: 		
0x019A	0x208240  	MOV	#lo_addr(__Lib_Lcd_cmd_status), W0
0x019C	0xA00010  	BSET	[W0], BitPos(__Lib_Lcd_cmd_status+0)
;__Lib_Lcd.c,207 :: 		
L_end_Lcd_Out:
0x019E	0x78054F  	POP	W10
0x01A0	0xFA8000  	ULNK
0x01A2	0x060000  	RETURN
; end of _Lcd_Out
_Lcd_Chr_CP:
0x0114	0xFA0000  	LNK	#0
;__Lib_Lcd.c,67 :: 		
;__Lib_Lcd.c,69 :: 		
0x0116	0x208240  	MOV	#lo_addr(__Lib_Lcd_cmd_status), W0
0x0118	0xA10010  	BCLR	[W0], BitPos(__Lib_Lcd_cmd_status+0)
;__Lib_Lcd.c,70 :: 		
0x011A	0x070079  	RCALL	_Lcd_Cmd
;__Lib_Lcd.c,71 :: 		
0x011C	0x208240  	MOV	#lo_addr(__Lib_Lcd_cmd_status), W0
0x011E	0xA00010  	BSET	[W0], BitPos(__Lib_Lcd_cmd_status+0)
;__Lib_Lcd.c,72 :: 		
L_end_Lcd_Chr_CP:
0x0120	0xFA8000  	ULNK
0x0122	0x060000  	RETURN
; end of _Lcd_Chr_CP
0x0364	0x20800A  	MOV	#2048, W10
0x0366	0x20000B  	MOV	#0, W11
0x0368	0x090011  	REPEAT	#17
0x036A	0x781D0B  	MOV	W11, [W10++]
0x036C	0x060000  	RETURN
0x036E	0x208001  	MOV	#lo_addr(_txtumseg), W1
0x0370	0x283400  	MOV	#33600, W0
0x0372	0x090011  	REPEAT	#17
0x0374	0x7818B0  	MOV	[W0++], [W1++]
0x0376	0x060000  	RETURN
_botao:
0x027A	0xF80034  	PUSH	PSVPAG
0x027C	0xF80036  	PUSH	RCOUNT
0x027E	0x781F80  	PUSH	W0
0x0280	0x200020  	MOV	#2, W0
0x0282	0x09000C  	REPEAT	#12
0x0284	0x781FB0  	PUSH	[W0++]
;LAB3_Q1.c,28 :: 		void botao() iv IVT_ADDR_INT0INTERRUPT {//botao para selecao do menu
;LAB3_Q1.c,29 :: 		flag_botao++;
0x0286	0x200011  	MOV	#1, W1
0x0288	0x2080E0  	MOV	#lo_addr(_flag_botao), W0
0x028A	0x408810  	ADD	W1, [W0], [W0]
;LAB3_Q1.c,30 :: 		if (flag_botao > 4){
0x028C	0x804070  	MOV	_flag_botao, W0
0x028E	0xE10064  	CP	W0, #4
0x0290	0x340002  	BRA LE	L_botao0
L__botao14:
;LAB3_Q1.c,31 :: 		flag_botao = 0;
0x0292	0xEF2000  	CLR	W0
0x0294	0x884070  	MOV	W0, _flag_botao
;LAB3_Q1.c,32 :: 		}
L_botao0:
;LAB3_Q1.c,33 :: 		Delay_ms(50);
0x0296	0x200058  	MOV	#5, W8
0x0298	0x211AB7  	MOV	#4523, W7
L_botao1:
0x029A	0xED200E  	DEC	W7
0x029C	0x3AFFFE  	BRA NZ	L_botao1
0x029E	0xED2010  	DEC	W8
0x02A0	0x3AFFFC  	BRA NZ	L_botao1
;LAB3_Q1.c,34 :: 		IFS0bits.INT0IF = 0;
0x02A2	0xA90084  	BCLR.B	IFS0bits, #0
;LAB3_Q1.c,35 :: 		}
L_end_botao:
0x02A4	0x2001A0  	MOV	#26, W0
0x02A6	0x09000C  	REPEAT	#12
0x02A8	0x78104F  	POP	[W0--]
0x02AA	0x78004F  	POP	W0
0x02AC	0xF90036  	POP	RCOUNT
0x02AE	0xF90034  	POP	PSVPAG
0x02B0	0x064000  	RETFIE
; end of _botao
;LAB3_Q1.c,0 :: ?ICS_txtumseg [6]
0x0340	0x2031 ;?ICS_txtumseg+0
0x0342	0x6573 ;?ICS_txtumseg+2
0x0344	0x0067 ;?ICS_txtumseg+4
; end of ?ICS_txtumseg
;LAB3_Q1.c,0 :: ?ICS_txtmeioseg [8]
0x0346	0x2E30 ;?ICS_txtmeioseg+0
0x0348	0x2035 ;?ICS_txtmeioseg+2
0x034A	0x6573 ;?ICS_txtmeioseg+4
0x034C	0x0067 ;?ICS_txtmeioseg+6
; end of ?ICS_txtmeioseg
;LAB3_Q1.c,0 :: ?ICS_flag_botao [2]
0x034E	0x0000 ;?ICS_flag_botao+0
; end of ?ICS_flag_botao
;LAB3_Q1.c,0 :: ?ICS_txtummin [6]
0x0350	0x2031 ;?ICS_txtummin+0
0x0352	0x696D ;?ICS_txtummin+2
0x0354	0x006E ;?ICS_txtummin+4
; end of ?ICS_txtummin
;,0 :: _initBlock_4 [14]
; Containing: ?ICS_txtdezseg [7]
;             ?ICS_txtumahora [7]
0x0356	0x3031 ;_initBlock_4+0 : ?ICS_txtdezseg at 0x0356
0x0358	0x7320 ;_initBlock_4+2
0x035A	0x6765 ;_initBlock_4+4
0x035C	0x3100 ;_initBlock_4+6 : ?ICS_txtumahora at 0x035D
0x035E	0x6820 ;_initBlock_4+8
0x0360	0x726F ;_initBlock_4+10
0x0362	0x0061 ;_initBlock_4+12
; end of _initBlock_4
Symbol List:
//** Routines locations **
//ADDRESS    SIZE    PROCEDURE
//----------------------------------------------
0x0100      [10]    _Delay_1us
0x010A      [10]    _Delay_5500us
0x0114      [16]    _Lcd_Chr_CP
0x0124      [12]    _Delay_50us
0x0130      [12]    _Delay_8ms
0x013C      [14]    __Lib_Lcd_Strobe
0x014A      [90]    _Lcd_Out
0x01A4     [106]    _Lcd_Init
0x020E     [108]    _Lcd_Cmd
0x027A      [56]    _botao
0x02B2     [142]    _main
//** Variables locations ** 
//ADDRESS    SIZE    VARIABLE
//----------------------------------------------
0x02D8       [0]    LCD_RS_Direction
0x02D8       [0]    LCD_EN_Direction
0x02D8       [0]    LCD_D5_Direction
0x02D8       [0]    LCD_D4_Direction
0x0824       [0]    __Lib_Lcd_cmd_status
0x02D8       [0]    LCD_D6_Direction
0x02DC       [0]    LCD_D5
0x02DC       [0]    LCD_D6
0x0084       [2]    IFS0bits
0x02DC       [0]    LCD_D4
0x02DC       [0]    LCD_EN
0x02D8       [0]    LCD_D7_Direction
0x02DC       [0]    LCD_D7
0x02DC       [0]    LCD_RS
0x02DC       [0]    LATE5_bit
0x02DC       [0]    LATE3_bit
0x02D8       [0]    TRISE5_bit
0x02D8       [0]    TRISE4_bit
0x02DC       [0]    LATE0_bit
0x02DC       [0]    LATE4_bit
0x02DC       [0]    LATE2_bit
0x02DC       [0]    LATE1_bit
0x02D8       [0]    TRISE3_bit
0x0084       [2]    IFS0
0x008C       [2]    IEC0bits
0x02D8       [0]    TRISE1_bit
0x02D8       [0]    TRISE2_bit
0x02A8       [2]    ADPCFG
0x02D8       [0]    TRISE0_bit
0x0800       [6]    _txtumseg
0x0806       [8]    _txtmeioseg
0x080E       [2]    _flag_botao
0x0810       [6]    _txtummin
0x0816       [7]    _txtdezseg
0x081D       [7]    _txtumahora
0x0084       [2]    IFS0
0x0014       [1]    FARG_Lcd_Chr_CP_out_char
0x0014       [2]    FARG_Lcd_Out_row
0x0016       [2]    FARG_Lcd_Out_column
0x0018       [2]    FARG_Lcd_Out_text
0x0014       [1]    FARG_Lcd_Cmd_out_char
0x02A8       [2]    ADPCFG
//** Constants locations ** 
//ADDRESS    SIZE    CONSTANT
//----------------------------------------------
0x0340       [6]    ?ICS_txtumseg
0x0346       [8]    ?ICS_txtmeioseg
0x034E       [2]    ?ICS_flag_botao
0x0350       [6]    ?ICS_txtummin
0x0356       [7]    ?ICS_txtdezseg
0x035D       [7]    ?ICS_txtumahora
