;  LST file generated by mikroListExporter - v.2.0 
; Date/Time: 08/01/2020 16:03:50
;----------------------------------------------

;Address Opcode 	ASM
0x0000	0x000000040428  	GOTO	_main
0x0004	0x000000  	0
0x0006	0x000000  	0
0x0008	0x000000  	0
0x000A	0x000000  	0
0x000C	0x000000  	0
0x000E	0x000000  	0
0x0010	0x000000  	0
0x0012	0x000000  	0
0x0014	0x000000  	0
0x0016	0x000000  	0
0x0018	0x000000  	0
0x001A	0x000402  	1026
0x001C	0x000000  	0
0x001E	0x000000  	0
0x0020	0x0003E6  	998
0x0022	0x000000  	0
0x0024	0x000000  	0
0x0026	0x000000  	0
0x0028	0x000000  	0
0x002A	0x000000  	0
0x002C	0x000000  	0
0x002E	0x000000  	0
0x0030	0x000000  	0
0x0032	0x000000  	0
0x0034	0x000000  	0
0x0036	0x000000  	0
0x0038	0x000000  	0
0x003A	0x000000  	0
0x003C	0x000000  	0
0x003E	0x000000  	0
0x0040	0x000000  	0
0x0042	0x000498  	1176
0x0044	0x000000  	0
0x0046	0x000000  	0
0x0048	0x000000  	0
0x004A	0x000000  	0
0x004C	0x000000  	0
0x004E	0x000000  	0
0x0050	0x000000  	0
0x0052	0x000000  	0
0x0054	0x000000  	0
0x0056	0x000000  	0
0x0058	0x000000  	0
0x005A	0x000000  	0
0x005C	0x000000  	0
0x005E	0x000000  	0
0x0060	0x000000  	0
0x0062	0x000000  	0
0x0064	0x000000  	0
0x0066	0x000000  	0
0x0068	0x000000  	0
0x006A	0x000000  	0
0x006C	0x000000  	0
0x006E	0x000000  	0
0x0070	0x000000  	0
0x0072	0x000000  	0
0x0074	0x000000  	0
0x0076	0x000000  	0
0x0078	0x000000  	0
0x007A	0x000000  	0
0x007C	0x000000  	0
0x007E	0x000000  	0
0x0080	0x000000  	0
0x0082	0x000000  	0
0x0084	0x000000  	0
0x0086	0x000000  	0
0x0088	0x000000  	0
0x008A	0x000000  	0
0x008C	0x000000  	0
0x008E	0x000000  	0
0x0090	0x000000  	0
0x0092	0x000000  	0
0x0094	0x000000  	0
0x0096	0x000000  	0
0x0098	0x000000  	0
0x009A	0x000000  	0
0x009C	0x000000  	0
0x009E	0x000000  	0
0x00A0	0x000000  	0
0x00A2	0x000000  	0
0x00A4	0x000000  	0
0x00A6	0x000000  	0
0x00A8	0x000000  	0
0x00AA	0x000000  	0
0x00AC	0x000000  	0
0x00AE	0x000000  	0
0x00B0	0x000000  	0
0x00B2	0x000000  	0
0x00B4	0x000000  	0
0x00B6	0x000000  	0
0x00B8	0x000000  	0
0x00BA	0x000000  	0
0x00BC	0x000000  	0
0x00BE	0x000000  	0
0x00C0	0x000000  	0
0x00C2	0x000000  	0
0x00C4	0x000000  	0
0x00C6	0x000000  	0
0x00C8	0x000000  	0
0x00CA	0x000000  	0
0x00CC	0x000000  	0
0x00CE	0x000000  	0
0x00D0	0x000000  	0
0x00D2	0x000000  	0
0x00D4	0x000000  	0
0x00D6	0x000000  	0
0x00D8	0x000000  	0
0x00DA	0x000000  	0
0x00DC	0x000000  	0
0x00DE	0x000000  	0
0x00E0	0x000000  	0
0x00E2	0x000000  	0
0x00E4	0x000000  	0
0x00E6	0x000000  	0
0x00E8	0x000000  	0
0x00EA	0x000000  	0
0x00EC	0x000000  	0
0x00EE	0x000000  	0
0x00F0	0x000000  	0
0x00F2	0x000000  	0
0x00F4	0x000000  	0
0x00F6	0x000000  	0
0x00F8	0x000000  	0
0x00FA	0x000000  	0
0x00FC	0x000000  	0
0x00FE	0x000000  	0
_main:
0x0428	0x20818F  	MOV	#2072, W15
0x042A	0x20FFF0  	MOV	#4095, W0
0x042C	0xB7A020  	MOV	WREG, SPLIM
0x042E	0x200000  	MOV	#0, W0
0x0430	0xB7A034  	MOV	WREG, PSVPAG
0x0432	0x200040  	MOV	#4, W0
0x0434	0xB72044  	IOR	CORCON
0x0436	0x0000000204F6  	CALL	1270
0x043A	0x000000020500  	CALL	1280
;q22.c,78 :: 		void main() {
;q22.c,80 :: 		ADPCFG = 0xFFFF;
0x043E	0x781F8A  	PUSH	W10
0x0440	0x781F8B  	PUSH	W11
0x0442	0x781F8C  	PUSH	W12
0x0444	0x2FFFF0  	MOV	#65535, W0
0x0446	0xB7A2A8  	MOV	WREG, ADPCFG
;q22.c,81 :: 		TRISE = 0;
0x0448	0xEF22D8  	CLR	TRISE
;q22.c,82 :: 		TRISB = 0;
0x044A	0xEF22C6  	CLR	TRISB
;q22.c,83 :: 		TRISC = 0;
0x044C	0xEF22CC  	CLR	TRISC
;q22.c,84 :: 		TRISD = 0;
0x044E	0xEF22D2  	CLR	TRISD
;q22.c,86 :: 		TRISDbits.TRISD1 = 1;
0x0450	0xA822D2  	BSET.B	TRISDbits, #1
;q22.c,88 :: 		TRISCbits.TRISC14 = 1;
0x0452	0xA8C2CD  	BSET	TRISCbits, #14
;q22.c,90 :: 		Lcd_Init();
0x0454	0x07FF2B  	RCALL	_Lcd_Init
;q22.c,94 :: 		IFS0 = 0;
0x0456	0xEF2084  	CLR	IFS0
;q22.c,95 :: 		IFS1 = 0;
0x0458	0xEF2086  	CLR	IFS1
;q22.c,97 :: 		IEC0 = 0;
0x045A	0xEF208C  	CLR	IEC0
;q22.c,98 :: 		IEC1 = 0;
0x045C	0xEF208E  	CLR	IEC1
;q22.c,100 :: 		IEC0bits.T2IE = 1;
0x045E	0xA8C08C  	BSET.B	IEC0bits, #6
;q22.c,101 :: 		IEC0bits.T1IE = 1;
0x0460	0xA8608C  	BSET.B	IEC0bits, #3
;q22.c,103 :: 		IEC1bits.INT2IE = 1;
0x0462	0xA8E08E  	BSET.B	IEC1bits, #7
;q22.c,104 :: 		INTCON2bits.INT2EP = 0;
0x0464	0xA94082  	BCLR.B	INTCON2bits, #2
;q22.c,106 :: 		PR2 = 0xFFFF;
0x0466	0x2FFFF0  	MOV	#65535, W0
0x0468	0xB7A10C  	MOV	WREG, PR2
;q22.c,107 :: 		PR1 = 62500;
0x046A	0x2F4240  	MOV	#62500, W0
0x046C	0xB7A102  	MOV	WREG, PR1
;q22.c,109 :: 		T2CON = 0x8002;//modo sincrono
0x046E	0x280020  	MOV	#32770, W0
0x0470	0xB7A110  	MOV	WREG, T2CON
;q22.c,110 :: 		T1CON = 0x8030;
0x0472	0x280300  	MOV	#32816, W0
0x0474	0xB7A104  	MOV	WREG, T1CON
;q22.c,112 :: 		Lcd_Cmd(_LCD_CLEAR);               // Clear display
0x0476	0xB3C01A  	MOV.B	#1, W10
0x0478	0x07FF4E  	RCALL	_Lcd_Cmd
;q22.c,113 :: 		Lcd_Cmd(_LCD_CURSOR_OFF);          // Cursor off
0x047A	0xB3C0CA  	MOV.B	#12, W10
0x047C	0x07FF4C  	RCALL	_Lcd_Cmd
;q22.c,116 :: 		while(1){
L_main4:
;q22.c,117 :: 		LongToStr(TMR2, txt);
0x047E	0x20808C  	MOV	#lo_addr(_txt), W12
0x0480	0x80083A  	MOV	TMR2, W10
0x0482	0xEB0580  	CLR	W11
0x0484	0x07FF7E  	RCALL	_LongToStr
;q22.c,128 :: 		Lcd_Out(1,2,txt);
0x0486	0x20808C  	MOV	#lo_addr(_txt), W12
0x0488	0x20002B  	MOV	#2, W11
0x048A	0x20001A  	MOV	#1, W10
0x048C	0x07FEE2  	RCALL	_Lcd_Out
;q22.c,129 :: 		}
0x048E	0x37FFF7  	BRA	L_main4
;q22.c,131 :: 		}
L_end_main:
0x0490	0x78064F  	POP	W12
0x0492	0x7805CF  	POP	W11
0x0494	0x78054F  	POP	W10
L__main_end_loop:
0x0496	0x37FFFF  	BRA	L__main_end_loop
; end of _main
_Lcd_Init:
0x02AC	0xFA0000  	LNK	#0
;__Lib_Lcd.c,105 :: 		
;__Lib_Lcd.c,107 :: 		
0x02AE	0x07FFC6  	RCALL	_Delay_8ms
0x02B0	0x07FFC5  	RCALL	_Delay_8ms
;__Lib_Lcd.c,109 :: 		
0x02B2	0xA982D8  	BCLR	LCD_EN_Direction, BitPos(LCD_EN_Direction+0)
;__Lib_Lcd.c,110 :: 		
0x02B4	0xA9A2D8  	BCLR	LCD_RS_Direction, BitPos(LCD_RS_Direction+0)
;__Lib_Lcd.c,111 :: 		
0x02B6	0xA962D8  	BCLR	LCD_D4_Direction, BitPos(LCD_D4_Direction+0)
;__Lib_Lcd.c,112 :: 		
0x02B8	0xA942D8  	BCLR	LCD_D5_Direction, BitPos(LCD_D5_Direction+0)
;__Lib_Lcd.c,113 :: 		
0x02BA	0xA922D8  	BCLR	LCD_D6_Direction, BitPos(LCD_D6_Direction+0)
;__Lib_Lcd.c,114 :: 		
0x02BC	0xA902D8  	BCLR	LCD_D7_Direction, BitPos(LCD_D7_Direction+0)
;__Lib_Lcd.c,116 :: 		
0x02BE	0xA982DC  	BCLR	LCD_EN, BitPos(LCD_EN+0)
;__Lib_Lcd.c,117 :: 		
0x02C0	0xA9A2DC  	BCLR	LCD_RS, BitPos(LCD_RS+0)
;__Lib_Lcd.c,118 :: 		
0x02C2	0xA902DC  	BCLR	LCD_D7, BitPos(LCD_D7+0)
;__Lib_Lcd.c,119 :: 		
0x02C4	0xA922DC  	BCLR	LCD_D6, BitPos(LCD_D6+0)
;__Lib_Lcd.c,120 :: 		
0x02C6	0xA942DC  	BCLR	LCD_D5, BitPos(LCD_D5+0)
;__Lib_Lcd.c,121 :: 		
0x02C8	0xA962DC  	BCLR	LCD_D4, BitPos(LCD_D4+0)
;__Lib_Lcd.c,130 :: 		
0x02CA	0xA842DC  	BSET	LCD_D5, BitPos(LCD_D5+0)
;__Lib_Lcd.c,131 :: 		
0x02CC	0xA862DC  	BSET	LCD_D4, BitPos(LCD_D4+0)
;__Lib_Lcd.c,132 :: 		
0x02CE	0x07FFAF  	RCALL	__Lib_Lcd_Strobe
;__Lib_Lcd.c,133 :: 		
0x02D0	0x07FFBB  	RCALL	_Delay_5500us
;__Lib_Lcd.c,136 :: 		
0x02D2	0x07FFAD  	RCALL	__Lib_Lcd_Strobe
;__Lib_Lcd.c,137 :: 		
0x02D4	0x07FFB9  	RCALL	_Delay_5500us
;__Lib_Lcd.c,140 :: 		
0x02D6	0x07FFAB  	RCALL	__Lib_Lcd_Strobe
;__Lib_Lcd.c,141 :: 		
0x02D8	0x07FFB7  	RCALL	_Delay_5500us
;__Lib_Lcd.c,144 :: 		
0x02DA	0xA962DC  	BCLR	LCD_D4, BitPos(LCD_D4+0)
;__Lib_Lcd.c,145 :: 		
0x02DC	0x07FFA8  	RCALL	__Lib_Lcd_Strobe
;__Lib_Lcd.c,146 :: 		
0x02DE	0x07FFB4  	RCALL	_Delay_5500us
;__Lib_Lcd.c,149 :: 		
0x02E0	0x07FFA6  	RCALL	__Lib_Lcd_Strobe
;__Lib_Lcd.c,151 :: 		
0x02E2	0xA942DC  	BCLR	LCD_D5, BitPos(LCD_D5+0)
;__Lib_Lcd.c,152 :: 		
0x02E4	0xA802DC  	BSET	LCD_D7, BitPos(LCD_D7+0)
;__Lib_Lcd.c,153 :: 		
0x02E6	0x07FFA3  	RCALL	__Lib_Lcd_Strobe
;__Lib_Lcd.c,154 :: 		
0x02E8	0x07FFAF  	RCALL	_Delay_5500us
;__Lib_Lcd.c,157 :: 		
0x02EA	0xA902DC  	BCLR	LCD_D7, BitPos(LCD_D7+0)
;__Lib_Lcd.c,158 :: 		
0x02EC	0xA862DC  	BSET	LCD_D4, BitPos(LCD_D4+0)
;__Lib_Lcd.c,159 :: 		
0x02EE	0x07FF9F  	RCALL	__Lib_Lcd_Strobe
;__Lib_Lcd.c,161 :: 		
0x02F0	0xA962DC  	BCLR	LCD_D4, BitPos(LCD_D4+0)
;__Lib_Lcd.c,162 :: 		
0x02F2	0x07FF9D  	RCALL	__Lib_Lcd_Strobe
;__Lib_Lcd.c,163 :: 		
0x02F4	0x07FFA9  	RCALL	_Delay_5500us
;__Lib_Lcd.c,166 :: 		
0x02F6	0x07FF9B  	RCALL	__Lib_Lcd_Strobe
;__Lib_Lcd.c,168 :: 		
0x02F8	0xA862DC  	BSET	LCD_D4, BitPos(LCD_D4+0)
;__Lib_Lcd.c,169 :: 		
0x02FA	0x07FF99  	RCALL	__Lib_Lcd_Strobe
;__Lib_Lcd.c,170 :: 		
0x02FC	0x07FFA5  	RCALL	_Delay_5500us
;__Lib_Lcd.c,173 :: 		
0x02FE	0xA962DC  	BCLR	LCD_D4, BitPos(LCD_D4+0)
;__Lib_Lcd.c,174 :: 		
0x0300	0x07FF96  	RCALL	__Lib_Lcd_Strobe
;__Lib_Lcd.c,176 :: 		
0x0302	0xA802DC  	BSET	LCD_D7, BitPos(LCD_D7+0)
;__Lib_Lcd.c,177 :: 		
0x0304	0xA822DC  	BSET	LCD_D6, BitPos(LCD_D6+0)
;__Lib_Lcd.c,178 :: 		
0x0306	0xA842DC  	BSET	LCD_D5, BitPos(LCD_D5+0)
;__Lib_Lcd.c,179 :: 		
0x0308	0xA862DC  	BSET	LCD_D4, BitPos(LCD_D4+0)
;__Lib_Lcd.c,180 :: 		
0x030A	0x07FF91  	RCALL	__Lib_Lcd_Strobe
;__Lib_Lcd.c,181 :: 		
0x030C	0x07FF9D  	RCALL	_Delay_5500us
;__Lib_Lcd.c,183 :: 		
0x030E	0x208060  	MOV	#lo_addr(__Lib_Lcd_cmd_status), W0
0x0310	0xA00010  	BSET	[W0], BitPos(__Lib_Lcd_cmd_status+0)
;__Lib_Lcd.c,184 :: 		
L_end_Lcd_Init:
0x0312	0xFA8000  	ULNK
0x0314	0x060000  	RETURN
; end of _Lcd_Init
_Delay_8ms:
;__Lib_Delays.c,614 :: 		void Delay_8ms()
;__Lib_Delays.c,616 :: 		Delay_ms(8);
0x023C	0x2A6AA7  	MOV	#42666, W7
L_Delay_8ms29:
0x023E	0xED200E  	DEC	W7
0x0240	0x3AFFFE  	BRA NZ	L_Delay_8ms29
0x0242	0x000000  	NOP
0x0244	0x000000  	NOP
;__Lib_Delays.c,617 :: 		}
L_end_Delay_8ms:
0x0246	0x060000  	RETURN
; end of _Delay_8ms
__Lib_Lcd_Strobe:
0x022E	0xFA0000  	LNK	#0
;__Lib_Lcd.c,26 :: 		
;__Lib_Lcd.c,27 :: 		
0x0230	0xA882DC  	BSET	LCD_EN, BitPos(LCD_EN+0)
;__Lib_Lcd.c,28 :: 		
0x0232	0x07FF66  	RCALL	_Delay_1us
;__Lib_Lcd.c,29 :: 		
0x0234	0xA982DC  	BCLR	LCD_EN, BitPos(LCD_EN+0)
;__Lib_Lcd.c,30 :: 		
0x0236	0x07FF64  	RCALL	_Delay_1us
;__Lib_Lcd.c,31 :: 		
L_end_Strobe:
0x0238	0xFA8000  	ULNK
0x023A	0x060000  	RETURN
; end of __Lib_Lcd_Strobe
_Delay_1us:
;__Lib_Delays.c,380 :: 		void Delay_1us()
;__Lib_Delays.c,382 :: 		Delay_us(1);
0x0100	0x200057  	MOV	#5, W7
L_Delay_1us11:
0x0102	0xED200E  	DEC	W7
0x0104	0x3AFFFE  	BRA NZ	L_Delay_1us11
0x0106	0x000000  	NOP
;__Lib_Delays.c,383 :: 		}
L_end_Delay_1us:
0x0108	0x060000  	RETURN
; end of _Delay_1us
_Delay_5500us:
;__Lib_Delays.c,536 :: 		void Delay_5500us()
;__Lib_Delays.c,538 :: 		Delay_us(5500);
0x0248	0x272957  	MOV	#29333, W7
L_Delay_5500us23:
0x024A	0xED200E  	DEC	W7
0x024C	0x3AFFFE  	BRA NZ	L_Delay_5500us23
0x024E	0x000000  	NOP
;__Lib_Delays.c,539 :: 		}
L_end_Delay_5500us:
0x0250	0x060000  	RETURN
; end of _Delay_5500us
_Lcd_Cmd:
0x0316	0xFA0000  	LNK	#0
;__Lib_Lcd.c,38 :: 		
;__Lib_Lcd.c,40 :: 		
; loc_word start address is: 2 (W1)
0x0318	0xFB808A  	ZE	W10, W1
;__Lib_Lcd.c,42 :: 		
0x031A	0xAEE002  	BTSS	W1, #7
0x031C	0xA902DC  	BCLR	LCD_D7, BitPos(LCD_D7+0)
0x031E	0xAFE002  	BTSC	W1, #7
0x0320	0xA802DC  	BSET	LCD_D7, BitPos(LCD_D7+0)
;__Lib_Lcd.c,43 :: 		
0x0322	0xAEC002  	BTSS	W1, #6
0x0324	0xA922DC  	BCLR	LCD_D6, BitPos(LCD_D6+0)
0x0326	0xAFC002  	BTSC	W1, #6
0x0328	0xA822DC  	BSET	LCD_D6, BitPos(LCD_D6+0)
;__Lib_Lcd.c,44 :: 		
0x032A	0xAEA002  	BTSS	W1, #5
0x032C	0xA942DC  	BCLR	LCD_D5, BitPos(LCD_D5+0)
0x032E	0xAFA002  	BTSC	W1, #5
0x0330	0xA842DC  	BSET	LCD_D5, BitPos(LCD_D5+0)
;__Lib_Lcd.c,45 :: 		
0x0332	0xAE8002  	BTSS	W1, #4
0x0334	0xA962DC  	BCLR	LCD_D4, BitPos(LCD_D4+0)
0x0336	0xAF8002  	BTSC	W1, #4
0x0338	0xA862DC  	BSET	LCD_D4, BitPos(LCD_D4+0)
;__Lib_Lcd.c,47 :: 		
0x033A	0x208060  	MOV	#lo_addr(__Lib_Lcd_cmd_status), W0
0x033C	0xA60010  	BTSS	[W0], BitPos(__Lib_Lcd_cmd_status+0)
0x033E	0xA8A2DC  	BSET	LCD_RS, BitPos(LCD_RS+0)
0x0340	0xA70010  	BTSC	[W0], BitPos(__Lib_Lcd_cmd_status+0)
0x0342	0xA9A2DC  	BCLR	LCD_RS, BitPos(LCD_RS+0)
;__Lib_Lcd.c,49 :: 		
0x0344	0x07FF74  	RCALL	__Lib_Lcd_Strobe
;__Lib_Lcd.c,51 :: 		
0x0346	0xAE6002  	BTSS	W1, #3
0x0348	0xA902DC  	BCLR	LCD_D7, BitPos(LCD_D7+0)
0x034A	0xAF6002  	BTSC	W1, #3
0x034C	0xA802DC  	BSET	LCD_D7, BitPos(LCD_D7+0)
;__Lib_Lcd.c,52 :: 		
0x034E	0xAE4002  	BTSS	W1, #2
0x0350	0xA922DC  	BCLR	LCD_D6, BitPos(LCD_D6+0)
0x0352	0xAF4002  	BTSC	W1, #2
0x0354	0xA822DC  	BSET	LCD_D6, BitPos(LCD_D6+0)
;__Lib_Lcd.c,53 :: 		
0x0356	0xAE2002  	BTSS	W1, #1
0x0358	0xA942DC  	BCLR	LCD_D5, BitPos(LCD_D5+0)
0x035A	0xAF2002  	BTSC	W1, #1
0x035C	0xA842DC  	BSET	LCD_D5, BitPos(LCD_D5+0)
;__Lib_Lcd.c,54 :: 		
0x035E	0xAE0002  	BTSS	W1, #0
0x0360	0xA962DC  	BCLR	LCD_D4, BitPos(LCD_D4+0)
0x0362	0xAF0002  	BTSC	W1, #0
0x0364	0xA862DC  	BSET	LCD_D4, BitPos(LCD_D4+0)
; loc_word end address is: 2 (W1)
;__Lib_Lcd.c,56 :: 		
0x0366	0x208060  	MOV	#lo_addr(__Lib_Lcd_cmd_status), W0
0x0368	0xA60010  	BTSS	[W0], BitPos(__Lib_Lcd_cmd_status+0)
0x036A	0xA8A2DC  	BSET	LCD_RS, BitPos(LCD_RS+0)
0x036C	0xA70010  	BTSC	[W0], BitPos(__Lib_Lcd_cmd_status+0)
0x036E	0xA9A2DC  	BCLR	LCD_RS, BitPos(LCD_RS+0)
;__Lib_Lcd.c,58 :: 		
0x0370	0x07FF5E  	RCALL	__Lib_Lcd_Strobe
;__Lib_Lcd.c,60 :: 		
0x0372	0x208060  	MOV	#lo_addr(__Lib_Lcd_cmd_status), W0
0x0374	0xA60010  	BTSS	[W0], BitPos(__Lib_Lcd_cmd_status+0)
0x0376	0x370002  	BRA	L_Lcd_Cmd0
;__Lib_Lcd.c,61 :: 		
0x0378	0x07FF67  	RCALL	_Delay_5500us
0x037A	0x370001  	BRA	L_Lcd_Cmd1
L_Lcd_Cmd0:
;__Lib_Lcd.c,63 :: 		
0x037C	0x07FF4A  	RCALL	_Delay_50us
L_Lcd_Cmd1:
;__Lib_Lcd.c,64 :: 		
L_end_Lcd_Cmd:
0x037E	0xFA8000  	ULNK
0x0380	0x060000  	RETURN
; end of _Lcd_Cmd
_Delay_50us:
;__Lib_Delays.c,458 :: 		void Delay_50us()
;__Lib_Delays.c,460 :: 		Delay_us(50);
0x0212	0x2010A7  	MOV	#266, W7
L_Delay_50us17:
0x0214	0xED200E  	DEC	W7
0x0216	0x3AFFFE  	BRA NZ	L_Delay_50us17
0x0218	0x000000  	NOP
0x021A	0x000000  	NOP
;__Lib_Delays.c,461 :: 		}
L_end_Delay_50us:
0x021C	0x060000  	RETURN
; end of _Delay_50us
_LongToStr:
0x0382	0xFA0000  	LNK	#0
;__Lib_Conversions.c,289 :: 		
;__Lib_Conversions.c,295 :: 		
0x0384	0x781F8A  	PUSH	W10
0x0386	0x781F8B  	PUSH	W11
; negative start address is: 0 (W0)
0x0388	0xEF2000  	CLR	W0
;__Lib_Conversions.c,296 :: 		
; inword start address is: 2 (W1)
0x038A	0x78008A  	MOV	W10, W1
0x038C	0x78010B  	MOV	W11, W2
;__Lib_Conversions.c,297 :: 		
0x038E	0xE15060  	CP	W10, #0
0x0390	0xE1D860  	CPB	W11, #0
0x0392	0x3D0004  	BRA GE	L__LongToStr114
L__LongToStr173:
; inword end address is: 2 (W1)
;__Lib_Conversions.c,298 :: 		
0x0394	0x200010  	MOV	#1, W0
;__Lib_Conversions.c,299 :: 		
; inword start address is: 2 (W1)
0x0396	0x1500E0  	SUBR	W10, #0, W1
0x0398	0x1D8160  	SUBBR	W11, #0, W2
; inword end address is: 2 (W1)
; negative end address is: 0 (W0)
;__Lib_Conversions.c,300 :: 		
0x039A	0x370000  	BRA	L_LongToStr63
L__LongToStr114:
;__Lib_Conversions.c,297 :: 		
;__Lib_Conversions.c,300 :: 		
L_LongToStr63:
;__Lib_Conversions.c,301 :: 		
; inword start address is: 2 (W1)
; negative start address is: 0 (W0)
0x039C	0x781F80  	PUSH	W0
0x039E	0x781F8C  	PUSH	W12
0x03A0	0x780501  	MOV	W1, W10
0x03A2	0x780582  	MOV	W2, W11
; inword end address is: 2 (W1)
0x03A4	0x07FF07  	RCALL	_LongWordToStr
0x03A6	0x78064F  	POP	W12
0x03A8	0x78004F  	POP	W0
;__Lib_Conversions.c,303 :: 		
; i start address is: 6 (W3)
0x03AA	0x2000B3  	MOV	#11, W3
; negative end address is: 0 (W0)
; i end address is: 6 (W3)
0x03AC	0x780100  	MOV	W0, W2
;__Lib_Conversions.c,304 :: 		
L_LongToStr64:
; i start address is: 6 (W3)
; negative start address is: 4 (W2)
0x03AE	0xE11860  	CP	W3, #0
0x03B0	0x360006  	BRA LEU	L_LongToStr65
L__LongToStr174:
;__Lib_Conversions.c,305 :: 		
0x03B2	0x460083  	ADD	W12, W3, W1
0x03B4	0x518061  	SUB	W3, #1, W0
0x03B6	0x460000  	ADD	W12, W0, W0
0x03B8	0x784890  	MOV.B	[W0], [W1]
;__Lib_Conversions.c,306 :: 		
0x03BA	0xED2006  	DEC	W3
;__Lib_Conversions.c,307 :: 		
; i end address is: 6 (W3)
0x03BC	0x37FFF8  	BRA	L_LongToStr64
L_LongToStr65:
;__Lib_Conversions.c,308 :: 		
0x03BE	0xB3C200  	MOV.B	#32, W0
0x03C0	0x784E00  	MOV.B	W0, [W12]
;__Lib_Conversions.c,309 :: 		
0x03C2	0xE20004  	CP0	W2
0x03C4	0x32000C  	BRA Z	L_LongToStr66
L__LongToStr175:
; negative end address is: 4 (W2)
;__Lib_Conversions.c,310 :: 		
; i start address is: 4 (W2)
0x03C6	0xEF2004  	CLR	W2
; i end address is: 4 (W2)
;__Lib_Conversions.c,311 :: 		
L_LongToStr67:
; i start address is: 4 (W2)
0x03C8	0x460002  	ADD	W12, W2, W0
0x03CA	0x784090  	MOV.B	[W0], W1
0x03CC	0xB3C200  	MOV.B	#32, W0
0x03CE	0xE10C00  	CP.B	W1, W0
0x03D0	0x3A0002  	BRA NZ	L_LongToStr68
L__LongToStr176:
; i start address is: 4 (W2)
0x03D2	0xEC2004  	INC	W2
; i end address is: 4 (W2)
0x03D4	0x37FFF9  	BRA	L_LongToStr67
L_LongToStr68:
;__Lib_Conversions.c,312 :: 		
0x03D6	0x510061  	SUB	W2, #1, W0
; i end address is: 4 (W2)
;__Lib_Conversions.c,313 :: 		
0x03D8	0x460080  	ADD	W12, W0, W1
0x03DA	0xB3C2D0  	MOV.B	#45, W0
0x03DC	0x784880  	MOV.B	W0, [W1]
;__Lib_Conversions.c,314 :: 		
L_LongToStr66:
;__Lib_Conversions.c,315 :: 		
L_end_LongToStr:
0x03DE	0x7805CF  	POP	W11
0x03E0	0x78054F  	POP	W10
0x03E2	0xFA8000  	ULNK
0x03E4	0x060000  	RETURN
; end of _LongToStr
_LongWordToStr:
0x01B4	0xFA0002  	LNK	#2
;__Lib_Conversions.c,258 :: 		
;__Lib_Conversions.c,261 :: 		
; len start address is: 4 (W2)
0x01B6	0xEF2004  	CLR	W2
; len end address is: 4 (W2)
L_LongWordToStr52:
; len start address is: 4 (W2)
0x01B8	0xE1106A  	CP	W2, #10
0x01BA	0x310005  	BRA GEU	L_LongWordToStr53
L__LongWordToStr167:
;__Lib_Conversions.c,262 :: 		
0x01BC	0x460082  	ADD	W12, W2, W1
0x01BE	0xB3C200  	MOV.B	#32, W0
0x01C0	0x784880  	MOV.B	W0, [W1]
;__Lib_Conversions.c,261 :: 		
0x01C2	0xEC2004  	INC	W2
;__Lib_Conversions.c,262 :: 		
0x01C4	0x37FFF9  	BRA	L_LongWordToStr52
L_LongWordToStr53:
;__Lib_Conversions.c,263 :: 		
0x01C6	0x460082  	ADD	W12, W2, W1
0x01C8	0xEF2000  	CLR	W0
0x01CA	0x784880  	MOV.B	W0, [W1]
; len start address is: 8 (W4)
0x01CC	0x510261  	SUB	W2, #1, W4
; len end address is: 4 (W2)
; len end address is: 8 (W4)
;__Lib_Conversions.c,265 :: 		
L_LongWordToStr55:
;__Lib_Conversions.c,266 :: 		
; len start address is: 8 (W4)
0x01CE	0x460004  	ADD	W12, W4, W0
0x01D0	0x980700  	MOV	W0, [W14+0]
0x01D2	0x781F84  	PUSH	W4
0x01D4	0x781F8C  	PUSH	W12
0x01D6	0xBE9F8A  	PUSH.D	W10
0x01D8	0x2000A2  	MOV	#10, W2
0x01DA	0x200003  	MOV	#0, W3
0x01DC	0xBE000A  	MOV.D	W10, W0
0x01DE	0xEB0200  	CLR	W4
0x01E0	0x07FFBD  	RCALL	__Modulus_32x32
0x01E2	0xBE054F  	POP.D	W10
0x01E4	0x200302  	MOV	#48, W2
0x01E6	0x200003  	MOV	#0, W3
0x01E8	0x400102  	ADD	W0, W2, W2
0x01EA	0x90000E  	MOV	[W14+0], W0
0x01EC	0x784802  	MOV.B	W2, [W0]
;__Lib_Conversions.c,267 :: 		
0x01EE	0xBE9F8A  	PUSH.D	W10
0x01F0	0x2000A2  	MOV	#10, W2
0x01F2	0x200003  	MOV	#0, W3
0x01F4	0xBE000A  	MOV.D	W10, W0
0x01F6	0xEB0200  	CLR	W4
0x01F8	0x07FF88  	RCALL	__Divide_32x32
0x01FA	0xBE054F  	POP.D	W10
0x01FC	0x78064F  	POP	W12
0x01FE	0x78024F  	POP	W4
0x0200	0xBE0500  	MOV.D	W0, W10
;__Lib_Conversions.c,268 :: 		
0x0202	0xE10060  	CP	W0, #0
0x0204	0xE18860  	CPB	W1, #0
0x0206	0x3A0001  	BRA NZ	L_LongWordToStr57
L__LongWordToStr168:
; len end address is: 8 (W4)
;__Lib_Conversions.c,269 :: 		
0x0208	0x370002  	BRA	L_LongWordToStr56
L_LongWordToStr57:
;__Lib_Conversions.c,270 :: 		
; len start address is: 8 (W4)
0x020A	0xED2008  	DEC	W4
;__Lib_Conversions.c,271 :: 		
; len end address is: 8 (W4)
0x020C	0x37FFE0  	BRA	L_LongWordToStr55
L_LongWordToStr56:
;__Lib_Conversions.c,272 :: 		
L_end_LongWordToStr:
0x020E	0xFA8000  	ULNK
0x0210	0x060000  	RETURN
; end of _LongWordToStr
__Modulus_32x32:
0x015C	0xFA0000  	LNK	#0
;__Lib_Math.c,162 :: 		
;__Lib_Math.c,164 :: 		
0x015E	0x070002  	RCALL	Modulus_32x32___testsus
;__Lib_Math.c,166 :: 		
0x0160	0x0000000401B0  	GOTO	the_end_Modulus_32x32
;__Lib_Math.c,171 :: 		
Modulus_32x32___testsus:
;__Lib_Math.c,172 :: 		
0x0164	0xE20008  	CP0	W4
;__Lib_Math.c,173 :: 		
0x0166	0x3A0002  	BRA NZ	Modulus_32x32___modsi3
;__Lib_Math.c,175 :: 		
0x0168	0x070010  	RCALL	Modulus_32x32___umodsi3
;__Lib_Math.c,176 :: 		
0x016A	0x060000  	RETURN
;__Lib_Math.c,178 :: 		
Modulus_32x32___modsi3:
;__Lib_Math.c,179 :: 		
0x016C	0x781F81  	MOV	W1, [W15++]
;__Lib_Math.c,180 :: 		
0x016E	0xE20002  	CP0	W1
;__Lib_Math.c,181 :: 		
0x0170	0x3D0002  	BRA GE	Modulus_32x32_modtestb
;__Lib_Math.c,182 :: 		
0x0172	0x100060  	SUBR	W0, #0, W0
;__Lib_Math.c,183 :: 		
0x0174	0x1880E0  	SUBBR	W1, #0, W1
;__Lib_Math.c,184 :: 		
Modulus_32x32_modtestb:
;__Lib_Math.c,185 :: 		
0x0176	0xE20006  	CP0	W3
;__Lib_Math.c,186 :: 		
0x0178	0x3D0002  	BRA GE	Modulus_32x32_calcrem
;__Lib_Math.c,187 :: 		
0x017A	0x110160  	SUBR	W2, #0, W2
;__Lib_Math.c,188 :: 		
0x017C	0x1981E0  	SUBBR	W3, #0, W3
;__Lib_Math.c,189 :: 		
Modulus_32x32_calcrem:
;__Lib_Math.c,190 :: 		
0x017E	0x070005  	RCALL	Modulus_32x32___umodsi3
;__Lib_Math.c,191 :: 		
0x0180	0xE0004F  	CP0	[--W15]
;__Lib_Math.c,192 :: 		
0x0182	0x3B0002  	BRA NN	Modulus_32x32_exitr
;__Lib_Math.c,193 :: 		
0x0184	0x100060  	SUBR	W0, #0, W0
;__Lib_Math.c,194 :: 		
0x0186	0x1880E0  	SUBBR	W1, #0, W1
;__Lib_Math.c,195 :: 		
Modulus_32x32_exitr:
;__Lib_Math.c,196 :: 		
0x0188	0x060000  	RETURN
;__Lib_Math.c,197 :: 		
Modulus_32x32___umodsi3:
;__Lib_Math.c,198 :: 		
0x018A	0x070002  	RCALL	Modulus_32x32___udivsi3
;__Lib_Math.c,199 :: 		
0x018C	0xBE8004  	MOV.D	W4, W0
;__Lib_Math.c,200 :: 		
0x018E	0x060000  	RETURN
;__Lib_Math.c,201 :: 		
Modulus_32x32___udivsi3:
;__Lib_Math.c,202 :: 		
0x0190	0xB82260  	MUL.UU	W4, #0, W4
;__Lib_Math.c,203 :: 		
0x0192	0x200206  	MOV	#32, W6
;__Lib_Math.c,204 :: 		
Modulus_32x32_nextbit:
;__Lib_Math.c,205 :: 		
0x0194	0xD00000  	SL	W0, W0
;__Lib_Math.c,206 :: 		
0x0196	0xD28081  	RLC	W1, W1
;__Lib_Math.c,207 :: 		
0x0198	0xD28204  	RLC	W4, W4
;__Lib_Math.c,208 :: 		
0x019A	0xD28285  	RLC	W5, W5
;__Lib_Math.c,209 :: 		
0x019C	0xA80000  	BSET	W0, #0
;__Lib_Math.c,210 :: 		
0x019E	0x520202  	SUB	W4, W2, W4
;__Lib_Math.c,211 :: 		
0x01A0	0x5A8283  	SUBB	W5, W3, W5
;__Lib_Math.c,212 :: 		
0x01A2	0x3B0003  	BRA NN	Modulus_32x32_iterate
;__Lib_Math.c,213 :: 		
0x01A4	0x420202  	ADD	W4, W2, W4
;__Lib_Math.c,214 :: 		
0x01A6	0x4A8283  	ADDC	W5, W3, W5
;__Lib_Math.c,215 :: 		
0x01A8	0xA10000  	BCLR	W0, #0
;__Lib_Math.c,216 :: 		
Modulus_32x32_iterate:
;__Lib_Math.c,217 :: 		
0x01AA	0xE90306  	DEC	W6, W6
;__Lib_Math.c,218 :: 		
0x01AC	0x3AFFF3  	BRA NZ	Modulus_32x32_nextbit
;__Lib_Math.c,219 :: 		
0x01AE	0x060000  	RETURN
;__Lib_Math.c,222 :: 		
the_end_Modulus_32x32:
;__Lib_Math.c,225 :: 		
L_end__Modulus_32x32:
0x01B0	0xFA8000  	ULNK
0x01B2	0x060000  	RETURN
; end of __Modulus_32x32
__Divide_32x32:
0x010A	0xFA0000  	LNK	#0
;__Lib_Math.c,78 :: 		
;__Lib_Math.c,81 :: 		
0x010C	0x070002  	RCALL	Divide_32x32___testsus
;__Lib_Math.c,83 :: 		
0x010E	0x000000040158  	GOTO	the_end_Divide_32x32
;__Lib_Math.c,88 :: 		
Divide_32x32___testsus:
;__Lib_Math.c,89 :: 		
0x0112	0xE20008  	CP0	W4
;__Lib_Math.c,90 :: 		
0x0114	0x3A0002  	BRA NZ	Divide_32x32___divsi3
;__Lib_Math.c,92 :: 		
0x0116	0x070010  	RCALL	Divide_32x32___udivsi3
;__Lib_Math.c,93 :: 		
0x0118	0x060000  	RETURN
;__Lib_Math.c,95 :: 		
Divide_32x32___divsi3:
;__Lib_Math.c,96 :: 		
0x011A	0x689F83  	XOR	W1, W3, [W15++]
;__Lib_Math.c,97 :: 		
0x011C	0xE20002  	CP0	W1
;__Lib_Math.c,98 :: 		
0x011E	0x3D0002  	BRA GE	Divide_32x32_divtestb
;__Lib_Math.c,99 :: 		
0x0120	0x100060  	SUBR	W0, #0, W0
;__Lib_Math.c,100 :: 		
0x0122	0x1880E0  	SUBBR	W1, #0, W1
;__Lib_Math.c,101 :: 		
Divide_32x32_divtestb:
;__Lib_Math.c,102 :: 		
0x0124	0xE20006  	CP0	W3
;__Lib_Math.c,103 :: 		
0x0126	0x3D0002  	BRA GE	Divide_32x32_calcquot
;__Lib_Math.c,104 :: 		
0x0128	0x110160  	SUBR	W2, #0, W2
;__Lib_Math.c,105 :: 		
0x012A	0x1981E0  	SUBBR	W3, #0, W3
;__Lib_Math.c,106 :: 		
Divide_32x32_calcquot:
;__Lib_Math.c,107 :: 		
0x012C	0x070005  	RCALL	Divide_32x32___udivsi3
;__Lib_Math.c,108 :: 		
0x012E	0xE0004F  	CP0	[--W15]
;__Lib_Math.c,109 :: 		
0x0130	0x3B0002  	BRA NN	Divide_32x32_returnq
;__Lib_Math.c,110 :: 		
0x0132	0x100060  	SUBR	W0, #0, W0
;__Lib_Math.c,111 :: 		
0x0134	0x1880E0  	SUBBR	W1, #0, W1
;__Lib_Math.c,112 :: 		
Divide_32x32_returnq:
;__Lib_Math.c,113 :: 		
0x0136	0x060000  	RETURN
;__Lib_Math.c,114 :: 		
Divide_32x32___udivsi3:
;__Lib_Math.c,115 :: 		
0x0138	0xB82260  	MUL.UU	W4, #0, W4
;__Lib_Math.c,116 :: 		
0x013A	0x200206  	MOV	#32, W6
;__Lib_Math.c,117 :: 		
Divide_32x32_nextbit:
;__Lib_Math.c,118 :: 		
0x013C	0xD00000  	SL	W0, W0
;__Lib_Math.c,119 :: 		
0x013E	0xD28081  	RLC	W1, W1
;__Lib_Math.c,120 :: 		
0x0140	0xD28204  	RLC	W4, W4
;__Lib_Math.c,121 :: 		
0x0142	0xD28285  	RLC	W5, W5
;__Lib_Math.c,122 :: 		
0x0144	0xA80000  	BSET	W0, #0
;__Lib_Math.c,123 :: 		
0x0146	0x520202  	SUB	W4, W2, W4
;__Lib_Math.c,124 :: 		
0x0148	0x5A8283  	SUBB	W5, W3, W5
;__Lib_Math.c,125 :: 		
0x014A	0x3B0003  	BRA NN	Divide_32x32_iterate
;__Lib_Math.c,126 :: 		
0x014C	0x420202  	ADD	W4, W2, W4
;__Lib_Math.c,127 :: 		
0x014E	0x4A8283  	ADDC	W5, W3, W5
;__Lib_Math.c,128 :: 		
0x0150	0xA10000  	BCLR	W0, #0
;__Lib_Math.c,129 :: 		
Divide_32x32_iterate:
;__Lib_Math.c,130 :: 		
0x0152	0xE90306  	DEC	W6, W6
;__Lib_Math.c,131 :: 		
0x0154	0x3AFFF3  	BRA NZ	Divide_32x32_nextbit
;__Lib_Math.c,132 :: 		
0x0156	0x060000  	RETURN
;__Lib_Math.c,135 :: 		
the_end_Divide_32x32:
;__Lib_Math.c,138 :: 		
L_end__Divide_32x32:
0x0158	0xFA8000  	ULNK
0x015A	0x060000  	RETURN
; end of __Divide_32x32
_Lcd_Out:
0x0252	0xFA0000  	LNK	#0
;__Lib_Lcd.c,187 :: 		
;__Lib_Lcd.c,190 :: 		
0x0254	0x781F8A  	PUSH	W10
0x0256	0x37000A  	BRA	L_Lcd_Out11
;__Lib_Lcd.c,191 :: 		
L_Lcd_Out13:
0x0258	0x20080A  	MOV	#128, W10
0x025A	0x370011  	BRA	L_Lcd_Out12
;__Lib_Lcd.c,192 :: 		
L_Lcd_Out14:
0x025C	0x200C0A  	MOV	#192, W10
0x025E	0x37000F  	BRA	L_Lcd_Out12
;__Lib_Lcd.c,193 :: 		
L_Lcd_Out15:
0x0260	0x20094A  	MOV	#148, W10
0x0262	0x37000D  	BRA	L_Lcd_Out12
;__Lib_Lcd.c,194 :: 		
L_Lcd_Out16:
0x0264	0x200D4A  	MOV	#212, W10
0x0266	0x37000B  	BRA	L_Lcd_Out12
;__Lib_Lcd.c,195 :: 		
L_Lcd_Out17:
0x0268	0x20080A  	MOV	#128, W10
;__Lib_Lcd.c,196 :: 		
0x026A	0x370009  	BRA	L_Lcd_Out12
L_Lcd_Out11:
0x026C	0xE15061  	CP	W10, #1
0x026E	0x32FFF4  	BRA Z	L_Lcd_Out13
L__Lcd_Out32:
0x0270	0xE15062  	CP	W10, #2
0x0272	0x32FFF4  	BRA Z	L_Lcd_Out14
L__Lcd_Out33:
0x0274	0xE15063  	CP	W10, #3
0x0276	0x32FFF4  	BRA Z	L_Lcd_Out15
L__Lcd_Out34:
0x0278	0xE15064  	CP	W10, #4
0x027A	0x32FFF4  	BRA Z	L_Lcd_Out16
L__Lcd_Out35:
0x027C	0x37FFF5  	BRA	L_Lcd_Out17
L_Lcd_Out12:
;__Lib_Lcd.c,199 :: 		
0x027E	0x558061  	SUB	W11, #1, W0
0x0280	0x450000  	ADD	W10, W0, W0
0x0282	0x780500  	MOV	W0, W10
;__Lib_Lcd.c,201 :: 		
0x0284	0x784500  	MOV.B	W0, W10
0x0286	0x070047  	RCALL	_Lcd_Cmd
;__Lib_Lcd.c,202 :: 		
0x0288	0x208060  	MOV	#lo_addr(__Lib_Lcd_cmd_status), W0
0x028A	0xA10010  	BCLR	[W0], BitPos(__Lib_Lcd_cmd_status+0)
;__Lib_Lcd.c,203 :: 		
; i start address is: 4 (W2)
0x028C	0xEF2004  	CLR	W2
; i end address is: 4 (W2)
;__Lib_Lcd.c,204 :: 		
L_Lcd_Out18:
; i start address is: 4 (W2)
0x028E	0x460002  	ADD	W12, W2, W0
0x0290	0xE00410  	CP0.B	[W0]
0x0292	0x320007  	BRA Z	L_Lcd_Out19
L__Lcd_Out36:
;__Lib_Lcd.c,205 :: 		
0x0294	0x460002  	ADD	W12, W2, W0
0x0296	0x781F8A  	PUSH	W10
0x0298	0x784510  	MOV.B	[W0], W10
0x029A	0x07FFC1  	RCALL	_Lcd_Chr_CP
0x029C	0x78054F  	POP	W10
0x029E	0xEC2004  	INC	W2
; i end address is: 4 (W2)
0x02A0	0x37FFF6  	BRA	L_Lcd_Out18
L_Lcd_Out19:
;__Lib_Lcd.c,206 :: 		
0x02A2	0x208060  	MOV	#lo_addr(__Lib_Lcd_cmd_status), W0
0x02A4	0xA00010  	BSET	[W0], BitPos(__Lib_Lcd_cmd_status+0)
;__Lib_Lcd.c,207 :: 		
L_end_Lcd_Out:
0x02A6	0x78054F  	POP	W10
0x02A8	0xFA8000  	ULNK
0x02AA	0x060000  	RETURN
; end of _Lcd_Out
_Lcd_Chr_CP:
0x021E	0xFA0000  	LNK	#0
;__Lib_Lcd.c,67 :: 		
;__Lib_Lcd.c,69 :: 		
0x0220	0x208060  	MOV	#lo_addr(__Lib_Lcd_cmd_status), W0
0x0222	0xA10010  	BCLR	[W0], BitPos(__Lib_Lcd_cmd_status+0)
;__Lib_Lcd.c,70 :: 		
0x0224	0x070078  	RCALL	_Lcd_Cmd
;__Lib_Lcd.c,71 :: 		
0x0226	0x208060  	MOV	#lo_addr(__Lib_Lcd_cmd_status), W0
0x0228	0xA00010  	BSET	[W0], BitPos(__Lib_Lcd_cmd_status+0)
;__Lib_Lcd.c,72 :: 		
L_end_Lcd_Chr_CP:
0x022A	0xFA8000  	ULNK
0x022C	0x060000  	RETURN
; end of _Lcd_Chr_CP
0x04F6	0x20800A  	MOV	#2048, W10
0x04F8	0x20000B  	MOV	#0, W11
0x04FA	0x09000B  	REPEAT	#11
0x04FC	0x781D0B  	MOV	W11, [W10++]
0x04FE	0x060000  	RETURN
0x0500	0x208001  	MOV	#lo_addr(_cont_int), W1
0x0502	0x284F00  	MOV	#34032, W0
0x0504	0x090002  	REPEAT	#2
0x0506	0x7818B0  	MOV	[W0++], [W1++]
0x0508	0x060000  	RETURN
_INT2Int:
0x0498	0xF80034  	PUSH	PSVPAG
0x049A	0xF80036  	PUSH	RCOUNT
0x049C	0x781F80  	PUSH	W0
0x049E	0x200020  	MOV	#2, W0
0x04A0	0x09000C  	REPEAT	#12
0x04A2	0x781FB0  	PUSH	[W0++]
;q22.c,32 :: 		void INT2Int() iv IVT_ADDR_INT2INTERRUPT{
;q22.c,34 :: 		cont_int++;    // a cada vez que a interrupção 2 é ativada cont_int incrementa 1
0x04A4	0x200011  	MOV	#1, W1
0x04A6	0x208000  	MOV	#lo_addr(_cont_int), W0
0x04A8	0x408810  	ADD	W1, [W0], [W0]
;q22.c,37 :: 		if (cont_int > 3){  // se a variável de contagem for maior que 3, volta para o primeiro estado (medida em Hertz)
0x04AA	0x804000  	MOV	_cont_int, W0
0x04AC	0xE10063  	CP	W0, #3
0x04AE	0x340002  	BRA LE	L_INT2Int0
L__INT2Int7:
;q22.c,38 :: 		cont_int = 1;
0x04B0	0x200010  	MOV	#1, W0
0x04B2	0x884000  	MOV	W0, _cont_int
;q22.c,39 :: 		}
L_INT2Int0:
;q22.c,41 :: 		if (cont_int == 1){  //1º estado (Medição em Hertz)
0x04B4	0x804000  	MOV	_cont_int, W0
0x04B6	0xE10061  	CP	W0, #1
0x04B8	0x3A0004  	BRA NZ	L_INT2Int1
L__INT2Int8:
;q22.c,42 :: 		PR1 = 62500;  // valor máximo da comparação do timer 2
0x04BA	0x2F4240  	MOV	#62500, W0
0x04BC	0xB7A102  	MOV	WREG, PR1
;q22.c,43 :: 		T1CON = 0x8030;
0x04BE	0x280300  	MOV	#32816, W0
0x04C0	0xB7A104  	MOV	WREG, T1CON
;q22.c,45 :: 		}
L_INT2Int1:
;q22.c,47 :: 		if (cont_int == 2){ // 2º estado (medição em KHz)
0x04C2	0x804000  	MOV	_cont_int, W0
0x04C4	0xE10062  	CP	W0, #2
0x04C6	0x3A0004  	BRA NZ	L_INT2Int2
L__INT2Int9:
;q22.c,48 :: 		PR1 = 250;
0x04C8	0x200FA0  	MOV	#250, W0
0x04CA	0xB7A102  	MOV	WREG, PR1
;q22.c,49 :: 		T1CON = 0x8020;
0x04CC	0x280200  	MOV	#32800, W0
0x04CE	0xB7A104  	MOV	WREG, T1CON
;q22.c,51 :: 		}
L_INT2Int2:
;q22.c,53 :: 		if (cont_int == 3){  // 3º estado (Medição em MHz)
0x04D0	0x804000  	MOV	_cont_int, W0
0x04D2	0xE10063  	CP	W0, #3
0x04D4	0x3A0004  	BRA NZ	L_INT2Int3
L__INT2Int10:
;q22.c,54 :: 		PR1 = 16;
0x04D6	0x200100  	MOV	#16, W0
0x04D8	0xB7A102  	MOV	WREG, PR1
;q22.c,55 :: 		T1CON = 0x8000;
0x04DA	0x280000  	MOV	#32768, W0
0x04DC	0xB7A104  	MOV	WREG, T1CON
;q22.c,57 :: 		}
L_INT2Int3:
;q22.c,58 :: 		TMR2 = 0;
0x04DE	0xEF2106  	CLR	TMR2
;q22.c,59 :: 		IFS1 = 0; //interrupção externa 2 é desativada
0x04E0	0xEF2086  	CLR	IFS1
;q22.c,61 :: 		}
L_end_INT2Int:
0x04E2	0x2001A0  	MOV	#26, W0
0x04E4	0x09000C  	REPEAT	#12
0x04E6	0x78104F  	POP	[W0--]
0x04E8	0x78004F  	POP	W0
0x04EA	0xF90036  	POP	RCOUNT
0x04EC	0xF90034  	POP	PSVPAG
0x04EE	0x064000  	RETFIE
; end of _INT2Int
_Frequencimetro:
0x03E6	0xF80034  	PUSH	PSVPAG
0x03E8	0xF80036  	PUSH	RCOUNT
0x03EA	0x781F80  	PUSH	W0
0x03EC	0x200020  	MOV	#2, W0
0x03EE	0x09000C  	REPEAT	#12
0x03F0	0x781FB0  	PUSH	[W0++]
;q22.c,66 :: 		void Frequencimetro() iv IVT_ADDR_T2INTERRUPT ics ICS_AUTO {
;q22.c,67 :: 		IFS0bits.T2IF = 0;
0x03F2	0xA9C084  	BCLR.B	IFS0bits, #6
;q22.c,68 :: 		}
L_end_Frequencimetro:
0x03F4	0x2001A0  	MOV	#26, W0
0x03F6	0x09000C  	REPEAT	#12
0x03F8	0x78104F  	POP	[W0--]
0x03FA	0x78004F  	POP	W0
0x03FC	0xF90036  	POP	RCOUNT
0x03FE	0xF90034  	POP	PSVPAG
0x0400	0x064000  	RETFIE
; end of _Frequencimetro
_janela_de_tempo:
0x0402	0xF80034  	PUSH	PSVPAG
0x0404	0xF80036  	PUSH	RCOUNT
0x0406	0x781F80  	PUSH	W0
0x0408	0x200020  	MOV	#2, W0
0x040A	0x09000C  	REPEAT	#12
0x040C	0x781FB0  	PUSH	[W0++]
;q22.c,70 :: 		void janela_de_tempo() iv IVT_ADDR_T1INTERRUPT ics ICS_AUTO {
;q22.c,71 :: 		frequencia = TMR2;
0x040E	0xBF8106  	MOV	TMR2, WREG
0x0410	0xEB0080  	CLR	W1
0x0412	0x884010  	MOV	W0, _frequencia
0x0414	0x884021  	MOV	W1, _frequencia+2
;q22.c,72 :: 		TMR2 = 0;
0x0416	0xEF2106  	CLR	TMR2
;q22.c,73 :: 		IFS0 = 0;
0x0418	0xEF2084  	CLR	IFS0
;q22.c,74 :: 		}
L_end_janela_de_tempo:
0x041A	0x2001A0  	MOV	#26, W0
0x041C	0x09000C  	REPEAT	#12
0x041E	0x78104F  	POP	[W0--]
0x0420	0x78004F  	POP	W0
0x0422	0xF90036  	POP	RCOUNT
0x0424	0xF90034  	POP	PSVPAG
0x0426	0x064000  	RETFIE
; end of _janela_de_tempo
;q22.c,0 :: ?ICS_cont_int [2]
0x04F0	0x0001 ;?ICS_cont_int+0
; end of ?ICS_cont_int
;q22.c,0 :: ?ICS_frequencia [4]
0x04F2	0x0000 ;?ICS_frequencia+0
0x04F4	0x0000 ;?ICS_frequencia+2
; end of ?ICS_frequencia
Symbol List:
//** Routines locations **
//ADDRESS    SIZE    PROCEDURE
//----------------------------------------------
0x0100      [10]    _Delay_1us
0x010A      [82]    __Divide_32x32
0x015C      [88]    __Modulus_32x32
0x01B4      [94]    _LongWordToStr
0x0212      [12]    _Delay_50us
0x021E      [16]    _Lcd_Chr_CP
0x022E      [14]    __Lib_Lcd_Strobe
0x023C      [12]    _Delay_8ms
0x0248      [10]    _Delay_5500us
0x0252      [90]    _Lcd_Out
0x02AC     [106]    _Lcd_Init
0x0316     [108]    _Lcd_Cmd
0x0382     [100]    _LongToStr
0x03E6      [28]    _Frequencimetro
0x0402      [38]    _janela_de_tempo
0x0428     [112]    _main
0x0498      [88]    _INT2Int
//** Variables locations ** 
//ADDRESS    SIZE    VARIABLE
//----------------------------------------------
0x0806       [0]    __Lib_Lcd_cmd_status
0x0808      [16]    _txt
0x0106       [2]    TMR2
0x02D8       [0]    LCD_RS_Direction
0x02D8       [0]    LCD_EN_Direction
0x02DC       [0]    LCD_EN
0x010C       [2]    PR2
0x0082       [2]    INTCON2bits
0x008E       [2]    IEC1bits
0x0104       [2]    T1CON
0x0110       [2]    T2CON
0x0102       [2]    PR1
0x02DC       [0]    LCD_D4
0x02DC       [0]    LCD_D5
0x02DC       [0]    LCD_D6
0x0084       [2]    IFS0bits
0x02D8       [0]    LCD_D6_Direction
0x02D8       [0]    LCD_D5_Direction
0x02D8       [0]    LCD_D4_Direction
0x02DC       [0]    LCD_D7
0x02DC       [0]    LCD_RS
0x02D8       [0]    LCD_D7_Direction
0x02D8       [0]    TRISE3_bit
0x02D8       [0]    TRISE5_bit
0x02D8       [0]    TRISE4_bit
0x02D8       [0]    TRISE0_bit
0x02D8       [0]    TRISE1_bit
0x02D8       [0]    TRISE2_bit
0x02DC       [0]    LATE1_bit
0x02DC       [0]    LATE0_bit
0x02DC       [0]    LATE4_bit
0x02DC       [0]    LATE5_bit
0x02DC       [0]    LATE3_bit
0x02DC       [0]    LATE2_bit
0x0086       [2]    IFS1
0x0084       [2]    IFS0
0x02CC       [2]    TRISCbits
0x008C       [2]    IEC0bits
0x008E       [2]    IEC1
0x008C       [2]    IEC0
0x02C6       [2]    TRISB
0x02D8       [2]    TRISE
0x02A8       [2]    ADPCFG
0x02D2       [1]    TRISDbits
0x02D2       [2]    TRISD
0x02CC       [2]    TRISC
0x0800       [2]    _cont_int
0x0802       [4]    _frequencia
0x0084       [2]    IFS0
0x0086       [2]    IFS1
0x008C       [2]    IEC0
0x008E       [2]    IEC1
0x0102       [2]    PR1
0x0104       [2]    T1CON
0x0106       [2]    TMR2
0x010C       [2]    PR2
0x0110       [2]    T2CON
0x0014       [4]    FARG_LongWordToStr_input
0x0018       [2]    FARG_LongWordToStr_output
0x0014       [1]    FARG_Lcd_Chr_CP_out_char
0x0014       [2]    FARG_Lcd_Out_row
0x0016       [2]    FARG_Lcd_Out_column
0x0018       [2]    FARG_Lcd_Out_text
0x02A8       [2]    ADPCFG
0x02C6       [2]    TRISB
0x02CC       [2]    TRISC
0x02D2       [2]    TRISD
0x02D8       [2]    TRISE
0x0014       [1]    FARG_Lcd_Cmd_out_char
0x0014       [4]    FARG_LongToStr_input
0x0018       [2]    FARG_LongToStr_output
//** Constants locations ** 
//ADDRESS    SIZE    CONSTANT
//----------------------------------------------
0x04F0       [2]    ?ICS_cont_int
0x04F2       [4]    ?ICS_frequencia
