;  LST file generated by mikroListExporter - v.2.0 
; Date/Time: 07/01/2020 18:29:22
;----------------------------------------------

;Address Opcode 	ASM
0x0000	0x000000040358  	GOTO	_main
0x0004	0x000000  	0
0x0006	0x000000  	0
0x0008	0x000000  	0
0x000A	0x000000  	0
0x000C	0x000000  	0
0x000E	0x000000  	0
0x0010	0x000000  	0
0x0012	0x000000  	0
0x0014	0x00033E  	830
0x0016	0x000000  	0
0x0018	0x000000  	0
0x001A	0x000312  	786
0x001C	0x000000  	0
0x001E	0x000000  	0
0x0020	0x0003F4  	1012
0x0022	0x000000  	0
0x0024	0x000000  	0
0x0026	0x000000  	0
0x0028	0x000000  	0
0x002A	0x000000  	0
0x002C	0x000000  	0
0x002E	0x000000  	0
0x0030	0x000000  	0
0x0032	0x000000  	0
0x0034	0x000000  	0
0x0036	0x000000  	0
0x0038	0x000000  	0
0x003A	0x000000  	0
0x003C	0x000000  	0
0x003E	0x000000  	0
0x0040	0x000000  	0
0x0042	0x000000  	0
0x0044	0x000000  	0
0x0046	0x000000  	0
0x0048	0x000000  	0
0x004A	0x000000  	0
0x004C	0x000000  	0
0x004E	0x000000  	0
0x0050	0x000000  	0
0x0052	0x000000  	0
0x0054	0x000000  	0
0x0056	0x000000  	0
0x0058	0x000000  	0
0x005A	0x000000  	0
0x005C	0x000000  	0
0x005E	0x000000  	0
0x0060	0x000000  	0
0x0062	0x000000  	0
0x0064	0x000000  	0
0x0066	0x000000  	0
0x0068	0x000000  	0
0x006A	0x000000  	0
0x006C	0x000000  	0
0x006E	0x000000  	0
0x0070	0x000000  	0
0x0072	0x000000  	0
0x0074	0x000000  	0
0x0076	0x000000  	0
0x0078	0x000000  	0
0x007A	0x000000  	0
0x007C	0x000000  	0
0x007E	0x000000  	0
0x0080	0x000000  	0
0x0082	0x000000  	0
0x0084	0x000000  	0
0x0086	0x000000  	0
0x0088	0x000000  	0
0x008A	0x000000  	0
0x008C	0x000000  	0
0x008E	0x000000  	0
0x0090	0x000000  	0
0x0092	0x000000  	0
0x0094	0x000000  	0
0x0096	0x000000  	0
0x0098	0x000000  	0
0x009A	0x000000  	0
0x009C	0x000000  	0
0x009E	0x000000  	0
0x00A0	0x000000  	0
0x00A2	0x000000  	0
0x00A4	0x000000  	0
0x00A6	0x000000  	0
0x00A8	0x000000  	0
0x00AA	0x000000  	0
0x00AC	0x000000  	0
0x00AE	0x000000  	0
0x00B0	0x000000  	0
0x00B2	0x000000  	0
0x00B4	0x000000  	0
0x00B6	0x000000  	0
0x00B8	0x000000  	0
0x00BA	0x000000  	0
0x00BC	0x000000  	0
0x00BE	0x000000  	0
0x00C0	0x000000  	0
0x00C2	0x000000  	0
0x00C4	0x000000  	0
0x00C6	0x000000  	0
0x00C8	0x000000  	0
0x00CA	0x000000  	0
0x00CC	0x000000  	0
0x00CE	0x000000  	0
0x00D0	0x000000  	0
0x00D2	0x000000  	0
0x00D4	0x000000  	0
0x00D6	0x000000  	0
0x00D8	0x000000  	0
0x00DA	0x000000  	0
0x00DC	0x000000  	0
0x00DE	0x000000  	0
0x00E0	0x000000  	0
0x00E2	0x000000  	0
0x00E4	0x000000  	0
0x00E6	0x000000  	0
0x00E8	0x000000  	0
0x00EA	0x000000  	0
0x00EC	0x000000  	0
0x00EE	0x000000  	0
0x00F0	0x000000  	0
0x00F2	0x000000  	0
0x00F4	0x000000  	0
0x00F6	0x000000  	0
0x00F8	0x000000  	0
0x00FA	0x000000  	0
0x00FC	0x000000  	0
0x00FE	0x000000  	0
_main:
0x0358	0x2081EF  	MOV	#2078, W15
0x035A	0x20FFF0  	MOV	#4095, W0
0x035C	0xB7A020  	MOV	WREG, SPLIM
0x035E	0x200000  	MOV	#0, W0
0x0360	0xB7A034  	MOV	WREG, PSVPAG
0x0362	0x200040  	MOV	#4, W0
0x0364	0xB72044  	IOR	CORCON
0x0366	0x00000002041A  	CALL	1050
0x036A	0x000000020424  	CALL	1060
;q2.c,54 :: 		void main() {
;q2.c,55 :: 		ADPCFG = 0xFFFF;
0x036E	0x781F8A  	PUSH	W10
0x0370	0x781F8B  	PUSH	W11
0x0372	0x781F8C  	PUSH	W12
0x0374	0x2FFFF0  	MOV	#65535, W0
0x0376	0xB7A2A8  	MOV	WREG, ADPCFG
;q2.c,56 :: 		TRISE = 0;
0x0378	0xEF22D8  	CLR	TRISE
;q2.c,57 :: 		TRISB = 0;
0x037A	0xEF22C6  	CLR	TRISB
;q2.c,58 :: 		LATB = 0;
0x037C	0xEF22CA  	CLR	LATB
;q2.c,60 :: 		Lcd_Init();
0x037E	0x07FF09  	RCALL	_Lcd_Init
;q2.c,64 :: 		IFS0 = 0;
0x0380	0xEF2084  	CLR	IFS0
;q2.c,65 :: 		IEC0 = 0;
0x0382	0xEF208C  	CLR	IEC0
;q2.c,66 :: 		IEC0bits.T1IE = 1;
0x0384	0xA8608C  	BSET.B	IEC0bits, #3
;q2.c,67 :: 		IEC0bits.T2IE = 1;
0x0386	0xA8C08C  	BSET.B	IEC0bits, #6
;q2.c,68 :: 		IEC0bits.INT0IE = 1;
0x0388	0xA8008C  	BSET.B	IEC0bits, #0
;q2.c,69 :: 		INTCON2bits.INT0EP = 0;
0x038A	0xA90082  	BCLR.B	INTCON2bits, #0
;q2.c,70 :: 		PR1 = 62500; //ate 1 segundo
0x038C	0x2F4240  	MOV	#62500, W0
0x038E	0xB7A102  	MOV	WREG, PR1
;q2.c,71 :: 		PR2 = 400;
0x0390	0x201900  	MOV	#400, W0
0x0392	0xB7A10C  	MOV	WREG, PR2
;q2.c,72 :: 		T1CON = 0x8030;
0x0394	0x280300  	MOV	#32816, W0
0x0396	0xB7A104  	MOV	WREG, T1CON
;q2.c,73 :: 		T2CON = 0x8030;
0x0398	0x280300  	MOV	#32816, W0
0x039A	0xB7A110  	MOV	WREG, T2CON
;q2.c,74 :: 		Lcd_Cmd(_LCD_CLEAR);               // Clear display
0x039C	0xB3C01A  	MOV.B	#1, W10
0x039E	0x07FF5B  	RCALL	_Lcd_Cmd
;q2.c,75 :: 		Lcd_Cmd(_LCD_CURSOR_OFF);          // Cursor off
0x03A0	0xB3C0CA  	MOV.B	#12, W10
0x03A2	0x07FF59  	RCALL	_Lcd_Cmd
;q2.c,78 :: 		while(1){
L_main0:
;q2.c,79 :: 		if ((LATBbits.LATB5 == 1)&(passado == 0)){
0x03A4	0xA80006  	BSET	W3, #0
0x03A6	0xAEA2CA  	BTSS	LATBbits, #5
0x03A8	0xA90006  	BCLR	W3, #0
0x03AA	0x804000  	MOV	_passado, W0
0x03AC	0x804011  	MOV	_passado+2, W1
0x03AE	0xE10060  	CP	W0, #0
0x03B0	0xE18860  	CPB	W1, #0
0x03B2	0xEF6004  	CLR.B	W2
0x03B4	0x3A0001  	BRA NZ	L__main7
0x03B6	0xEC6004  	INC.B	W2
L__main7:
0x03B8	0xEF6000  	CLR.B	W0
0x03BA	0xAF0006  	BTSC	W3, #0
0x03BC	0xEC6000  	INC.B	W0
0x03BE	0xFB8080  	ZE	W0, W1
0x03C0	0xFB8002  	ZE	W2, W0
0x03C2	0x608000  	AND	W1, W0, W0
0x03C4	0x320005  	BRA Z	L_main2
L__main8:
;q2.c,80 :: 		cont_pulso++;
0x03C6	0x200011  	MOV	#1, W1
0x03C8	0x200002  	MOV	#0, W2
0x03CA	0x208040  	MOV	#lo_addr(_cont_pulso), W0
0x03CC	0x409810  	ADD	W1, [W0], [W0++]
0x03CE	0x491010  	ADDC	W2, [W0], [W0--]
;q2.c,81 :: 		}
L_main2:
;q2.c,82 :: 		passado = LATBbits.LATB5;
0x03D0	0x208002  	MOV	#lo_addr(_passado), W2
0x03D2	0xEF2000  	CLR	W0
0x03D4	0xAFA2CA  	BTSC	LATBbits, #5
0x03D6	0xEC2000  	INC	W0
0x03D8	0xEF2002  	CLR	W1
0x03DA	0xBE8900  	MOV.D	W0, [W2]
;q2.c,84 :: 		IntToStr(frequencia, txt);
0x03DC	0x20808B  	MOV	#lo_addr(_txt), W11
0x03DE	0x8040CA  	MOV	_frequencia, W10
0x03E0	0x07FF70  	RCALL	_IntToStr
;q2.c,85 :: 		Lcd_Out(1,10,txt);
0x03E2	0x20808C  	MOV	#lo_addr(_txt), W12
0x03E4	0x2000AB  	MOV	#10, W11
0x03E6	0x20001A  	MOV	#1, W10
0x03E8	0x07FF09  	RCALL	_Lcd_Out
;q2.c,86 :: 		}
0x03EA	0x37FFDC  	BRA	L_main0
;q2.c,88 :: 		}
L_end_main:
0x03EC	0x78064F  	POP	W12
0x03EE	0x7805CF  	POP	W11
0x03F0	0x78054F  	POP	W10
L__main_end_loop:
0x03F2	0x37FFFF  	BRA	L__main_end_loop
; end of _main
_Lcd_Init:
0x0192	0xFA0000  	LNK	#0
;__Lib_Lcd.c,105 :: 		
;__Lib_Lcd.c,107 :: 		
0x0194	0x07FFF1  	RCALL	_Delay_8ms
0x0196	0x07FFF0  	RCALL	_Delay_8ms
;__Lib_Lcd.c,109 :: 		
0x0198	0xA982D8  	BCLR	LCD_EN_Direction, BitPos(LCD_EN_Direction+0)
;__Lib_Lcd.c,110 :: 		
0x019A	0xA9A2D8  	BCLR	LCD_RS_Direction, BitPos(LCD_RS_Direction+0)
;__Lib_Lcd.c,111 :: 		
0x019C	0xA902D8  	BCLR	LCD_D4_Direction, BitPos(LCD_D4_Direction+0)
;__Lib_Lcd.c,112 :: 		
0x019E	0xA922D8  	BCLR	LCD_D5_Direction, BitPos(LCD_D5_Direction+0)
;__Lib_Lcd.c,113 :: 		
0x01A0	0xA942D8  	BCLR	LCD_D6_Direction, BitPos(LCD_D6_Direction+0)
;__Lib_Lcd.c,114 :: 		
0x01A2	0xA962D8  	BCLR	LCD_D7_Direction, BitPos(LCD_D7_Direction+0)
;__Lib_Lcd.c,116 :: 		
0x01A4	0xA982DC  	BCLR	LCD_EN, BitPos(LCD_EN+0)
;__Lib_Lcd.c,117 :: 		
0x01A6	0xA9A2DC  	BCLR	LCD_RS, BitPos(LCD_RS+0)
;__Lib_Lcd.c,118 :: 		
0x01A8	0xA962DC  	BCLR	LCD_D7, BitPos(LCD_D7+0)
;__Lib_Lcd.c,119 :: 		
0x01AA	0xA942DC  	BCLR	LCD_D6, BitPos(LCD_D6+0)
;__Lib_Lcd.c,120 :: 		
0x01AC	0xA922DC  	BCLR	LCD_D5, BitPos(LCD_D5+0)
;__Lib_Lcd.c,121 :: 		
0x01AE	0xA902DC  	BCLR	LCD_D4, BitPos(LCD_D4+0)
;__Lib_Lcd.c,130 :: 		
0x01B0	0xA822DC  	BSET	LCD_D5, BitPos(LCD_D5+0)
;__Lib_Lcd.c,131 :: 		
0x01B2	0xA802DC  	BSET	LCD_D4, BitPos(LCD_D4+0)
;__Lib_Lcd.c,132 :: 		
0x01B4	0x07FFE7  	RCALL	__Lib_Lcd_Strobe
;__Lib_Lcd.c,133 :: 		
0x01B6	0x07FFA9  	RCALL	_Delay_5500us
;__Lib_Lcd.c,136 :: 		
0x01B8	0x07FFE5  	RCALL	__Lib_Lcd_Strobe
;__Lib_Lcd.c,137 :: 		
0x01BA	0x07FFA7  	RCALL	_Delay_5500us
;__Lib_Lcd.c,140 :: 		
0x01BC	0x07FFE3  	RCALL	__Lib_Lcd_Strobe
;__Lib_Lcd.c,141 :: 		
0x01BE	0x07FFA5  	RCALL	_Delay_5500us
;__Lib_Lcd.c,144 :: 		
0x01C0	0xA902DC  	BCLR	LCD_D4, BitPos(LCD_D4+0)
;__Lib_Lcd.c,145 :: 		
0x01C2	0x07FFE0  	RCALL	__Lib_Lcd_Strobe
;__Lib_Lcd.c,146 :: 		
0x01C4	0x07FFA2  	RCALL	_Delay_5500us
;__Lib_Lcd.c,149 :: 		
0x01C6	0x07FFDE  	RCALL	__Lib_Lcd_Strobe
;__Lib_Lcd.c,151 :: 		
0x01C8	0xA922DC  	BCLR	LCD_D5, BitPos(LCD_D5+0)
;__Lib_Lcd.c,152 :: 		
0x01CA	0xA862DC  	BSET	LCD_D7, BitPos(LCD_D7+0)
;__Lib_Lcd.c,153 :: 		
0x01CC	0x07FFDB  	RCALL	__Lib_Lcd_Strobe
;__Lib_Lcd.c,154 :: 		
0x01CE	0x07FF9D  	RCALL	_Delay_5500us
;__Lib_Lcd.c,157 :: 		
0x01D0	0xA962DC  	BCLR	LCD_D7, BitPos(LCD_D7+0)
;__Lib_Lcd.c,158 :: 		
0x01D2	0xA802DC  	BSET	LCD_D4, BitPos(LCD_D4+0)
;__Lib_Lcd.c,159 :: 		
0x01D4	0x07FFD7  	RCALL	__Lib_Lcd_Strobe
;__Lib_Lcd.c,161 :: 		
0x01D6	0xA902DC  	BCLR	LCD_D4, BitPos(LCD_D4+0)
;__Lib_Lcd.c,162 :: 		
0x01D8	0x07FFD5  	RCALL	__Lib_Lcd_Strobe
;__Lib_Lcd.c,163 :: 		
0x01DA	0x07FF97  	RCALL	_Delay_5500us
;__Lib_Lcd.c,166 :: 		
0x01DC	0x07FFD3  	RCALL	__Lib_Lcd_Strobe
;__Lib_Lcd.c,168 :: 		
0x01DE	0xA802DC  	BSET	LCD_D4, BitPos(LCD_D4+0)
;__Lib_Lcd.c,169 :: 		
0x01E0	0x07FFD1  	RCALL	__Lib_Lcd_Strobe
;__Lib_Lcd.c,170 :: 		
0x01E2	0x07FF93  	RCALL	_Delay_5500us
;__Lib_Lcd.c,173 :: 		
0x01E4	0xA902DC  	BCLR	LCD_D4, BitPos(LCD_D4+0)
;__Lib_Lcd.c,174 :: 		
0x01E6	0x07FFCE  	RCALL	__Lib_Lcd_Strobe
;__Lib_Lcd.c,176 :: 		
0x01E8	0xA862DC  	BSET	LCD_D7, BitPos(LCD_D7+0)
;__Lib_Lcd.c,177 :: 		
0x01EA	0xA842DC  	BSET	LCD_D6, BitPos(LCD_D6+0)
;__Lib_Lcd.c,178 :: 		
0x01EC	0xA822DC  	BSET	LCD_D5, BitPos(LCD_D5+0)
;__Lib_Lcd.c,179 :: 		
0x01EE	0xA802DC  	BSET	LCD_D4, BitPos(LCD_D4+0)
;__Lib_Lcd.c,180 :: 		
0x01F0	0x07FFC9  	RCALL	__Lib_Lcd_Strobe
;__Lib_Lcd.c,181 :: 		
0x01F2	0x07FF8B  	RCALL	_Delay_5500us
;__Lib_Lcd.c,183 :: 		
0x01F4	0x2081C0  	MOV	#lo_addr(__Lib_Lcd_cmd_status), W0
0x01F6	0xA00010  	BSET	[W0], BitPos(__Lib_Lcd_cmd_status+0)
;__Lib_Lcd.c,184 :: 		
L_end_Lcd_Init:
0x01F8	0xFA8000  	ULNK
0x01FA	0x060000  	RETURN
; end of _Lcd_Init
_Delay_8ms:
;__Lib_Delays.c,614 :: 		void Delay_8ms()
;__Lib_Delays.c,616 :: 		Delay_ms(8);
0x0178	0x2A6AA7  	MOV	#42666, W7
L_Delay_8ms29:
0x017A	0xED200E  	DEC	W7
0x017C	0x3AFFFE  	BRA NZ	L_Delay_8ms29
0x017E	0x000000  	NOP
0x0180	0x000000  	NOP
;__Lib_Delays.c,617 :: 		}
L_end_Delay_8ms:
0x0182	0x060000  	RETURN
; end of _Delay_8ms
__Lib_Lcd_Strobe:
0x0184	0xFA0000  	LNK	#0
;__Lib_Lcd.c,26 :: 		
;__Lib_Lcd.c,27 :: 		
0x0186	0xA882DC  	BSET	LCD_EN, BitPos(LCD_EN+0)
;__Lib_Lcd.c,28 :: 		
0x0188	0x07FFBB  	RCALL	_Delay_1us
;__Lib_Lcd.c,29 :: 		
0x018A	0xA982DC  	BCLR	LCD_EN, BitPos(LCD_EN+0)
;__Lib_Lcd.c,30 :: 		
0x018C	0x07FFB9  	RCALL	_Delay_1us
;__Lib_Lcd.c,31 :: 		
L_end_Strobe:
0x018E	0xFA8000  	ULNK
0x0190	0x060000  	RETURN
; end of __Lib_Lcd_Strobe
_Delay_1us:
;__Lib_Delays.c,380 :: 		void Delay_1us()
;__Lib_Delays.c,382 :: 		Delay_us(1);
0x0100	0x200057  	MOV	#5, W7
L_Delay_1us11:
0x0102	0xED200E  	DEC	W7
0x0104	0x3AFFFE  	BRA NZ	L_Delay_1us11
0x0106	0x000000  	NOP
;__Lib_Delays.c,383 :: 		}
L_end_Delay_1us:
0x0108	0x060000  	RETURN
; end of _Delay_1us
_Delay_5500us:
;__Lib_Delays.c,536 :: 		void Delay_5500us()
;__Lib_Delays.c,538 :: 		Delay_us(5500);
0x010A	0x272957  	MOV	#29333, W7
L_Delay_5500us23:
0x010C	0xED200E  	DEC	W7
0x010E	0x3AFFFE  	BRA NZ	L_Delay_5500us23
0x0110	0x000000  	NOP
;__Lib_Delays.c,539 :: 		}
L_end_Delay_5500us:
0x0112	0x060000  	RETURN
; end of _Delay_5500us
_Lcd_Cmd:
0x0256	0xFA0000  	LNK	#0
;__Lib_Lcd.c,38 :: 		
;__Lib_Lcd.c,40 :: 		
; loc_word start address is: 2 (W1)
0x0258	0xFB808A  	ZE	W10, W1
;__Lib_Lcd.c,42 :: 		
0x025A	0xAEE002  	BTSS	W1, #7
0x025C	0xA962DC  	BCLR	LCD_D7, BitPos(LCD_D7+0)
0x025E	0xAFE002  	BTSC	W1, #7
0x0260	0xA862DC  	BSET	LCD_D7, BitPos(LCD_D7+0)
;__Lib_Lcd.c,43 :: 		
0x0262	0xAEC002  	BTSS	W1, #6
0x0264	0xA942DC  	BCLR	LCD_D6, BitPos(LCD_D6+0)
0x0266	0xAFC002  	BTSC	W1, #6
0x0268	0xA842DC  	BSET	LCD_D6, BitPos(LCD_D6+0)
;__Lib_Lcd.c,44 :: 		
0x026A	0xAEA002  	BTSS	W1, #5
0x026C	0xA922DC  	BCLR	LCD_D5, BitPos(LCD_D5+0)
0x026E	0xAFA002  	BTSC	W1, #5
0x0270	0xA822DC  	BSET	LCD_D5, BitPos(LCD_D5+0)
;__Lib_Lcd.c,45 :: 		
0x0272	0xAE8002  	BTSS	W1, #4
0x0274	0xA902DC  	BCLR	LCD_D4, BitPos(LCD_D4+0)
0x0276	0xAF8002  	BTSC	W1, #4
0x0278	0xA802DC  	BSET	LCD_D4, BitPos(LCD_D4+0)
;__Lib_Lcd.c,47 :: 		
0x027A	0x2081C0  	MOV	#lo_addr(__Lib_Lcd_cmd_status), W0
0x027C	0xA60010  	BTSS	[W0], BitPos(__Lib_Lcd_cmd_status+0)
0x027E	0xA8A2DC  	BSET	LCD_RS, BitPos(LCD_RS+0)
0x0280	0xA70010  	BTSC	[W0], BitPos(__Lib_Lcd_cmd_status+0)
0x0282	0xA9A2DC  	BCLR	LCD_RS, BitPos(LCD_RS+0)
;__Lib_Lcd.c,49 :: 		
0x0284	0x07FF7F  	RCALL	__Lib_Lcd_Strobe
;__Lib_Lcd.c,51 :: 		
0x0286	0xAE6002  	BTSS	W1, #3
0x0288	0xA962DC  	BCLR	LCD_D7, BitPos(LCD_D7+0)
0x028A	0xAF6002  	BTSC	W1, #3
0x028C	0xA862DC  	BSET	LCD_D7, BitPos(LCD_D7+0)
;__Lib_Lcd.c,52 :: 		
0x028E	0xAE4002  	BTSS	W1, #2
0x0290	0xA942DC  	BCLR	LCD_D6, BitPos(LCD_D6+0)
0x0292	0xAF4002  	BTSC	W1, #2
0x0294	0xA842DC  	BSET	LCD_D6, BitPos(LCD_D6+0)
;__Lib_Lcd.c,53 :: 		
0x0296	0xAE2002  	BTSS	W1, #1
0x0298	0xA922DC  	BCLR	LCD_D5, BitPos(LCD_D5+0)
0x029A	0xAF2002  	BTSC	W1, #1
0x029C	0xA822DC  	BSET	LCD_D5, BitPos(LCD_D5+0)
;__Lib_Lcd.c,54 :: 		
0x029E	0xAE0002  	BTSS	W1, #0
0x02A0	0xA902DC  	BCLR	LCD_D4, BitPos(LCD_D4+0)
0x02A2	0xAF0002  	BTSC	W1, #0
0x02A4	0xA802DC  	BSET	LCD_D4, BitPos(LCD_D4+0)
; loc_word end address is: 2 (W1)
;__Lib_Lcd.c,56 :: 		
0x02A6	0x2081C0  	MOV	#lo_addr(__Lib_Lcd_cmd_status), W0
0x02A8	0xA60010  	BTSS	[W0], BitPos(__Lib_Lcd_cmd_status+0)
0x02AA	0xA8A2DC  	BSET	LCD_RS, BitPos(LCD_RS+0)
0x02AC	0xA70010  	BTSC	[W0], BitPos(__Lib_Lcd_cmd_status+0)
0x02AE	0xA9A2DC  	BCLR	LCD_RS, BitPos(LCD_RS+0)
;__Lib_Lcd.c,58 :: 		
0x02B0	0x07FF69  	RCALL	__Lib_Lcd_Strobe
;__Lib_Lcd.c,60 :: 		
0x02B2	0x2081C0  	MOV	#lo_addr(__Lib_Lcd_cmd_status), W0
0x02B4	0xA60010  	BTSS	[W0], BitPos(__Lib_Lcd_cmd_status+0)
0x02B6	0x370002  	BRA	L_Lcd_Cmd0
;__Lib_Lcd.c,61 :: 		
0x02B8	0x07FF28  	RCALL	_Delay_5500us
0x02BA	0x370001  	BRA	L_Lcd_Cmd1
L_Lcd_Cmd0:
;__Lib_Lcd.c,63 :: 		
0x02BC	0x07FF2B  	RCALL	_Delay_50us
L_Lcd_Cmd1:
;__Lib_Lcd.c,64 :: 		
L_end_Lcd_Cmd:
0x02BE	0xFA8000  	ULNK
0x02C0	0x060000  	RETURN
; end of _Lcd_Cmd
_Delay_50us:
;__Lib_Delays.c,458 :: 		void Delay_50us()
;__Lib_Delays.c,460 :: 		Delay_us(50);
0x0114	0x2010A7  	MOV	#266, W7
L_Delay_50us17:
0x0116	0xED200E  	DEC	W7
0x0118	0x3AFFFE  	BRA NZ	L_Delay_50us17
0x011A	0x000000  	NOP
0x011C	0x000000  	NOP
;__Lib_Delays.c,461 :: 		}
L_end_Delay_50us:
0x011E	0x060000  	RETURN
; end of _Delay_50us
_IntToStr:
0x02C2	0xFA0000  	LNK	#0
;__Lib_Conversions.c,195 :: 		
;__Lib_Conversions.c,201 :: 		
0x02C4	0x781F8A  	PUSH	W10
; negative start address is: 8 (W4)
0x02C6	0xEF2008  	CLR	W4
;__Lib_Conversions.c,202 :: 		
; inword start address is: 0 (W0)
0x02C8	0x78000A  	MOV	W10, W0
;__Lib_Conversions.c,203 :: 		
0x02CA	0xE15060  	CP	W10, #0
0x02CC	0x3D0003  	BRA GE	L__IntToStr113
L__IntToStr156:
; inword end address is: 0 (W0)
;__Lib_Conversions.c,204 :: 		
0x02CE	0x200014  	MOV	#1, W4
;__Lib_Conversions.c,205 :: 		
; inword start address is: 0 (W0)
0x02D0	0x150060  	SUBR	W10, #0, W0
; inword end address is: 0 (W0)
; negative end address is: 8 (W4)
;__Lib_Conversions.c,206 :: 		
0x02D2	0x370000  	BRA	L_IntToStr37
L__IntToStr113:
;__Lib_Conversions.c,203 :: 		
;__Lib_Conversions.c,206 :: 		
L_IntToStr37:
;__Lib_Conversions.c,207 :: 		
; inword start address is: 0 (W0)
; negative start address is: 8 (W4)
0x02D4	0x780500  	MOV	W0, W10
; inword end address is: 0 (W0)
0x02D6	0x07FF2C  	RCALL	_WordToStr
;__Lib_Conversions.c,209 :: 		
; i start address is: 6 (W3)
0x02D8	0x200063  	MOV	#6, W3
; negative end address is: 8 (W4)
; i end address is: 6 (W3)
0x02DA	0x780104  	MOV	W4, W2
;__Lib_Conversions.c,210 :: 		
L_IntToStr38:
; i start address is: 6 (W3)
; negative start address is: 4 (W2)
0x02DC	0xE11860  	CP	W3, #0
0x02DE	0x360006  	BRA LEU	L_IntToStr39
L__IntToStr157:
;__Lib_Conversions.c,211 :: 		
0x02E0	0x458083  	ADD	W11, W3, W1
0x02E2	0x518061  	SUB	W3, #1, W0
0x02E4	0x458000  	ADD	W11, W0, W0
0x02E6	0x784890  	MOV.B	[W0], [W1]
;__Lib_Conversions.c,212 :: 		
0x02E8	0xED2006  	DEC	W3
;__Lib_Conversions.c,213 :: 		
; i end address is: 6 (W3)
0x02EA	0x37FFF8  	BRA	L_IntToStr38
L_IntToStr39:
;__Lib_Conversions.c,214 :: 		
0x02EC	0xB3C200  	MOV.B	#32, W0
0x02EE	0x784D80  	MOV.B	W0, [W11]
;__Lib_Conversions.c,215 :: 		
0x02F0	0xE20004  	CP0	W2
0x02F2	0x32000C  	BRA Z	L_IntToStr40
L__IntToStr158:
; negative end address is: 4 (W2)
;__Lib_Conversions.c,216 :: 		
; i start address is: 4 (W2)
0x02F4	0xEF2004  	CLR	W2
; i end address is: 4 (W2)
;__Lib_Conversions.c,217 :: 		
L_IntToStr41:
; i start address is: 4 (W2)
0x02F6	0x458002  	ADD	W11, W2, W0
0x02F8	0x784090  	MOV.B	[W0], W1
0x02FA	0xB3C200  	MOV.B	#32, W0
0x02FC	0xE10C00  	CP.B	W1, W0
0x02FE	0x3A0002  	BRA NZ	L_IntToStr42
L__IntToStr159:
; i start address is: 4 (W2)
0x0300	0xEC2004  	INC	W2
; i end address is: 4 (W2)
0x0302	0x37FFF9  	BRA	L_IntToStr41
L_IntToStr42:
;__Lib_Conversions.c,218 :: 		
0x0304	0x510061  	SUB	W2, #1, W0
; i end address is: 4 (W2)
;__Lib_Conversions.c,219 :: 		
0x0306	0x458080  	ADD	W11, W0, W1
0x0308	0xB3C2D0  	MOV.B	#45, W0
0x030A	0x784880  	MOV.B	W0, [W1]
L_IntToStr40:
;__Lib_Conversions.c,220 :: 		
L_end_IntToStr:
0x030C	0x78054F  	POP	W10
0x030E	0xFA8000  	ULNK
0x0310	0x060000  	RETURN
; end of _IntToStr
_WordToStr:
0x0130	0xFA0002  	LNK	#2
;__Lib_Conversions.c,98 :: 		
;__Lib_Conversions.c,103 :: 		
; len start address is: 4 (W2)
0x0132	0xEF2004  	CLR	W2
; len end address is: 4 (W2)
L_WordToStr11:
; len start address is: 4 (W2)
0x0134	0xE11465  	CP.B	W2, #5
0x0136	0x310006  	BRA GEU	L_WordToStr12
L__WordToStr139:
;__Lib_Conversions.c,104 :: 		
0x0138	0xFB8002  	ZE	W2, W0
0x013A	0x458080  	ADD	W11, W0, W1
0x013C	0xB3C200  	MOV.B	#32, W0
0x013E	0x784880  	MOV.B	W0, [W1]
;__Lib_Conversions.c,103 :: 		
0x0140	0xEC6004  	INC.B	W2
;__Lib_Conversions.c,104 :: 		
0x0142	0x37FFF8  	BRA	L_WordToStr11
L_WordToStr12:
;__Lib_Conversions.c,105 :: 		
0x0144	0xFB8002  	ZE	W2, W0
0x0146	0x458080  	ADD	W11, W0, W1
0x0148	0xEF2000  	CLR	W0
0x014A	0x784880  	MOV.B	W0, [W1]
; len start address is: 6 (W3)
0x014C	0x5141E1  	SUB.B	W2, #1, W3
; len end address is: 4 (W2)
; len end address is: 6 (W3)
;__Lib_Conversions.c,107 :: 		
L_WordToStr14:
;__Lib_Conversions.c,108 :: 		
; len start address is: 6 (W3)
0x014E	0xFB8003  	ZE	W3, W0
0x0150	0x458000  	ADD	W11, W0, W0
0x0152	0x980700  	MOV	W0, [W14+0]
0x0154	0x2000A2  	MOV	#10, W2
0x0156	0x090011  	REPEAT	#17
0x0158	0xD88502  	DIV.U	W10, W2
0x015A	0x200300  	MOV	#48, W0
0x015C	0x408080  	ADD	W1, W0, W1
0x015E	0x90000E  	MOV	[W14+0], W0
0x0160	0x784801  	MOV.B	W1, [W0]
;__Lib_Conversions.c,109 :: 		
0x0162	0x2000A2  	MOV	#10, W2
0x0164	0x090011  	REPEAT	#17
0x0166	0xD88502  	DIV.U	W10, W2
0x0168	0x780500  	MOV	W0, W10
;__Lib_Conversions.c,110 :: 		
0x016A	0xE10060  	CP	W0, #0
0x016C	0x3A0001  	BRA NZ	L_WordToStr16
L__WordToStr140:
; len end address is: 6 (W3)
;__Lib_Conversions.c,111 :: 		
0x016E	0x370002  	BRA	L_WordToStr15
L_WordToStr16:
;__Lib_Conversions.c,112 :: 		
; len start address is: 6 (W3)
0x0170	0xED6006  	DEC.B	W3
;__Lib_Conversions.c,113 :: 		
; len end address is: 6 (W3)
0x0172	0x37FFED  	BRA	L_WordToStr14
L_WordToStr15:
;__Lib_Conversions.c,114 :: 		
L_end_WordToStr:
0x0174	0xFA8000  	ULNK
0x0176	0x060000  	RETURN
; end of _WordToStr
_Lcd_Out:
0x01FC	0xFA0000  	LNK	#0
;__Lib_Lcd.c,187 :: 		
;__Lib_Lcd.c,190 :: 		
0x01FE	0x781F8A  	PUSH	W10
0x0200	0x37000A  	BRA	L_Lcd_Out11
;__Lib_Lcd.c,191 :: 		
L_Lcd_Out13:
0x0202	0x20080A  	MOV	#128, W10
0x0204	0x370011  	BRA	L_Lcd_Out12
;__Lib_Lcd.c,192 :: 		
L_Lcd_Out14:
0x0206	0x200C0A  	MOV	#192, W10
0x0208	0x37000F  	BRA	L_Lcd_Out12
;__Lib_Lcd.c,193 :: 		
L_Lcd_Out15:
0x020A	0x20094A  	MOV	#148, W10
0x020C	0x37000D  	BRA	L_Lcd_Out12
;__Lib_Lcd.c,194 :: 		
L_Lcd_Out16:
0x020E	0x200D4A  	MOV	#212, W10
0x0210	0x37000B  	BRA	L_Lcd_Out12
;__Lib_Lcd.c,195 :: 		
L_Lcd_Out17:
0x0212	0x20080A  	MOV	#128, W10
;__Lib_Lcd.c,196 :: 		
0x0214	0x370009  	BRA	L_Lcd_Out12
L_Lcd_Out11:
0x0216	0xE15061  	CP	W10, #1
0x0218	0x32FFF4  	BRA Z	L_Lcd_Out13
L__Lcd_Out32:
0x021A	0xE15062  	CP	W10, #2
0x021C	0x32FFF4  	BRA Z	L_Lcd_Out14
L__Lcd_Out33:
0x021E	0xE15063  	CP	W10, #3
0x0220	0x32FFF4  	BRA Z	L_Lcd_Out15
L__Lcd_Out34:
0x0222	0xE15064  	CP	W10, #4
0x0224	0x32FFF4  	BRA Z	L_Lcd_Out16
L__Lcd_Out35:
0x0226	0x37FFF5  	BRA	L_Lcd_Out17
L_Lcd_Out12:
;__Lib_Lcd.c,199 :: 		
0x0228	0x558061  	SUB	W11, #1, W0
0x022A	0x450000  	ADD	W10, W0, W0
0x022C	0x780500  	MOV	W0, W10
;__Lib_Lcd.c,201 :: 		
0x022E	0x784500  	MOV.B	W0, W10
0x0230	0x070012  	RCALL	_Lcd_Cmd
;__Lib_Lcd.c,202 :: 		
0x0232	0x2081C0  	MOV	#lo_addr(__Lib_Lcd_cmd_status), W0
0x0234	0xA10010  	BCLR	[W0], BitPos(__Lib_Lcd_cmd_status+0)
;__Lib_Lcd.c,203 :: 		
; i start address is: 4 (W2)
0x0236	0xEF2004  	CLR	W2
; i end address is: 4 (W2)
;__Lib_Lcd.c,204 :: 		
L_Lcd_Out18:
; i start address is: 4 (W2)
0x0238	0x460002  	ADD	W12, W2, W0
0x023A	0xE00410  	CP0.B	[W0]
0x023C	0x320007  	BRA Z	L_Lcd_Out19
L__Lcd_Out36:
;__Lib_Lcd.c,205 :: 		
0x023E	0x460002  	ADD	W12, W2, W0
0x0240	0x781F8A  	PUSH	W10
0x0242	0x784510  	MOV.B	[W0], W10
0x0244	0x07FF6D  	RCALL	_Lcd_Chr_CP
0x0246	0x78054F  	POP	W10
0x0248	0xEC2004  	INC	W2
; i end address is: 4 (W2)
0x024A	0x37FFF6  	BRA	L_Lcd_Out18
L_Lcd_Out19:
;__Lib_Lcd.c,206 :: 		
0x024C	0x2081C0  	MOV	#lo_addr(__Lib_Lcd_cmd_status), W0
0x024E	0xA00010  	BSET	[W0], BitPos(__Lib_Lcd_cmd_status+0)
;__Lib_Lcd.c,207 :: 		
L_end_Lcd_Out:
0x0250	0x78054F  	POP	W10
0x0252	0xFA8000  	ULNK
0x0254	0x060000  	RETURN
; end of _Lcd_Out
_Lcd_Chr_CP:
0x0120	0xFA0000  	LNK	#0
;__Lib_Lcd.c,67 :: 		
;__Lib_Lcd.c,69 :: 		
0x0122	0x2081C0  	MOV	#lo_addr(__Lib_Lcd_cmd_status), W0
0x0124	0xA10010  	BCLR	[W0], BitPos(__Lib_Lcd_cmd_status+0)
;__Lib_Lcd.c,70 :: 		
0x0126	0x070097  	RCALL	_Lcd_Cmd
;__Lib_Lcd.c,71 :: 		
0x0128	0x2081C0  	MOV	#lo_addr(__Lib_Lcd_cmd_status), W0
0x012A	0xA00010  	BSET	[W0], BitPos(__Lib_Lcd_cmd_status+0)
;__Lib_Lcd.c,72 :: 		
L_end_Lcd_Chr_CP:
0x012C	0xFA8000  	ULNK
0x012E	0x060000  	RETURN
; end of _Lcd_Chr_CP
0x041A	0x20800A  	MOV	#2048, W10
0x041C	0x20000B  	MOV	#0, W11
0x041E	0x09000D  	REPEAT	#13
0x0420	0x781D0B  	MOV	W11, [W10++]
0x0422	0x060000  	RETURN
0x0424	0x208001  	MOV	#lo_addr(_passado), W1
0x0426	0x284120  	MOV	#33810, W0
0x0428	0x090003  	REPEAT	#3
0x042A	0x7818B0  	MOV	[W0++], [W1++]
0x042C	0x060000  	RETURN
_PWM:
0x03F4	0xF80034  	PUSH	PSVPAG
0x03F6	0xF80036  	PUSH	RCOUNT
0x03F8	0x781F80  	PUSH	W0
0x03FA	0x200020  	MOV	#2, W0
0x03FC	0x09000C  	REPEAT	#12
0x03FE	0x781FB0  	PUSH	[W0++]
;q2.c,49 :: 		void PWM() iv IVT_ADDR_T2INTERRUPT ics ICS_AUTO {
;q2.c,50 :: 		IFS0bits.T2IF = 0;
0x0400	0xA9C084  	BCLR.B	IFS0bits, #6
;q2.c,51 :: 		LATBbits.LATB5 = ~LATBbits.LATB5;
0x0402	0xAAA2CA  	BTG	LATBbits, #5
;q2.c,52 :: 		}
L_end_PWM:
0x0404	0x2001A0  	MOV	#26, W0
0x0406	0x09000C  	REPEAT	#12
0x0408	0x78104F  	POP	[W0--]
0x040A	0x78004F  	POP	W0
0x040C	0xF90036  	POP	RCOUNT
0x040E	0xF90034  	POP	PSVPAG
0x0410	0x064000  	RETFIE
; end of _PWM
_contador_pulsos:
0x0312	0xF80034  	PUSH	PSVPAG
0x0314	0xF80036  	PUSH	RCOUNT
0x0316	0x781F80  	PUSH	W0
0x0318	0x200020  	MOV	#2, W0
0x031A	0x09000C  	REPEAT	#12
0x031C	0x781FB0  	PUSH	[W0++]
;q2.c,43 :: 		void contador_pulsos() iv IVT_ADDR_T1INTERRUPT ics ICS_AUTO {
;q2.c,44 :: 		frequencia = cont_pulso;
0x031E	0x804020  	MOV	_cont_pulso, W0
0x0320	0x804031  	MOV	_cont_pulso+2, W1
0x0322	0x8840C0  	MOV	W0, _frequencia
0x0324	0x8840D1  	MOV	W1, _frequencia+2
;q2.c,45 :: 		cont_pulso = 0;
0x0326	0xEF2000  	CLR	W0
0x0328	0xEF2002  	CLR	W1
0x032A	0x884020  	MOV	W0, _cont_pulso
0x032C	0x884031  	MOV	W1, _cont_pulso+2
;q2.c,46 :: 		IFS0bits.T1IF = 0;
0x032E	0xA96084  	BCLR.B	IFS0bits, #3
;q2.c,47 :: 		}
L_end_contador_pulsos:
0x0330	0x2001A0  	MOV	#26, W0
0x0332	0x09000C  	REPEAT	#12
0x0334	0x78104F  	POP	[W0--]
0x0336	0x78004F  	POP	W0
0x0338	0xF90036  	POP	RCOUNT
0x033A	0xF90034  	POP	PSVPAG
0x033C	0x064000  	RETFIE
; end of _contador_pulsos
_INT0Int:
0x033E	0xF80034  	PUSH	PSVPAG
0x0340	0xF80036  	PUSH	RCOUNT
0x0342	0x781F80  	PUSH	W0
0x0344	0x200020  	MOV	#2, W0
0x0346	0x09000C  	REPEAT	#12
0x0348	0x781FB0  	PUSH	[W0++]
;q2.c,12 :: 		void INT0Int() iv IVT_ADDR_INT0INTERRUPT{
;q2.c,14 :: 		}
L_end_INT0Int:
0x034A	0x2001A0  	MOV	#26, W0
0x034C	0x09000C  	REPEAT	#12
0x034E	0x78104F  	POP	[W0--]
0x0350	0x78004F  	POP	W0
0x0352	0xF90036  	POP	RCOUNT
0x0354	0xF90034  	POP	PSVPAG
0x0356	0x064000  	RETFIE
; end of _INT0Int
;q2.c,0 :: ?ICS_passado [4]
0x0412	0x0000 ;?ICS_passado+0
0x0414	0x0000 ;?ICS_passado+2
; end of ?ICS_passado
;q2.c,0 :: ?ICS_cont_pulso [4]
0x0416	0x0000 ;?ICS_cont_pulso+0
0x0418	0x0000 ;?ICS_cont_pulso+2
; end of ?ICS_cont_pulso
Symbol List:
//** Routines locations **
//ADDRESS    SIZE    PROCEDURE
//----------------------------------------------
0x0100      [10]    _Delay_1us
0x010A      [10]    _Delay_5500us
0x0114      [12]    _Delay_50us
0x0120      [16]    _Lcd_Chr_CP
0x0130      [72]    _WordToStr
0x0178      [12]    _Delay_8ms
0x0184      [14]    __Lib_Lcd_Strobe
0x0192     [106]    _Lcd_Init
0x01FC      [90]    _Lcd_Out
0x0256     [108]    _Lcd_Cmd
0x02C2      [80]    _IntToStr
0x0312      [44]    _contador_pulsos
0x033E      [26]    _INT0Int
0x0358     [156]    _main
0x03F4      [30]    _PWM
//** Variables locations ** 
//ADDRESS    SIZE    VARIABLE
//----------------------------------------------
0x0808      [15]    _txt
0x0818       [4]    _frequencia
0x081C       [0]    __Lib_Lcd_cmd_status
0x02D8       [0]    LCD_RS_Direction
0x02D8       [0]    LCD_EN_Direction
0x0110       [2]    T2CON
0x0104       [2]    T1CON
0x02CA       [2]    LATBbits
0x02D8       [0]    LCD_D4_Direction
0x02DC       [0]    LCD_D6
0x02DC       [0]    LCD_D7
0x02DC       [0]    LCD_D5
0x0084       [2]    IFS0bits
0x02DC       [0]    LCD_D4
0x02D8       [0]    LCD_D6_Direction
0x02D8       [0]    LCD_D5_Direction
0x02D8       [0]    LCD_D7_Direction
0x02DC       [0]    LCD_RS
0x02DC       [0]    LCD_EN
0x010C       [2]    PR2
0x02D8       [0]    TRISE4_bit
0x02DC       [0]    LATE5_bit
0x02D8       [0]    TRISE5_bit
0x02D8       [0]    TRISE1_bit
0x02D8       [0]    TRISE0_bit
0x02DC       [0]    LATE3_bit
0x02DC       [0]    LATE4_bit
0x02DC       [0]    LATE2_bit
0x02DC       [0]    LATE0_bit
0x02DC       [0]    LATE1_bit
0x02D8       [0]    TRISE2_bit
0x008C       [2]    IEC0
0x0084       [2]    IFS0
0x008C       [2]    IEC0bits
0x0102       [2]    PR1
0x0082       [2]    INTCON2bits
0x02A8       [2]    ADPCFG
0x02D8       [0]    TRISE3_bit
0x02D8       [2]    TRISE
0x02CA       [2]    LATB
0x02C6       [2]    TRISB
0x0800       [4]    _passado
0x0804       [4]    _cont_pulso
0x0084       [2]    IFS0
0x008C       [2]    IEC0
0x0102       [2]    PR1
0x0104       [2]    T1CON
0x010C       [2]    PR2
0x0110       [2]    T2CON
0x0014       [1]    FARG_Lcd_Chr_CP_out_char
0x0014       [2]    FARG_WordToStr_input
0x0016       [2]    FARG_WordToStr_output
0x0014       [2]    FARG_Lcd_Out_row
0x0016       [2]    FARG_Lcd_Out_column
0x0018       [2]    FARG_Lcd_Out_text
0x0014       [1]    FARG_Lcd_Cmd_out_char
0x02A8       [2]    ADPCFG
0x0014       [2]    FARG_IntToStr_input
0x0016       [2]    FARG_IntToStr_output
0x02C6       [2]    TRISB
0x02CA       [2]    LATB
0x02D8       [2]    TRISE
//** Constants locations ** 
//ADDRESS    SIZE    CONSTANT
//----------------------------------------------
0x0412       [4]    ?ICS_passado
0x0416       [4]    ?ICS_cont_pulso
