;  LST file generated by mikroListExporter - v.2.0 
; Date/Time: 30/10/2019 08:50:38
;----------------------------------------------

;Address Opcode 	ASM
0x0000	0x000000040100  	GOTO	_main
0x0004	0x000000  	0
0x0006	0x000000  	0
0x0008	0x000000  	0
0x000A	0x000000  	0
0x000C	0x000000  	0
0x000E	0x000000  	0
0x0010	0x000000  	0
0x0012	0x000000  	0
0x0014	0x000000  	0
0x0016	0x000000  	0
0x0018	0x000000  	0
0x001A	0x000000  	0
0x001C	0x000000  	0
0x001E	0x000000  	0
0x0020	0x000000  	0
0x0022	0x000000  	0
0x0024	0x000000  	0
0x0026	0x000000  	0
0x0028	0x000000  	0
0x002A	0x000000  	0
0x002C	0x000000  	0
0x002E	0x000000  	0
0x0030	0x000000  	0
0x0032	0x000000  	0
0x0034	0x000000  	0
0x0036	0x000000  	0
0x0038	0x000000  	0
0x003A	0x000000  	0
0x003C	0x000000  	0
0x003E	0x000000  	0
0x0040	0x000000  	0
0x0042	0x000000  	0
0x0044	0x000000  	0
0x0046	0x000000  	0
0x0048	0x000000  	0
0x004A	0x000000  	0
0x004C	0x000000  	0
0x004E	0x000000  	0
0x0050	0x000000  	0
0x0052	0x000000  	0
0x0054	0x000000  	0
0x0056	0x000000  	0
0x0058	0x000000  	0
0x005A	0x000000  	0
0x005C	0x000000  	0
0x005E	0x000000  	0
0x0060	0x000000  	0
0x0062	0x000000  	0
0x0064	0x000000  	0
0x0066	0x000000  	0
0x0068	0x000000  	0
0x006A	0x000000  	0
0x006C	0x000000  	0
0x006E	0x000000  	0
0x0070	0x000000  	0
0x0072	0x000000  	0
0x0074	0x000000  	0
0x0076	0x000000  	0
0x0078	0x000000  	0
0x007A	0x000000  	0
0x007C	0x000000  	0
0x007E	0x000000  	0
0x0080	0x000000  	0
0x0082	0x000000  	0
0x0084	0x000000  	0
0x0086	0x000000  	0
0x0088	0x000000  	0
0x008A	0x000000  	0
0x008C	0x000000  	0
0x008E	0x000000  	0
0x0090	0x000000  	0
0x0092	0x000000  	0
0x0094	0x000000  	0
0x0096	0x000000  	0
0x0098	0x000000  	0
0x009A	0x000000  	0
0x009C	0x000000  	0
0x009E	0x000000  	0
0x00A0	0x000000  	0
0x00A2	0x000000  	0
0x00A4	0x000000  	0
0x00A6	0x000000  	0
0x00A8	0x000000  	0
0x00AA	0x000000  	0
0x00AC	0x000000  	0
0x00AE	0x000000  	0
0x00B0	0x000000  	0
0x00B2	0x000000  	0
0x00B4	0x000000  	0
0x00B6	0x000000  	0
0x00B8	0x000000  	0
0x00BA	0x000000  	0
0x00BC	0x000000  	0
0x00BE	0x000000  	0
0x00C0	0x000000  	0
0x00C2	0x000000  	0
0x00C4	0x000000  	0
0x00C6	0x000000  	0
0x00C8	0x000000  	0
0x00CA	0x000000  	0
0x00CC	0x000000  	0
0x00CE	0x000000  	0
0x00D0	0x000000  	0
0x00D2	0x000000  	0
0x00D4	0x000000  	0
0x00D6	0x000000  	0
0x00D8	0x000000  	0
0x00DA	0x000000  	0
0x00DC	0x000000  	0
0x00DE	0x000000  	0
0x00E0	0x000000  	0
0x00E2	0x000000  	0
0x00E4	0x000000  	0
0x00E6	0x000000  	0
0x00E8	0x000000  	0
0x00EA	0x000000  	0
0x00EC	0x000000  	0
0x00EE	0x000000  	0
0x00F0	0x000000  	0
0x00F2	0x000000  	0
0x00F4	0x000000  	0
0x00F6	0x000000  	0
0x00F8	0x000000  	0
0x00FA	0x000000  	0
0x00FC	0x000000  	0
0x00FE	0x000000  	0
_main:
0x0100	0x20816F  	MOV	#2070, W15
0x0102	0x20FFF0  	MOV	#4095, W0
0x0104	0xB7A020  	MOV	WREG, SPLIM
0x0106	0x200000  	MOV	#0, W0
0x0108	0xB7A034  	MOV	WREG, PSVPAG
0x010A	0x200040  	MOV	#4, W0
0x010C	0xB72044  	IOR	CORCON
0x010E	0x000000020168  	CALL	360
0x0112	0x000000020172  	CALL	370
;ex6.c,6 :: 		void main() {
;ex6.c,7 :: 		ADPCFG = 0xFFFF;
0x0116	0x2FFFF0  	MOV	#65535, W0
0x0118	0xB7A2A8  	MOV	WREG, ADPCFG
;ex6.c,8 :: 		TRISB = 0;
0x011A	0xEF22C6  	CLR	TRISB
;ex6.c,9 :: 		TRISD = 0;
0x011C	0xEF22D2  	CLR	TRISD
;ex6.c,11 :: 		LATD = 0xFFFF;
0x011E	0x2FFFF0  	MOV	#65535, W0
0x0120	0xB7A2D6  	MOV	WREG, LATD
;ex6.c,13 :: 		while(1){
L_main0:
;ex6.c,14 :: 		LATB = numeros[i];
0x0122	0x804000  	MOV	_i, W0
0x0124	0xDD00C1  	SL	W0, #1, W1
0x0126	0x208020  	MOV	#lo_addr(_numeros), W0
0x0128	0x400001  	ADD	W0, W1, W0
0x012A	0x780010  	MOV	[W0], W0
0x012C	0xB7A2CA  	MOV	WREG, LATB
;ex6.c,15 :: 		Delay_ms(2000);
0x012E	0x200A38  	MOV	#163, W8
0x0130	0x2C2DF7  	MOV	#49887, W7
L_main2:
0x0132	0xED200E  	DEC	W7
0x0134	0x3AFFFE  	BRA NZ	L_main2
0x0136	0xED2010  	DEC	W8
0x0138	0x3AFFFC  	BRA NZ	L_main2
0x013A	0x000000  	NOP
0x013C	0x000000  	NOP
;ex6.c,16 :: 		i = i+1;
0x013E	0x200011  	MOV	#1, W1
0x0140	0x208000  	MOV	#lo_addr(_i), W0
0x0142	0x408810  	ADD	W1, [W0], [W0]
;ex6.c,17 :: 		if (i==10){
0x0144	0x804000  	MOV	_i, W0
0x0146	0xE1006A  	CP	W0, #10
0x0148	0x3A0002  	BRA NZ	L_main4
L__main6:
;ex6.c,18 :: 		i = 0;
0x014A	0xEF2000  	CLR	W0
0x014C	0x884000  	MOV	W0, _i
;ex6.c,19 :: 		}
L_main4:
;ex6.c,20 :: 		}
0x014E	0x37FFE9  	BRA	L_main0
;ex6.c,21 :: 		}
L_end_main:
L__main_end_loop:
0x0150	0x37FFFF  	BRA	L__main_end_loop
; end of _main
0x0168	0x20800A  	MOV	#2048, W10
0x016A	0x20000B  	MOV	#0, W11
0x016C	0x09000A  	REPEAT	#10
0x016E	0x781D0B  	MOV	W11, [W10++]
0x0170	0x060000  	RETURN
0x0172	0x208001  	MOV	#lo_addr(_i), W1
0x0174	0x281520  	MOV	#33106, W0
0x0176	0x09000A  	REPEAT	#10
0x0178	0x7818B0  	MOV	[W0++], [W1++]
0x017A	0x060000  	RETURN
;ex6.c,0 :: ?ICS_i [2]
0x0152	0x0000 ;?ICS_i+0
; end of ?ICS_i
;ex6.c,0 :: ?ICS_numeros [20]
0x0154	0x00C0 ;?ICS_numeros+0
0x0156	0x00F9 ;?ICS_numeros+2
0x0158	0x00A4 ;?ICS_numeros+4
0x015A	0x00B0 ;?ICS_numeros+6
0x015C	0x0099 ;?ICS_numeros+8
0x015E	0x0092 ;?ICS_numeros+10
0x0160	0x0082 ;?ICS_numeros+12
0x0162	0x00F8 ;?ICS_numeros+14
0x0164	0x0080 ;?ICS_numeros+16
0x0166	0x0090 ;?ICS_numeros+18
; end of ?ICS_numeros
Symbol List:
//** Routines locations **
//ADDRESS    SIZE    PROCEDURE
//----------------------------------------------
0x0100      [82]    _main
//** Variables locations ** 
//ADDRESS    SIZE    VARIABLE
//----------------------------------------------
0x02CA       [2]    LATB
0x02D6       [2]    LATD
0x02A8       [2]    ADPCFG
0x02C6       [2]    TRISB
0x02D2       [2]    TRISD
0x0800       [2]    _i
0x0802      [20]    _numeros
0x02A8       [2]    ADPCFG
0x02C6       [2]    TRISB
0x02CA       [2]    LATB
0x02D2       [2]    TRISD
0x02D6       [2]    LATD
//** Constants locations ** 
//ADDRESS    SIZE    CONSTANT
//----------------------------------------------
0x0152       [2]    ?ICS_i
0x0154      [20]    ?ICS_numeros
