;  LST file generated by mikroListExporter - v.2.0 
; Date/Time: 11/11/2019 09:00:56
;----------------------------------------------

;Address Opcode 	ASM
0x0000	0x000000040100  	GOTO	_main
0x0004	0x000000  	0
0x0006	0x000000  	0
0x0008	0x000000  	0
0x000A	0x000000  	0
0x000C	0x000000  	0
0x000E	0x000000  	0
0x0010	0x000000  	0
0x0012	0x000000  	0
0x0014	0x000000  	0
0x0016	0x000000  	0
0x0018	0x000000  	0
0x001A	0x000000  	0
0x001C	0x000000  	0
0x001E	0x000000  	0
0x0020	0x000000  	0
0x0022	0x000000  	0
0x0024	0x000000  	0
0x0026	0x000000  	0
0x0028	0x000000  	0
0x002A	0x000000  	0
0x002C	0x000000  	0
0x002E	0x000000  	0
0x0030	0x000000  	0
0x0032	0x000000  	0
0x0034	0x000000  	0
0x0036	0x000000  	0
0x0038	0x000000  	0
0x003A	0x000000  	0
0x003C	0x000000  	0
0x003E	0x000000  	0
0x0040	0x000000  	0
0x0042	0x000000  	0
0x0044	0x000000  	0
0x0046	0x000000  	0
0x0048	0x000000  	0
0x004A	0x000000  	0
0x004C	0x000000  	0
0x004E	0x000000  	0
0x0050	0x000000  	0
0x0052	0x000000  	0
0x0054	0x000000  	0
0x0056	0x000000  	0
0x0058	0x000000  	0
0x005A	0x000000  	0
0x005C	0x000000  	0
0x005E	0x000000  	0
0x0060	0x000000  	0
0x0062	0x000000  	0
0x0064	0x000000  	0
0x0066	0x000000  	0
0x0068	0x000000  	0
0x006A	0x000000  	0
0x006C	0x000000  	0
0x006E	0x000000  	0
0x0070	0x000000  	0
0x0072	0x000000  	0
0x0074	0x000000  	0
0x0076	0x000000  	0
0x0078	0x000000  	0
0x007A	0x000000  	0
0x007C	0x000000  	0
0x007E	0x000000  	0
0x0080	0x000000  	0
0x0082	0x000000  	0
0x0084	0x000000  	0
0x0086	0x000000  	0
0x0088	0x000000  	0
0x008A	0x000000  	0
0x008C	0x000000  	0
0x008E	0x000000  	0
0x0090	0x000000  	0
0x0092	0x000000  	0
0x0094	0x000000  	0
0x0096	0x000000  	0
0x0098	0x000000  	0
0x009A	0x000000  	0
0x009C	0x000000  	0
0x009E	0x000000  	0
0x00A0	0x000000  	0
0x00A2	0x000000  	0
0x00A4	0x000000  	0
0x00A6	0x000000  	0
0x00A8	0x000000  	0
0x00AA	0x000000  	0
0x00AC	0x000000  	0
0x00AE	0x000000  	0
0x00B0	0x000000  	0
0x00B2	0x000000  	0
0x00B4	0x000000  	0
0x00B6	0x000000  	0
0x00B8	0x000000  	0
0x00BA	0x000000  	0
0x00BC	0x000000  	0
0x00BE	0x000000  	0
0x00C0	0x000000  	0
0x00C2	0x000000  	0
0x00C4	0x000000  	0
0x00C6	0x000000  	0
0x00C8	0x000000  	0
0x00CA	0x000000  	0
0x00CC	0x000000  	0
0x00CE	0x000000  	0
0x00D0	0x000000  	0
0x00D2	0x000000  	0
0x00D4	0x000000  	0
0x00D6	0x000000  	0
0x00D8	0x000000  	0
0x00DA	0x000000  	0
0x00DC	0x000000  	0
0x00DE	0x000000  	0
0x00E0	0x000000  	0
0x00E2	0x000000  	0
0x00E4	0x000000  	0
0x00E6	0x000000  	0
0x00E8	0x000000  	0
0x00EA	0x000000  	0
0x00EC	0x000000  	0
0x00EE	0x000000  	0
0x00F0	0x000000  	0
0x00F2	0x000000  	0
0x00F4	0x000000  	0
0x00F6	0x000000  	0
0x00F8	0x000000  	0
0x00FA	0x000000  	0
0x00FC	0x000000  	0
0x00FE	0x000000  	0
_main:
0x0100	0x2080CF  	MOV	#2060, W15
0x0102	0x20FFF0  	MOV	#4095, W0
0x0104	0xB7A020  	MOV	WREG, SPLIM
0x0106	0x200000  	MOV	#0, W0
0x0108	0xB7A034  	MOV	WREG, PSVPAG
0x010A	0x200040  	MOV	#4, W0
0x010C	0xB72044  	IOR	CORCON
0x010E	0x000000020232  	CALL	562
0x0112	0x00000002023C  	CALL	572
;ex7.c,8 :: 		void main() {
;ex7.c,9 :: 		ADPCFG = 0xFFFF;
0x0116	0x2FFFF0  	MOV	#65535, W0
0x0118	0xB7A2A8  	MOV	WREG, ADPCFG
;ex7.c,10 :: 		TRISD = 0xFF;
0x011A	0x200FF0  	MOV	#255, W0
0x011C	0xB7A2D2  	MOV	WREG, TRISD
;ex7.c,11 :: 		TRISB = 0;
0x011E	0xEF22C6  	CLR	TRISB
;ex7.c,13 :: 		while(1){
L_main0:
;ex7.c,14 :: 		if (PORTDbits.RD1 == 1){
0x0120	0xAE22D4  	BTSS.B	PORTDbits, #1
0x0122	0x370009  	BRA	L_main2
;ex7.c,15 :: 		Delay_ms(120);
0x0124	0x2000A8  	MOV	#10, W8
0x0126	0x2C4027  	MOV	#50178, W7
L_main3:
0x0128	0xED200E  	DEC	W7
0x012A	0x3AFFFE  	BRA NZ	L_main3
0x012C	0xED2010  	DEC	W8
0x012E	0x3AFFFC  	BRA NZ	L_main3
;ex7.c,16 :: 		cont++;
0x0130	0x200011  	MOV	#1, W1
0x0132	0x208040  	MOV	#lo_addr(_cont), W0
0x0134	0x408810  	ADD	W1, [W0], [W0]
;ex7.c,17 :: 		}
L_main2:
;ex7.c,19 :: 		switch (cont){
0x0136	0x37005A  	BRA	L_main5
;ex7.c,20 :: 		case 1:
L_main7:
;ex7.c,21 :: 		LATB = 0xFF;
0x0138	0x200FF0  	MOV	#255, W0
0x013A	0xB7A2CA  	MOV	WREG, LATB
;ex7.c,22 :: 		Delay_ms(250);
0x013C	0x200158  	MOV	#21, W8
0x013E	0x2585B7  	MOV	#22619, W7
L_main8:
0x0140	0xED200E  	DEC	W7
0x0142	0x3AFFFE  	BRA NZ	L_main8
0x0144	0xED2010  	DEC	W8
0x0146	0x3AFFFC  	BRA NZ	L_main8
;ex7.c,23 :: 		break;
0x0148	0x370060  	BRA	L_main6
;ex7.c,24 :: 		case 2:
L_main10:
;ex7.c,25 :: 		for (i=1;i < 256; i=i*2){
0x014A	0x200010  	MOV	#1, W0
0x014C	0x884030  	MOV	W0, _i
L_main11:
0x014E	0x804031  	MOV	_i, W1
0x0150	0x201000  	MOV	#256, W0
0x0152	0xE10800  	CP	W1, W0
0x0154	0x31000C  	BRA GEU	L_main12
L__main38:
;ex7.c,28 :: 		LATB = i;
0x0156	0x804030  	MOV	_i, W0
0x0158	0xB7A2CA  	MOV	WREG, LATB
;ex7.c,29 :: 		Delay_ms(250);
0x015A	0x200158  	MOV	#21, W8
0x015C	0x2585B7  	MOV	#22619, W7
L_main14:
0x015E	0xED200E  	DEC	W7
0x0160	0x3AFFFE  	BRA NZ	L_main14
0x0162	0xED2010  	DEC	W8
0x0164	0x3AFFFC  	BRA NZ	L_main14
;ex7.c,25 :: 		for (i=1;i < 256; i=i*2){
0x0166	0x804030  	MOV	_i, W0
0x0168	0xDD0041  	SL	W0, #1, W0
0x016A	0x884030  	MOV	W0, _i
;ex7.c,30 :: 		}
0x016C	0x37FFF0  	BRA	L_main11
L_main12:
;ex7.c,31 :: 		break;
0x016E	0x37004D  	BRA	L_main6
;ex7.c,32 :: 		case 3:
L_main16:
;ex7.c,33 :: 		for (i=256; i >= 1; i=i/2){
0x0170	0x201000  	MOV	#256, W0
0x0172	0x884030  	MOV	W0, _i
L_main17:
0x0174	0x804030  	MOV	_i, W0
0x0176	0xE10061  	CP	W0, #1
0x0178	0x39000C  	BRA LTU	L_main18
L__main39:
;ex7.c,36 :: 		LATB = i;
0x017A	0x804030  	MOV	_i, W0
0x017C	0xB7A2CA  	MOV	WREG, LATB
;ex7.c,37 :: 		Delay_ms(250);
0x017E	0x200158  	MOV	#21, W8
0x0180	0x2585B7  	MOV	#22619, W7
L_main20:
0x0182	0xED200E  	DEC	W7
0x0184	0x3AFFFE  	BRA NZ	L_main20
0x0186	0xED2010  	DEC	W8
0x0188	0x3AFFFC  	BRA NZ	L_main20
;ex7.c,33 :: 		for (i=256; i >= 1; i=i/2){
0x018A	0x804030  	MOV	_i, W0
0x018C	0xDE0041  	LSR	W0, #1, W0
0x018E	0x884030  	MOV	W0, _i
;ex7.c,38 :: 		}
0x0190	0x37FFF1  	BRA	L_main17
L_main18:
;ex7.c,39 :: 		break;
0x0192	0x37003B  	BRA	L_main6
;ex7.c,40 :: 		case 4:
L_main22:
;ex7.c,41 :: 		for (i=0; i<4; i++){
0x0194	0xEF2000  	CLR	W0
0x0196	0x884030  	MOV	W0, _i
L_main23:
0x0198	0x804030  	MOV	_i, W0
0x019A	0xE10064  	CP	W0, #4
0x019C	0x310010  	BRA GEU	L_main24
L__main40:
;ex7.c,42 :: 		LATB = num_2[i];
0x019E	0x208001  	MOV	#lo_addr(_num_2), W1
0x01A0	0x208060  	MOV	#lo_addr(_i), W0
0x01A2	0x408010  	ADD	W1, [W0], W0
0x01A4	0x784010  	MOV.B	[W0], W0
0x01A6	0xFB8000  	ZE	W0, W0
0x01A8	0xB7A2CA  	MOV	WREG, LATB
;ex7.c,43 :: 		Delay_ms(250);
0x01AA	0x200158  	MOV	#21, W8
0x01AC	0x2585B7  	MOV	#22619, W7
L_main26:
0x01AE	0xED200E  	DEC	W7
0x01B0	0x3AFFFE  	BRA NZ	L_main26
0x01B2	0xED2010  	DEC	W8
0x01B4	0x3AFFFC  	BRA NZ	L_main26
;ex7.c,41 :: 		for (i=0; i<4; i++){
0x01B6	0x200011  	MOV	#1, W1
0x01B8	0x208060  	MOV	#lo_addr(_i), W0
0x01BA	0x408810  	ADD	W1, [W0], [W0]
;ex7.c,46 :: 		}
0x01BC	0x37FFED  	BRA	L_main23
L_main24:
;ex7.c,47 :: 		break;
0x01BE	0x370025  	BRA	L_main6
;ex7.c,48 :: 		case 5:
L_main28:
;ex7.c,49 :: 		for (i=0; i<4; i++){
0x01C0	0xEF2000  	CLR	W0
0x01C2	0x884030  	MOV	W0, _i
L_main29:
0x01C4	0x804030  	MOV	_i, W0
0x01C6	0xE10064  	CP	W0, #4
0x01C8	0x310010  	BRA GEU	L_main30
L__main41:
;ex7.c,50 :: 		LATB = num_3[i];
0x01CA	0x208081  	MOV	#lo_addr(_num_3), W1
0x01CC	0x208060  	MOV	#lo_addr(_i), W0
0x01CE	0x408010  	ADD	W1, [W0], W0
0x01D0	0x784010  	MOV.B	[W0], W0
0x01D2	0xFB8000  	ZE	W0, W0
0x01D4	0xB7A2CA  	MOV	WREG, LATB
;ex7.c,51 :: 		Delay_ms(250);
0x01D6	0x200158  	MOV	#21, W8
0x01D8	0x2585B7  	MOV	#22619, W7
L_main32:
0x01DA	0xED200E  	DEC	W7
0x01DC	0x3AFFFE  	BRA NZ	L_main32
0x01DE	0xED2010  	DEC	W8
0x01E0	0x3AFFFC  	BRA NZ	L_main32
;ex7.c,49 :: 		for (i=0; i<4; i++){
0x01E2	0x200011  	MOV	#1, W1
0x01E4	0x208060  	MOV	#lo_addr(_i), W0
0x01E6	0x408810  	ADD	W1, [W0], [W0]
;ex7.c,52 :: 		}
0x01E8	0x37FFED  	BRA	L_main29
L_main30:
;ex7.c,53 :: 		break;
0x01EA	0x37000F  	BRA	L_main6
;ex7.c,58 :: 		}
L_main5:
0x01EC	0x804020  	MOV	_cont, W0
0x01EE	0xE10061  	CP	W0, #1
0x01F0	0x32FFA3  	BRA Z	L_main7
L__main42:
0x01F2	0x804020  	MOV	_cont, W0
0x01F4	0xE10062  	CP	W0, #2
0x01F6	0x32FFA9  	BRA Z	L_main10
L__main43:
0x01F8	0x804020  	MOV	_cont, W0
0x01FA	0xE10063  	CP	W0, #3
0x01FC	0x32FFB9  	BRA Z	L_main16
L__main44:
0x01FE	0x804020  	MOV	_cont, W0
0x0200	0xE10064  	CP	W0, #4
0x0202	0x32FFC8  	BRA Z	L_main22
L__main45:
0x0204	0x804020  	MOV	_cont, W0
0x0206	0xE10065  	CP	W0, #5
0x0208	0x32FFDB  	BRA Z	L_main28
L__main46:
L_main6:
;ex7.c,59 :: 		if ((cont>5)){
0x020A	0x804020  	MOV	_cont, W0
0x020C	0xE10065  	CP	W0, #5
0x020E	0x360009  	BRA LEU	L_main34
L__main47:
;ex7.c,60 :: 		cont = 0;
0x0210	0xEF2000  	CLR	W0
0x0212	0x884020  	MOV	W0, _cont
;ex7.c,61 :: 		LATB = 0;
0x0214	0xEF22CA  	CLR	LATB
;ex7.c,62 :: 		Delay_ms(250);
0x0216	0x200158  	MOV	#21, W8
0x0218	0x2585B7  	MOV	#22619, W7
L_main35:
0x021A	0xED200E  	DEC	W7
0x021C	0x3AFFFE  	BRA NZ	L_main35
0x021E	0xED2010  	DEC	W8
0x0220	0x3AFFFC  	BRA NZ	L_main35
;ex7.c,63 :: 		}
L_main34:
;ex7.c,64 :: 		}
0x0222	0x37FF7E  	BRA	L_main0
;ex7.c,65 :: 		}
L_end_main:
L__main_end_loop:
0x0224	0x37FFFF  	BRA	L__main_end_loop
; end of _main
0x0232	0x20800A  	MOV	#2048, W10
0x0234	0x20000B  	MOV	#0, W11
0x0236	0x090005  	REPEAT	#5
0x0238	0x781D0B  	MOV	W11, [W10++]
0x023A	0x060000  	RETURN
0x023C	0x208001  	MOV	#lo_addr(_num_2), W1
0x023E	0x282260  	MOV	#33318, W0
0x0240	0x090005  	REPEAT	#5
0x0242	0x7818B0  	MOV	[W0++], [W1++]
0x0244	0x060000  	RETURN
;ex7.c,0 :: ?ICS_num_2 [4]
0x0226	0x4281 ;?ICS_num_2+0
0x0228	0x1824 ;?ICS_num_2+2
; end of ?ICS_num_2
;ex7.c,0 :: ?ICS_cont [2]
0x022A	0x0000 ;?ICS_cont+0
; end of ?ICS_cont
;ex7.c,0 :: ?ICS_i [2]
0x022C	0x0000 ;?ICS_i+0
; end of ?ICS_i
;ex7.c,0 :: ?ICS_num_3 [4]
0x022E	0x2418 ;?ICS_num_3+0
0x0230	0x8142 ;?ICS_num_3+2
; end of ?ICS_num_3
Symbol List:
//** Routines locations **
//ADDRESS    SIZE    PROCEDURE
//----------------------------------------------
0x0100     [294]    _main
//** Variables locations ** 
//ADDRESS    SIZE    VARIABLE
//----------------------------------------------
0x02CA       [2]    LATB
0x02D2       [2]    TRISD
0x02A8       [2]    ADPCFG
0x02D4       [1]    PORTDbits
0x02C6       [2]    TRISB
0x0800       [4]    _num_2
0x0804       [2]    _cont
0x0806       [2]    _i
0x0808       [4]    _num_3
0x02A8       [2]    ADPCFG
0x02C6       [2]    TRISB
0x02CA       [2]    LATB
0x02D2       [2]    TRISD
//** Constants locations ** 
//ADDRESS    SIZE    CONSTANT
//----------------------------------------------
0x0226       [4]    ?ICS_num_2
0x022A       [2]    ?ICS_cont
0x022C       [2]    ?ICS_i
0x022E       [4]    ?ICS_num_3
