;  LST file generated by mikroListExporter - v.2.0 
; Date/Time: 21/11/2019 21:24:15
;----------------------------------------------

;Address Opcode 	ASM
0x0000	0x00000004049C  	GOTO	_main
0x0004	0x000000  	0
0x0006	0x000000  	0
0x0008	0x000000  	0
0x000A	0x000000  	0
0x000C	0x000000  	0
0x000E	0x000000  	0
0x0010	0x000000  	0
0x0012	0x000000  	0
0x0014	0x000000  	0
0x0016	0x000000  	0
0x0018	0x000000  	0
0x001A	0x000000  	0
0x001C	0x000000  	0
0x001E	0x000000  	0
0x0020	0x000000  	0
0x0022	0x000000  	0
0x0024	0x000000  	0
0x0026	0x000000  	0
0x0028	0x000000  	0
0x002A	0x000000  	0
0x002C	0x000000  	0
0x002E	0x000000  	0
0x0030	0x000000  	0
0x0032	0x000000  	0
0x0034	0x000000  	0
0x0036	0x000000  	0
0x0038	0x000000  	0
0x003A	0x000000  	0
0x003C	0x000000  	0
0x003E	0x000000  	0
0x0040	0x000000  	0
0x0042	0x000000  	0
0x0044	0x000000  	0
0x0046	0x000000  	0
0x0048	0x000000  	0
0x004A	0x000000  	0
0x004C	0x000000  	0
0x004E	0x000000  	0
0x0050	0x000000  	0
0x0052	0x000000  	0
0x0054	0x000000  	0
0x0056	0x000000  	0
0x0058	0x000000  	0
0x005A	0x000000  	0
0x005C	0x000000  	0
0x005E	0x000000  	0
0x0060	0x000000  	0
0x0062	0x000000  	0
0x0064	0x000000  	0
0x0066	0x000000  	0
0x0068	0x000000  	0
0x006A	0x000000  	0
0x006C	0x000000  	0
0x006E	0x000000  	0
0x0070	0x000000  	0
0x0072	0x000000  	0
0x0074	0x000000  	0
0x0076	0x000000  	0
0x0078	0x000000  	0
0x007A	0x000000  	0
0x007C	0x000000  	0
0x007E	0x000000  	0
0x0080	0x000000  	0
0x0082	0x000000  	0
0x0084	0x000000  	0
0x0086	0x000000  	0
0x0088	0x000000  	0
0x008A	0x000000  	0
0x008C	0x000000  	0
0x008E	0x000000  	0
0x0090	0x000000  	0
0x0092	0x000000  	0
0x0094	0x000000  	0
0x0096	0x000000  	0
0x0098	0x000000  	0
0x009A	0x000000  	0
0x009C	0x000000  	0
0x009E	0x000000  	0
0x00A0	0x000000  	0
0x00A2	0x000000  	0
0x00A4	0x000000  	0
0x00A6	0x000000  	0
0x00A8	0x000000  	0
0x00AA	0x000000  	0
0x00AC	0x000000  	0
0x00AE	0x000000  	0
0x00B0	0x000000  	0
0x00B2	0x000000  	0
0x00B4	0x000000  	0
0x00B6	0x000000  	0
0x00B8	0x000000  	0
0x00BA	0x000000  	0
0x00BC	0x000000  	0
0x00BE	0x000000  	0
0x00C0	0x000000  	0
0x00C2	0x000000  	0
0x00C4	0x000000  	0
0x00C6	0x000000  	0
0x00C8	0x000000  	0
0x00CA	0x000000  	0
0x00CC	0x000000  	0
0x00CE	0x000000  	0
0x00D0	0x000000  	0
0x00D2	0x000000  	0
0x00D4	0x000000  	0
0x00D6	0x000000  	0
0x00D8	0x000000  	0
0x00DA	0x000000  	0
0x00DC	0x000000  	0
0x00DE	0x000000  	0
0x00E0	0x000000  	0
0x00E2	0x000000  	0
0x00E4	0x000000  	0
0x00E6	0x000000  	0
0x00E8	0x000000  	0
0x00EA	0x000000  	0
0x00EC	0x000000  	0
0x00EE	0x000000  	0
0x00F0	0x000000  	0
0x00F2	0x000000  	0
0x00F4	0x000000  	0
0x00F6	0x000000  	0
0x00F8	0x000000  	0
0x00FA	0x000000  	0
0x00FC	0x000000  	0
0x00FE	0x000000  	0
_main:
0x049C	0x208CAF  	MOV	#2250, W15
0x049E	0x20FFF0  	MOV	#4095, W0
0x04A0	0xB7A020  	MOV	WREG, SPLIM
0x04A2	0x200000  	MOV	#0, W0
0x04A4	0xB7A034  	MOV	WREG, PSVPAG
0x04A6	0x200040  	MOV	#4, W0
0x04A8	0xB72044  	IOR	CORCON
0x04AA	0x0000000205EC  	CALL	1516
0x04AE	0x0000000205F6  	CALL	1526
;LAB1_Q2.c,36 :: 		void main() {
;LAB1_Q2.c,37 :: 		ADPCFG = 0xFFFF;
0x04B2	0x2FFFF0  	MOV	#65535, W0
0x04B4	0xB7A2A8  	MOV	WREG, ADPCFG
;LAB1_Q2.c,38 :: 		TRISB = 0;
0x04B6	0xEF22C6  	CLR	TRISB
;LAB1_Q2.c,39 :: 		TRISD = 0;
0x04B8	0xEF22D2  	CLR	TRISD
;LAB1_Q2.c,40 :: 		TRISE = 0;
0x04BA	0xEF22D8  	CLR	TRISE
;LAB1_Q2.c,41 :: 		TRISF = 0;
0x04BC	0xEF22DE  	CLR	TRISF
;LAB1_Q2.c,42 :: 		atual=0;
0x04BE	0xEF2000  	CLR	W0
0x04C0	0x884560  	MOV	W0, _atual
;LAB1_Q2.c,44 :: 		while(1){
L_main0:
;LAB1_Q2.c,45 :: 		calcula_distancia();
0x04C2	0x07FF19  	RCALL	_calcula_distancia
;LAB1_Q2.c,46 :: 		ativa_sensores();
0x04C4	0x07FF34  	RCALL	_ativa_sensores
;LAB1_Q2.c,47 :: 		mostra_display();
0x04C6	0x07FEE5  	RCALL	_mostra_display
;LAB1_Q2.c,48 :: 		atual++;
0x04C8	0x200011  	MOV	#1, W1
0x04CA	0x208AC0  	MOV	#lo_addr(_atual), W0
0x04CC	0x408810  	ADD	W1, [W0], [W0]
;LAB1_Q2.c,49 :: 		if (PORTF == 0b00010000){
0x04CE	0xBF82E0  	MOV	PORTF, WREG
0x04D0	0xE10070  	CP	W0, #16
0x04D2	0x3A0009  	BRA NZ	L_main2
L__main137:
;LAB1_Q2.c,54 :: 		PORTE = 0;*/
0x04D4	0x200011  	MOV	#1, W1
0x04D6	0x208AE0  	MOV	#lo_addr(_escolha), W0
0x04D8	0x408810  	ADD	W1, [W0], [W0]
;LAB1_Q2.c,55 :: 		Delay_ms(500);
0x04DA	0x200298  	MOV	#41, W8
0x04DC	0x2B0B77  	MOV	#45239, W7
L_main3:
0x04DE	0xED200E  	DEC	W7
0x04E0	0x3AFFFE  	BRA NZ	L_main3
0x04E2	0xED2010  	DEC	W8
0x04E4	0x3AFFFC  	BRA NZ	L_main3
;LAB1_Q2.c,56 :: 		}
L_main2:
;LAB1_Q2.c,58 :: 		if ((escolha == 1) && (PORTF == 0b00100000)){
0x04E6	0x804570  	MOV	_escolha, W0
0x04E8	0xE10061  	CP	W0, #1
0x04EA	0x3A0007  	BRA NZ	L__main131
L__main138:
0x04EC	0x200201  	MOV	#32, W1
0x04EE	0x202E00  	MOV	#lo_addr(PORTF), W0
0x04F0	0xE10810  	CP	W1, [W0]
0x04F2	0x3A0003  	BRA NZ	L__main130
L__main139:
L__main129:
;LAB1_Q2.c,59 :: 		PORTD = 0xFF;
0x04F4	0x200FF0  	MOV	#255, W0
0x04F6	0xB7A2D4  	MOV	WREG, PORTD
;LAB1_Q2.c,60 :: 		tocar_marcha();
0x04F8	0x07FE03  	RCALL	_tocar_marcha
;LAB1_Q2.c,58 :: 		if ((escolha == 1) && (PORTF == 0b00100000)){
L__main131:
L__main130:
;LAB1_Q2.c,63 :: 		if ((escolha == 2) && (PORTF == 0b00100000)){
0x04FA	0x804570  	MOV	_escolha, W0
0x04FC	0xE10062  	CP	W0, #2
0x04FE	0x3A0007  	BRA NZ	L__main133
L__main140:
0x0500	0x200201  	MOV	#32, W1
0x0502	0x202E00  	MOV	#lo_addr(PORTF), W0
0x0504	0xE10810  	CP	W1, [W0]
0x0506	0x3A0003  	BRA NZ	L__main132
L__main141:
L__main128:
;LAB1_Q2.c,64 :: 		PORTD = 0xFF;
0x0508	0x200FF0  	MOV	#255, W0
0x050A	0xB7A2D4  	MOV	WREG, PORTD
;LAB1_Q2.c,65 :: 		tocar_forca();
0x050C	0x07FE35  	RCALL	_tocar_forca
;LAB1_Q2.c,63 :: 		if ((escolha == 2) && (PORTF == 0b00100000)){
L__main133:
L__main132:
;LAB1_Q2.c,68 :: 		if ((escolha == 3) && (PORTF == 0b00100000)){
0x050E	0x804570  	MOV	_escolha, W0
0x0510	0xE10063  	CP	W0, #3
0x0512	0x3A0007  	BRA NZ	L__main135
L__main142:
0x0514	0x200201  	MOV	#32, W1
0x0516	0x202E00  	MOV	#lo_addr(PORTF), W0
0x0518	0xE10810  	CP	W1, [W0]
0x051A	0x3A0003  	BRA NZ	L__main134
L__main143:
L__main127:
;LAB1_Q2.c,69 :: 		PORTD = 0xFF;
0x051C	0x200FF0  	MOV	#255, W0
0x051E	0xB7A2D4  	MOV	WREG, PORTD
;LAB1_Q2.c,70 :: 		tocar_jb();
0x0520	0x07FE71  	RCALL	_tocar_jb
;LAB1_Q2.c,68 :: 		if ((escolha == 3) && (PORTF == 0b00100000)){
L__main135:
L__main134:
;LAB1_Q2.c,73 :: 		if (escolha == 4){
0x0522	0x804570  	MOV	_escolha, W0
0x0524	0xE10064  	CP	W0, #4
0x0526	0x3A0002  	BRA NZ	L_main14
L__main144:
;LAB1_Q2.c,74 :: 		escolha = 0;
0x0528	0xEF2000  	CLR	W0
0x052A	0x884570  	MOV	W0, _escolha
;LAB1_Q2.c,75 :: 		}
L_main14:
;LAB1_Q2.c,76 :: 		}
0x052C	0x37FFCA  	BRA	L_main0
;LAB1_Q2.c,77 :: 		}
L_end_main:
L__main_end_loop:
0x052E	0x37FFFF  	BRA	L__main_end_loop
; end of _main
_calcula_distancia:
;LAB1_Q2.c,80 :: 		void calcula_distancia(){
;LAB1_Q2.c,82 :: 		if(PORTF == 0x01){
0x02F6	0xBF82E0  	MOV	PORTF, WREG
0x02F8	0xE10061  	CP	W0, #1
0x02FA	0x3A000B  	BRA NZ	L_calcula_distancia15
L__calcula_distancia147:
;LAB1_Q2.c,83 :: 		if (dist < distmax){
0x02FC	0x804051  	MOV	_dist, W1
0x02FE	0x201900  	MOV	#400, W0
0x0300	0xE10800  	CP	W1, W0
0x0302	0x3D0003  	BRA GE	L_calcula_distancia16
L__calcula_distancia148:
;LAB1_Q2.c,84 :: 		dist++;
0x0304	0x200011  	MOV	#1, W1
0x0306	0x2080A0  	MOV	#lo_addr(_dist), W0
0x0308	0x408810  	ADD	W1, [W0], [W0]
;LAB1_Q2.c,85 :: 		}
L_calcula_distancia16:
;LAB1_Q2.c,86 :: 		Delay_ms(10);
0x030A	0x2D0557  	MOV	#53333, W7
L_calcula_distancia17:
0x030C	0xED200E  	DEC	W7
0x030E	0x3AFFFE  	BRA NZ	L_calcula_distancia17
0x0310	0x000000  	NOP
;LAB1_Q2.c,87 :: 		}
L_calcula_distancia15:
;LAB1_Q2.c,89 :: 		if(PORTF == 0x02){
0x0312	0xBF82E0  	MOV	PORTF, WREG
0x0314	0xE10062  	CP	W0, #2
0x0316	0x3A000A  	BRA NZ	L_calcula_distancia19
L__calcula_distancia149:
;LAB1_Q2.c,90 :: 		if ( dist > distmin ){
0x0318	0x804050  	MOV	_dist, W0
0x031A	0xE10062  	CP	W0, #2
0x031C	0x340003  	BRA LE	L_calcula_distancia20
L__calcula_distancia150:
;LAB1_Q2.c,91 :: 		dist--;
0x031E	0x200011  	MOV	#1, W1
0x0320	0x2080A0  	MOV	#lo_addr(_dist), W0
0x0322	0x108810  	SUBR	W1, [W0], [W0]
;LAB1_Q2.c,92 :: 		}
L_calcula_distancia20:
;LAB1_Q2.c,93 :: 		Delay_ms(10);
0x0324	0x2D0557  	MOV	#53333, W7
L_calcula_distancia21:
0x0326	0xED200E  	DEC	W7
0x0328	0x3AFFFE  	BRA NZ	L_calcula_distancia21
0x032A	0x000000  	NOP
;LAB1_Q2.c,94 :: 		}
L_calcula_distancia19:
;LAB1_Q2.c,95 :: 		}
L_end_calcula_distancia:
0x032C	0x060000  	RETURN
; end of _calcula_distancia
_ativa_sensores:
;LAB1_Q2.c,97 :: 		void ativa_sensores(){
;LAB1_Q2.c,99 :: 		if (dist > distval[0]){//maior que 200 cm
0x032E	0x804051  	MOV	_dist, W1
0x0330	0x208940  	MOV	#lo_addr(_distval), W0
0x0332	0xE10810  	CP	W1, [W0]
0x0334	0x340007  	BRA LE	L_ativa_sensores23
L__ativa_sensores152:
;LAB1_Q2.c,100 :: 		PORTE = 0b11111110;
0x0336	0x200FE0  	MOV	#254, W0
0x0338	0xB7A2DA  	MOV	WREG, PORTE
;LAB1_Q2.c,101 :: 		antigo = atual;
0x033A	0x804560  	MOV	_atual, W0
0x033C	0x8845E0  	MOV	W0, _antigo
;LAB1_Q2.c,102 :: 		estado = 0;
0x033E	0xEF2000  	CLR	W0
0x0340	0x884500  	MOV	W0, _estado
;LAB1_Q2.c,103 :: 		}else if((dist > distval[1])&&(dist <= distval[0])){//maior que 180 cm e menor que 200
0x0342	0x3700AB  	BRA	L_ativa_sensores24
L_ativa_sensores23:
0x0344	0x804051  	MOV	_dist, W1
0x0346	0x208960  	MOV	#lo_addr(_distval+2), W0
0x0348	0xE10810  	CP	W1, [W0]
0x034A	0x34001D  	BRA LE	L__ativa_sensores118
L__ativa_sensores153:
0x034C	0x804051  	MOV	_dist, W1
0x034E	0x208940  	MOV	#lo_addr(_distval), W0
0x0350	0xE10810  	CP	W1, [W0]
0x0352	0x3C0019  	BRA GT	L__ativa_sensores117
L__ativa_sensores154:
L__ativa_sensores116:
;LAB1_Q2.c,105 :: 		if (estado == 1){
0x0354	0x804500  	MOV	_estado, W0
0x0356	0xE10061  	CP	W0, #1
0x0358	0x3A0003  	BRA NZ	L_ativa_sensores28
L__ativa_sensores155:
;LAB1_Q2.c,106 :: 		PORTE=0b11111101;//liga rele 1 e buzzer
0x035A	0x200FD0  	MOV	#253, W0
0x035C	0xB7A2DA  	MOV	WREG, PORTE
;LAB1_Q2.c,107 :: 		}else{
0x035E	0x370002  	BRA	L_ativa_sensores29
L_ativa_sensores28:
;LAB1_Q2.c,108 :: 		PORTE=0b11111100;//desliga buzzer e liga rele 1
0x0360	0x200FC0  	MOV	#252, W0
0x0362	0xB7A2DA  	MOV	WREG, PORTE
;LAB1_Q2.c,109 :: 		}
L_ativa_sensores29:
;LAB1_Q2.c,111 :: 		if (atual == antigo + 1500){
0x0364	0x8045E1  	MOV	_antigo, W1
0x0366	0x205DC0  	MOV	#1500, W0
0x0368	0x408080  	ADD	W1, W0, W1
0x036A	0x208AC0  	MOV	#lo_addr(_atual), W0
0x036C	0xE10810  	CP	W1, [W0]
0x036E	0x3A000A  	BRA NZ	L_ativa_sensores30
L__ativa_sensores156:
;LAB1_Q2.c,112 :: 		antigo = atual;
0x0370	0x804560  	MOV	_atual, W0
0x0372	0x8845E0  	MOV	W0, _antigo
;LAB1_Q2.c,113 :: 		if (estado == 0){
0x0374	0x804500  	MOV	_estado, W0
0x0376	0xE10060  	CP	W0, #0
0x0378	0x3A0003  	BRA NZ	L_ativa_sensores31
L__ativa_sensores157:
;LAB1_Q2.c,114 :: 		estado=1;
0x037A	0x200010  	MOV	#1, W0
0x037C	0x884500  	MOV	W0, _estado
;LAB1_Q2.c,115 :: 		}else{
0x037E	0x370002  	BRA	L_ativa_sensores32
L_ativa_sensores31:
;LAB1_Q2.c,116 :: 		estado=0;
0x0380	0xEF2000  	CLR	W0
0x0382	0x884500  	MOV	W0, _estado
;LAB1_Q2.c,117 :: 		}
L_ativa_sensores32:
;LAB1_Q2.c,118 :: 		}
L_ativa_sensores30:
;LAB1_Q2.c,120 :: 		}else if((dist > distval[2])&&(dist <= distval[1])){//maior que 120 cm e menor que 180
0x0384	0x37008A  	BRA	L_ativa_sensores33
;LAB1_Q2.c,103 :: 		}else if((dist > distval[1])&&(dist <= distval[0])){//maior que 180 cm e menor que 200
L__ativa_sensores118:
L__ativa_sensores117:
;LAB1_Q2.c,120 :: 		}else if((dist > distval[2])&&(dist <= distval[1])){//maior que 120 cm e menor que 180
0x0386	0x804051  	MOV	_dist, W1
0x0388	0x208980  	MOV	#lo_addr(_distval+4), W0
0x038A	0xE10810  	CP	W1, [W0]
0x038C	0x34001D  	BRA LE	L__ativa_sensores120
L__ativa_sensores158:
0x038E	0x804051  	MOV	_dist, W1
0x0390	0x208960  	MOV	#lo_addr(_distval+2), W0
0x0392	0xE10810  	CP	W1, [W0]
0x0394	0x3C0019  	BRA GT	L__ativa_sensores119
L__ativa_sensores159:
L__ativa_sensores115:
;LAB1_Q2.c,122 :: 		if (estado == 1){
0x0396	0x804500  	MOV	_estado, W0
0x0398	0xE10061  	CP	W0, #1
0x039A	0x3A0003  	BRA NZ	L_ativa_sensores37
L__ativa_sensores160:
;LAB1_Q2.c,123 :: 		PORTE=0b11111011;//liga rele 1 e buzzer
0x039C	0x200FB0  	MOV	#251, W0
0x039E	0xB7A2DA  	MOV	WREG, PORTE
;LAB1_Q2.c,124 :: 		}else{
0x03A0	0x370002  	BRA	L_ativa_sensores38
L_ativa_sensores37:
;LAB1_Q2.c,125 :: 		PORTE=0b11111010;//desliga buzzer e liga rele 1
0x03A2	0x200FA0  	MOV	#250, W0
0x03A4	0xB7A2DA  	MOV	WREG, PORTE
;LAB1_Q2.c,126 :: 		}
L_ativa_sensores38:
;LAB1_Q2.c,128 :: 		if (atual == antigo + 1000){
0x03A6	0x8045E1  	MOV	_antigo, W1
0x03A8	0x203E80  	MOV	#1000, W0
0x03AA	0x408080  	ADD	W1, W0, W1
0x03AC	0x208AC0  	MOV	#lo_addr(_atual), W0
0x03AE	0xE10810  	CP	W1, [W0]
0x03B0	0x3A000A  	BRA NZ	L_ativa_sensores39
L__ativa_sensores161:
;LAB1_Q2.c,129 :: 		antigo = atual;
0x03B2	0x804560  	MOV	_atual, W0
0x03B4	0x8845E0  	MOV	W0, _antigo
;LAB1_Q2.c,130 :: 		if (estado == 0){
0x03B6	0x804500  	MOV	_estado, W0
0x03B8	0xE10060  	CP	W0, #0
0x03BA	0x3A0003  	BRA NZ	L_ativa_sensores40
L__ativa_sensores162:
;LAB1_Q2.c,131 :: 		estado=1;
0x03BC	0x200010  	MOV	#1, W0
0x03BE	0x884500  	MOV	W0, _estado
;LAB1_Q2.c,132 :: 		}else{
0x03C0	0x370002  	BRA	L_ativa_sensores41
L_ativa_sensores40:
;LAB1_Q2.c,133 :: 		estado=0;
0x03C2	0xEF2000  	CLR	W0
0x03C4	0x884500  	MOV	W0, _estado
;LAB1_Q2.c,134 :: 		}
L_ativa_sensores41:
;LAB1_Q2.c,135 :: 		}
L_ativa_sensores39:
;LAB1_Q2.c,137 :: 		}else if((dist > distval[3])&&(dist <= distval[2])){//maior que 80 cm e menor que 120
0x03C6	0x370069  	BRA	L_ativa_sensores42
;LAB1_Q2.c,120 :: 		}else if((dist > distval[2])&&(dist <= distval[1])){//maior que 120 cm e menor que 180
L__ativa_sensores120:
L__ativa_sensores119:
;LAB1_Q2.c,137 :: 		}else if((dist > distval[3])&&(dist <= distval[2])){//maior que 80 cm e menor que 120
0x03C8	0x804051  	MOV	_dist, W1
0x03CA	0x2089A0  	MOV	#lo_addr(_distval+6), W0
0x03CC	0xE10810  	CP	W1, [W0]
0x03CE	0x34001D  	BRA LE	L__ativa_sensores122
L__ativa_sensores163:
0x03D0	0x804051  	MOV	_dist, W1
0x03D2	0x208980  	MOV	#lo_addr(_distval+4), W0
0x03D4	0xE10810  	CP	W1, [W0]
0x03D6	0x3C0019  	BRA GT	L__ativa_sensores121
L__ativa_sensores164:
L__ativa_sensores114:
;LAB1_Q2.c,139 :: 		if (estado == 1){
0x03D8	0x804500  	MOV	_estado, W0
0x03DA	0xE10061  	CP	W0, #1
0x03DC	0x3A0003  	BRA NZ	L_ativa_sensores46
L__ativa_sensores165:
;LAB1_Q2.c,140 :: 		PORTE=0b11110111;//liga rele 1 e buzzer
0x03DE	0x200F70  	MOV	#247, W0
0x03E0	0xB7A2DA  	MOV	WREG, PORTE
;LAB1_Q2.c,141 :: 		}else{
0x03E2	0x370002  	BRA	L_ativa_sensores47
L_ativa_sensores46:
;LAB1_Q2.c,142 :: 		PORTE=0b11110110;//desliga buzzer e liga rele 1
0x03E4	0x200F60  	MOV	#246, W0
0x03E6	0xB7A2DA  	MOV	WREG, PORTE
;LAB1_Q2.c,143 :: 		}
L_ativa_sensores47:
;LAB1_Q2.c,145 :: 		if (atual == antigo + 500){
0x03E8	0x8045E1  	MOV	_antigo, W1
0x03EA	0x201F40  	MOV	#500, W0
0x03EC	0x408080  	ADD	W1, W0, W1
0x03EE	0x208AC0  	MOV	#lo_addr(_atual), W0
0x03F0	0xE10810  	CP	W1, [W0]
0x03F2	0x3A000A  	BRA NZ	L_ativa_sensores48
L__ativa_sensores166:
;LAB1_Q2.c,146 :: 		antigo = atual;
0x03F4	0x804560  	MOV	_atual, W0
0x03F6	0x8845E0  	MOV	W0, _antigo
;LAB1_Q2.c,147 :: 		if (estado == 0){
0x03F8	0x804500  	MOV	_estado, W0
0x03FA	0xE10060  	CP	W0, #0
0x03FC	0x3A0003  	BRA NZ	L_ativa_sensores49
L__ativa_sensores167:
;LAB1_Q2.c,148 :: 		estado=1;
0x03FE	0x200010  	MOV	#1, W0
0x0400	0x884500  	MOV	W0, _estado
;LAB1_Q2.c,149 :: 		}else{
0x0402	0x370002  	BRA	L_ativa_sensores50
L_ativa_sensores49:
;LAB1_Q2.c,150 :: 		estado=0;
0x0404	0xEF2000  	CLR	W0
0x0406	0x884500  	MOV	W0, _estado
;LAB1_Q2.c,151 :: 		}
L_ativa_sensores50:
;LAB1_Q2.c,152 :: 		}
L_ativa_sensores48:
;LAB1_Q2.c,154 :: 		}else if((dist > distval[4])&&(dist <= distval[3])){//maior que 50 cm e menor que 80
0x0408	0x370048  	BRA	L_ativa_sensores51
;LAB1_Q2.c,137 :: 		}else if((dist > distval[3])&&(dist <= distval[2])){//maior que 80 cm e menor que 120
L__ativa_sensores122:
L__ativa_sensores121:
;LAB1_Q2.c,154 :: 		}else if((dist > distval[4])&&(dist <= distval[3])){//maior que 50 cm e menor que 80
0x040A	0x804051  	MOV	_dist, W1
0x040C	0x2089C0  	MOV	#lo_addr(_distval+8), W0
0x040E	0xE10810  	CP	W1, [W0]
0x0410	0x34001D  	BRA LE	L__ativa_sensores124
L__ativa_sensores168:
0x0412	0x804051  	MOV	_dist, W1
0x0414	0x2089A0  	MOV	#lo_addr(_distval+6), W0
0x0416	0xE10810  	CP	W1, [W0]
0x0418	0x3C0019  	BRA GT	L__ativa_sensores123
L__ativa_sensores169:
L__ativa_sensores113:
;LAB1_Q2.c,156 :: 		if (estado == 1){
0x041A	0x804500  	MOV	_estado, W0
0x041C	0xE10061  	CP	W0, #1
0x041E	0x3A0003  	BRA NZ	L_ativa_sensores55
L__ativa_sensores170:
;LAB1_Q2.c,157 :: 		PORTE=0b11101111;//liga rele 1 e buzzer
0x0420	0x200EF0  	MOV	#239, W0
0x0422	0xB7A2DA  	MOV	WREG, PORTE
;LAB1_Q2.c,158 :: 		}else{
0x0424	0x370002  	BRA	L_ativa_sensores56
L_ativa_sensores55:
;LAB1_Q2.c,159 :: 		PORTE=0b11101110;//desliga buzzer e liga rele 1
0x0426	0x200EE0  	MOV	#238, W0
0x0428	0xB7A2DA  	MOV	WREG, PORTE
;LAB1_Q2.c,160 :: 		}
L_ativa_sensores56:
;LAB1_Q2.c,162 :: 		if (atual == antigo + 375){
0x042A	0x8045E1  	MOV	_antigo, W1
0x042C	0x201770  	MOV	#375, W0
0x042E	0x408080  	ADD	W1, W0, W1
0x0430	0x208AC0  	MOV	#lo_addr(_atual), W0
0x0432	0xE10810  	CP	W1, [W0]
0x0434	0x3A000A  	BRA NZ	L_ativa_sensores57
L__ativa_sensores171:
;LAB1_Q2.c,163 :: 		antigo = atual;
0x0436	0x804560  	MOV	_atual, W0
0x0438	0x8845E0  	MOV	W0, _antigo
;LAB1_Q2.c,164 :: 		if (estado == 0){
0x043A	0x804500  	MOV	_estado, W0
0x043C	0xE10060  	CP	W0, #0
0x043E	0x3A0003  	BRA NZ	L_ativa_sensores58
L__ativa_sensores172:
;LAB1_Q2.c,165 :: 		estado=1;
0x0440	0x200010  	MOV	#1, W0
0x0442	0x884500  	MOV	W0, _estado
;LAB1_Q2.c,166 :: 		}else{
0x0444	0x370002  	BRA	L_ativa_sensores59
L_ativa_sensores58:
;LAB1_Q2.c,167 :: 		estado=0;
0x0446	0xEF2000  	CLR	W0
0x0448	0x884500  	MOV	W0, _estado
;LAB1_Q2.c,168 :: 		}
L_ativa_sensores59:
;LAB1_Q2.c,169 :: 		}
L_ativa_sensores57:
;LAB1_Q2.c,171 :: 		}else if((dist > distval[5])&&(dist <= distval[4])){//maior que 20 cm e menor que 50
0x044A	0x370027  	BRA	L_ativa_sensores60
;LAB1_Q2.c,154 :: 		}else if((dist > distval[4])&&(dist <= distval[3])){//maior que 50 cm e menor que 80
L__ativa_sensores124:
L__ativa_sensores123:
;LAB1_Q2.c,171 :: 		}else if((dist > distval[5])&&(dist <= distval[4])){//maior que 20 cm e menor que 50
0x044C	0x804051  	MOV	_dist, W1
0x044E	0x2089E0  	MOV	#lo_addr(_distval+10), W0
0x0450	0xE10810  	CP	W1, [W0]
0x0452	0x34001D  	BRA LE	L__ativa_sensores126
L__ativa_sensores173:
0x0454	0x804051  	MOV	_dist, W1
0x0456	0x2089C0  	MOV	#lo_addr(_distval+8), W0
0x0458	0xE10810  	CP	W1, [W0]
0x045A	0x3C0019  	BRA GT	L__ativa_sensores125
L__ativa_sensores174:
L__ativa_sensores112:
;LAB1_Q2.c,173 :: 		if (estado == 1){
0x045C	0x804500  	MOV	_estado, W0
0x045E	0xE10061  	CP	W0, #1
0x0460	0x3A0003  	BRA NZ	L_ativa_sensores64
L__ativa_sensores175:
;LAB1_Q2.c,174 :: 		PORTE=0b11111001;//liga rele 1 e buzzer
0x0462	0x200F90  	MOV	#249, W0
0x0464	0xB7A2DA  	MOV	WREG, PORTE
;LAB1_Q2.c,175 :: 		}else{
0x0466	0x370002  	BRA	L_ativa_sensores65
L_ativa_sensores64:
;LAB1_Q2.c,176 :: 		PORTE=0b11111000;//desliga buzzer e liga rele 1 e 2
0x0468	0x200F80  	MOV	#248, W0
0x046A	0xB7A2DA  	MOV	WREG, PORTE
;LAB1_Q2.c,177 :: 		}
L_ativa_sensores65:
;LAB1_Q2.c,179 :: 		if (atual == antigo + 250){
0x046C	0x200FA1  	MOV	#250, W1
0x046E	0x208BC0  	MOV	#lo_addr(_antigo), W0
0x0470	0x408090  	ADD	W1, [W0], W1
0x0472	0x208AC0  	MOV	#lo_addr(_atual), W0
0x0474	0xE10810  	CP	W1, [W0]
0x0476	0x3A000A  	BRA NZ	L_ativa_sensores66
L__ativa_sensores176:
;LAB1_Q2.c,180 :: 		antigo = atual;
0x0478	0x804560  	MOV	_atual, W0
0x047A	0x8845E0  	MOV	W0, _antigo
;LAB1_Q2.c,181 :: 		if (estado == 0){
0x047C	0x804500  	MOV	_estado, W0
0x047E	0xE10060  	CP	W0, #0
0x0480	0x3A0003  	BRA NZ	L_ativa_sensores67
L__ativa_sensores177:
;LAB1_Q2.c,182 :: 		estado=1;
0x0482	0x200010  	MOV	#1, W0
0x0484	0x884500  	MOV	W0, _estado
;LAB1_Q2.c,183 :: 		}else{
0x0486	0x370002  	BRA	L_ativa_sensores68
L_ativa_sensores67:
;LAB1_Q2.c,184 :: 		estado=0;
0x0488	0xEF2000  	CLR	W0
0x048A	0x884500  	MOV	W0, _estado
;LAB1_Q2.c,185 :: 		}
L_ativa_sensores68:
;LAB1_Q2.c,186 :: 		}
L_ativa_sensores66:
;LAB1_Q2.c,188 :: 		}else{//menor que 20 cm
0x048C	0x370006  	BRA	L_ativa_sensores69
;LAB1_Q2.c,171 :: 		}else if((dist > distval[5])&&(dist <= distval[4])){//maior que 20 cm e menor que 50
L__ativa_sensores126:
L__ativa_sensores125:
;LAB1_Q2.c,189 :: 		PORTE=0b00000001;//liga reles e buzzer
0x048E	0x200010  	MOV	#1, W0
0x0490	0xB7A2DA  	MOV	WREG, PORTE
;LAB1_Q2.c,190 :: 		antigo = atual;
0x0492	0x804560  	MOV	_atual, W0
0x0494	0x8845E0  	MOV	W0, _antigo
;LAB1_Q2.c,191 :: 		estado = 0;
0x0496	0xEF2000  	CLR	W0
0x0498	0x884500  	MOV	W0, _estado
;LAB1_Q2.c,192 :: 		}
L_ativa_sensores69:
L_ativa_sensores60:
L_ativa_sensores51:
L_ativa_sensores42:
L_ativa_sensores33:
L_ativa_sensores24:
;LAB1_Q2.c,193 :: 		}
L_end_ativa_sensores:
0x049A	0x060000  	RETURN
; end of _ativa_sensores
_mostra_display:
;LAB1_Q2.c,195 :: 		void mostra_display(){
;LAB1_Q2.c,196 :: 		d[3] = 0;
0x0292	0xEF2000  	CLR	W0
0x0294	0x884640  	MOV	W0, _d+6
;LAB1_Q2.c,197 :: 		d[2] = dist/100;       //centenas
0x0296	0x200642  	MOV	#100, W2
0x0298	0x804050  	MOV	_dist, W0
0x029A	0x090011  	REPEAT	#17
0x029C	0xD80002  	DIV.S	W0, W2
0x029E	0x884630  	MOV	W0, _d+4
;LAB1_Q2.c,198 :: 		d[1] = (dist%100)/10;  //dezenas
0x02A0	0x200642  	MOV	#100, W2
0x02A2	0x804050  	MOV	_dist, W0
0x02A4	0x090011  	REPEAT	#17
0x02A6	0xD80002  	DIV.S	W0, W2
0x02A8	0x780001  	MOV	W1, W0
0x02AA	0x2000A2  	MOV	#10, W2
0x02AC	0x090011  	REPEAT	#17
0x02AE	0xD80002  	DIV.S	W0, W2
0x02B0	0x884620  	MOV	W0, _d+2
;LAB1_Q2.c,199 :: 		d[0] = dist%10;        //unidade
0x02B2	0x804050  	MOV	_dist, W0
0x02B4	0x2000A2  	MOV	#10, W2
0x02B6	0x090011  	REPEAT	#17
0x02B8	0xD80002  	DIV.S	W0, W2
0x02BA	0x780001  	MOV	W1, W0
0x02BC	0x884610  	MOV	W0, _d
;LAB1_Q2.c,200 :: 		for(i = 0;i < 4;i++){
0x02BE	0xEF2000  	CLR	W0
0x02C0	0x884600  	MOV	W0, _i
L_mostra_display70:
0x02C2	0x804600  	MOV	_i, W0
0x02C4	0xE10064  	CP	W0, #4
0x02C6	0x3D0016  	BRA GE	L_mostra_display71
L__mostra_display179:
;LAB1_Q2.c,201 :: 		LATD = mux[i];
0x02C8	0x804600  	MOV	_i, W0
0x02CA	0xDD00C1  	SL	W0, #1, W1
0x02CC	0x208B40  	MOV	#lo_addr(_mux), W0
0x02CE	0x400001  	ADD	W0, W1, W0
0x02D0	0x780010  	MOV	[W0], W0
0x02D2	0xB7A2D6  	MOV	WREG, LATD
;LAB1_Q2.c,202 :: 		LATB = seg7[d[i]];
0x02D4	0x208C20  	MOV	#lo_addr(_d), W0
0x02D6	0x400001  	ADD	W0, W1, W0
0x02D8	0x780090  	MOV	[W0], W1
0x02DA	0x208A20  	MOV	#lo_addr(_seg7), W0
0x02DC	0x400001  	ADD	W0, W1, W0
0x02DE	0x784010  	MOV.B	[W0], W0
0x02E0	0xFB8000  	ZE	W0, W0
0x02E2	0xB7A2CA  	MOV	WREG, LATB
;LAB1_Q2.c,203 :: 		Delay_ms(1);
0x02E4	0x214D57  	MOV	#5333, W7
L_mostra_display73:
0x02E6	0xED200E  	DEC	W7
0x02E8	0x3AFFFE  	BRA NZ	L_mostra_display73
0x02EA	0x000000  	NOP
;LAB1_Q2.c,200 :: 		for(i = 0;i < 4;i++){
0x02EC	0x200011  	MOV	#1, W1
0x02EE	0x208C00  	MOV	#lo_addr(_i), W0
0x02F0	0x408810  	ADD	W1, [W0], [W0]
;LAB1_Q2.c,204 :: 		}
0x02F2	0x37FFE7  	BRA	L_mostra_display70
L_mostra_display71:
;LAB1_Q2.c,205 :: 		}
L_end_mostra_display:
0x02F4	0x060000  	RETURN
; end of _mostra_display
_tocar_marcha:
;LAB1_Q2.c,209 :: 		void tocar_marcha(){
;LAB1_Q2.c,210 :: 		cont = 0;
0x0100	0xEF2000  	CLR	W0
0x0102	0x884040  	MOV	W0, _cont
;LAB1_Q2.c,211 :: 		k=0;
0x0104	0xEF2000  	CLR	W0
0x0106	0x884030  	MOV	W0, _k
;LAB1_Q2.c,212 :: 		while(cont < tamanhos[escolha - 1]){
L_tocar_marcha75:
0x0108	0x804570  	MOV	_escolha, W0
0x010A	0xED2000  	DEC	W0
0x010C	0xDD00C1  	SL	W0, #1, W1
0x010E	0x208000  	MOV	#lo_addr(_tamanhos), W0
0x0110	0x400001  	ADD	W0, W1, W0
0x0112	0x780090  	MOV	[W0], W1
0x0114	0x208080  	MOV	#lo_addr(_cont), W0
0x0116	0xE10810  	CP	W1, [W0]
0x0118	0x34002E  	BRA LE	L_tocar_marcha76
L__tocar_marcha181:
;LAB1_Q2.c,216 :: 		LATE=muxrelay[k];
0x011A	0x208B01  	MOV	#lo_addr(_muxrelay), W1
0x011C	0x208060  	MOV	#lo_addr(_k), W0
0x011E	0x408010  	ADD	W1, [W0], W0
0x0120	0x784010  	MOV.B	[W0], W0
0x0122	0xFB8000  	ZE	W0, W0
0x0124	0xB7A2DC  	MOV	WREG, LATE
;LAB1_Q2.c,217 :: 		Delay_ms(30);
0x0126	0x200038  	MOV	#3, W8
0x0128	0x270FF7  	MOV	#28927, W7
L_tocar_marcha77:
0x012A	0xED200E  	DEC	W7
0x012C	0x3AFFFE  	BRA NZ	L_tocar_marcha77
0x012E	0xED2010  	DEC	W8
0x0130	0x3AFFFC  	BRA NZ	L_tocar_marcha77
0x0132	0x000000  	NOP
0x0134	0x000000  	NOP
;LAB1_Q2.c,218 :: 		LATE=0xFE;
0x0136	0x200FE0  	MOV	#254, W0
0x0138	0xB7A2DC  	MOV	WREG, LATE
;LAB1_Q2.c,220 :: 		if (k<3){
0x013A	0x804030  	MOV	_k, W0
0x013C	0xE10063  	CP	W0, #3
0x013E	0x3D0004  	BRA GE	L_tocar_marcha79
L__tocar_marcha182:
;LAB1_Q2.c,221 :: 		k++;
0x0140	0x200011  	MOV	#1, W1
0x0142	0x208060  	MOV	#lo_addr(_k), W0
0x0144	0x408810  	ADD	W1, [W0], [W0]
;LAB1_Q2.c,222 :: 		}else{
0x0146	0x370002  	BRA	L_tocar_marcha80
L_tocar_marcha79:
;LAB1_Q2.c,223 :: 		k=0;
0x0148	0xEF2000  	CLR	W0
0x014A	0x884030  	MOV	W0, _k
;LAB1_Q2.c,224 :: 		}
L_tocar_marcha80:
;LAB1_Q2.c,233 :: 		for ( j = marcha[cont]; j > 0 ; j--) {
0x014C	0x804040  	MOV	_cont, W0
0x014E	0xDD00C1  	SL	W0, #1, W1
0x0150	0x208560  	MOV	#lo_addr(_marcha), W0
0x0152	0x400001  	ADD	W0, W1, W0
0x0154	0x780010  	MOV	[W0], W0
0x0156	0x8845F0  	MOV	W0, _j
L_tocar_marcha81:
0x0158	0x8045F0  	MOV	_j, W0
0x015A	0xE10060  	CP	W0, #0
0x015C	0x340008  	BRA LE	L_tocar_marcha82
L__tocar_marcha183:
;LAB1_Q2.c,234 :: 		Delay_ms(1);
0x015E	0x214D57  	MOV	#5333, W7
L_tocar_marcha84:
0x0160	0xED200E  	DEC	W7
0x0162	0x3AFFFE  	BRA NZ	L_tocar_marcha84
0x0164	0x000000  	NOP
;LAB1_Q2.c,233 :: 		for ( j = marcha[cont]; j > 0 ; j--) {
0x0166	0x200011  	MOV	#1, W1
0x0168	0x208BE0  	MOV	#lo_addr(_j), W0
0x016A	0x108810  	SUBR	W1, [W0], [W0]
;LAB1_Q2.c,235 :: 		}
0x016C	0x37FFF5  	BRA	L_tocar_marcha81
L_tocar_marcha82:
;LAB1_Q2.c,237 :: 		cont++;
0x016E	0x200011  	MOV	#1, W1
0x0170	0x208080  	MOV	#lo_addr(_cont), W0
0x0172	0x408810  	ADD	W1, [W0], [W0]
;LAB1_Q2.c,240 :: 		}
0x0174	0x37FFC9  	BRA	L_tocar_marcha75
L_tocar_marcha76:
;LAB1_Q2.c,241 :: 		}
L_end_tocar_marcha:
0x0176	0x060000  	RETURN
; end of _tocar_marcha
_tocar_forca:
;LAB1_Q2.c,243 :: 		void tocar_forca(){
;LAB1_Q2.c,244 :: 		cont = 0;
0x0178	0xEF2000  	CLR	W0
0x017A	0x884040  	MOV	W0, _cont
;LAB1_Q2.c,245 :: 		while(cont<tamanhos[escolha-1]){
L_tocar_forca86:
0x017C	0x804570  	MOV	_escolha, W0
0x017E	0xED2000  	DEC	W0
0x0180	0xDD00C1  	SL	W0, #1, W1
0x0182	0x208000  	MOV	#lo_addr(_tamanhos), W0
0x0184	0x400001  	ADD	W0, W1, W0
0x0186	0x780090  	MOV	[W0], W1
0x0188	0x208080  	MOV	#lo_addr(_cont), W0
0x018A	0xE10810  	CP	W1, [W0]
0x018C	0x34003A  	BRA LE	L_tocar_forca87
L__tocar_forca185:
;LAB1_Q2.c,248 :: 		LATE=muxrelay[k];
0x018E	0x208B01  	MOV	#lo_addr(_muxrelay), W1
0x0190	0x208060  	MOV	#lo_addr(_k), W0
0x0192	0x408010  	ADD	W1, [W0], W0
0x0194	0x784010  	MOV.B	[W0], W0
0x0196	0xFB8000  	ZE	W0, W0
0x0198	0xB7A2DC  	MOV	WREG, LATE
;LAB1_Q2.c,249 :: 		Delay_ms(30);
0x019A	0x200038  	MOV	#3, W8
0x019C	0x270FF7  	MOV	#28927, W7
L_tocar_forca88:
0x019E	0xED200E  	DEC	W7
0x01A0	0x3AFFFE  	BRA NZ	L_tocar_forca88
0x01A2	0xED2010  	DEC	W8
0x01A4	0x3AFFFC  	BRA NZ	L_tocar_forca88
0x01A6	0x000000  	NOP
0x01A8	0x000000  	NOP
;LAB1_Q2.c,250 :: 		LATE=0xFE;
0x01AA	0x200FE0  	MOV	#254, W0
0x01AC	0xB7A2DC  	MOV	WREG, LATE
;LAB1_Q2.c,252 :: 		if (k<3){
0x01AE	0x804030  	MOV	_k, W0
0x01B0	0xE10063  	CP	W0, #3
0x01B2	0x3D0004  	BRA GE	L_tocar_forca90
L__tocar_forca186:
;LAB1_Q2.c,253 :: 		k++;
0x01B4	0x200011  	MOV	#1, W1
0x01B6	0x208060  	MOV	#lo_addr(_k), W0
0x01B8	0x408810  	ADD	W1, [W0], [W0]
;LAB1_Q2.c,254 :: 		}else{
0x01BA	0x370002  	BRA	L_tocar_forca91
L_tocar_forca90:
;LAB1_Q2.c,255 :: 		k=0;
0x01BC	0xEF2000  	CLR	W0
0x01BE	0x884030  	MOV	W0, _k
;LAB1_Q2.c,256 :: 		}
L_tocar_forca91:
;LAB1_Q2.c,264 :: 		for ( j = forca[cont]; j>0 ; j--) {
0x01C0	0x804040  	MOV	_cont, W0
0x01C2	0xDD00C1  	SL	W0, #1, W1
0x01C4	0x208380  	MOV	#lo_addr(_forca), W0
0x01C6	0x400001  	ADD	W0, W1, W0
0x01C8	0x780010  	MOV	[W0], W0
0x01CA	0x8845F0  	MOV	W0, _j
L_tocar_forca92:
0x01CC	0x8045F0  	MOV	_j, W0
0x01CE	0xE10060  	CP	W0, #0
0x01D0	0x340008  	BRA LE	L_tocar_forca93
L__tocar_forca187:
;LAB1_Q2.c,265 :: 		Delay_ms(1);
0x01D2	0x214D57  	MOV	#5333, W7
L_tocar_forca95:
0x01D4	0xED200E  	DEC	W7
0x01D6	0x3AFFFE  	BRA NZ	L_tocar_forca95
0x01D8	0x000000  	NOP
;LAB1_Q2.c,264 :: 		for ( j = forca[cont]; j>0 ; j--) {
0x01DA	0x200011  	MOV	#1, W1
0x01DC	0x208BE0  	MOV	#lo_addr(_j), W0
0x01DE	0x108810  	SUBR	W1, [W0], [W0]
;LAB1_Q2.c,266 :: 		}
0x01E0	0x37FFF5  	BRA	L_tocar_forca92
L_tocar_forca93:
;LAB1_Q2.c,268 :: 		if (cont<tamanhos[escolha-1]){
0x01E2	0x804570  	MOV	_escolha, W0
0x01E4	0xED2000  	DEC	W0
0x01E6	0xDD00C1  	SL	W0, #1, W1
0x01E8	0x208000  	MOV	#lo_addr(_tamanhos), W0
0x01EA	0x400001  	ADD	W0, W1, W0
0x01EC	0x780090  	MOV	[W0], W1
0x01EE	0x208080  	MOV	#lo_addr(_cont), W0
0x01F0	0xE10810  	CP	W1, [W0]
0x01F2	0x340004  	BRA LE	L_tocar_forca97
L__tocar_forca188:
;LAB1_Q2.c,269 :: 		cont++;
0x01F4	0x200011  	MOV	#1, W1
0x01F6	0x208080  	MOV	#lo_addr(_cont), W0
0x01F8	0x408810  	ADD	W1, [W0], [W0]
;LAB1_Q2.c,270 :: 		}else{
0x01FA	0x370002  	BRA	L_tocar_forca98
L_tocar_forca97:
;LAB1_Q2.c,271 :: 		cont = 0;
0x01FC	0xEF2000  	CLR	W0
0x01FE	0x884040  	MOV	W0, _cont
;LAB1_Q2.c,272 :: 		}
L_tocar_forca98:
;LAB1_Q2.c,274 :: 		}
0x0200	0x37FFBD  	BRA	L_tocar_forca86
L_tocar_forca87:
;LAB1_Q2.c,275 :: 		}
L_end_tocar_forca:
0x0202	0x060000  	RETURN
; end of _tocar_forca
_tocar_jb:
;LAB1_Q2.c,278 :: 		void tocar_jb(){
;LAB1_Q2.c,279 :: 		cont = 0;
0x0204	0xEF2000  	CLR	W0
0x0206	0x884040  	MOV	W0, _cont
;LAB1_Q2.c,280 :: 		while(cont<tamanhos[escolha - 1]){
L_tocar_jb99:
0x0208	0x804570  	MOV	_escolha, W0
0x020A	0xED2000  	DEC	W0
0x020C	0xDD00C1  	SL	W0, #1, W1
0x020E	0x208000  	MOV	#lo_addr(_tamanhos), W0
0x0210	0x400001  	ADD	W0, W1, W0
0x0212	0x780090  	MOV	[W0], W1
0x0214	0x208080  	MOV	#lo_addr(_cont), W0
0x0216	0xE10810  	CP	W1, [W0]
0x0218	0x34003B  	BRA LE	L_tocar_jb100
L__tocar_jb190:
;LAB1_Q2.c,283 :: 		LATE=muxrelay[k];
0x021A	0x208B01  	MOV	#lo_addr(_muxrelay), W1
0x021C	0x208060  	MOV	#lo_addr(_k), W0
0x021E	0x408010  	ADD	W1, [W0], W0
0x0220	0x784010  	MOV.B	[W0], W0
0x0222	0xFB8000  	ZE	W0, W0
0x0224	0xB7A2DC  	MOV	WREG, LATE
;LAB1_Q2.c,284 :: 		Delay_ms(30);
0x0226	0x200038  	MOV	#3, W8
0x0228	0x270FF7  	MOV	#28927, W7
L_tocar_jb101:
0x022A	0xED200E  	DEC	W7
0x022C	0x3AFFFE  	BRA NZ	L_tocar_jb101
0x022E	0xED2010  	DEC	W8
0x0230	0x3AFFFC  	BRA NZ	L_tocar_jb101
0x0232	0x000000  	NOP
0x0234	0x000000  	NOP
;LAB1_Q2.c,285 :: 		LATE=0xFE;
0x0236	0x200FE0  	MOV	#254, W0
0x0238	0xB7A2DC  	MOV	WREG, LATE
;LAB1_Q2.c,287 :: 		if (k<3){
0x023A	0x804030  	MOV	_k, W0
0x023C	0xE10063  	CP	W0, #3
0x023E	0x3D0004  	BRA GE	L_tocar_jb103
L__tocar_jb191:
;LAB1_Q2.c,288 :: 		k++;
0x0240	0x200011  	MOV	#1, W1
0x0242	0x208060  	MOV	#lo_addr(_k), W0
0x0244	0x408810  	ADD	W1, [W0], [W0]
;LAB1_Q2.c,289 :: 		}else{
0x0246	0x370002  	BRA	L_tocar_jb104
L_tocar_jb103:
;LAB1_Q2.c,290 :: 		k=0;
0x0248	0xEF2000  	CLR	W0
0x024A	0x884030  	MOV	W0, _k
;LAB1_Q2.c,291 :: 		}
L_tocar_jb104:
;LAB1_Q2.c,300 :: 		for ( j = jb[cont]+75; j>0 ; j--) {
0x024C	0x804040  	MOV	_cont, W0
0x024E	0xDD00C1  	SL	W0, #1, W1
0x0250	0x2080C0  	MOV	#lo_addr(_jb), W0
0x0252	0x400101  	ADD	W0, W1, W2
0x0254	0x2004B1  	MOV	#75, W1
0x0256	0x208BE0  	MOV	#lo_addr(_j), W0
0x0258	0x408812  	ADD	W1, [W2], [W0]
L_tocar_jb105:
0x025A	0x8045F0  	MOV	_j, W0
0x025C	0xE10060  	CP	W0, #0
0x025E	0x340008  	BRA LE	L_tocar_jb106
L__tocar_jb192:
;LAB1_Q2.c,301 :: 		Delay_ms(1);
0x0260	0x214D57  	MOV	#5333, W7
L_tocar_jb108:
0x0262	0xED200E  	DEC	W7
0x0264	0x3AFFFE  	BRA NZ	L_tocar_jb108
0x0266	0x000000  	NOP
;LAB1_Q2.c,300 :: 		for ( j = jb[cont]+75; j>0 ; j--) {
0x0268	0x200011  	MOV	#1, W1
0x026A	0x208BE0  	MOV	#lo_addr(_j), W0
0x026C	0x108810  	SUBR	W1, [W0], [W0]
;LAB1_Q2.c,302 :: 		}
0x026E	0x37FFF5  	BRA	L_tocar_jb105
L_tocar_jb106:
;LAB1_Q2.c,304 :: 		if (cont<tamanhos[escolha - 1]){
0x0270	0x804570  	MOV	_escolha, W0
0x0272	0xED2000  	DEC	W0
0x0274	0xDD00C1  	SL	W0, #1, W1
0x0276	0x208000  	MOV	#lo_addr(_tamanhos), W0
0x0278	0x400001  	ADD	W0, W1, W0
0x027A	0x780090  	MOV	[W0], W1
0x027C	0x208080  	MOV	#lo_addr(_cont), W0
0x027E	0xE10810  	CP	W1, [W0]
0x0280	0x340004  	BRA LE	L_tocar_jb110
L__tocar_jb193:
;LAB1_Q2.c,305 :: 		cont++;
0x0282	0x200011  	MOV	#1, W1
0x0284	0x208080  	MOV	#lo_addr(_cont), W0
0x0286	0x408810  	ADD	W1, [W0], [W0]
;LAB1_Q2.c,306 :: 		}else{
0x0288	0x370002  	BRA	L_tocar_jb111
L_tocar_jb110:
;LAB1_Q2.c,307 :: 		cont = 0;
0x028A	0xEF2000  	CLR	W0
0x028C	0x884040  	MOV	W0, _cont
;LAB1_Q2.c,308 :: 		}
L_tocar_jb111:
;LAB1_Q2.c,309 :: 		}
0x028E	0x37FFBC  	BRA	L_tocar_jb99
L_tocar_jb100:
;LAB1_Q2.c,310 :: 		}
L_end_tocar_jb:
0x0290	0x060000  	RETURN
; end of _tocar_jb
0x05EC	0x20800A  	MOV	#2048, W10
0x05EE	0x20000B  	MOV	#0, W11
0x05F0	0x090064  	REPEAT	#100
0x05F2	0x781D0B  	MOV	W11, [W10++]
0x05F4	0x060000  	RETURN
0x05F6	0x208001  	MOV	#lo_addr(_tamanhos), W1
0x05F8	0x285300  	MOV	#34096, W0
0x05FA	0x09005D  	REPEAT	#93
0x05FC	0x7818B0  	MOV	[W0++], [W1++]
0x05FE	0x060000  	RETURN
;LAB1_Q2.c,0 :: ?ICS_tamanhos [6]
0x0530	0x001F ;?ICS_tamanhos+0
0x0532	0x000F ;?ICS_tamanhos+2
0x0534	0x0016 ;?ICS_tamanhos+4
; end of ?ICS_tamanhos
;LAB1_Q2.c,0 :: ?ICS_k [2]
0x0536	0x0000 ;?ICS_k+0
; end of ?ICS_k
;LAB1_Q2.c,0 :: ?ICS_cont [2]
0x0538	0x0000 ;?ICS_cont+0
; end of ?ICS_cont
;LAB1_Q2.c,0 :: ?ICS_dist [2]
0x053A	0x0003 ;?ICS_dist+0
; end of ?ICS_dist
;LAB1_Q2.c,0 :: ?ICS_jb [44]
0x053C	0x0096 ;?ICS_jb+0
0x053E	0x0096 ;?ICS_jb+2
0x0540	0x012C ;?ICS_jb+4
0x0542	0x0096 ;?ICS_jb+6
0x0544	0x0096 ;?ICS_jb+8
0x0546	0x00FA ;?ICS_jb+10
0x0548	0x0096 ;?ICS_jb+12
0x054A	0x0096 ;?ICS_jb+14
0x054C	0x00C8 ;?ICS_jb+16
0x054E	0x004B ;?ICS_jb+18
0x0550	0x01F4 ;?ICS_jb+20
0x0552	0x0096 ;?ICS_jb+22
0x0554	0x0096 ;?ICS_jb+24
0x0556	0x012C ;?ICS_jb+26
0x0558	0x0096 ;?ICS_jb+28
0x055A	0x0096 ;?ICS_jb+30
0x055C	0x00FA ;?ICS_jb+32
0x055E	0x0096 ;?ICS_jb+34
0x0560	0x0096 ;?ICS_jb+36
0x0562	0x0096 ;?ICS_jb+38
0x0564	0x0096 ;?ICS_jb+40
0x0566	0x0320 ;?ICS_jb+42
; end of ?ICS_jb
;LAB1_Q2.c,0 :: ?ICS_forca [30]
0x0568	0x03E8 ;?ICS_forca+0
0x056A	0x03E8 ;?ICS_forca+2
0x056C	0x0096 ;?ICS_forca+4
0x056E	0x0096 ;?ICS_forca+6
0x0570	0x0096 ;?ICS_forca+8
0x0572	0x0258 ;?ICS_forca+10
0x0574	0x0320 ;?ICS_forca+12
0x0576	0x0096 ;?ICS_forca+14
0x0578	0x0096 ;?ICS_forca+16
0x057A	0x0096 ;?ICS_forca+18
0x057C	0x03E8 ;?ICS_forca+20
0x057E	0x0096 ;?ICS_forca+22
0x0580	0x0096 ;?ICS_forca+24
0x0582	0x0096 ;?ICS_forca+26
0x0584	0x07D0 ;?ICS_forca+28
; end of ?ICS_forca
;LAB1_Q2.c,0 :: ?ICS_marcha [62]
0x0586	0x01F4 ;?ICS_marcha+0
0x0588	0x01F4 ;?ICS_marcha+2
0x058A	0x01F4 ;?ICS_marcha+4
0x058C	0x015E ;?ICS_marcha+6
0x058E	0x0096 ;?ICS_marcha+8
0x0590	0x01F4 ;?ICS_marcha+10
0x0592	0x015E ;?ICS_marcha+12
0x0594	0x0096 ;?ICS_marcha+14
0x0596	0x03E8 ;?ICS_marcha+16
0x0598	0x01F4 ;?ICS_marcha+18
0x059A	0x01F4 ;?ICS_marcha+20
0x059C	0x01F4 ;?ICS_marcha+22
0x059E	0x015E ;?ICS_marcha+24
0x05A0	0x0096 ;?ICS_marcha+26
0x05A2	0x01F4 ;?ICS_marcha+28
0x05A4	0x015E ;?ICS_marcha+30
0x05A6	0x0096 ;?ICS_marcha+32
0x05A8	0x03E8 ;?ICS_marcha+34
0x05AA	0x01F4 ;?ICS_marcha+36
0x05AC	0x015E ;?ICS_marcha+38
0x05AE	0x0096 ;?ICS_marcha+40
0x05B0	0x01F4 ;?ICS_marcha+42
0x05B2	0x00FA ;?ICS_marcha+44
0x05B4	0x00FA ;?ICS_marcha+46
0x05B6	0x007D ;?ICS_marcha+48
0x05B8	0x007D ;?ICS_marcha+50
0x05BA	0x00FA ;?ICS_marcha+52
0x05BC	0x00FA ;?ICS_marcha+54
0x05BE	0x01F4 ;?ICS_marcha+56
0x05C0	0x00FA ;?ICS_marcha+58
0x05C2	0x00FA ;?ICS_marcha+60
; end of ?ICS_marcha
;LAB1_Q2.c,0 :: ?ICS_distval [12]
0x05C4	0x00C8 ;?ICS_distval+0
0x05C6	0x00B4 ;?ICS_distval+2
0x05C8	0x0078 ;?ICS_distval+4
0x05CA	0x0050 ;?ICS_distval+6
0x05CC	0x0032 ;?ICS_distval+8
0x05CE	0x0014 ;?ICS_distval+10
; end of ?ICS_distval
;LAB1_Q2.c,0 :: ?ICS_estado [2]
0x05D0	0x0000 ;?ICS_estado+0
; end of ?ICS_estado
;LAB1_Q2.c,0 :: ?ICS_seg7 [10]
0x05D2	0xF9C0 ;?ICS_seg7+0
0x05D4	0xB0A4 ;?ICS_seg7+2
0x05D6	0x9299 ;?ICS_seg7+4
0x05D8	0xF882 ;?ICS_seg7+6
0x05DA	0x9080 ;?ICS_seg7+8
; end of ?ICS_seg7
;LAB1_Q2.c,0 :: ?ICS_atual [2]
0x05DC	0x0000 ;?ICS_atual+0
; end of ?ICS_atual
;LAB1_Q2.c,0 :: ?ICS_escolha [2]
0x05DE	0x0000 ;?ICS_escolha+0
; end of ?ICS_escolha
;LAB1_Q2.c,0 :: ?ICS_muxrelay [4]
0x05E0	0xFAFC ;?ICS_muxrelay+0
0x05E2	0xEEF6 ;?ICS_muxrelay+2
; end of ?ICS_muxrelay
;LAB1_Q2.c,0 :: ?ICS_mux [8]
0x05E4	0x0007 ;?ICS_mux+0
0x05E6	0x00FB ;?ICS_mux+2
0x05E8	0x00FD ;?ICS_mux+4
0x05EA	0x00FE ;?ICS_mux+6
; end of ?ICS_mux
Symbol List:
//** Routines locations **
//ADDRESS    SIZE    PROCEDURE
//----------------------------------------------
0x0100     [120]    _tocar_marcha
0x0178     [140]    _tocar_forca
0x0204     [142]    _tocar_jb
0x0292     [100]    _mostra_display
0x02F6      [56]    _calcula_distancia
0x032E     [366]    _ativa_sensores
0x049C     [148]    _main
//** Variables locations ** 
//ADDRESS    SIZE    VARIABLE
//----------------------------------------------
0x02D2       [2]    TRISD
0x02D8       [2]    TRISE
0x02DE       [2]    TRISF
0x02C6       [2]    TRISB
0x02CA       [2]    LATB
0x02A8       [2]    ADPCFG
0x02DA       [2]    PORTE
0x08BC       [2]    _antigo
0x02E0       [2]    PORTF
0x02D4       [2]    PORTD
0x02DC       [2]    LATE
0x08BE       [2]    _j
0x08C0       [2]    _i
0x02D6       [2]    LATD
0x08C2       [8]    _d
0x0800       [6]    _tamanhos
0x0806       [2]    _k
0x0808       [2]    _cont
0x080A       [2]    _dist
0x080C      [44]    _jb
0x0838      [30]    _forca
0x0856      [62]    _marcha
0x0894      [12]    _distval
0x08A0       [2]    _estado
0x08A2      [10]    _seg7
0x08AC       [2]    _atual
0x08AE       [2]    _escolha
0x08B0       [4]    _muxrelay
0x08B4       [8]    _mux
0x02A8       [2]    ADPCFG
0x02C6       [2]    TRISB
0x02CA       [2]    LATB
0x02D2       [2]    TRISD
0x02D4       [2]    PORTD
0x02D6       [2]    LATD
0x02D8       [2]    TRISE
0x02DA       [2]    PORTE
0x02DC       [2]    LATE
0x02DE       [2]    TRISF
0x02E0       [2]    PORTF
//** Constants locations ** 
//ADDRESS    SIZE    CONSTANT
//----------------------------------------------
0x0530       [6]    ?ICS_tamanhos
0x0536       [2]    ?ICS_k
0x0538       [2]    ?ICS_cont
0x053A       [2]    ?ICS_dist
0x053C      [44]    ?ICS_jb
0x0568      [30]    ?ICS_forca
0x0586      [62]    ?ICS_marcha
0x05C4      [12]    ?ICS_distval
0x05D0       [2]    ?ICS_estado
0x05D2      [10]    ?ICS_seg7
0x05DC       [2]    ?ICS_atual
0x05DE       [2]    ?ICS_escolha
0x05E0       [4]    ?ICS_muxrelay
0x05E4       [8]    ?ICS_mux
