;  LST file generated by mikroListExporter - v.2.0 
; Date/Time: 15/02/2020 18:01:46
;----------------------------------------------

;Address Opcode 	ASM
0x0000	0x000000040390  	GOTO	_main
0x0004	0x000000  	0
0x0006	0x000000  	0
0x0008	0x000000  	0
0x000A	0x000000  	0
0x000C	0x000000  	0
0x000E	0x000000  	0
0x0010	0x000000  	0
0x0012	0x000000  	0
0x0014	0x000350  	848
0x0016	0x000000  	0
0x0018	0x000000  	0
0x001A	0x00032E  	814
0x001C	0x000000  	0
0x001E	0x000000  	0
0x0020	0x000000  	0
0x0022	0x000312  	786
0x0024	0x000000  	0
0x0026	0x000000  	0
0x0028	0x000000  	0
0x002A	0x0004A0  	1184
0x002C	0x000000  	0
0x002E	0x000000  	0
0x0030	0x000000  	0
0x0032	0x000000  	0
0x0034	0x000000  	0
0x0036	0x000000  	0
0x0038	0x000000  	0
0x003A	0x000000  	0
0x003C	0x000000  	0
0x003E	0x000000  	0
0x0040	0x000000  	0
0x0042	0x000470  	1136
0x0044	0x000000  	0
0x0046	0x000000  	0
0x0048	0x000000  	0
0x004A	0x000000  	0
0x004C	0x000000  	0
0x004E	0x000000  	0
0x0050	0x000000  	0
0x0052	0x000000  	0
0x0054	0x000000  	0
0x0056	0x000000  	0
0x0058	0x000000  	0
0x005A	0x000000  	0
0x005C	0x000000  	0
0x005E	0x000000  	0
0x0060	0x000000  	0
0x0062	0x000000  	0
0x0064	0x000000  	0
0x0066	0x000000  	0
0x0068	0x000000  	0
0x006A	0x000000  	0
0x006C	0x000000  	0
0x006E	0x000000  	0
0x0070	0x000000  	0
0x0072	0x000000  	0
0x0074	0x000000  	0
0x0076	0x000000  	0
0x0078	0x000000  	0
0x007A	0x000000  	0
0x007C	0x000000  	0
0x007E	0x000000  	0
0x0080	0x000000  	0
0x0082	0x000000  	0
0x0084	0x000000  	0
0x0086	0x000000  	0
0x0088	0x000000  	0
0x008A	0x000000  	0
0x008C	0x000000  	0
0x008E	0x000000  	0
0x0090	0x000000  	0
0x0092	0x000000  	0
0x0094	0x000000  	0
0x0096	0x000000  	0
0x0098	0x000000  	0
0x009A	0x000000  	0
0x009C	0x000000  	0
0x009E	0x000000  	0
0x00A0	0x000000  	0
0x00A2	0x000000  	0
0x00A4	0x000000  	0
0x00A6	0x000000  	0
0x00A8	0x000000  	0
0x00AA	0x000000  	0
0x00AC	0x000000  	0
0x00AE	0x000000  	0
0x00B0	0x000000  	0
0x00B2	0x000000  	0
0x00B4	0x000000  	0
0x00B6	0x000000  	0
0x00B8	0x000000  	0
0x00BA	0x000000  	0
0x00BC	0x000000  	0
0x00BE	0x000000  	0
0x00C0	0x000000  	0
0x00C2	0x000000  	0
0x00C4	0x000000  	0
0x00C6	0x000000  	0
0x00C8	0x000000  	0
0x00CA	0x000000  	0
0x00CC	0x000000  	0
0x00CE	0x000000  	0
0x00D0	0x000000  	0
0x00D2	0x000000  	0
0x00D4	0x000000  	0
0x00D6	0x000000  	0
0x00D8	0x000000  	0
0x00DA	0x000000  	0
0x00DC	0x000000  	0
0x00DE	0x000000  	0
0x00E0	0x000000  	0
0x00E2	0x000000  	0
0x00E4	0x000000  	0
0x00E6	0x000000  	0
0x00E8	0x000000  	0
0x00EA	0x000000  	0
0x00EC	0x000000  	0
0x00EE	0x000000  	0
0x00F0	0x000000  	0
0x00F2	0x000000  	0
0x00F4	0x000000  	0
0x00F6	0x000000  	0
0x00F8	0x000000  	0
0x00FA	0x000000  	0
0x00FC	0x000000  	0
0x00FE	0x000000  	0
_main:
0x0390	0x20844F  	MOV	#2116, W15
0x0392	0x20FFF0  	MOV	#4095, W0
0x0394	0xB7A020  	MOV	WREG, SPLIM
0x0396	0x200000  	MOV	#0, W0
0x0398	0xB7A034  	MOV	WREG, PSVPAG
0x039A	0x200040  	MOV	#4, W0
0x039C	0xB72044  	IOR	CORCON
0x039E	0x000000020536  	CALL	1334
0x03A2	0x000000020540  	CALL	1344
;Q1.c,126 :: 		int main() {
;Q1.c,128 :: 		ADPCFG = 0xFFFF;
0x03A6	0x781F8A  	PUSH	W10
0x03A8	0x781F8B  	PUSH	W11
0x03AA	0x781F8C  	PUSH	W12
0x03AC	0x2FFFF0  	MOV	#65535, W0
0x03AE	0xB7A2A8  	MOV	WREG, ADPCFG
;Q1.c,129 :: 		ADPCFGbits.PCFG2 = 0;
0x03B0	0xA942A8  	BCLR.B	ADPCFGbits, #2
;Q1.c,130 :: 		ADPCFGbits.PCFG5 = 0;
0x03B2	0xA9A2A8  	BCLR.B	ADPCFGbits, #5
;Q1.c,131 :: 		ADPCFGbits.PCFG7 = 0;
0x03B4	0xA9E2A8  	BCLR.B	ADPCFGbits, #7
;Q1.c,133 :: 		TRISB = 0;
0x03B6	0xEF22C6  	CLR	TRISB
;Q1.c,134 :: 		porta_LDR = 1;
0x03B8	0xA8A2CA  	BSET.B	LATBbits, #5
;Q1.c,135 :: 		porta_potenciometro = 1;
0x03BA	0xA8E2CA  	BSET.B	LATBbits, #7
;Q1.c,136 :: 		porta_temperatura = 1;
0x03BC	0xA842CA  	BSET.B	LATBbits, #2
;Q1.c,138 :: 		TRISD = 0;
0x03BE	0xEF22D2  	CLR	TRISD
;Q1.c,139 :: 		TRISDbits.TRISD1 = 1;
0x03C0	0xA822D2  	BSET.B	TRISDbits, #1
;Q1.c,140 :: 		TRISEbits.TRISE8 = 1;
0x03C2	0xA802D9  	BSET	TRISEbits, #8
;Q1.c,141 :: 		IEC0bits.INT0IE = 1;//Ativando interrupçao do botao
0x03C4	0xA8008C  	BSET.B	IEC0bits, #0
;Q1.c,142 :: 		IEC1bits.INT2IE = 1;
0x03C6	0xA8E08E  	BSET.B	IEC1bits, #7
;Q1.c,143 :: 		IEC0bits.T1IE = 1;
0x03C8	0xA8608C  	BSET.B	IEC0bits, #3
;Q1.c,144 :: 		IEC0bits.T3IE = 1;
0x03CA	0xA8E08C  	BSET.B	IEC0bits, #7
;Q1.c,146 :: 		T1CON = 0x8030;
0x03CC	0x280300  	MOV	#32816, W0
0x03CE	0xB7A104  	MOV	WREG, T1CON
;Q1.c,147 :: 		PR1 = 31250;
0x03D0	0x27A120  	MOV	#31250, W0
0x03D2	0xB7A102  	MOV	WREG, PR1
;Q1.c,148 :: 		IFS0 = 0;
0x03D4	0xEF2084  	CLR	IFS0
;Q1.c,150 :: 		ADCHS = 0;
0x03D6	0xEF22A6  	CLR	ADCHS
;Q1.c,152 :: 		ADCHSbits.CH0SA = 2;
0x03D8	0xB3C020  	MOV.B	#2, W0
0x03DA	0x784080  	MOV.B	W0, W1
0x03DC	0x202A60  	MOV	#lo_addr(ADCHSbits), W0
0x03DE	0x68C090  	XOR.B	W1, [W0], W1
0x03E0	0x60C0EF  	AND.B	W1, #15, W1
0x03E2	0x202A60  	MOV	#lo_addr(ADCHSbits), W0
0x03E4	0x68C090  	XOR.B	W1, [W0], W1
0x03E6	0x202A60  	MOV	#lo_addr(ADCHSbits), W0
0x03E8	0x784801  	MOV.B	W1, [W0]
;Q1.c,154 :: 		ADCSSL = 0;
0x03EA	0xEF22AA  	CLR	ADCSSL
;Q1.c,156 :: 		ADCON1 = 0x0000;
0x03EC	0xEF22A0  	CLR	ADCON1
;Q1.c,158 :: 		ADCON1bits.ASAM = 1;
0x03EE	0xA842A0  	BSET.B	ADCON1bits, #2
;Q1.c,159 :: 		ADCON1bits.SSRC = 0b010;
0x03F0	0xB3C400  	MOV.B	#64, W0
0x03F2	0x784080  	MOV.B	W0, W1
0x03F4	0x202A00  	MOV	#lo_addr(ADCON1bits), W0
0x03F6	0x68C090  	XOR.B	W1, [W0], W1
0x03F8	0xB3CE00  	MOV.B	#224, W0
0x03FA	0x60C080  	AND.B	W1, W0, W1
0x03FC	0x202A00  	MOV	#lo_addr(ADCON1bits), W0
0x03FE	0x68C090  	XOR.B	W1, [W0], W1
0x0400	0x202A00  	MOV	#lo_addr(ADCON1bits), W0
0x0402	0x784801  	MOV.B	W1, [W0]
;Q1.c,161 :: 		ADCON2 = 0x0000;
0x0404	0xEF22A2  	CLR	ADCON2
;Q1.c,163 :: 		ADCON2bits.SMPI0 = 1;
0x0406	0xA842A2  	BSET.B	ADCON2bits, #2
;Q1.c,164 :: 		ADCON2bits.SMPI1 = 1;
0x0408	0xA862A2  	BSET.B	ADCON2bits, #3
;Q1.c,165 :: 		ADCON2bits.SMPI2 = 1;
0x040A	0xA882A2  	BSET.B	ADCON2bits, #4
;Q1.c,166 :: 		ADCON2bits.SMPI3 = 1;
0x040C	0xA8A2A2  	BSET.B	ADCON2bits, #5
;Q1.c,168 :: 		ADCON3 = 0x0000;
0x040E	0xEF22A4  	CLR	ADCON3
;Q1.c,169 :: 		ADCON3bits.ADCS = 7;
0x0410	0xB3C070  	MOV.B	#7, W0
0x0412	0x784080  	MOV.B	W0, W1
0x0414	0x202A40  	MOV	#lo_addr(ADCON3bits), W0
0x0416	0x68C090  	XOR.B	W1, [W0], W1
0x0418	0xB3C3F0  	MOV.B	#63, W0
0x041A	0x60C080  	AND.B	W1, W0, W1
0x041C	0x202A40  	MOV	#lo_addr(ADCON3bits), W0
0x041E	0x68C090  	XOR.B	W1, [W0], W1
0x0420	0x202A40  	MOV	#lo_addr(ADCON3bits), W0
0x0422	0x784801  	MOV.B	W1, [W0]
;Q1.c,172 :: 		TMR3 = 0x0000;
0x0424	0xEF210A  	CLR	TMR3
;Q1.c,173 :: 		PR3  =  500;
0x0426	0x201F40  	MOV	#500, W0
0x0428	0xB7A10E  	MOV	WREG, PR3
;Q1.c,174 :: 		T3CON = 0x8010;
0x042A	0x280100  	MOV	#32784, W0
0x042C	0xB7A112  	MOV	WREG, T3CON
;Q1.c,176 :: 		Lcd_Init();                        // Initialize LCD
0x042E	0x07FF06  	RCALL	_Lcd_Init
;Q1.c,177 :: 		Lcd_Cmd(_LCD_CLEAR);               // Clear display
0x0430	0xB3C01A  	MOV.B	#1, W10
0x0432	0x07FF39  	RCALL	_Lcd_Cmd
;Q1.c,178 :: 		Lcd_Cmd(_LCD_CURSOR_OFF);          // Cursor off
0x0434	0xB3C0CA  	MOV.B	#12, W10
0x0436	0x07FF37  	RCALL	_Lcd_Cmd
;Q1.c,180 :: 		ADCON1bits.ADON = 1;
0x0438	0xA8E2A1  	BSET	ADCON1bits, #15
;Q1.c,181 :: 		ADCON1bits.SAMP = 1;
0x043A	0xA822A0  	BSET.B	ADCON1bits, #1
;Q1.c,182 :: 		while(1){
L_main10:
;Q1.c,245 :: 		IntToStr(convertido[0],txt4);
0x043C	0x20830B  	MOV	#lo_addr(_txt4), W11
0x043E	0x80403A  	MOV	_convertido, W10
0x0440	0x07FED5  	RCALL	_IntToStr
;Q1.c,246 :: 		IntToStr(convertido[1],txt2);
0x0442	0x20820B  	MOV	#lo_addr(_txt2), W11
0x0444	0x80404A  	MOV	_convertido+2, W10
0x0446	0x07FED2  	RCALL	_IntToStr
;Q1.c,247 :: 		IntToStr(convertido[2],txt3);
0x0448	0x20810B  	MOV	#lo_addr(_txt3), W11
0x044A	0x80405A  	MOV	_convertido+4, W10
0x044C	0x07FECF  	RCALL	_IntToStr
;Q1.c,249 :: 		Lcd_Out(1,1,txt4);
0x044E	0x20830C  	MOV	#lo_addr(_txt4), W12
0x0450	0x20001B  	MOV	#1, W11
0x0452	0x20001A  	MOV	#1, W10
0x0454	0x07FE9E  	RCALL	_Lcd_Out
;Q1.c,250 :: 		Lcd_Out(1,8,txt2);
0x0456	0x20820C  	MOV	#lo_addr(_txt2), W12
0x0458	0x20008B  	MOV	#8, W11
0x045A	0x20001A  	MOV	#1, W10
0x045C	0x07FE9A  	RCALL	_Lcd_Out
;Q1.c,251 :: 		Lcd_Out(2,1,txt3);
0x045E	0x20810C  	MOV	#lo_addr(_txt3), W12
0x0460	0x20001B  	MOV	#1, W11
0x0462	0x20002A  	MOV	#2, W10
0x0464	0x07FE96  	RCALL	_Lcd_Out
;Q1.c,254 :: 		}
0x0466	0x37FFEA  	BRA	L_main10
;Q1.c,255 :: 		}
L_end_main:
0x0468	0x78064F  	POP	W12
0x046A	0x7805CF  	POP	W11
0x046C	0x78054F  	POP	W10
L__main_end_loop:
0x046E	0x37FFFF  	BRA	L__main_end_loop
; end of _main
_Lcd_Init:
0x023C	0xFA0000  	LNK	#0
;__Lib_Lcd.c,105 :: 		
;__Lib_Lcd.c,107 :: 		
0x023E	0x07FF9C  	RCALL	_Delay_8ms
0x0240	0x07FF9B  	RCALL	_Delay_8ms
;__Lib_Lcd.c,109 :: 		
0x0242	0xA982D8  	BCLR	LCD_EN_Direction, BitPos(LCD_EN_Direction+0)
;__Lib_Lcd.c,110 :: 		
0x0244	0xA9A2D8  	BCLR	LCD_RS_Direction, BitPos(LCD_RS_Direction+0)
;__Lib_Lcd.c,111 :: 		
0x0246	0xA962D8  	BCLR	LCD_D4_Direction, BitPos(LCD_D4_Direction+0)
;__Lib_Lcd.c,112 :: 		
0x0248	0xA942D8  	BCLR	LCD_D5_Direction, BitPos(LCD_D5_Direction+0)
;__Lib_Lcd.c,113 :: 		
0x024A	0xA922D8  	BCLR	LCD_D6_Direction, BitPos(LCD_D6_Direction+0)
;__Lib_Lcd.c,114 :: 		
0x024C	0xA902D8  	BCLR	LCD_D7_Direction, BitPos(LCD_D7_Direction+0)
;__Lib_Lcd.c,116 :: 		
0x024E	0xA982DC  	BCLR	LCD_EN, BitPos(LCD_EN+0)
;__Lib_Lcd.c,117 :: 		
0x0250	0xA9A2DC  	BCLR	LCD_RS, BitPos(LCD_RS+0)
;__Lib_Lcd.c,118 :: 		
0x0252	0xA902DC  	BCLR	LCD_D7, BitPos(LCD_D7+0)
;__Lib_Lcd.c,119 :: 		
0x0254	0xA922DC  	BCLR	LCD_D6, BitPos(LCD_D6+0)
;__Lib_Lcd.c,120 :: 		
0x0256	0xA942DC  	BCLR	LCD_D5, BitPos(LCD_D5+0)
;__Lib_Lcd.c,121 :: 		
0x0258	0xA962DC  	BCLR	LCD_D4, BitPos(LCD_D4+0)
;__Lib_Lcd.c,130 :: 		
0x025A	0xA842DC  	BSET	LCD_D5, BitPos(LCD_D5+0)
;__Lib_Lcd.c,131 :: 		
0x025C	0xA862DC  	BSET	LCD_D4, BitPos(LCD_D4+0)
;__Lib_Lcd.c,132 :: 		
0x025E	0x07FF92  	RCALL	__Lib_Lcd_Strobe
;__Lib_Lcd.c,133 :: 		
0x0260	0x07FF54  	RCALL	_Delay_5500us
;__Lib_Lcd.c,136 :: 		
0x0262	0x07FF90  	RCALL	__Lib_Lcd_Strobe
;__Lib_Lcd.c,137 :: 		
0x0264	0x07FF52  	RCALL	_Delay_5500us
;__Lib_Lcd.c,140 :: 		
0x0266	0x07FF8E  	RCALL	__Lib_Lcd_Strobe
;__Lib_Lcd.c,141 :: 		
0x0268	0x07FF50  	RCALL	_Delay_5500us
;__Lib_Lcd.c,144 :: 		
0x026A	0xA962DC  	BCLR	LCD_D4, BitPos(LCD_D4+0)
;__Lib_Lcd.c,145 :: 		
0x026C	0x07FF8B  	RCALL	__Lib_Lcd_Strobe
;__Lib_Lcd.c,146 :: 		
0x026E	0x07FF4D  	RCALL	_Delay_5500us
;__Lib_Lcd.c,149 :: 		
0x0270	0x07FF89  	RCALL	__Lib_Lcd_Strobe
;__Lib_Lcd.c,151 :: 		
0x0272	0xA942DC  	BCLR	LCD_D5, BitPos(LCD_D5+0)
;__Lib_Lcd.c,152 :: 		
0x0274	0xA802DC  	BSET	LCD_D7, BitPos(LCD_D7+0)
;__Lib_Lcd.c,153 :: 		
0x0276	0x07FF86  	RCALL	__Lib_Lcd_Strobe
;__Lib_Lcd.c,154 :: 		
0x0278	0x07FF48  	RCALL	_Delay_5500us
;__Lib_Lcd.c,157 :: 		
0x027A	0xA902DC  	BCLR	LCD_D7, BitPos(LCD_D7+0)
;__Lib_Lcd.c,158 :: 		
0x027C	0xA862DC  	BSET	LCD_D4, BitPos(LCD_D4+0)
;__Lib_Lcd.c,159 :: 		
0x027E	0x07FF82  	RCALL	__Lib_Lcd_Strobe
;__Lib_Lcd.c,161 :: 		
0x0280	0xA962DC  	BCLR	LCD_D4, BitPos(LCD_D4+0)
;__Lib_Lcd.c,162 :: 		
0x0282	0x07FF80  	RCALL	__Lib_Lcd_Strobe
;__Lib_Lcd.c,163 :: 		
0x0284	0x07FF42  	RCALL	_Delay_5500us
;__Lib_Lcd.c,166 :: 		
0x0286	0x07FF7E  	RCALL	__Lib_Lcd_Strobe
;__Lib_Lcd.c,168 :: 		
0x0288	0xA862DC  	BSET	LCD_D4, BitPos(LCD_D4+0)
;__Lib_Lcd.c,169 :: 		
0x028A	0x07FF7C  	RCALL	__Lib_Lcd_Strobe
;__Lib_Lcd.c,170 :: 		
0x028C	0x07FF3E  	RCALL	_Delay_5500us
;__Lib_Lcd.c,173 :: 		
0x028E	0xA962DC  	BCLR	LCD_D4, BitPos(LCD_D4+0)
;__Lib_Lcd.c,174 :: 		
0x0290	0x07FF79  	RCALL	__Lib_Lcd_Strobe
;__Lib_Lcd.c,176 :: 		
0x0292	0xA802DC  	BSET	LCD_D7, BitPos(LCD_D7+0)
;__Lib_Lcd.c,177 :: 		
0x0294	0xA822DC  	BSET	LCD_D6, BitPos(LCD_D6+0)
;__Lib_Lcd.c,178 :: 		
0x0296	0xA842DC  	BSET	LCD_D5, BitPos(LCD_D5+0)
;__Lib_Lcd.c,179 :: 		
0x0298	0xA862DC  	BSET	LCD_D4, BitPos(LCD_D4+0)
;__Lib_Lcd.c,180 :: 		
0x029A	0x07FF74  	RCALL	__Lib_Lcd_Strobe
;__Lib_Lcd.c,181 :: 		
0x029C	0x07FF36  	RCALL	_Delay_5500us
;__Lib_Lcd.c,183 :: 		
0x029E	0x2080E0  	MOV	#lo_addr(__Lib_Lcd_cmd_status), W0
0x02A0	0xA00010  	BSET	[W0], BitPos(__Lib_Lcd_cmd_status+0)
;__Lib_Lcd.c,184 :: 		
L_end_Lcd_Init:
0x02A2	0xFA8000  	ULNK
0x02A4	0x060000  	RETURN
; end of _Lcd_Init
_Delay_8ms:
;__Lib_Delays.c,614 :: 		void Delay_8ms()
;__Lib_Delays.c,616 :: 		Delay_ms(8);
0x0178	0x2A6AA7  	MOV	#42666, W7
L_Delay_8ms29:
0x017A	0xED200E  	DEC	W7
0x017C	0x3AFFFE  	BRA NZ	L_Delay_8ms29
0x017E	0x000000  	NOP
0x0180	0x000000  	NOP
;__Lib_Delays.c,617 :: 		}
L_end_Delay_8ms:
0x0182	0x060000  	RETURN
; end of _Delay_8ms
__Lib_Lcd_Strobe:
0x0184	0xFA0000  	LNK	#0
;__Lib_Lcd.c,26 :: 		
;__Lib_Lcd.c,27 :: 		
0x0186	0xA882DC  	BSET	LCD_EN, BitPos(LCD_EN+0)
;__Lib_Lcd.c,28 :: 		
0x0188	0x07FFBB  	RCALL	_Delay_1us
;__Lib_Lcd.c,29 :: 		
0x018A	0xA982DC  	BCLR	LCD_EN, BitPos(LCD_EN+0)
;__Lib_Lcd.c,30 :: 		
0x018C	0x07FFB9  	RCALL	_Delay_1us
;__Lib_Lcd.c,31 :: 		
L_end_Strobe:
0x018E	0xFA8000  	ULNK
0x0190	0x060000  	RETURN
; end of __Lib_Lcd_Strobe
_Delay_1us:
;__Lib_Delays.c,380 :: 		void Delay_1us()
;__Lib_Delays.c,382 :: 		Delay_us(1);
0x0100	0x200057  	MOV	#5, W7
L_Delay_1us11:
0x0102	0xED200E  	DEC	W7
0x0104	0x3AFFFE  	BRA NZ	L_Delay_1us11
0x0106	0x000000  	NOP
;__Lib_Delays.c,383 :: 		}
L_end_Delay_1us:
0x0108	0x060000  	RETURN
; end of _Delay_1us
_Delay_5500us:
;__Lib_Delays.c,536 :: 		void Delay_5500us()
;__Lib_Delays.c,538 :: 		Delay_us(5500);
0x010A	0x272957  	MOV	#29333, W7
L_Delay_5500us23:
0x010C	0xED200E  	DEC	W7
0x010E	0x3AFFFE  	BRA NZ	L_Delay_5500us23
0x0110	0x000000  	NOP
;__Lib_Delays.c,539 :: 		}
L_end_Delay_5500us:
0x0112	0x060000  	RETURN
; end of _Delay_5500us
_Lcd_Cmd:
0x02A6	0xFA0000  	LNK	#0
;__Lib_Lcd.c,38 :: 		
;__Lib_Lcd.c,40 :: 		
; loc_word start address is: 2 (W1)
0x02A8	0xFB808A  	ZE	W10, W1
;__Lib_Lcd.c,42 :: 		
0x02AA	0xAEE002  	BTSS	W1, #7
0x02AC	0xA902DC  	BCLR	LCD_D7, BitPos(LCD_D7+0)
0x02AE	0xAFE002  	BTSC	W1, #7
0x02B0	0xA802DC  	BSET	LCD_D7, BitPos(LCD_D7+0)
;__Lib_Lcd.c,43 :: 		
0x02B2	0xAEC002  	BTSS	W1, #6
0x02B4	0xA922DC  	BCLR	LCD_D6, BitPos(LCD_D6+0)
0x02B6	0xAFC002  	BTSC	W1, #6
0x02B8	0xA822DC  	BSET	LCD_D6, BitPos(LCD_D6+0)
;__Lib_Lcd.c,44 :: 		
0x02BA	0xAEA002  	BTSS	W1, #5
0x02BC	0xA942DC  	BCLR	LCD_D5, BitPos(LCD_D5+0)
0x02BE	0xAFA002  	BTSC	W1, #5
0x02C0	0xA842DC  	BSET	LCD_D5, BitPos(LCD_D5+0)
;__Lib_Lcd.c,45 :: 		
0x02C2	0xAE8002  	BTSS	W1, #4
0x02C4	0xA962DC  	BCLR	LCD_D4, BitPos(LCD_D4+0)
0x02C6	0xAF8002  	BTSC	W1, #4
0x02C8	0xA862DC  	BSET	LCD_D4, BitPos(LCD_D4+0)
;__Lib_Lcd.c,47 :: 		
0x02CA	0x2080E0  	MOV	#lo_addr(__Lib_Lcd_cmd_status), W0
0x02CC	0xA60010  	BTSS	[W0], BitPos(__Lib_Lcd_cmd_status+0)
0x02CE	0xA8A2DC  	BSET	LCD_RS, BitPos(LCD_RS+0)
0x02D0	0xA70010  	BTSC	[W0], BitPos(__Lib_Lcd_cmd_status+0)
0x02D2	0xA9A2DC  	BCLR	LCD_RS, BitPos(LCD_RS+0)
;__Lib_Lcd.c,49 :: 		
0x02D4	0x07FF57  	RCALL	__Lib_Lcd_Strobe
;__Lib_Lcd.c,51 :: 		
0x02D6	0xAE6002  	BTSS	W1, #3
0x02D8	0xA902DC  	BCLR	LCD_D7, BitPos(LCD_D7+0)
0x02DA	0xAF6002  	BTSC	W1, #3
0x02DC	0xA802DC  	BSET	LCD_D7, BitPos(LCD_D7+0)
;__Lib_Lcd.c,52 :: 		
0x02DE	0xAE4002  	BTSS	W1, #2
0x02E0	0xA922DC  	BCLR	LCD_D6, BitPos(LCD_D6+0)
0x02E2	0xAF4002  	BTSC	W1, #2
0x02E4	0xA822DC  	BSET	LCD_D6, BitPos(LCD_D6+0)
;__Lib_Lcd.c,53 :: 		
0x02E6	0xAE2002  	BTSS	W1, #1
0x02E8	0xA942DC  	BCLR	LCD_D5, BitPos(LCD_D5+0)
0x02EA	0xAF2002  	BTSC	W1, #1
0x02EC	0xA842DC  	BSET	LCD_D5, BitPos(LCD_D5+0)
;__Lib_Lcd.c,54 :: 		
0x02EE	0xAE0002  	BTSS	W1, #0
0x02F0	0xA962DC  	BCLR	LCD_D4, BitPos(LCD_D4+0)
0x02F2	0xAF0002  	BTSC	W1, #0
0x02F4	0xA862DC  	BSET	LCD_D4, BitPos(LCD_D4+0)
; loc_word end address is: 2 (W1)
;__Lib_Lcd.c,56 :: 		
0x02F6	0x2080E0  	MOV	#lo_addr(__Lib_Lcd_cmd_status), W0
0x02F8	0xA60010  	BTSS	[W0], BitPos(__Lib_Lcd_cmd_status+0)
0x02FA	0xA8A2DC  	BSET	LCD_RS, BitPos(LCD_RS+0)
0x02FC	0xA70010  	BTSC	[W0], BitPos(__Lib_Lcd_cmd_status+0)
0x02FE	0xA9A2DC  	BCLR	LCD_RS, BitPos(LCD_RS+0)
;__Lib_Lcd.c,58 :: 		
0x0300	0x07FF41  	RCALL	__Lib_Lcd_Strobe
;__Lib_Lcd.c,60 :: 		
0x0302	0x2080E0  	MOV	#lo_addr(__Lib_Lcd_cmd_status), W0
0x0304	0xA60010  	BTSS	[W0], BitPos(__Lib_Lcd_cmd_status+0)
0x0306	0x370002  	BRA	L_Lcd_Cmd0
;__Lib_Lcd.c,61 :: 		
0x0308	0x07FF00  	RCALL	_Delay_5500us
0x030A	0x370001  	BRA	L_Lcd_Cmd1
L_Lcd_Cmd0:
;__Lib_Lcd.c,63 :: 		
0x030C	0x07FF03  	RCALL	_Delay_50us
L_Lcd_Cmd1:
;__Lib_Lcd.c,64 :: 		
L_end_Lcd_Cmd:
0x030E	0xFA8000  	ULNK
0x0310	0x060000  	RETURN
; end of _Lcd_Cmd
_Delay_50us:
;__Lib_Delays.c,458 :: 		void Delay_50us()
;__Lib_Delays.c,460 :: 		Delay_us(50);
0x0114	0x2010A7  	MOV	#266, W7
L_Delay_50us17:
0x0116	0xED200E  	DEC	W7
0x0118	0x3AFFFE  	BRA NZ	L_Delay_50us17
0x011A	0x000000  	NOP
0x011C	0x000000  	NOP
;__Lib_Delays.c,461 :: 		}
L_end_Delay_50us:
0x011E	0x060000  	RETURN
; end of _Delay_50us
_IntToStr:
0x01EC	0xFA0000  	LNK	#0
;__Lib_Conversions.c,195 :: 		
;__Lib_Conversions.c,201 :: 		
0x01EE	0x781F8A  	PUSH	W10
; negative start address is: 8 (W4)
0x01F0	0xEF2008  	CLR	W4
;__Lib_Conversions.c,202 :: 		
; inword start address is: 0 (W0)
0x01F2	0x78000A  	MOV	W10, W0
;__Lib_Conversions.c,203 :: 		
0x01F4	0xE15060  	CP	W10, #0
0x01F6	0x3D0003  	BRA GE	L__IntToStr113
L__IntToStr156:
; inword end address is: 0 (W0)
;__Lib_Conversions.c,204 :: 		
0x01F8	0x200014  	MOV	#1, W4
;__Lib_Conversions.c,205 :: 		
; inword start address is: 0 (W0)
0x01FA	0x150060  	SUBR	W10, #0, W0
; inword end address is: 0 (W0)
; negative end address is: 8 (W4)
;__Lib_Conversions.c,206 :: 		
0x01FC	0x370000  	BRA	L_IntToStr37
L__IntToStr113:
;__Lib_Conversions.c,203 :: 		
;__Lib_Conversions.c,206 :: 		
L_IntToStr37:
;__Lib_Conversions.c,207 :: 		
; inword start address is: 0 (W0)
; negative start address is: 8 (W4)
0x01FE	0x780500  	MOV	W0, W10
; inword end address is: 0 (W0)
0x0200	0x07FF8F  	RCALL	_WordToStr
;__Lib_Conversions.c,209 :: 		
; i start address is: 6 (W3)
0x0202	0x200063  	MOV	#6, W3
; negative end address is: 8 (W4)
; i end address is: 6 (W3)
0x0204	0x780104  	MOV	W4, W2
;__Lib_Conversions.c,210 :: 		
L_IntToStr38:
; i start address is: 6 (W3)
; negative start address is: 4 (W2)
0x0206	0xE11860  	CP	W3, #0
0x0208	0x360006  	BRA LEU	L_IntToStr39
L__IntToStr157:
;__Lib_Conversions.c,211 :: 		
0x020A	0x458083  	ADD	W11, W3, W1
0x020C	0x518061  	SUB	W3, #1, W0
0x020E	0x458000  	ADD	W11, W0, W0
0x0210	0x784890  	MOV.B	[W0], [W1]
;__Lib_Conversions.c,212 :: 		
0x0212	0xED2006  	DEC	W3
;__Lib_Conversions.c,213 :: 		
; i end address is: 6 (W3)
0x0214	0x37FFF8  	BRA	L_IntToStr38
L_IntToStr39:
;__Lib_Conversions.c,214 :: 		
0x0216	0xB3C200  	MOV.B	#32, W0
0x0218	0x784D80  	MOV.B	W0, [W11]
;__Lib_Conversions.c,215 :: 		
0x021A	0xE20004  	CP0	W2
0x021C	0x32000C  	BRA Z	L_IntToStr40
L__IntToStr158:
; negative end address is: 4 (W2)
;__Lib_Conversions.c,216 :: 		
; i start address is: 4 (W2)
0x021E	0xEF2004  	CLR	W2
; i end address is: 4 (W2)
;__Lib_Conversions.c,217 :: 		
L_IntToStr41:
; i start address is: 4 (W2)
0x0220	0x458002  	ADD	W11, W2, W0
0x0222	0x784090  	MOV.B	[W0], W1
0x0224	0xB3C200  	MOV.B	#32, W0
0x0226	0xE10C00  	CP.B	W1, W0
0x0228	0x3A0002  	BRA NZ	L_IntToStr42
L__IntToStr159:
; i start address is: 4 (W2)
0x022A	0xEC2004  	INC	W2
; i end address is: 4 (W2)
0x022C	0x37FFF9  	BRA	L_IntToStr41
L_IntToStr42:
;__Lib_Conversions.c,218 :: 		
0x022E	0x510061  	SUB	W2, #1, W0
; i end address is: 4 (W2)
;__Lib_Conversions.c,219 :: 		
0x0230	0x458080  	ADD	W11, W0, W1
0x0232	0xB3C2D0  	MOV.B	#45, W0
0x0234	0x784880  	MOV.B	W0, [W1]
L_IntToStr40:
;__Lib_Conversions.c,220 :: 		
L_end_IntToStr:
0x0236	0x78054F  	POP	W10
0x0238	0xFA8000  	ULNK
0x023A	0x060000  	RETURN
; end of _IntToStr
_WordToStr:
0x0120	0xFA0002  	LNK	#2
;__Lib_Conversions.c,98 :: 		
;__Lib_Conversions.c,103 :: 		
; len start address is: 4 (W2)
0x0122	0xEF2004  	CLR	W2
; len end address is: 4 (W2)
L_WordToStr11:
; len start address is: 4 (W2)
0x0124	0xE11465  	CP.B	W2, #5
0x0126	0x310006  	BRA GEU	L_WordToStr12
L__WordToStr139:
;__Lib_Conversions.c,104 :: 		
0x0128	0xFB8002  	ZE	W2, W0
0x012A	0x458080  	ADD	W11, W0, W1
0x012C	0xB3C200  	MOV.B	#32, W0
0x012E	0x784880  	MOV.B	W0, [W1]
;__Lib_Conversions.c,103 :: 		
0x0130	0xEC6004  	INC.B	W2
;__Lib_Conversions.c,104 :: 		
0x0132	0x37FFF8  	BRA	L_WordToStr11
L_WordToStr12:
;__Lib_Conversions.c,105 :: 		
0x0134	0xFB8002  	ZE	W2, W0
0x0136	0x458080  	ADD	W11, W0, W1
0x0138	0xEF2000  	CLR	W0
0x013A	0x784880  	MOV.B	W0, [W1]
; len start address is: 6 (W3)
0x013C	0x5141E1  	SUB.B	W2, #1, W3
; len end address is: 4 (W2)
; len end address is: 6 (W3)
;__Lib_Conversions.c,107 :: 		
L_WordToStr14:
;__Lib_Conversions.c,108 :: 		
; len start address is: 6 (W3)
0x013E	0xFB8003  	ZE	W3, W0
0x0140	0x458000  	ADD	W11, W0, W0
0x0142	0x980700  	MOV	W0, [W14+0]
0x0144	0x2000A2  	MOV	#10, W2
0x0146	0x090011  	REPEAT	#17
0x0148	0xD88502  	DIV.U	W10, W2
0x014A	0x200300  	MOV	#48, W0
0x014C	0x408080  	ADD	W1, W0, W1
0x014E	0x90000E  	MOV	[W14+0], W0
0x0150	0x784801  	MOV.B	W1, [W0]
;__Lib_Conversions.c,109 :: 		
0x0152	0x2000A2  	MOV	#10, W2
0x0154	0x090011  	REPEAT	#17
0x0156	0xD88502  	DIV.U	W10, W2
0x0158	0x780500  	MOV	W0, W10
;__Lib_Conversions.c,110 :: 		
0x015A	0xE10060  	CP	W0, #0
0x015C	0x3A0001  	BRA NZ	L_WordToStr16
L__WordToStr140:
; len end address is: 6 (W3)
;__Lib_Conversions.c,111 :: 		
0x015E	0x370002  	BRA	L_WordToStr15
L_WordToStr16:
;__Lib_Conversions.c,112 :: 		
; len start address is: 6 (W3)
0x0160	0xED6006  	DEC.B	W3
;__Lib_Conversions.c,113 :: 		
; len end address is: 6 (W3)
0x0162	0x37FFED  	BRA	L_WordToStr14
L_WordToStr15:
;__Lib_Conversions.c,114 :: 		
L_end_WordToStr:
0x0164	0xFA8000  	ULNK
0x0166	0x060000  	RETURN
; end of _WordToStr
_Lcd_Out:
0x0192	0xFA0000  	LNK	#0
;__Lib_Lcd.c,187 :: 		
;__Lib_Lcd.c,190 :: 		
0x0194	0x781F8A  	PUSH	W10
0x0196	0x37000A  	BRA	L_Lcd_Out11
;__Lib_Lcd.c,191 :: 		
L_Lcd_Out13:
0x0198	0x20080A  	MOV	#128, W10
0x019A	0x370011  	BRA	L_Lcd_Out12
;__Lib_Lcd.c,192 :: 		
L_Lcd_Out14:
0x019C	0x200C0A  	MOV	#192, W10
0x019E	0x37000F  	BRA	L_Lcd_Out12
;__Lib_Lcd.c,193 :: 		
L_Lcd_Out15:
0x01A0	0x20094A  	MOV	#148, W10
0x01A2	0x37000D  	BRA	L_Lcd_Out12
;__Lib_Lcd.c,194 :: 		
L_Lcd_Out16:
0x01A4	0x200D4A  	MOV	#212, W10
0x01A6	0x37000B  	BRA	L_Lcd_Out12
;__Lib_Lcd.c,195 :: 		
L_Lcd_Out17:
0x01A8	0x20080A  	MOV	#128, W10
;__Lib_Lcd.c,196 :: 		
0x01AA	0x370009  	BRA	L_Lcd_Out12
L_Lcd_Out11:
0x01AC	0xE15061  	CP	W10, #1
0x01AE	0x32FFF4  	BRA Z	L_Lcd_Out13
L__Lcd_Out32:
0x01B0	0xE15062  	CP	W10, #2
0x01B2	0x32FFF4  	BRA Z	L_Lcd_Out14
L__Lcd_Out33:
0x01B4	0xE15063  	CP	W10, #3
0x01B6	0x32FFF4  	BRA Z	L_Lcd_Out15
L__Lcd_Out34:
0x01B8	0xE15064  	CP	W10, #4
0x01BA	0x32FFF4  	BRA Z	L_Lcd_Out16
L__Lcd_Out35:
0x01BC	0x37FFF5  	BRA	L_Lcd_Out17
L_Lcd_Out12:
;__Lib_Lcd.c,199 :: 		
0x01BE	0x558061  	SUB	W11, #1, W0
0x01C0	0x450000  	ADD	W10, W0, W0
0x01C2	0x780500  	MOV	W0, W10
;__Lib_Lcd.c,201 :: 		
0x01C4	0x784500  	MOV.B	W0, W10
0x01C6	0x07006F  	RCALL	_Lcd_Cmd
;__Lib_Lcd.c,202 :: 		
0x01C8	0x2080E0  	MOV	#lo_addr(__Lib_Lcd_cmd_status), W0
0x01CA	0xA10010  	BCLR	[W0], BitPos(__Lib_Lcd_cmd_status+0)
;__Lib_Lcd.c,203 :: 		
; i start address is: 4 (W2)
0x01CC	0xEF2004  	CLR	W2
; i end address is: 4 (W2)
;__Lib_Lcd.c,204 :: 		
L_Lcd_Out18:
; i start address is: 4 (W2)
0x01CE	0x460002  	ADD	W12, W2, W0
0x01D0	0xE00410  	CP0.B	[W0]
0x01D2	0x320007  	BRA Z	L_Lcd_Out19
L__Lcd_Out36:
;__Lib_Lcd.c,205 :: 		
0x01D4	0x460002  	ADD	W12, W2, W0
0x01D6	0x781F8A  	PUSH	W10
0x01D8	0x784510  	MOV.B	[W0], W10
0x01DA	0x07FFC6  	RCALL	_Lcd_Chr_CP
0x01DC	0x78054F  	POP	W10
0x01DE	0xEC2004  	INC	W2
; i end address is: 4 (W2)
0x01E0	0x37FFF6  	BRA	L_Lcd_Out18
L_Lcd_Out19:
;__Lib_Lcd.c,206 :: 		
0x01E2	0x2080E0  	MOV	#lo_addr(__Lib_Lcd_cmd_status), W0
0x01E4	0xA00010  	BSET	[W0], BitPos(__Lib_Lcd_cmd_status+0)
;__Lib_Lcd.c,207 :: 		
L_end_Lcd_Out:
0x01E6	0x78054F  	POP	W10
0x01E8	0xFA8000  	ULNK
0x01EA	0x060000  	RETURN
; end of _Lcd_Out
_Lcd_Chr_CP:
0x0168	0xFA0000  	LNK	#0
;__Lib_Lcd.c,67 :: 		
;__Lib_Lcd.c,69 :: 		
0x016A	0x2080E0  	MOV	#lo_addr(__Lib_Lcd_cmd_status), W0
0x016C	0xA10010  	BCLR	[W0], BitPos(__Lib_Lcd_cmd_status+0)
;__Lib_Lcd.c,70 :: 		
0x016E	0x07009B  	RCALL	_Lcd_Cmd
;__Lib_Lcd.c,71 :: 		
0x0170	0x2080E0  	MOV	#lo_addr(__Lib_Lcd_cmd_status), W0
0x0172	0xA00010  	BSET	[W0], BitPos(__Lib_Lcd_cmd_status+0)
;__Lib_Lcd.c,72 :: 		
L_end_Lcd_Chr_CP:
0x0174	0xFA8000  	ULNK
0x0176	0x060000  	RETURN
; end of _Lcd_Chr_CP
0x0536	0x20800A  	MOV	#2048, W10
0x0538	0x20000B  	MOV	#0, W11
0x053A	0x090021  	REPEAT	#33
0x053C	0x781D0B  	MOV	W11, [W10++]
0x053E	0x060000  	RETURN
0x0540	0x208001  	MOV	#lo_addr(_flag_ADC), W1
0x0542	0x285280  	MOV	#34088, W0
0x0544	0x090006  	REPEAT	#6
0x0546	0x7818B0  	MOV	[W0++], [W1++]
0x0548	0x060000  	RETURN
_seleciona:
0x0470	0xF80034  	PUSH	PSVPAG
0x0472	0xF80036  	PUSH	RCOUNT
0x0474	0x781F80  	PUSH	W0
0x0476	0x200020  	MOV	#2, W0
0x0478	0x09000C  	REPEAT	#12
0x047A	0x781FB0  	PUSH	[W0++]
;Q1.c,115 :: 		void seleciona() iv IVT_ADDR_INT2INTERRUPT {
;Q1.c,116 :: 		flag_seleciona = 1;
0x047C	0x200010  	MOV	#1, W0
0x047E	0x884010  	MOV	W0, _flag_seleciona
;Q1.c,117 :: 		contador_tempo = 0;
0x0480	0xEF2000  	CLR	W0
0x0482	0x884060  	MOV	W0, _contador_tempo
;Q1.c,118 :: 		Delay_ms(50);
0x0484	0x200058  	MOV	#5, W8
0x0486	0x211AB7  	MOV	#4523, W7
L_seleciona8:
0x0488	0xED200E  	DEC	W7
0x048A	0x3AFFFE  	BRA NZ	L_seleciona8
0x048C	0xED2010  	DEC	W8
0x048E	0x3AFFFC  	BRA NZ	L_seleciona8
;Q1.c,119 :: 		IFS1bits.INT2IF = 0;
0x0490	0xA9E086  	BCLR.B	IFS1bits, #7
;Q1.c,120 :: 		}
L_end_seleciona:
0x0492	0x2001A0  	MOV	#26, W0
0x0494	0x09000C  	REPEAT	#12
0x0496	0x78104F  	POP	[W0--]
0x0498	0x78004F  	POP	W0
0x049A	0xF90036  	POP	RCOUNT
0x049C	0xF90034  	POP	PSVPAG
0x049E	0x064000  	RETFIE
; end of _seleciona
_conversao:
0x04A0	0xF80034  	PUSH	PSVPAG
0x04A2	0xF80036  	PUSH	RCOUNT
0x04A4	0x781F80  	PUSH	W0
0x04A6	0x200020  	MOV	#2, W0
0x04A8	0x09000C  	REPEAT	#12
0x04AA	0x781FB0  	PUSH	[W0++]
;Q1.c,75 :: 		void conversao() iv IVT_ADDR_ADCINTERRUPT {//botao para selecao do menu
;Q1.c,79 :: 		media = ADCBUFF;
0x04AC	0xBF829E  	MOV	ADCBUFF, WREG
0x04AE	0xEB0080  	CLR	W1
0x04B0	0x884200  	MOV	W0, _media
0x04B2	0x884211  	MOV	W1, _media+2
;Q1.c,82 :: 		convertido[flag_ADC] = media;
0x04B4	0x804000  	MOV	_flag_ADC, W0
0x04B6	0xDD00C1  	SL	W0, #1, W1
0x04B8	0x208060  	MOV	#lo_addr(_convertido), W0
0x04BA	0x400081  	ADD	W0, W1, W1
0x04BC	0x804200  	MOV	_media, W0
0x04BE	0x780880  	MOV	W0, [W1]
;Q1.c,84 :: 		flag_ADC++;
0x04C0	0x200011  	MOV	#1, W1
0x04C2	0x208000  	MOV	#lo_addr(_flag_ADC), W0
0x04C4	0x408810  	ADD	W1, [W0], [W0]
;Q1.c,86 :: 		if (flag_ADC > 2){
0x04C6	0x804000  	MOV	_flag_ADC, W0
0x04C8	0xE10062  	CP	W0, #2
0x04CA	0x340002  	BRA LE	L_conversao0
L__conversao14:
;Q1.c,87 :: 		flag_ADC = 0;
0x04CC	0xEF2000  	CLR	W0
0x04CE	0x884000  	MOV	W0, _flag_ADC
;Q1.c,88 :: 		}
L_conversao0:
;Q1.c,90 :: 		if (flag_ADC == 0){
0x04D0	0x804000  	MOV	_flag_ADC, W0
0x04D2	0xE10060  	CP	W0, #0
0x04D4	0x3A000A  	BRA NZ	L_conversao1
L__conversao15:
;Q1.c,91 :: 		ADCHSbits.CH0SA = 2;
0x04D6	0xB3C020  	MOV.B	#2, W0
0x04D8	0x784080  	MOV.B	W0, W1
0x04DA	0x202A60  	MOV	#lo_addr(ADCHSbits), W0
0x04DC	0x68C090  	XOR.B	W1, [W0], W1
0x04DE	0x60C0EF  	AND.B	W1, #15, W1
0x04E0	0x202A60  	MOV	#lo_addr(ADCHSbits), W0
0x04E2	0x68C090  	XOR.B	W1, [W0], W1
0x04E4	0x202A60  	MOV	#lo_addr(ADCHSbits), W0
0x04E6	0x784801  	MOV.B	W1, [W0]
;Q1.c,92 :: 		}else{
0x04E8	0x370016  	BRA	L_conversao2
L_conversao1:
;Q1.c,93 :: 		if (flag_ADC == 1){
0x04EA	0x804000  	MOV	_flag_ADC, W0
0x04EC	0xE10061  	CP	W0, #1
0x04EE	0x3A000A  	BRA NZ	L_conversao3
L__conversao16:
;Q1.c,94 :: 		ADCHSbits.CH0SA = 5;
0x04F0	0xB3C050  	MOV.B	#5, W0
0x04F2	0x784080  	MOV.B	W0, W1
0x04F4	0x202A60  	MOV	#lo_addr(ADCHSbits), W0
0x04F6	0x68C090  	XOR.B	W1, [W0], W1
0x04F8	0x60C0EF  	AND.B	W1, #15, W1
0x04FA	0x202A60  	MOV	#lo_addr(ADCHSbits), W0
0x04FC	0x68C090  	XOR.B	W1, [W0], W1
0x04FE	0x202A60  	MOV	#lo_addr(ADCHSbits), W0
0x0500	0x784801  	MOV.B	W1, [W0]
;Q1.c,95 :: 		}else{
0x0502	0x370009  	BRA	L_conversao4
L_conversao3:
;Q1.c,96 :: 		ADCHSbits.CH0SA = 7;
0x0504	0xB3C070  	MOV.B	#7, W0
0x0506	0x784080  	MOV.B	W0, W1
0x0508	0x202A60  	MOV	#lo_addr(ADCHSbits), W0
0x050A	0x68C090  	XOR.B	W1, [W0], W1
0x050C	0x60C0EF  	AND.B	W1, #15, W1
0x050E	0x202A60  	MOV	#lo_addr(ADCHSbits), W0
0x0510	0x68C090  	XOR.B	W1, [W0], W1
0x0512	0x202A60  	MOV	#lo_addr(ADCHSbits), W0
0x0514	0x784801  	MOV.B	W1, [W0]
;Q1.c,97 :: 		}
L_conversao4:
;Q1.c,98 :: 		}
L_conversao2:
;Q1.c,100 :: 		IFS0bits.ADIF = 0;
0x0516	0xA96085  	BCLR	IFS0bits, #11
;Q1.c,101 :: 		ADCON1bits.ASAM = 1;
0x0518	0xA842A0  	BSET.B	ADCON1bits, #2
;Q1.c,102 :: 		}
L_end_conversao:
0x051A	0x2001A0  	MOV	#26, W0
0x051C	0x09000C  	REPEAT	#12
0x051E	0x78104F  	POP	[W0--]
0x0520	0x78004F  	POP	W0
0x0522	0xF90036  	POP	RCOUNT
0x0524	0xF90034  	POP	PSVPAG
0x0526	0x064000  	RETFIE
; end of _conversao
_temp3:
0x0312	0xF80034  	PUSH	PSVPAG
0x0314	0xF80036  	PUSH	RCOUNT
0x0316	0x781F80  	PUSH	W0
0x0318	0x200020  	MOV	#2, W0
0x031A	0x09000C  	REPEAT	#12
0x031C	0x781FB0  	PUSH	[W0++]
;Q1.c,122 :: 		void temp3() iv IVT_ADDR_T3INTERRUPT ics ICS_AUTO {
;Q1.c,123 :: 		IFS0bits.T3IF = 0;
0x031E	0xA9E084  	BCLR.B	IFS0bits, #7
;Q1.c,124 :: 		}
L_end_temp3:
0x0320	0x2001A0  	MOV	#26, W0
0x0322	0x09000C  	REPEAT	#12
0x0324	0x78104F  	POP	[W0--]
0x0326	0x78004F  	POP	W0
0x0328	0xF90036  	POP	RCOUNT
0x032A	0xF90034  	POP	PSVPAG
0x032C	0x064000  	RETFIE
; end of _temp3
_temporizador:
0x032E	0xF80034  	PUSH	PSVPAG
0x0330	0xF80036  	PUSH	RCOUNT
0x0332	0x781F80  	PUSH	W0
0x0334	0x200020  	MOV	#2, W0
0x0336	0x09000C  	REPEAT	#12
0x0338	0x781FB0  	PUSH	[W0++]
;Q1.c,67 :: 		void temporizador() iv IVT_ADDR_T1INTERRUPT {
;Q1.c,68 :: 		contador_tempo++;
0x033A	0x200011  	MOV	#1, W1
0x033C	0x2080C0  	MOV	#lo_addr(_contador_tempo), W0
0x033E	0x408810  	ADD	W1, [W0], [W0]
;Q1.c,69 :: 		IFS0bits.T1IF = 0;
0x0340	0xA96084  	BCLR.B	IFS0bits, #3
;Q1.c,70 :: 		}
L_end_temporizador:
0x0342	0x2001A0  	MOV	#26, W0
0x0344	0x09000C  	REPEAT	#12
0x0346	0x78104F  	POP	[W0--]
0x0348	0x78004F  	POP	W0
0x034A	0xF90036  	POP	RCOUNT
0x034C	0xF90034  	POP	PSVPAG
0x034E	0x064000  	RETFIE
; end of _temporizador
_botao:
0x0350	0xF80034  	PUSH	PSVPAG
0x0352	0xF80036  	PUSH	RCOUNT
0x0354	0x781F80  	PUSH	W0
0x0356	0x200020  	MOV	#2, W0
0x0358	0x09000C  	REPEAT	#12
0x035A	0x781FB0  	PUSH	[W0++]
;Q1.c,104 :: 		void botao() iv IVT_ADDR_INT0INTERRUPT {//botao para selecao do menu
;Q1.c,105 :: 		flag_botao++;
0x035C	0x200011  	MOV	#1, W1
0x035E	0x208040  	MOV	#lo_addr(_flag_botao), W0
0x0360	0x408810  	ADD	W1, [W0], [W0]
;Q1.c,106 :: 		contador_tempo = 0;
0x0362	0xEF2000  	CLR	W0
0x0364	0x884060  	MOV	W0, _contador_tempo
;Q1.c,107 :: 		flag_seleciona = 0;
0x0366	0xEF2000  	CLR	W0
0x0368	0x884010  	MOV	W0, _flag_seleciona
;Q1.c,108 :: 		if (flag_botao > 4){
0x036A	0x804020  	MOV	_flag_botao, W0
0x036C	0xE10064  	CP	W0, #4
0x036E	0x340002  	BRA LE	L_botao5
L__botao18:
;Q1.c,109 :: 		flag_botao = 0;
0x0370	0xEF2000  	CLR	W0
0x0372	0x884020  	MOV	W0, _flag_botao
;Q1.c,110 :: 		}
L_botao5:
;Q1.c,111 :: 		Delay_ms(50);
0x0374	0x200058  	MOV	#5, W8
0x0376	0x211AB7  	MOV	#4523, W7
L_botao6:
0x0378	0xED200E  	DEC	W7
0x037A	0x3AFFFE  	BRA NZ	L_botao6
0x037C	0xED2010  	DEC	W8
0x037E	0x3AFFFC  	BRA NZ	L_botao6
;Q1.c,112 :: 		IFS0bits.INT0IF = 0;
0x0380	0xA90084  	BCLR.B	IFS0bits, #0
;Q1.c,113 :: 		}
L_end_botao:
0x0382	0x2001A0  	MOV	#26, W0
0x0384	0x09000C  	REPEAT	#12
0x0386	0x78104F  	POP	[W0--]
0x0388	0x78004F  	POP	W0
0x038A	0xF90036  	POP	RCOUNT
0x038C	0xF90034  	POP	PSVPAG
0x038E	0x064000  	RETFIE
; end of _botao
;Q1.c,0 :: ?ICS_flag_ADC [2]
0x0528	0x0000 ;?ICS_flag_ADC+0
; end of ?ICS_flag_ADC
;Q1.c,0 :: ?ICS_flag_seleciona [2]
0x052A	0x0000 ;?ICS_flag_seleciona+0
; end of ?ICS_flag_seleciona
;Q1.c,0 :: ?ICS_flag_botao [2]
0x052C	0x0000 ;?ICS_flag_botao+0
; end of ?ICS_flag_botao
;Q1.c,0 :: ?ICS_convertido [6]
0x052E	0x0000 ;?ICS_convertido+0
0x0530	0x0000 ;?ICS_convertido+2
0x0532	0x0000 ;?ICS_convertido+4
; end of ?ICS_convertido
;Q1.c,0 :: ?ICS_contador_tempo [2]
0x0534	0x0000 ;?ICS_contador_tempo+0
; end of ?ICS_contador_tempo
Symbol List:
//** Routines locations **
//ADDRESS    SIZE    PROCEDURE
//----------------------------------------------
0x0100      [10]    _Delay_1us
0x010A      [10]    _Delay_5500us
0x0114      [12]    _Delay_50us
0x0120      [72]    _WordToStr
0x0168      [16]    _Lcd_Chr_CP
0x0178      [12]    _Delay_8ms
0x0184      [14]    __Lib_Lcd_Strobe
0x0192      [90]    _Lcd_Out
0x01EC      [80]    _IntToStr
0x023C     [106]    _Lcd_Init
0x02A6     [108]    _Lcd_Cmd
0x0312      [28]    _temp3
0x032E      [34]    _temporizador
0x0350      [64]    _botao
0x0390     [224]    _main
0x0470      [48]    _seleciona
0x04A0     [136]    _conversao
//** Variables locations ** 
//ADDRESS    SIZE    VARIABLE
//----------------------------------------------
0x02D8       [0]    LCD_EN_Direction
0x080E       [0]    __Lib_Lcd_cmd_status
0x0810      [16]    _txt3
0x02D8       [0]    LCD_RS_Direction
0x02D8       [0]    LCD_D6_Direction
0x02D8       [0]    LCD_D5_Direction
0x02D8       [0]    LCD_D4_Direction
0x0820      [16]    _txt2
0x010A       [2]    TMR3
0x02A4       [2]    ADCON3bits
0x02A4       [2]    ADCON3
0x010E       [2]    PR3
0x0830      [16]    _txt4
0x0112       [2]    T3CON
0x0840       [4]    _media
0x0086       [2]    IFS1bits
0x029E       [2]    ADCBUFF
0x0084       [2]    IFS0bits
0x02DC       [0]    LCD_RS
0x02DC       [0]    LCD_EN
0x02D8       [0]    LCD_D7_Direction
0x02DC       [0]    LCD_D7
0x02DC       [0]    LCD_D4
0x02DC       [0]    LCD_D5
0x02DC       [0]    LCD_D6
0x02A2       [2]    ADCON2bits
0x02D8       [0]    TRISE1_bit
0x02D8       [0]    TRISE2_bit
0x02D8       [0]    TRISE3_bit
0x02D8       [0]    TRISE0_bit
0x02C6       [2]    TRISB
0x02A8       [2]    ADPCFGbits
0x02A8       [2]    ADPCFG
0x02D8       [0]    TRISE5_bit
0x02DC       [0]    LATE1_bit
0x02DC       [0]    LATE0_bit
0x02DC       [0]    LATE4_bit
0x02DC       [0]    LATE2_bit
0x02D8       [0]    TRISE4_bit
0x02DC       [0]    LATE5_bit
0x02DC       [0]    LATE3_bit
0x02A6       [2]    ADCHSbits
0x02A6       [2]    ADCHS
0x0084       [2]    IFS0
0x02AA       [2]    ADCSSL
0x02A2       [2]    ADCON2
0x02A0       [2]    ADCON1bits
0x02A0       [2]    ADCON1
0x0102       [2]    PR1
0x02D2       [1]    TRISDbits
0x02D2       [2]    TRISD
0x02CA       [2]    LATBbits
0x02D8       [2]    TRISEbits
0x0104       [2]    T1CON
0x008E       [2]    IEC1bits
0x008C       [2]    IEC0bits
0x0800       [2]    _flag_ADC
0x0802       [2]    _flag_seleciona
0x0804       [2]    _flag_botao
0x0806       [6]    _convertido
0x080C       [2]    _contador_tempo
0x0084       [2]    IFS0
0x0102       [2]    PR1
0x0104       [2]    T1CON
0x010A       [2]    TMR3
0x010E       [2]    PR3
0x0112       [2]    T3CON
0x0014       [2]    FARG_WordToStr_input
0x0016       [2]    FARG_WordToStr_output
0x0014       [1]    FARG_Lcd_Chr_CP_out_char
0x0014       [2]    FARG_Lcd_Out_row
0x0016       [2]    FARG_Lcd_Out_column
0x0018       [2]    FARG_Lcd_Out_text
0x0014       [2]    FARG_IntToStr_input
0x0016       [2]    FARG_IntToStr_output
0x029E       [2]    ADCBUFF
0x02A0       [2]    ADCON1
0x02A2       [2]    ADCON2
0x02A4       [2]    ADCON3
0x0014       [1]    FARG_Lcd_Cmd_out_char
0x02A6       [2]    ADCHS
0x02A8       [2]    ADPCFG
0x02AA       [2]    ADCSSL
0x02C6       [2]    TRISB
0x02D2       [2]    TRISD
//** Constants locations ** 
//ADDRESS    SIZE    CONSTANT
//----------------------------------------------
0x0528       [2]    ?ICS_flag_ADC
0x052A       [2]    ?ICS_flag_seleciona
0x052C       [2]    ?ICS_flag_botao
0x052E       [6]    ?ICS_convertido
0x0534       [2]    ?ICS_contador_tempo
