;  LST file generated by mikroListExporter - v.2.0 
; Date/Time: 18/12/2019 09:29:46
;----------------------------------------------

;Address Opcode 	ASM
0x0000	0x0000000405B2  	GOTO	_main
0x0004	0x000000  	0
0x0006	0x000000  	0
0x0008	0x000000  	0
0x000A	0x000000  	0
0x000C	0x000000  	0
0x000E	0x000000  	0
0x0010	0x000000  	0
0x0012	0x000000  	0
0x0014	0x000000  	0
0x0016	0x000000  	0
0x0018	0x000000  	0
0x001A	0x000576  	1398
0x001C	0x000000  	0
0x001E	0x000000  	0
0x0020	0x00061C  	1564
0x0022	0x000000  	0
0x0024	0x000000  	0
0x0026	0x000000  	0
0x0028	0x000000  	0
0x002A	0x000000  	0
0x002C	0x000000  	0
0x002E	0x000000  	0
0x0030	0x000000  	0
0x0032	0x000000  	0
0x0034	0x000000  	0
0x0036	0x000000  	0
0x0038	0x000000  	0
0x003A	0x000000  	0
0x003C	0x000000  	0
0x003E	0x000000  	0
0x0040	0x000000  	0
0x0042	0x000000  	0
0x0044	0x000000  	0
0x0046	0x000000  	0
0x0048	0x000000  	0
0x004A	0x000000  	0
0x004C	0x000000  	0
0x004E	0x000000  	0
0x0050	0x000000  	0
0x0052	0x000000  	0
0x0054	0x000000  	0
0x0056	0x000000  	0
0x0058	0x000000  	0
0x005A	0x000000  	0
0x005C	0x000000  	0
0x005E	0x000000  	0
0x0060	0x000000  	0
0x0062	0x000000  	0
0x0064	0x000000  	0
0x0066	0x000000  	0
0x0068	0x000000  	0
0x006A	0x000000  	0
0x006C	0x000000  	0
0x006E	0x000000  	0
0x0070	0x000000  	0
0x0072	0x000000  	0
0x0074	0x000000  	0
0x0076	0x000000  	0
0x0078	0x000000  	0
0x007A	0x000000  	0
0x007C	0x000000  	0
0x007E	0x000000  	0
0x0080	0x000000  	0
0x0082	0x000000  	0
0x0084	0x000000  	0
0x0086	0x000000  	0
0x0088	0x000000  	0
0x008A	0x000000  	0
0x008C	0x000000  	0
0x008E	0x000000  	0
0x0090	0x000000  	0
0x0092	0x000000  	0
0x0094	0x000000  	0
0x0096	0x000000  	0
0x0098	0x000000  	0
0x009A	0x000000  	0
0x009C	0x000000  	0
0x009E	0x000000  	0
0x00A0	0x000000  	0
0x00A2	0x000000  	0
0x00A4	0x000000  	0
0x00A6	0x000000  	0
0x00A8	0x000000  	0
0x00AA	0x000000  	0
0x00AC	0x000000  	0
0x00AE	0x000000  	0
0x00B0	0x000000  	0
0x00B2	0x000000  	0
0x00B4	0x000000  	0
0x00B6	0x000000  	0
0x00B8	0x000000  	0
0x00BA	0x000000  	0
0x00BC	0x000000  	0
0x00BE	0x000000  	0
0x00C0	0x000000  	0
0x00C2	0x000000  	0
0x00C4	0x000000  	0
0x00C6	0x000000  	0
0x00C8	0x000000  	0
0x00CA	0x000000  	0
0x00CC	0x000000  	0
0x00CE	0x000000  	0
0x00D0	0x000000  	0
0x00D2	0x000000  	0
0x00D4	0x000000  	0
0x00D6	0x000000  	0
0x00D8	0x000000  	0
0x00DA	0x000000  	0
0x00DC	0x000000  	0
0x00DE	0x000000  	0
0x00E0	0x000000  	0
0x00E2	0x000000  	0
0x00E4	0x000000  	0
0x00E6	0x000000  	0
0x00E8	0x000000  	0
0x00EA	0x000000  	0
0x00EC	0x000000  	0
0x00EE	0x000000  	0
0x00F0	0x000000  	0
0x00F2	0x000000  	0
0x00F4	0x000000  	0
0x00F6	0x000000  	0
0x00F8	0x000000  	0
0x00FA	0x000000  	0
0x00FC	0x000000  	0
0x00FE	0x000000  	0
_main:
0x05B2	0x2081EF  	MOV	#2078, W15
0x05B4	0x20FFF0  	MOV	#4095, W0
0x05B6	0xB7A020  	MOV	WREG, SPLIM
0x05B8	0x200000  	MOV	#0, W0
0x05BA	0xB7A034  	MOV	WREG, PSVPAG
0x05BC	0x200040  	MOV	#4, W0
0x05BE	0xB72044  	IOR	CORCON
0x05C0	0x00000002066E  	CALL	1646
0x05C4	0x000000020678  	CALL	1656
;ultrassom.c,60 :: 		void main() {
;ultrassom.c,61 :: 		ADPCFG = 0xFFFF;
0x05C8	0x781F8A  	PUSH	W10
0x05CA	0x781F8B  	PUSH	W11
0x05CC	0x781F8C  	PUSH	W12
0x05CE	0x2FFFF0  	MOV	#65535, W0
0x05D0	0xB7A2A8  	MOV	WREG, ADPCFG
;ultrassom.c,62 :: 		TRISF = 0 ;
0x05D2	0xEF22DE  	CLR	TRISF
;ultrassom.c,63 :: 		IEC0bits.T1IE = 1;
0x05D4	0xA8608C  	BSET.B	IEC0bits, #3
;ultrassom.c,64 :: 		IEC0bits.T2IE = 1;
0x05D6	0xA8C08C  	BSET.B	IEC0bits, #6
;ultrassom.c,65 :: 		IFS0 = 0;
0x05D8	0xEF2084  	CLR	IFS0
;ultrassom.c,67 :: 		lig = 16000;
0x05DA	0x23E800  	MOV	#16000, W0
0x05DC	0x8840E0  	MOV	W0, _lig
;ultrassom.c,68 :: 		desl = 6250;
0x05DE	0x2186A0  	MOV	#6250, W0
0x05E0	0x8840B0  	MOV	W0, _desl
;ultrassom.c,70 :: 		confdesl = 0x8030;
0x05E2	0x280300  	MOV	#32816, W0
0x05E4	0x8840A0  	MOV	W0, _confdesl
;ultrassom.c,71 :: 		conflig = 0x8000;
0x05E6	0x280000  	MOV	#32768, W0
0x05E8	0x8840C0  	MOV	W0, _conflig
;ultrassom.c,73 :: 		estado = 0;
0x05EA	0xEF2000  	CLR	W0
0x05EC	0x8840D0  	MOV	W0, _estado
;ultrassom.c,75 :: 		PR1 = desl;
0x05EE	0x2186A0  	MOV	#6250, W0
0x05F0	0xB7A102  	MOV	WREG, PR1
;ultrassom.c,76 :: 		PR2 = 0xFFFF;
0x05F2	0x2FFFF0  	MOV	#65535, W0
0x05F4	0xB7A10C  	MOV	WREG, PR2
;ultrassom.c,77 :: 		T1CON = conflig;
0x05F6	0x280000  	MOV	#32768, W0
0x05F8	0xB7A104  	MOV	WREG, T1CON
;ultrassom.c,78 :: 		T2CON = 0x8040; //Gate acumulation
0x05FA	0x280400  	MOV	#32832, W0
0x05FC	0xB7A110  	MOV	WREG, T2CON
;ultrassom.c,79 :: 		LATF = 0;
0x05FE	0xEF22E2  	CLR	LATF
;ultrassom.c,80 :: 		Lcd_Init();
0x0600	0x07FF58  	RCALL	_Lcd_Init
;ultrassom.c,81 :: 		Lcd_Cmd(_LCD_CLEAR);               // Clear display
0x0602	0xB3C01A  	MOV.B	#1, W10
0x0604	0x07FD94  	RCALL	_Lcd_Cmd
;ultrassom.c,82 :: 		Lcd_Cmd(_LCD_CURSOR_OFF);          // Cursor off
0x0606	0xB3C0CA  	MOV.B	#12, W10
0x0608	0x07FD92  	RCALL	_Lcd_Cmd
;ultrassom.c,83 :: 		Lcd_Out(1,6,txt1);
0x060A	0x20800C  	MOV	#lo_addr(_txt1), W12
0x060C	0x20006B  	MOV	#6, W11
0x060E	0x20001A  	MOV	#1, W10
0x0610	0x07FF85  	RCALL	_Lcd_Out
;ultrassom.c,84 :: 		while(1){
L_main2:
;ultrassom.c,85 :: 		}
0x0612	0x37FFFF  	BRA	L_main2
;ultrassom.c,87 :: 		}
L_end_main:
0x0614	0x78064F  	POP	W12
0x0616	0x7805CF  	POP	W11
0x0618	0x78054F  	POP	W10
L__main_end_loop:
0x061A	0x37FFFF  	BRA	L__main_end_loop
; end of _main
_Lcd_Init:
0x04B2	0xFA0000  	LNK	#0
;__Lib_Lcd.c,105 :: 		
;__Lib_Lcd.c,107 :: 		
0x04B4	0x07FE7A  	RCALL	_Delay_8ms
0x04B6	0x07FE79  	RCALL	_Delay_8ms
;__Lib_Lcd.c,109 :: 		
0x04B8	0xA982D8  	BCLR	LCD_EN_Direction, BitPos(LCD_EN_Direction+0)
;__Lib_Lcd.c,110 :: 		
0x04BA	0xA9A2D8  	BCLR	LCD_RS_Direction, BitPos(LCD_RS_Direction+0)
;__Lib_Lcd.c,111 :: 		
0x04BC	0xA902D8  	BCLR	LCD_D4_Direction, BitPos(LCD_D4_Direction+0)
;__Lib_Lcd.c,112 :: 		
0x04BE	0xA922D8  	BCLR	LCD_D5_Direction, BitPos(LCD_D5_Direction+0)
;__Lib_Lcd.c,113 :: 		
0x04C0	0xA942D8  	BCLR	LCD_D6_Direction, BitPos(LCD_D6_Direction+0)
;__Lib_Lcd.c,114 :: 		
0x04C2	0xA962D8  	BCLR	LCD_D7_Direction, BitPos(LCD_D7_Direction+0)
;__Lib_Lcd.c,116 :: 		
0x04C4	0xA982DC  	BCLR	LCD_EN, BitPos(LCD_EN+0)
;__Lib_Lcd.c,117 :: 		
0x04C6	0xA9A2DC  	BCLR	LCD_RS, BitPos(LCD_RS+0)
;__Lib_Lcd.c,118 :: 		
0x04C8	0xA962DC  	BCLR	LCD_D7, BitPos(LCD_D7+0)
;__Lib_Lcd.c,119 :: 		
0x04CA	0xA942DC  	BCLR	LCD_D6, BitPos(LCD_D6+0)
;__Lib_Lcd.c,120 :: 		
0x04CC	0xA922DC  	BCLR	LCD_D5, BitPos(LCD_D5+0)
;__Lib_Lcd.c,121 :: 		
0x04CE	0xA902DC  	BCLR	LCD_D4, BitPos(LCD_D4+0)
;__Lib_Lcd.c,130 :: 		
0x04D0	0xA822DC  	BSET	LCD_D5, BitPos(LCD_D5+0)
;__Lib_Lcd.c,131 :: 		
0x04D2	0xA802DC  	BSET	LCD_D4, BitPos(LCD_D4+0)
;__Lib_Lcd.c,132 :: 		
0x04D4	0x07FE25  	RCALL	__Lib_Lcd_Strobe
;__Lib_Lcd.c,133 :: 		
0x04D6	0x07FE19  	RCALL	_Delay_5500us
;__Lib_Lcd.c,136 :: 		
0x04D8	0x07FE23  	RCALL	__Lib_Lcd_Strobe
;__Lib_Lcd.c,137 :: 		
0x04DA	0x07FE17  	RCALL	_Delay_5500us
;__Lib_Lcd.c,140 :: 		
0x04DC	0x07FE21  	RCALL	__Lib_Lcd_Strobe
;__Lib_Lcd.c,141 :: 		
0x04DE	0x07FE15  	RCALL	_Delay_5500us
;__Lib_Lcd.c,144 :: 		
0x04E0	0xA902DC  	BCLR	LCD_D4, BitPos(LCD_D4+0)
;__Lib_Lcd.c,145 :: 		
0x04E2	0x07FE1E  	RCALL	__Lib_Lcd_Strobe
;__Lib_Lcd.c,146 :: 		
0x04E4	0x07FE12  	RCALL	_Delay_5500us
;__Lib_Lcd.c,149 :: 		
0x04E6	0x07FE1C  	RCALL	__Lib_Lcd_Strobe
;__Lib_Lcd.c,151 :: 		
0x04E8	0xA922DC  	BCLR	LCD_D5, BitPos(LCD_D5+0)
;__Lib_Lcd.c,152 :: 		
0x04EA	0xA862DC  	BSET	LCD_D7, BitPos(LCD_D7+0)
;__Lib_Lcd.c,153 :: 		
0x04EC	0x07FE19  	RCALL	__Lib_Lcd_Strobe
;__Lib_Lcd.c,154 :: 		
0x04EE	0x07FE0D  	RCALL	_Delay_5500us
;__Lib_Lcd.c,157 :: 		
0x04F0	0xA962DC  	BCLR	LCD_D7, BitPos(LCD_D7+0)
;__Lib_Lcd.c,158 :: 		
0x04F2	0xA802DC  	BSET	LCD_D4, BitPos(LCD_D4+0)
;__Lib_Lcd.c,159 :: 		
0x04F4	0x07FE15  	RCALL	__Lib_Lcd_Strobe
;__Lib_Lcd.c,161 :: 		
0x04F6	0xA902DC  	BCLR	LCD_D4, BitPos(LCD_D4+0)
;__Lib_Lcd.c,162 :: 		
0x04F8	0x07FE13  	RCALL	__Lib_Lcd_Strobe
;__Lib_Lcd.c,163 :: 		
0x04FA	0x07FE07  	RCALL	_Delay_5500us
;__Lib_Lcd.c,166 :: 		
0x04FC	0x07FE11  	RCALL	__Lib_Lcd_Strobe
;__Lib_Lcd.c,168 :: 		
0x04FE	0xA802DC  	BSET	LCD_D4, BitPos(LCD_D4+0)
;__Lib_Lcd.c,169 :: 		
0x0500	0x07FE0F  	RCALL	__Lib_Lcd_Strobe
;__Lib_Lcd.c,170 :: 		
0x0502	0x07FE03  	RCALL	_Delay_5500us
;__Lib_Lcd.c,173 :: 		
0x0504	0xA902DC  	BCLR	LCD_D4, BitPos(LCD_D4+0)
;__Lib_Lcd.c,174 :: 		
0x0506	0x07FE0C  	RCALL	__Lib_Lcd_Strobe
;__Lib_Lcd.c,176 :: 		
0x0508	0xA862DC  	BSET	LCD_D7, BitPos(LCD_D7+0)
;__Lib_Lcd.c,177 :: 		
0x050A	0xA842DC  	BSET	LCD_D6, BitPos(LCD_D6+0)
;__Lib_Lcd.c,178 :: 		
0x050C	0xA822DC  	BSET	LCD_D5, BitPos(LCD_D5+0)
;__Lib_Lcd.c,179 :: 		
0x050E	0xA802DC  	BSET	LCD_D4, BitPos(LCD_D4+0)
;__Lib_Lcd.c,180 :: 		
0x0510	0x07FE07  	RCALL	__Lib_Lcd_Strobe
;__Lib_Lcd.c,181 :: 		
0x0512	0x07FDFB  	RCALL	_Delay_5500us
;__Lib_Lcd.c,183 :: 		
0x0514	0x208080  	MOV	#lo_addr(__Lib_Lcd_cmd_status), W0
0x0516	0xA00010  	BSET	[W0], BitPos(__Lib_Lcd_cmd_status+0)
;__Lib_Lcd.c,184 :: 		
L_end_Lcd_Init:
0x0518	0xFA8000  	ULNK
0x051A	0x060000  	RETURN
; end of _Lcd_Init
_Delay_8ms:
;__Lib_Delays.c,614 :: 		void Delay_8ms()
;__Lib_Delays.c,616 :: 		Delay_ms(8);
0x01AA	0x2A6AA7  	MOV	#42666, W7
L_Delay_8ms29:
0x01AC	0xED200E  	DEC	W7
0x01AE	0x3AFFFE  	BRA NZ	L_Delay_8ms29
0x01B0	0x000000  	NOP
0x01B2	0x000000  	NOP
;__Lib_Delays.c,617 :: 		}
L_end_Delay_8ms:
0x01B4	0x060000  	RETURN
; end of _Delay_8ms
__Lib_Lcd_Strobe:
0x0120	0xFA0000  	LNK	#0
;__Lib_Lcd.c,26 :: 		
;__Lib_Lcd.c,27 :: 		
0x0122	0xA882DC  	BSET	LCD_EN, BitPos(LCD_EN+0)
;__Lib_Lcd.c,28 :: 		
0x0124	0x07FFED  	RCALL	_Delay_1us
;__Lib_Lcd.c,29 :: 		
0x0126	0xA982DC  	BCLR	LCD_EN, BitPos(LCD_EN+0)
;__Lib_Lcd.c,30 :: 		
0x0128	0x07FFEB  	RCALL	_Delay_1us
;__Lib_Lcd.c,31 :: 		
L_end_Strobe:
0x012A	0xFA8000  	ULNK
0x012C	0x060000  	RETURN
; end of __Lib_Lcd_Strobe
_Delay_1us:
;__Lib_Delays.c,380 :: 		void Delay_1us()
;__Lib_Delays.c,382 :: 		Delay_us(1);
0x0100	0x200057  	MOV	#5, W7
L_Delay_1us11:
0x0102	0xED200E  	DEC	W7
0x0104	0x3AFFFE  	BRA NZ	L_Delay_1us11
0x0106	0x000000  	NOP
;__Lib_Delays.c,383 :: 		}
L_end_Delay_1us:
0x0108	0x060000  	RETURN
; end of _Delay_1us
_Delay_5500us:
;__Lib_Delays.c,536 :: 		void Delay_5500us()
;__Lib_Delays.c,538 :: 		Delay_us(5500);
0x010A	0x272957  	MOV	#29333, W7
L_Delay_5500us23:
0x010C	0xED200E  	DEC	W7
0x010E	0x3AFFFE  	BRA NZ	L_Delay_5500us23
0x0110	0x000000  	NOP
;__Lib_Delays.c,539 :: 		}
L_end_Delay_5500us:
0x0112	0x060000  	RETURN
; end of _Delay_5500us
_Lcd_Cmd:
0x012E	0xFA0000  	LNK	#0
;__Lib_Lcd.c,38 :: 		
;__Lib_Lcd.c,40 :: 		
; loc_word start address is: 2 (W1)
0x0130	0xFB808A  	ZE	W10, W1
;__Lib_Lcd.c,42 :: 		
0x0132	0xAEE002  	BTSS	W1, #7
0x0134	0xA962DC  	BCLR	LCD_D7, BitPos(LCD_D7+0)
0x0136	0xAFE002  	BTSC	W1, #7
0x0138	0xA862DC  	BSET	LCD_D7, BitPos(LCD_D7+0)
;__Lib_Lcd.c,43 :: 		
0x013A	0xAEC002  	BTSS	W1, #6
0x013C	0xA942DC  	BCLR	LCD_D6, BitPos(LCD_D6+0)
0x013E	0xAFC002  	BTSC	W1, #6
0x0140	0xA842DC  	BSET	LCD_D6, BitPos(LCD_D6+0)
;__Lib_Lcd.c,44 :: 		
0x0142	0xAEA002  	BTSS	W1, #5
0x0144	0xA922DC  	BCLR	LCD_D5, BitPos(LCD_D5+0)
0x0146	0xAFA002  	BTSC	W1, #5
0x0148	0xA822DC  	BSET	LCD_D5, BitPos(LCD_D5+0)
;__Lib_Lcd.c,45 :: 		
0x014A	0xAE8002  	BTSS	W1, #4
0x014C	0xA902DC  	BCLR	LCD_D4, BitPos(LCD_D4+0)
0x014E	0xAF8002  	BTSC	W1, #4
0x0150	0xA802DC  	BSET	LCD_D4, BitPos(LCD_D4+0)
;__Lib_Lcd.c,47 :: 		
0x0152	0x208080  	MOV	#lo_addr(__Lib_Lcd_cmd_status), W0
0x0154	0xA60010  	BTSS	[W0], BitPos(__Lib_Lcd_cmd_status+0)
0x0156	0xA8A2DC  	BSET	LCD_RS, BitPos(LCD_RS+0)
0x0158	0xA70010  	BTSC	[W0], BitPos(__Lib_Lcd_cmd_status+0)
0x015A	0xA9A2DC  	BCLR	LCD_RS, BitPos(LCD_RS+0)
;__Lib_Lcd.c,49 :: 		
0x015C	0x07FFE1  	RCALL	__Lib_Lcd_Strobe
;__Lib_Lcd.c,51 :: 		
0x015E	0xAE6002  	BTSS	W1, #3
0x0160	0xA962DC  	BCLR	LCD_D7, BitPos(LCD_D7+0)
0x0162	0xAF6002  	BTSC	W1, #3
0x0164	0xA862DC  	BSET	LCD_D7, BitPos(LCD_D7+0)
;__Lib_Lcd.c,52 :: 		
0x0166	0xAE4002  	BTSS	W1, #2
0x0168	0xA942DC  	BCLR	LCD_D6, BitPos(LCD_D6+0)
0x016A	0xAF4002  	BTSC	W1, #2
0x016C	0xA842DC  	BSET	LCD_D6, BitPos(LCD_D6+0)
;__Lib_Lcd.c,53 :: 		
0x016E	0xAE2002  	BTSS	W1, #1
0x0170	0xA922DC  	BCLR	LCD_D5, BitPos(LCD_D5+0)
0x0172	0xAF2002  	BTSC	W1, #1
0x0174	0xA822DC  	BSET	LCD_D5, BitPos(LCD_D5+0)
;__Lib_Lcd.c,54 :: 		
0x0176	0xAE0002  	BTSS	W1, #0
0x0178	0xA902DC  	BCLR	LCD_D4, BitPos(LCD_D4+0)
0x017A	0xAF0002  	BTSC	W1, #0
0x017C	0xA802DC  	BSET	LCD_D4, BitPos(LCD_D4+0)
; loc_word end address is: 2 (W1)
;__Lib_Lcd.c,56 :: 		
0x017E	0x208080  	MOV	#lo_addr(__Lib_Lcd_cmd_status), W0
0x0180	0xA60010  	BTSS	[W0], BitPos(__Lib_Lcd_cmd_status+0)
0x0182	0xA8A2DC  	BSET	LCD_RS, BitPos(LCD_RS+0)
0x0184	0xA70010  	BTSC	[W0], BitPos(__Lib_Lcd_cmd_status+0)
0x0186	0xA9A2DC  	BCLR	LCD_RS, BitPos(LCD_RS+0)
;__Lib_Lcd.c,58 :: 		
0x0188	0x07FFCB  	RCALL	__Lib_Lcd_Strobe
;__Lib_Lcd.c,60 :: 		
0x018A	0x208080  	MOV	#lo_addr(__Lib_Lcd_cmd_status), W0
0x018C	0xA60010  	BTSS	[W0], BitPos(__Lib_Lcd_cmd_status+0)
0x018E	0x370002  	BRA	L_Lcd_Cmd0
;__Lib_Lcd.c,61 :: 		
0x0190	0x07FFBC  	RCALL	_Delay_5500us
0x0192	0x370001  	BRA	L_Lcd_Cmd1
L_Lcd_Cmd0:
;__Lib_Lcd.c,63 :: 		
0x0194	0x07FFBF  	RCALL	_Delay_50us
L_Lcd_Cmd1:
;__Lib_Lcd.c,64 :: 		
L_end_Lcd_Cmd:
0x0196	0xFA8000  	ULNK
0x0198	0x060000  	RETURN
; end of _Lcd_Cmd
_Delay_50us:
;__Lib_Delays.c,458 :: 		void Delay_50us()
;__Lib_Delays.c,460 :: 		Delay_us(50);
0x0114	0x2010A7  	MOV	#266, W7
L_Delay_50us17:
0x0116	0xED200E  	DEC	W7
0x0118	0x3AFFFE  	BRA NZ	L_Delay_50us17
0x011A	0x000000  	NOP
0x011C	0x000000  	NOP
;__Lib_Delays.c,461 :: 		}
L_end_Delay_50us:
0x011E	0x060000  	RETURN
; end of _Delay_50us
_Lcd_Out:
0x051C	0xFA0000  	LNK	#0
;__Lib_Lcd.c,187 :: 		
;__Lib_Lcd.c,190 :: 		
0x051E	0x781F8A  	PUSH	W10
0x0520	0x37000A  	BRA	L_Lcd_Out11
;__Lib_Lcd.c,191 :: 		
L_Lcd_Out13:
0x0522	0x20080A  	MOV	#128, W10
0x0524	0x370011  	BRA	L_Lcd_Out12
;__Lib_Lcd.c,192 :: 		
L_Lcd_Out14:
0x0526	0x200C0A  	MOV	#192, W10
0x0528	0x37000F  	BRA	L_Lcd_Out12
;__Lib_Lcd.c,193 :: 		
L_Lcd_Out15:
0x052A	0x20094A  	MOV	#148, W10
0x052C	0x37000D  	BRA	L_Lcd_Out12
;__Lib_Lcd.c,194 :: 		
L_Lcd_Out16:
0x052E	0x200D4A  	MOV	#212, W10
0x0530	0x37000B  	BRA	L_Lcd_Out12
;__Lib_Lcd.c,195 :: 		
L_Lcd_Out17:
0x0532	0x20080A  	MOV	#128, W10
;__Lib_Lcd.c,196 :: 		
0x0534	0x370009  	BRA	L_Lcd_Out12
L_Lcd_Out11:
0x0536	0xE15061  	CP	W10, #1
0x0538	0x32FFF4  	BRA Z	L_Lcd_Out13
L__Lcd_Out32:
0x053A	0xE15062  	CP	W10, #2
0x053C	0x32FFF4  	BRA Z	L_Lcd_Out14
L__Lcd_Out33:
0x053E	0xE15063  	CP	W10, #3
0x0540	0x32FFF4  	BRA Z	L_Lcd_Out15
L__Lcd_Out34:
0x0542	0xE15064  	CP	W10, #4
0x0544	0x32FFF4  	BRA Z	L_Lcd_Out16
L__Lcd_Out35:
0x0546	0x37FFF5  	BRA	L_Lcd_Out17
L_Lcd_Out12:
;__Lib_Lcd.c,199 :: 		
0x0548	0x558061  	SUB	W11, #1, W0
0x054A	0x450000  	ADD	W10, W0, W0
0x054C	0x780500  	MOV	W0, W10
;__Lib_Lcd.c,201 :: 		
0x054E	0x784500  	MOV.B	W0, W10
0x0550	0x07FDEE  	RCALL	_Lcd_Cmd
;__Lib_Lcd.c,202 :: 		
0x0552	0x208080  	MOV	#lo_addr(__Lib_Lcd_cmd_status), W0
0x0554	0xA10010  	BCLR	[W0], BitPos(__Lib_Lcd_cmd_status+0)
;__Lib_Lcd.c,203 :: 		
; i start address is: 4 (W2)
0x0556	0xEF2004  	CLR	W2
; i end address is: 4 (W2)
;__Lib_Lcd.c,204 :: 		
L_Lcd_Out18:
; i start address is: 4 (W2)
0x0558	0x460002  	ADD	W12, W2, W0
0x055A	0xE00410  	CP0.B	[W0]
0x055C	0x320007  	BRA Z	L_Lcd_Out19
L__Lcd_Out36:
;__Lib_Lcd.c,205 :: 		
0x055E	0x460002  	ADD	W12, W2, W0
0x0560	0x781F8A  	PUSH	W10
0x0562	0x784510  	MOV.B	[W0], W10
0x0564	0x07FE1A  	RCALL	_Lcd_Chr_CP
0x0566	0x78054F  	POP	W10
0x0568	0xEC2004  	INC	W2
; i end address is: 4 (W2)
0x056A	0x37FFF6  	BRA	L_Lcd_Out18
L_Lcd_Out19:
;__Lib_Lcd.c,206 :: 		
0x056C	0x208080  	MOV	#lo_addr(__Lib_Lcd_cmd_status), W0
0x056E	0xA00010  	BSET	[W0], BitPos(__Lib_Lcd_cmd_status+0)
;__Lib_Lcd.c,207 :: 		
L_end_Lcd_Out:
0x0570	0x78054F  	POP	W10
0x0572	0xFA8000  	ULNK
0x0574	0x060000  	RETURN
; end of _Lcd_Out
_Lcd_Chr_CP:
0x019A	0xFA0000  	LNK	#0
;__Lib_Lcd.c,67 :: 		
;__Lib_Lcd.c,69 :: 		
0x019C	0x208080  	MOV	#lo_addr(__Lib_Lcd_cmd_status), W0
0x019E	0xA10010  	BCLR	[W0], BitPos(__Lib_Lcd_cmd_status+0)
;__Lib_Lcd.c,70 :: 		
0x01A0	0x07FFC6  	RCALL	_Lcd_Cmd
;__Lib_Lcd.c,71 :: 		
0x01A2	0x208080  	MOV	#lo_addr(__Lib_Lcd_cmd_status), W0
0x01A4	0xA00010  	BSET	[W0], BitPos(__Lib_Lcd_cmd_status+0)
;__Lib_Lcd.c,72 :: 		
L_end_Lcd_Chr_CP:
0x01A6	0xFA8000  	ULNK
0x01A8	0x060000  	RETURN
; end of _Lcd_Chr_CP
0x066E	0x20800A  	MOV	#2048, W10
0x0670	0x20000B  	MOV	#0, W11
0x0672	0x09000E  	REPEAT	#14
0x0674	0x781D0B  	MOV	W11, [W10++]
0x0676	0x060000  	RETURN
0x0678	0x208001  	MOV	#lo_addr(_txt1), W1
0x067A	0x286660  	MOV	#34406, W0
0x067C	0x090002  	REPEAT	#2
0x067E	0x7818B0  	MOV	[W0++], [W1++]
0x0680	0x7858B0  	MOV.B	[W0++], [W1++]
0x0682	0x060000  	RETURN
_distancia:
0x061C	0xF80034  	PUSH	PSVPAG
0x061E	0xF80036  	PUSH	RCOUNT
0x0620	0x781F80  	PUSH	W0
0x0622	0x200020  	MOV	#2, W0
0x0624	0x09000C  	REPEAT	#12
0x0626	0x781FB0  	PUSH	[W0++]
;ultrassom.c,50 :: 		void distancia() iv IVT_ADDR_T2INTERRUPT ics ICS_AUTO{
;ultrassom.c,51 :: 		IFS0 = 0;
0x0628	0x781F8A  	PUSH	W10
0x062A	0x781F8B  	PUSH	W11
0x062C	0x781F8C  	PUSH	W12
0x062E	0xEF2084  	CLR	IFS0
;ultrassom.c,52 :: 		dist = TMR2/58.8;
0x0630	0xBF8106  	MOV	TMR2, WREG
0x0632	0xEB0080  	CLR	W1
0x0634	0x07FDE4  	RCALL	__Long2Float
0x0636	0x233332  	MOV	#13107, W2
0x0638	0x2426B3  	MOV	#17003, W3
0x063A	0x07FE3C  	RCALL	__Div_FP
0x063C	0x884050  	MOV	W0, _dist
0x063E	0x884061  	MOV	W1, _dist+2
;ultrassom.c,53 :: 		IntToStr(dist, txt2);//    ' Convert float to string
0x0640	0x07FED4  	RCALL	__Float2Longint
0x0642	0x2080EB  	MOV	#lo_addr(_txt2), W11
0x0644	0x780500  	MOV	W0, W10
0x0646	0x07FF0D  	RCALL	_IntToStr
;ultrassom.c,55 :: 		Lcd_Out(2, 5, txt2);
0x0648	0x2080EC  	MOV	#lo_addr(_txt2), W12
0x064A	0x20005B  	MOV	#5, W11
0x064C	0x20002A  	MOV	#2, W10
0x064E	0x07FF66  	RCALL	_Lcd_Out
;ultrassom.c,56 :: 		TMR2 = 0;
0x0650	0xEF2106  	CLR	TMR2
;ultrassom.c,57 :: 		}
L_end_distancia:
0x0652	0x78064F  	POP	W12
0x0654	0x7805CF  	POP	W11
0x0656	0x78054F  	POP	W10
0x0658	0x2001A0  	MOV	#26, W0
0x065A	0x09000C  	REPEAT	#12
0x065C	0x78104F  	POP	[W0--]
0x065E	0x78004F  	POP	W0
0x0660	0xF90036  	POP	RCOUNT
0x0662	0xF90034  	POP	PSVPAG
0x0664	0x064000  	RETFIE
; end of _distancia
_IntToStr:
0x0462	0xFA0000  	LNK	#0
;__Lib_Conversions.c,195 :: 		
;__Lib_Conversions.c,201 :: 		
0x0464	0x781F8A  	PUSH	W10
; negative start address is: 8 (W4)
0x0466	0xEF2008  	CLR	W4
;__Lib_Conversions.c,202 :: 		
; inword start address is: 0 (W0)
0x0468	0x78000A  	MOV	W10, W0
;__Lib_Conversions.c,203 :: 		
0x046A	0xE15060  	CP	W10, #0
0x046C	0x3D0003  	BRA GE	L__IntToStr113
L__IntToStr156:
; inword end address is: 0 (W0)
;__Lib_Conversions.c,204 :: 		
0x046E	0x200014  	MOV	#1, W4
;__Lib_Conversions.c,205 :: 		
; inword start address is: 0 (W0)
0x0470	0x150060  	SUBR	W10, #0, W0
; inword end address is: 0 (W0)
; negative end address is: 8 (W4)
;__Lib_Conversions.c,206 :: 		
0x0472	0x370000  	BRA	L_IntToStr37
L__IntToStr113:
;__Lib_Conversions.c,203 :: 		
;__Lib_Conversions.c,206 :: 		
L_IntToStr37:
;__Lib_Conversions.c,207 :: 		
; inword start address is: 0 (W0)
; negative start address is: 8 (W4)
0x0474	0x780500  	MOV	W0, W10
; inword end address is: 0 (W0)
0x0476	0x07FE9F  	RCALL	_WordToStr
;__Lib_Conversions.c,209 :: 		
; i start address is: 6 (W3)
0x0478	0x200063  	MOV	#6, W3
; negative end address is: 8 (W4)
; i end address is: 6 (W3)
0x047A	0x780104  	MOV	W4, W2
;__Lib_Conversions.c,210 :: 		
L_IntToStr38:
; i start address is: 6 (W3)
; negative start address is: 4 (W2)
0x047C	0xE11860  	CP	W3, #0
0x047E	0x360006  	BRA LEU	L_IntToStr39
L__IntToStr157:
;__Lib_Conversions.c,211 :: 		
0x0480	0x458083  	ADD	W11, W3, W1
0x0482	0x518061  	SUB	W3, #1, W0
0x0484	0x458000  	ADD	W11, W0, W0
0x0486	0x784890  	MOV.B	[W0], [W1]
;__Lib_Conversions.c,212 :: 		
0x0488	0xED2006  	DEC	W3
;__Lib_Conversions.c,213 :: 		
; i end address is: 6 (W3)
0x048A	0x37FFF8  	BRA	L_IntToStr38
L_IntToStr39:
;__Lib_Conversions.c,214 :: 		
0x048C	0xB3C200  	MOV.B	#32, W0
0x048E	0x784D80  	MOV.B	W0, [W11]
;__Lib_Conversions.c,215 :: 		
0x0490	0xE20004  	CP0	W2
0x0492	0x32000C  	BRA Z	L_IntToStr40
L__IntToStr158:
; negative end address is: 4 (W2)
;__Lib_Conversions.c,216 :: 		
; i start address is: 4 (W2)
0x0494	0xEF2004  	CLR	W2
; i end address is: 4 (W2)
;__Lib_Conversions.c,217 :: 		
L_IntToStr41:
; i start address is: 4 (W2)
0x0496	0x458002  	ADD	W11, W2, W0
0x0498	0x784090  	MOV.B	[W0], W1
0x049A	0xB3C200  	MOV.B	#32, W0
0x049C	0xE10C00  	CP.B	W1, W0
0x049E	0x3A0002  	BRA NZ	L_IntToStr42
L__IntToStr159:
; i start address is: 4 (W2)
0x04A0	0xEC2004  	INC	W2
; i end address is: 4 (W2)
0x04A2	0x37FFF9  	BRA	L_IntToStr41
L_IntToStr42:
;__Lib_Conversions.c,218 :: 		
0x04A4	0x510061  	SUB	W2, #1, W0
; i end address is: 4 (W2)
;__Lib_Conversions.c,219 :: 		
0x04A6	0x458080  	ADD	W11, W0, W1
0x04A8	0xB3C2D0  	MOV.B	#45, W0
0x04AA	0x784880  	MOV.B	W0, [W1]
L_IntToStr40:
;__Lib_Conversions.c,220 :: 		
L_end_IntToStr:
0x04AC	0x78054F  	POP	W10
0x04AE	0xFA8000  	ULNK
0x04B0	0x060000  	RETURN
; end of _IntToStr
_WordToStr:
0x01B6	0xFA0002  	LNK	#2
;__Lib_Conversions.c,98 :: 		
;__Lib_Conversions.c,103 :: 		
; len start address is: 4 (W2)
0x01B8	0xEF2004  	CLR	W2
; len end address is: 4 (W2)
L_WordToStr11:
; len start address is: 4 (W2)
0x01BA	0xE11465  	CP.B	W2, #5
0x01BC	0x310006  	BRA GEU	L_WordToStr12
L__WordToStr139:
;__Lib_Conversions.c,104 :: 		
0x01BE	0xFB8002  	ZE	W2, W0
0x01C0	0x458080  	ADD	W11, W0, W1
0x01C2	0xB3C200  	MOV.B	#32, W0
0x01C4	0x784880  	MOV.B	W0, [W1]
;__Lib_Conversions.c,103 :: 		
0x01C6	0xEC6004  	INC.B	W2
;__Lib_Conversions.c,104 :: 		
0x01C8	0x37FFF8  	BRA	L_WordToStr11
L_WordToStr12:
;__Lib_Conversions.c,105 :: 		
0x01CA	0xFB8002  	ZE	W2, W0
0x01CC	0x458080  	ADD	W11, W0, W1
0x01CE	0xEF2000  	CLR	W0
0x01D0	0x784880  	MOV.B	W0, [W1]
; len start address is: 6 (W3)
0x01D2	0x5141E1  	SUB.B	W2, #1, W3
; len end address is: 4 (W2)
; len end address is: 6 (W3)
;__Lib_Conversions.c,107 :: 		
L_WordToStr14:
;__Lib_Conversions.c,108 :: 		
; len start address is: 6 (W3)
0x01D4	0xFB8003  	ZE	W3, W0
0x01D6	0x458000  	ADD	W11, W0, W0
0x01D8	0x980700  	MOV	W0, [W14+0]
0x01DA	0x2000A2  	MOV	#10, W2
0x01DC	0x090011  	REPEAT	#17
0x01DE	0xD88502  	DIV.U	W10, W2
0x01E0	0x200300  	MOV	#48, W0
0x01E2	0x408080  	ADD	W1, W0, W1
0x01E4	0x90000E  	MOV	[W14+0], W0
0x01E6	0x784801  	MOV.B	W1, [W0]
;__Lib_Conversions.c,109 :: 		
0x01E8	0x2000A2  	MOV	#10, W2
0x01EA	0x090011  	REPEAT	#17
0x01EC	0xD88502  	DIV.U	W10, W2
0x01EE	0x780500  	MOV	W0, W10
;__Lib_Conversions.c,110 :: 		
0x01F0	0xE10060  	CP	W0, #0
0x01F2	0x3A0001  	BRA NZ	L_WordToStr16
L__WordToStr140:
; len end address is: 6 (W3)
;__Lib_Conversions.c,111 :: 		
0x01F4	0x370002  	BRA	L_WordToStr15
L_WordToStr16:
;__Lib_Conversions.c,112 :: 		
; len start address is: 6 (W3)
0x01F6	0xED6006  	DEC.B	W3
;__Lib_Conversions.c,113 :: 		
; len end address is: 6 (W3)
0x01F8	0x37FFED  	BRA	L_WordToStr14
L_WordToStr15:
;__Lib_Conversions.c,114 :: 		
L_end_WordToStr:
0x01FA	0xFA8000  	ULNK
0x01FC	0x060000  	RETURN
; end of _WordToStr
__Long2Float:
0x01FE	0xFA0000  	LNK	#0
;__Lib_MathDouble.c,104 :: 		
;__Lib_MathDouble.c,106 :: 		
0x0200	0x070002  	RCALL	LL_intro_Long2Float
;__Lib_MathDouble.c,107 :: 		
0x0202	0x0000000402B0  	GOTO	the_end__Long2Float
;__Lib_MathDouble.c,109 :: 		
LL_intro_Long2Float:
;__Lib_MathDouble.c,110 :: 		
0x0206	0xE20004  	CP0	W2
;__Lib_MathDouble.c,111 :: 		
0x0208	0x3A0006  	BRA NZ	Longint2Float__floatsisf
;__Lib_MathDouble.c,113 :: 		
Longword2Float__floatuisf:
;__Lib_MathDouble.c,114 :: 		
0x020A	0xEB0500  	CLR	W10
;__Lib_MathDouble.c,115 :: 		
0x020C	0xE20002  	CP0	W1
;__Lib_MathDouble.c,116 :: 		
0x020E	0x3E000F  	BRA GTU	Long2Float_notspecial
;__Lib_MathDouble.c,117 :: 		
0x0210	0xE20000  	CP0	W0
;__Lib_MathDouble.c,118 :: 		
0x0212	0x320027  	BRA Z	Long2Float_return0
;__Lib_MathDouble.c,119 :: 		
0x0214	0x37000C  	BRA	Long2Float_notspecial
;__Lib_MathDouble.c,121 :: 		
Longint2Float__floatsisf:
;__Lib_MathDouble.c,122 :: 		
0x0216	0x8800A1  	MOV	W1, W10
;__Lib_MathDouble.c,123 :: 		
0x0218	0xE20002  	CP0	W1
;__Lib_MathDouble.c,124 :: 		
0x021A	0x350004  	BRA LT	Longint2Float_negative
;__Lib_MathDouble.c,125 :: 		
0x021C	0x3C0008  	BRA GT	Long2Float_notspecial
;__Lib_MathDouble.c,126 :: 		
0x021E	0xE20000  	CP0	W0
;__Lib_MathDouble.c,127 :: 		
0x0220	0x320020  	BRA Z	Long2Float_return0
;__Lib_MathDouble.c,128 :: 		
0x0222	0x370005  	BRA	Long2Float_notspecial
;__Lib_MathDouble.c,129 :: 		
Longint2Float_negative:
;__Lib_MathDouble.c,130 :: 		
0x0224	0x100060  	SUBR	W0, #0, W0
;__Lib_MathDouble.c,131 :: 		
0x0226	0x1880E0  	SUBBR	W1, #0, W1
;__Lib_MathDouble.c,132 :: 		
0x0228	0x3B0002  	BRA NN	Long2Float_notspecial
;__Lib_MathDouble.c,133 :: 		
0x022A	0x2CF001  	MOV	#52992, W1
;__Lib_MathDouble.c,134 :: 		
0x022C	0x37001A  	BRA	Long2Float_return0
;__Lib_MathDouble.c,136 :: 		
Long2Float_notspecial:
;__Lib_MathDouble.c,137 :: 		
0x022E	0xBE8400  	MOV.D	W0, W8
;__Lib_MathDouble.c,138 :: 		
0x0230	0xB81160  	MUL.UU	W2, #0, W2
;__Lib_MathDouble.c,139 :: 		
0x0232	0x20096B  	MOV	#150, W11
;__Lib_MathDouble.c,140 :: 		
0x0234	0xCF8209  	FF1L	W9, W4
;__Lib_MathDouble.c,141 :: 		
0x0236	0x390002  	BRA NC	Long2Float_fixshift
;__Lib_MathDouble.c,142 :: 		
0x0238	0xCF8208  	FF1L	W8, W4
;__Lib_MathDouble.c,143 :: 		
0x023A	0xB04104  	ADD.B	#16, W4
;__Lib_MathDouble.c,144 :: 		
Long2Float_fixshift:
;__Lib_MathDouble.c,145 :: 		
0x023C	0x524269  	SUB.B	W4, #9, W4
;__Lib_MathDouble.c,146 :: 		
0x023E	0x32000E  	BRA Z	Long2Float_round
;__Lib_MathDouble.c,147 :: 		
0x0240	0x3B0008  	BRA NN	Long2Float_shiftleft
;__Lib_MathDouble.c,148 :: 		
Long2Float_shiftright:
;__Lib_MathDouble.c,149 :: 		
0x0242	0x718182  	IOR	W3, W2, W3
;__Lib_MathDouble.c,150 :: 		
0x0244	0x640161  	AND	W8, #1, W2
;__Lib_MathDouble.c,151 :: 		
0x0246	0xD10489  	LSR	W9, W9
;__Lib_MathDouble.c,152 :: 		
0x0248	0xD38408  	RRC	W8, W8
;__Lib_MathDouble.c,153 :: 		
0x024A	0xE8058B  	INC	W11, W11
;__Lib_MathDouble.c,154 :: 		
0x024C	0xE84204  	INC.B	W4, W4
;__Lib_MathDouble.c,155 :: 		
0x024E	0x3AFFF9  	BRA NZ	Long2Float_shiftright
;__Lib_MathDouble.c,156 :: 		
0x0250	0x370005  	BRA	Long2Float_round
;__Lib_MathDouble.c,157 :: 		
Long2Float_shiftleft:
;__Lib_MathDouble.c,158 :: 		
0x0252	0x440408  	ADD	W8, W8, W8
;__Lib_MathDouble.c,159 :: 		
0x0254	0x4C8489  	ADDC	W9, W9, W9
;__Lib_MathDouble.c,160 :: 		
0x0256	0xE9058B  	DEC	W11, W11
;__Lib_MathDouble.c,161 :: 		
0x0258	0xE94204  	DEC.B	W4, W4
;__Lib_MathDouble.c,162 :: 		
0x025A	0x3AFFFB  	BRA NZ	Long2Float_shiftleft
;__Lib_MathDouble.c,163 :: 		
Long2Float_round:
;__Lib_MathDouble.c,164 :: 		
0x025C	0x070003  	RCALL	Long2Float__fpack
;__Lib_MathDouble.c,165 :: 		
0x025E	0xA7F00A  	BTSC	W10, #15
;__Lib_MathDouble.c,166 :: 		
0x0260	0xA8E003  	BSET	W1, #15
;__Lib_MathDouble.c,167 :: 		
Long2Float_return0:
;__Lib_MathDouble.c,168 :: 		
0x0262	0x060000  	RETURN
;__Lib_MathDouble.c,169 :: 		
Long2Float__fpack:
;__Lib_MathDouble.c,170 :: 		
0x0264	0x200081  	MOV	#8, W1
;__Lib_MathDouble.c,171 :: 		
0x0266	0x558061  	SUB	W11, #1, W0
;__Lib_MathDouble.c,172 :: 		
0x0268	0x3D000B  	BRA GE	Long2Float_notsubnormal
;__Lib_MathDouble.c,173 :: 		
0x026A	0x20000B  	MOV	#0, W11
;__Lib_MathDouble.c,174 :: 		
0x026C	0x2FFE61  	MOV	#65510, W1
;__Lib_MathDouble.c,175 :: 		
0x026E	0xE10001  	CP	W0, W1
;__Lib_MathDouble.c,176 :: 		
0x0270	0x34001D  	BRA LE	Long2Float_zerosig
;__Lib_MathDouble.c,177 :: 		
Long2Float_subnormal:
;__Lib_MathDouble.c,178 :: 		
0x0272	0x718182  	IOR	W3, W2, W3
;__Lib_MathDouble.c,179 :: 		
0x0274	0x640161  	AND	W8, #1, W2
;__Lib_MathDouble.c,180 :: 		
0x0276	0xD10489  	LSR	W9, W9
;__Lib_MathDouble.c,181 :: 		
0x0278	0xD38408  	RRC	W8, W8
;__Lib_MathDouble.c,182 :: 		
0x027A	0xE80000  	INC	W0, W0
;__Lib_MathDouble.c,183 :: 		
0x027C	0x3AFFFA  	BRA NZ	Long2Float_subnormal
;__Lib_MathDouble.c,184 :: 		
0x027E	0x200071  	MOV	#7, W1
;__Lib_MathDouble.c,185 :: 		
Long2Float_notsubnormal:
;__Lib_MathDouble.c,186 :: 		
0x0280	0x640061  	AND	W8, #1, W0
;__Lib_MathDouble.c,187 :: 		
0x0282	0x700003  	IOR	W0, W3, W0
;__Lib_MathDouble.c,188 :: 		
0x0284	0x600002  	AND	W0, W2, W0
;__Lib_MathDouble.c,189 :: 		
0x0286	0x320009  	BRA Z	Long2Float_packupandgo
;__Lib_MathDouble.c,190 :: 		
0x0288	0x440461  	ADD	W8, #1, W8
;__Lib_MathDouble.c,191 :: 		
0x028A	0x4C84E0  	ADDC	W9, #0, W9
;__Lib_MathDouble.c,192 :: 		
0x028C	0xA58809  	BTST.Z	W9, W1
;__Lib_MathDouble.c,193 :: 		
0x028E	0x320005  	BRA Z	Long2Float_packupandgo
;__Lib_MathDouble.c,194 :: 		
0x0290	0xE8058B  	INC	W11, W11
;__Lib_MathDouble.c,195 :: 		
0x0292	0xE10868  	CP	W1, #8
;__Lib_MathDouble.c,196 :: 		
0x0294	0x3A0002  	BRA NZ	Long2Float_packupandgo
;__Lib_MathDouble.c,197 :: 		
0x0296	0xD10489  	LSR	W9, W9
;__Lib_MathDouble.c,198 :: 		
0x0298	0xD38408  	RRC	W8, W8
;__Lib_MathDouble.c,199 :: 		
Long2Float_packupandgo:
;__Lib_MathDouble.c,200 :: 		
0x029A	0x200FF2  	MOV	#255, W2
;__Lib_MathDouble.c,201 :: 		
0x029C	0xE15802  	CP	W11, W2
;__Lib_MathDouble.c,202 :: 		
0x029E	0x3D0005  	BRA GE	Long2Float_overflow
;__Lib_MathDouble.c,203 :: 		
0x02A0	0xDD5DC7  	SL	W11, #7, W11
;__Lib_MathDouble.c,204 :: 		
0x02A2	0xB207F9  	AND	#127, W9
;__Lib_MathDouble.c,205 :: 		
0x02A4	0x758089  	IOR	W11, W9, W1
;__Lib_MathDouble.c,206 :: 		
0x02A6	0x880008  	MOV	W8, W0
;__Lib_MathDouble.c,207 :: 		
0x02A8	0x060000  	RETURN
;__Lib_MathDouble.c,208 :: 		
Long2Float_overflow:
;__Lib_MathDouble.c,209 :: 		
0x02AA	0x27F80B  	MOV	#32640, W11
;__Lib_MathDouble.c,210 :: 		
Long2Float_zerosig:
;__Lib_MathDouble.c,211 :: 		
0x02AC	0x88001B  	MOV	W11, W1
;__Lib_MathDouble.c,212 :: 		
0x02AE	0x050000  	RETLW	#0, W0
;__Lib_MathDouble.c,215 :: 		
the_end__Long2Float:
;__Lib_MathDouble.c,218 :: 		
L_end__Long2Float:
0x02B0	0xFA8000  	ULNK
0x02B2	0x060000  	RETURN
; end of __Long2Float
__Div_FP:
0x02B4	0xFA0000  	LNK	#0
;__Lib_MathDouble.c,1050 :: 		
;__Lib_MathDouble.c,1052 :: 		
0x02B6	0x070002  	RCALL	DivFP___divsf3
;__Lib_MathDouble.c,1053 :: 		
0x02B8	0x0000000403E6  	GOTO	the_end__Div_FP
;__Lib_MathDouble.c,1056 :: 		
DivFP___divsf3:
;__Lib_MathDouble.c,1057 :: 		
0x02BC	0xBE9F88  	MOV.D	W8, [W15++]
;__Lib_MathDouble.c,1058 :: 		
0x02BE	0xBE9F8A  	MOV.D	W10, [W15++]
;__Lib_MathDouble.c,1059 :: 		
0x02C0	0x781F8C  	MOV	W12, [W15++]
;__Lib_MathDouble.c,1060 :: 		
0x02C2	0x07003E  	RCALL	DivFP__funpack2
;__Lib_MathDouble.c,1061 :: 		
0x02C4	0x330045  	BRA N	DivFP__fPropagateNaN
;__Lib_MathDouble.c,1062 :: 		
0x02C6	0x6C8603  	XOR	W9, W3, W12
;__Lib_MathDouble.c,1063 :: 		
0x02C8	0xE15064  	CP	W10, #4
;__Lib_MathDouble.c,1064 :: 		
0x02CA	0x32002E  	BRA Z	DivFP_aisinfinite
;__Lib_MathDouble.c,1065 :: 		
0x02CC	0xE12064  	CP	W4, #4
;__Lib_MathDouble.c,1066 :: 		
0x02CE	0x320033  	BRA Z	DivFP_returnZero
;__Lib_MathDouble.c,1067 :: 		
0x02D0	0xE15061  	CP	W10, #1
;__Lib_MathDouble.c,1068 :: 		
0x02D2	0x32002F  	BRA Z	DivFP_aiszero
;__Lib_MathDouble.c,1069 :: 		
0x02D4	0xE12061  	CP	W4, #1
;__Lib_MathDouble.c,1070 :: 		
0x02D6	0x320031  	BRA Z	DivFP_returnInf
;__Lib_MathDouble.c,1071 :: 		
DivFP_finitenonzero:
;__Lib_MathDouble.c,1072 :: 		
0x02D8	0x558585  	SUB	W11, W5, W11
;__Lib_MathDouble.c,1073 :: 		
0x02DA	0xB007EB  	ADD	#126, W11
;__Lib_MathDouble.c,1074 :: 		
0x02DC	0x200009  	MOV	#0, W9
;__Lib_MathDouble.c,1075 :: 		
0x02DE	0x200408  	MOV	#64, W8
;__Lib_MathDouble.c,1076 :: 		
0x02E0	0x370005  	BRA	DivFP_diventry
;__Lib_MathDouble.c,1077 :: 		
DivFP_divnext:
;__Lib_MathDouble.c,1078 :: 		
0x02E2	0x440408  	ADD	W8, W8, W8
;__Lib_MathDouble.c,1079 :: 		
0x02E4	0x4C8489  	ADDC	W9, W9, W9
;__Lib_MathDouble.c,1080 :: 		
0x02E6	0x31000A  	BRA C	DivFP_divdone
;__Lib_MathDouble.c,1081 :: 		
DivFP_divloop:
;__Lib_MathDouble.c,1082 :: 		
0x02E8	0x430306  	ADD	W6, W6, W6
;__Lib_MathDouble.c,1083 :: 		
0x02EA	0x4B8387  	ADDC	W7, W7, W7
;__Lib_MathDouble.c,1084 :: 		
DivFP_diventry:
;__Lib_MathDouble.c,1085 :: 		
0x02EC	0x530100  	SUB	W6, W0, W2
;__Lib_MathDouble.c,1086 :: 		
0x02EE	0x5B8181  	SUBB	W7, W1, W3
;__Lib_MathDouble.c,1087 :: 		
0x02F0	0x33FFF8  	BRA N	DivFP_divnext
;__Lib_MathDouble.c,1088 :: 		
0x02F2	0xBE8302  	MOV.D	W2, W6
;__Lib_MathDouble.c,1089 :: 		
0x02F4	0xA80010  	BSET	W8, #0
;__Lib_MathDouble.c,1090 :: 		
0x02F6	0x440408  	ADD	W8, W8, W8
;__Lib_MathDouble.c,1091 :: 		
0x02F8	0x4C8489  	ADDC	W9, W9, W9
;__Lib_MathDouble.c,1092 :: 		
0x02FA	0x39FFF6  	BRA NC	DivFP_divloop
;__Lib_MathDouble.c,1093 :: 		
DivFP_divdone:
;__Lib_MathDouble.c,1094 :: 		
0x02FC	0xDD39C6  	SL	W7, #6, W3
;__Lib_MathDouble.c,1095 :: 		
0x02FE	0x730183  	IOR	W6, W3, W3
;__Lib_MathDouble.c,1096 :: 		
0x0300	0x320001  	BRA Z	DivFP_stickyok
;__Lib_MathDouble.c,1097 :: 		
0x0302	0x200013  	MOV	#1, W3
;__Lib_MathDouble.c,1098 :: 		
DivFP_stickyok:
;__Lib_MathDouble.c,1099 :: 		
0x0304	0xD10489  	LSR	W9, W9
;__Lib_MathDouble.c,1100 :: 		
0x0306	0xD38408  	RRC	W8, W8
;__Lib_MathDouble.c,1101 :: 		
0x0308	0xA39809  	BTST.Z	W9, #9
;__Lib_MathDouble.c,1102 :: 		
0x030A	0x320005  	BRA Z	DivFP_guardused
;__Lib_MathDouble.c,1103 :: 		
0x030C	0xA70008  	BTSC	W8, #0
;__Lib_MathDouble.c,1104 :: 		
0x030E	0xA80006  	BSET	W3, #0
;__Lib_MathDouble.c,1105 :: 		
0x0310	0xD10489  	LSR	W9, W9
;__Lib_MathDouble.c,1106 :: 		
0x0312	0xD38408  	RRC	W8, W8
;__Lib_MathDouble.c,1107 :: 		
0x0314	0xE8058B  	INC	W11, W11
;__Lib_MathDouble.c,1108 :: 		
DivFP_guardused:
;__Lib_MathDouble.c,1109 :: 		
0x0316	0xD10489  	LSR	W9, W9
;__Lib_MathDouble.c,1110 :: 		
0x0318	0xD38408  	RRC	W8, W8
;__Lib_MathDouble.c,1111 :: 		
0x031A	0xEB0100  	CLR	W2
;__Lib_MathDouble.c,1112 :: 		
0x031C	0xD28102  	RLC	W2, W2
;__Lib_MathDouble.c,1113 :: 		
0x031E	0x070028  	RCALL	DivFP__fpack
;__Lib_MathDouble.c,1114 :: 		
DivFP_return0_1:
;__Lib_MathDouble.c,1115 :: 		
0x0320	0xA1F001  	BCLR	W1, #15
;__Lib_MathDouble.c,1116 :: 		
0x0322	0xA7F00C  	BTSC	W12, #15
;__Lib_MathDouble.c,1117 :: 		
0x0324	0xA8E003  	BSET	W1, #15
;__Lib_MathDouble.c,1118 :: 		
0x0326	0x37001D  	BRA	DivFP__fbopExit
;__Lib_MathDouble.c,1119 :: 		
DivFP_aisinfinite:
;__Lib_MathDouble.c,1120 :: 		
0x0328	0xE12064  	CP	W4, #4
;__Lib_MathDouble.c,1121 :: 		
0x032A	0x32001F  	BRA Z	DivFP__fbopReturnNaN
;__Lib_MathDouble.c,1122 :: 		
DivFP_return8_1:
;__Lib_MathDouble.c,1123 :: 		
0x032C	0xBE8108  	MOV.D	W8, W2
;__Lib_MathDouble.c,1124 :: 		
DivFP_return2_1:
;__Lib_MathDouble.c,1125 :: 		
0x032E	0xBE8002  	MOV.D	W2, W0
;__Lib_MathDouble.c,1126 :: 		
0x0330	0x37FFF7  	BRA	DivFP_return0_1
;__Lib_MathDouble.c,1127 :: 		
DivFP_aiszero:
;__Lib_MathDouble.c,1128 :: 		
0x0332	0xE12061  	CP	W4, #1
;__Lib_MathDouble.c,1129 :: 		
0x0334	0x32001A  	BRA Z	DivFP__fbopReturnNaN
;__Lib_MathDouble.c,1130 :: 		
DivFP_returnZero:
;__Lib_MathDouble.c,1131 :: 		
0x0336	0xB80060  	MUL.UU	W0, #0, W0
;__Lib_MathDouble.c,1132 :: 		
0x0338	0x37FFF3  	BRA	DivFP_return0_1
;__Lib_MathDouble.c,1133 :: 		
DivFP_returnInf:
;__Lib_MathDouble.c,1134 :: 		
0x033A	0x200000  	MOV	#0, W0
;__Lib_MathDouble.c,1135 :: 		
0x033C	0x27F801  	MOV	#32640, W1
;__Lib_MathDouble.c,1136 :: 		
0x033E	0x37FFF0  	BRA	DivFP_return0_1
;__Lib_MathDouble.c,1137 :: 		
DivFP__funpack2:
;__Lib_MathDouble.c,1138 :: 		
0x0340	0xBE8400  	MOV.D	W0, W8
;__Lib_MathDouble.c,1139 :: 		
0x0342	0x07003C  	RCALL	DivFP__funpack
;__Lib_MathDouble.c,1140 :: 		
0x0344	0xBE8300  	MOV.D	W0, W6
;__Lib_MathDouble.c,1141 :: 		
0x0346	0xBE8504  	MOV.D	W4, W10
;__Lib_MathDouble.c,1142 :: 		
0x0348	0xBE8002  	MOV.D	W2, W0
;__Lib_MathDouble.c,1143 :: 		
0x034A	0x070038  	RCALL	DivFP__funpack
;__Lib_MathDouble.c,1144 :: 		
0x034C	0x754F84  	IOR.B	W10, W4, [W15]
;__Lib_MathDouble.c,1145 :: 		
0x034E	0x060000  	RETURN
;__Lib_MathDouble.c,1146 :: 		
DivFP__fPropagateNaN:
;__Lib_MathDouble.c,1147 :: 		
0x0350	0xBE8002  	MOV.D	W2, W0
;__Lib_MathDouble.c,1148 :: 		
0x0352	0xE15064  	CP	W10, #4
;__Lib_MathDouble.c,1149 :: 		
0x0354	0x360005  	BRA LEU	DivFP_return0
;__Lib_MathDouble.c,1150 :: 		
0x0356	0xE12064  	CP	W4, #4
;__Lib_MathDouble.c,1151 :: 		
0x0358	0x360002  	BRA LEU	DivFP_return8
;__Lib_MathDouble.c,1152 :: 		
0x035A	0xA36809  	BTST.Z	W9, #6
;__Lib_MathDouble.c,1153 :: 		
0x035C	0x3A0001  	BRA NZ	DivFP_return0
;__Lib_MathDouble.c,1154 :: 		
DivFP_return8:
;__Lib_MathDouble.c,1155 :: 		
0x035E	0xBE8008  	MOV.D	W8, W0
;__Lib_MathDouble.c,1156 :: 		
DivFP_return0:
;__Lib_MathDouble.c,1157 :: 		
0x0360	0xA8C002  	BSET	W1, #6
;__Lib_MathDouble.c,1158 :: 		
DivFP__fbopExit:
;__Lib_MathDouble.c,1159 :: 		
0x0362	0x78064F  	MOV	[--W15], W12
;__Lib_MathDouble.c,1160 :: 		
0x0364	0xBE054F  	MOV.D	[--W15], W10
;__Lib_MathDouble.c,1161 :: 		
0x0366	0xBE044F  	MOV.D	[--W15], W8
;__Lib_MathDouble.c,1162 :: 		
0x0368	0x060000  	RETURN
;__Lib_MathDouble.c,1163 :: 		
DivFP__fbopReturnNaN:
;__Lib_MathDouble.c,1164 :: 		
0x036A	0x2FFFF0  	MOV	#65535, W0
;__Lib_MathDouble.c,1165 :: 		
0x036C	0x27FFF1  	MOV	#32767, W1
;__Lib_MathDouble.c,1166 :: 		
0x036E	0x37FFF9  	BRA	DivFP__fbopExit
;__Lib_MathDouble.c,1167 :: 		
DivFP__fpack:
;__Lib_MathDouble.c,1168 :: 		
0x0370	0x200081  	MOV	#8, W1
;__Lib_MathDouble.c,1169 :: 		
0x0372	0x558061  	SUB	W11, #1, W0
;__Lib_MathDouble.c,1170 :: 		
0x0374	0x3D000B  	BRA GE	DivFP_notsubnormal
;__Lib_MathDouble.c,1171 :: 		
0x0376	0x20000B  	MOV	#0, W11
;__Lib_MathDouble.c,1172 :: 		
0x0378	0x2FFE61  	MOV	#65510, W1
;__Lib_MathDouble.c,1173 :: 		
0x037A	0xE10001  	CP	W0, W1
;__Lib_MathDouble.c,1174 :: 		
0x037C	0x34001D  	BRA LE	DivFP_zerosig
;__Lib_MathDouble.c,1175 :: 		
DivFP_subnormal:
;__Lib_MathDouble.c,1176 :: 		
0x037E	0x718182  	IOR	W3, W2, W3
;__Lib_MathDouble.c,1177 :: 		
0x0380	0x640161  	AND	W8, #1, W2
;__Lib_MathDouble.c,1178 :: 		
0x0382	0xD10489  	LSR	W9, W9
;__Lib_MathDouble.c,1179 :: 		
0x0384	0xD38408  	RRC	W8, W8
;__Lib_MathDouble.c,1180 :: 		
0x0386	0xE80000  	INC	W0, W0
;__Lib_MathDouble.c,1181 :: 		
0x0388	0x3AFFFA  	BRA NZ	DivFP_subnormal
;__Lib_MathDouble.c,1182 :: 		
0x038A	0x200071  	MOV	#7, W1
;__Lib_MathDouble.c,1183 :: 		
DivFP_notsubnormal:
;__Lib_MathDouble.c,1184 :: 		
0x038C	0x640061  	AND	W8, #1, W0
;__Lib_MathDouble.c,1185 :: 		
0x038E	0x700003  	IOR	W0, W3, W0
;__Lib_MathDouble.c,1186 :: 		
0x0390	0x600002  	AND	W0, W2, W0
;__Lib_MathDouble.c,1187 :: 		
0x0392	0x320009  	BRA Z	DivFP_packupandgo
;__Lib_MathDouble.c,1188 :: 		
0x0394	0x440461  	ADD	W8, #1, W8
;__Lib_MathDouble.c,1189 :: 		
0x0396	0x4C84E0  	ADDC	W9, #0, W9
;__Lib_MathDouble.c,1190 :: 		
0x0398	0xA58809  	BTST.Z	W9, W1
;__Lib_MathDouble.c,1191 :: 		
0x039A	0x320005  	BRA Z	DivFP_packupandgo
;__Lib_MathDouble.c,1192 :: 		
0x039C	0xE8058B  	INC	W11, W11
;__Lib_MathDouble.c,1193 :: 		
0x039E	0xE10868  	CP	W1, #8
;__Lib_MathDouble.c,1194 :: 		
0x03A0	0x3A0002  	BRA NZ	DivFP_packupandgo
;__Lib_MathDouble.c,1195 :: 		
0x03A2	0xD10489  	LSR	W9, W9
;__Lib_MathDouble.c,1196 :: 		
0x03A4	0xD38408  	RRC	W8, W8
;__Lib_MathDouble.c,1197 :: 		
DivFP_packupandgo:
;__Lib_MathDouble.c,1198 :: 		
0x03A6	0x200FF2  	MOV	#255, W2
;__Lib_MathDouble.c,1199 :: 		
0x03A8	0xE15802  	CP	W11, W2
;__Lib_MathDouble.c,1200 :: 		
0x03AA	0x3D0005  	BRA GE	DivFP_overfloW
;__Lib_MathDouble.c,1201 :: 		
0x03AC	0xDD5DC7  	SL	W11, #7, W11
;__Lib_MathDouble.c,1202 :: 		
0x03AE	0xB207F9  	AND	#127, W9
;__Lib_MathDouble.c,1203 :: 		
0x03B0	0x758089  	IOR	W11, W9, W1
;__Lib_MathDouble.c,1204 :: 		
0x03B2	0x880008  	MOV	W8, W0
;__Lib_MathDouble.c,1205 :: 		
0x03B4	0x060000  	RETURN
;__Lib_MathDouble.c,1206 :: 		
DivFP_overfloW:
;__Lib_MathDouble.c,1207 :: 		
0x03B6	0x27F80B  	MOV	#32640, W11
;__Lib_MathDouble.c,1208 :: 		
DivFP_zerosig:
;__Lib_MathDouble.c,1209 :: 		
0x03B8	0x88001B  	MOV	W11, W1
;__Lib_MathDouble.c,1210 :: 		
0x03BA	0x050000  	RETLW	#0, W0
;__Lib_MathDouble.c,1211 :: 		
DivFP__funpack:
;__Lib_MathDouble.c,1212 :: 		
0x03BC	0xDE0AC7  	LSR	W1, #7, W5
;__Lib_MathDouble.c,1213 :: 		
0x03BE	0xB207F1  	AND	#127, W1
;__Lib_MathDouble.c,1214 :: 		
0x03C0	0xB20FF5  	AND	#255, W5
;__Lib_MathDouble.c,1215 :: 		
0x03C2	0x320008  	BRA Z	DivFP_zeroorsub
;__Lib_MathDouble.c,1216 :: 		
0x03C4	0x42CFE1  	ADD.B	W5, #1, [W15]
;__Lib_MathDouble.c,1217 :: 		
0x03C6	0x320002  	BRA Z	DivFP_nanorinf
;__Lib_MathDouble.c,1218 :: 		
DivFP_finitereturn:
;__Lib_MathDouble.c,1219 :: 		
0x03C8	0xA8E002  	BSET	W1, #7
;__Lib_MathDouble.c,1220 :: 		
0x03CA	0x050024  	RETLW	#2, W4
;__Lib_MathDouble.c,1221 :: 		
DivFP_nanorinf:
;__Lib_MathDouble.c,1222 :: 		
0x03CC	0x700F81  	IOR	W0, W1, [W15]
;__Lib_MathDouble.c,1223 :: 		
0x03CE	0x320001  	BRA Z	DivFP_infinite
;__Lib_MathDouble.c,1224 :: 		
0x03D0	0x050804  	RETLW	#128, W4
;__Lib_MathDouble.c,1225 :: 		
DivFP_infinite:
;__Lib_MathDouble.c,1226 :: 		
0x03D2	0x050044  	RETLW	#4, W4
;__Lib_MathDouble.c,1227 :: 		
DivFP_zeroorsub:
;__Lib_MathDouble.c,1228 :: 		
0x03D4	0x700F81  	IOR	W0, W1, [W15]
;__Lib_MathDouble.c,1229 :: 		
0x03D6	0x3A0002  	BRA NZ	DivFP_subnormal2
;__Lib_MathDouble.c,1230 :: 		
0x03D8	0x050014  	RETLW	#1, W4
;__Lib_MathDouble.c,1231 :: 		
DivFP_normalize:
;__Lib_MathDouble.c,1232 :: 		
0x03DA	0xE90285  	DEC	W5, W5
;__Lib_MathDouble.c,1233 :: 		
DivFP_subnormal2:
;__Lib_MathDouble.c,1234 :: 		
0x03DC	0x400000  	ADD	W0, W0, W0
;__Lib_MathDouble.c,1235 :: 		
0x03DE	0x48C081  	ADDC.B	W1, W1, W1
;__Lib_MathDouble.c,1236 :: 		
0x03E0	0x3BFFFC  	BRA NN	DivFP_normalize
;__Lib_MathDouble.c,1237 :: 		
0x03E2	0xA8E002  	BSET	W1, #7
;__Lib_MathDouble.c,1238 :: 		
0x03E4	0x050024  	RETLW	#2, W4
;__Lib_MathDouble.c,1241 :: 		
the_end__Div_FP:
;__Lib_MathDouble.c,1243 :: 		
L_end__Div_FP:
0x03E6	0xFA8000  	ULNK
0x03E8	0x060000  	RETURN
; end of __Div_FP
__Float2Longint:
0x03EA	0xFA0000  	LNK	#0
;__Lib_MathDouble.c,479 :: 		
;__Lib_MathDouble.c,481 :: 		
0x03EC	0x070002  	RCALL	Float2Longint__fixsfsi
;__Lib_MathDouble.c,482 :: 		
0x03EE	0x00000004045E  	GOTO	the_end__Float2Longint
;__Lib_MathDouble.c,486 :: 		
Float2Longint__fixsfsi:
;__Lib_MathDouble.c,487 :: 		
0x03F2	0xBE8100  	MOV.D	W0, W2
;__Lib_MathDouble.c,488 :: 		
0x03F4	0x07001F  	RCALL	Float2Longint__funpack
;__Lib_MathDouble.c,489 :: 		
0x03F6	0xA77004  	BTSC	W4, #7
;__Lib_MathDouble.c,490 :: 		
0x03F8	0xA1F003  	BCLR	W3, #15
;__Lib_MathDouble.c,491 :: 		
0x03FA	0xB10965  	SUB	#150, W5
;__Lib_MathDouble.c,492 :: 		
0x03FC	0x320016  	BRA Z	Float2Longint_setsign
;__Lib_MathDouble.c,493 :: 		
0x03FE	0x35000D  	BRA LT	Float2Longint_shiftright
;__Lib_MathDouble.c,494 :: 		
0x0400	0xE12868  	CP	W5, #8
;__Lib_MathDouble.c,495 :: 		
0x0402	0x350006  	BRA LT	Float2Longint_shiftleft
;__Lib_MathDouble.c,496 :: 		
0x0404	0x2FFFF0  	MOV	#65535, W0
;__Lib_MathDouble.c,497 :: 		
0x0406	0x27FFF1  	MOV	#32767, W1
;__Lib_MathDouble.c,498 :: 		
0x0408	0xE20006  	CP0	W3
;__Lib_MathDouble.c,499 :: 		
0x040A	0x3B0013  	BRA NN	Float2Longint_exit
;__Lib_MathDouble.c,500 :: 		
0x040C	0x280001  	MOV	#32768, W1
;__Lib_MathDouble.c,501 :: 		
0x040E	0x050000  	RETLW	#0, W0
;__Lib_MathDouble.c,502 :: 		
Float2Longint_shiftleft:
;__Lib_MathDouble.c,503 :: 		
0x0410	0x400000  	ADD	W0, W0, W0
;__Lib_MathDouble.c,504 :: 		
0x0412	0x488081  	ADDC	W1, W1, W1
;__Lib_MathDouble.c,505 :: 		
0x0414	0xE90285  	DEC	W5, W5
;__Lib_MathDouble.c,506 :: 		
0x0416	0x3AFFFC  	BRA NZ	Float2Longint_shiftleft
;__Lib_MathDouble.c,507 :: 		
0x0418	0x370008  	BRA	Float2Longint_setsign
;__Lib_MathDouble.c,508 :: 		
Float2Longint_shiftright:
;__Lib_MathDouble.c,509 :: 		
0x041A	0x428FF8  	ADD	W5, #24, [W15]
;__Lib_MathDouble.c,510 :: 		
0x041C	0x3C0002  	BRA GT	Float2Longint_shiftrightloop
;__Lib_MathDouble.c,511 :: 		
0x041E	0xEB0080  	CLR	W1
;__Lib_MathDouble.c,512 :: 		
0x0420	0x050000  	RETLW	#0, W0
;__Lib_MathDouble.c,513 :: 		
Float2Longint_shiftrightloop:
;__Lib_MathDouble.c,514 :: 		
0x0422	0xD10081  	LSR	W1, W1
;__Lib_MathDouble.c,515 :: 		
0x0424	0xD38000  	RRC	W0, W0
;__Lib_MathDouble.c,516 :: 		
0x0426	0xE80285  	INC	W5, W5
;__Lib_MathDouble.c,517 :: 		
0x0428	0x3AFFFC  	BRA NZ	Float2Longint_shiftrightloop
;__Lib_MathDouble.c,518 :: 		
Float2Longint_setsign:
;__Lib_MathDouble.c,519 :: 		
0x042A	0xE20006  	CP0	W3
;__Lib_MathDouble.c,520 :: 		
0x042C	0x3B0002  	BRA NN	Float2Longint_exit
;__Lib_MathDouble.c,521 :: 		
0x042E	0x100060  	SUBR	W0, #0, W0
;__Lib_MathDouble.c,522 :: 		
0x0430	0x1880E0  	SUBBR	W1, #0, W1
;__Lib_MathDouble.c,523 :: 		
Float2Longint_exit:
;__Lib_MathDouble.c,524 :: 		
0x0432	0x060000  	RETURN
;__Lib_MathDouble.c,525 :: 		
Float2Longint__funpack:
;__Lib_MathDouble.c,526 :: 		
0x0434	0xDE0AC7  	LSR	W1, #7, W5
;__Lib_MathDouble.c,527 :: 		
0x0436	0xB207F1  	AND	#127, W1
;__Lib_MathDouble.c,528 :: 		
0x0438	0xB20FF5  	AND	#255, W5
;__Lib_MathDouble.c,529 :: 		
0x043A	0x320008  	BRA Z	Float2Longint_zeroorsub
;__Lib_MathDouble.c,530 :: 		
0x043C	0x42CFE1  	ADD.B	W5, #1, [W15]
;__Lib_MathDouble.c,531 :: 		
0x043E	0x320002  	BRA Z	Float2Longint_nanorinf
;__Lib_MathDouble.c,532 :: 		
Float2Longint_finitereturn:
;__Lib_MathDouble.c,533 :: 		
0x0440	0xA8E002  	BSET	W1, #7
;__Lib_MathDouble.c,534 :: 		
0x0442	0x050024  	RETLW	#2, W4
;__Lib_MathDouble.c,535 :: 		
Float2Longint_nanorinf:
;__Lib_MathDouble.c,536 :: 		
0x0444	0x700F81  	IOR	W0, W1, [W15]
;__Lib_MathDouble.c,537 :: 		
0x0446	0x320001  	BRA Z	Float2Longint_infinite
;__Lib_MathDouble.c,538 :: 		
0x0448	0x050804  	RETLW	#128, W4
;__Lib_MathDouble.c,539 :: 		
Float2Longint_infinite:
;__Lib_MathDouble.c,540 :: 		
0x044A	0x050044  	RETLW	#4, W4
;__Lib_MathDouble.c,541 :: 		
Float2Longint_zeroorsub:
;__Lib_MathDouble.c,542 :: 		
0x044C	0x700F81  	IOR	W0, W1, [W15]
;__Lib_MathDouble.c,543 :: 		
0x044E	0x3A0002  	BRA NZ	Float2Longint_subnormal
;__Lib_MathDouble.c,544 :: 		
0x0450	0x050014  	RETLW	#1, W4
;__Lib_MathDouble.c,545 :: 		
Float2Longint_normalize:
;__Lib_MathDouble.c,546 :: 		
0x0452	0xE90285  	DEC	W5, W5
;__Lib_MathDouble.c,547 :: 		
Float2Longint_subnormal:
;__Lib_MathDouble.c,548 :: 		
0x0454	0x400000  	ADD	W0, W0, W0
;__Lib_MathDouble.c,549 :: 		
0x0456	0x48C081  	ADDC.B	W1, W1, W1
;__Lib_MathDouble.c,550 :: 		
0x0458	0x3BFFFC  	BRA NN	Float2Longint_normalize
;__Lib_MathDouble.c,551 :: 		
0x045A	0xA8E002  	BSET	W1, #7
;__Lib_MathDouble.c,552 :: 		
0x045C	0x050024  	RETLW	#2, W4
;__Lib_MathDouble.c,555 :: 		
the_end__Float2Longint:
;__Lib_MathDouble.c,557 :: 		
L_end__Float2Longint:
0x045E	0xFA8000  	ULNK
0x0460	0x060000  	RETURN
; end of __Float2Longint
_contador:
0x0576	0xF80034  	PUSH	PSVPAG
0x0578	0xF80036  	PUSH	RCOUNT
0x057A	0x781F80  	PUSH	W0
0x057C	0x200020  	MOV	#2, W0
0x057E	0x09000C  	REPEAT	#12
0x0580	0x781FB0  	PUSH	[W0++]
;ultrassom.c,32 :: 		void contador() iv IVT_ADDR_T1INTERRUPT ics ICS_AUTO {
;ultrassom.c,33 :: 		IFS0 = 0;
0x0582	0xEF2084  	CLR	IFS0
;ultrassom.c,34 :: 		if (estado == 0){
0x0584	0x8040D0  	MOV	_estado, W0
0x0586	0xE10060  	CP	W0, #0
0x0588	0x3A0006  	BRA NZ	L_contador0
L__contador5:
;ultrassom.c,35 :: 		PR1 = desl;
0x058A	0x8040B0  	MOV	_desl, W0
0x058C	0xB7A102  	MOV	WREG, PR1
;ultrassom.c,36 :: 		T1CON = confdesl;
0x058E	0x8040A0  	MOV	_confdesl, W0
0x0590	0xB7A104  	MOV	WREG, T1CON
;ultrassom.c,37 :: 		LATFbits.LATF1 = 0;
0x0592	0xA922E2  	BCLR.B	LATFbits, #1
;ultrassom.c,40 :: 		}else{
0x0594	0x370005  	BRA	L_contador1
L_contador0:
;ultrassom.c,41 :: 		PR1 = lig;
0x0596	0x8040E0  	MOV	_lig, W0
0x0598	0xB7A102  	MOV	WREG, PR1
;ultrassom.c,42 :: 		T1CON = conflig;
0x059A	0x8040C0  	MOV	_conflig, W0
0x059C	0xB7A104  	MOV	WREG, T1CON
;ultrassom.c,43 :: 		LATFbits.LATF1 = 1;
0x059E	0xA822E2  	BSET.B	LATFbits, #1
;ultrassom.c,45 :: 		}
L_contador1:
;ultrassom.c,47 :: 		estado = ~estado;
0x05A0	0x2081A0  	MOV	#lo_addr(_estado), W0
0x05A2	0xEA8810  	COM	[W0], [W0]
;ultrassom.c,48 :: 		}
L_end_contador:
0x05A4	0x2001A0  	MOV	#26, W0
0x05A6	0x09000C  	REPEAT	#12
0x05A8	0x78104F  	POP	[W0--]
0x05AA	0x78004F  	POP	W0
0x05AC	0xF90036  	POP	RCOUNT
0x05AE	0xF90034  	POP	PSVPAG
0x05B0	0x064000  	RETFIE
; end of _contador
;ultrassom.c,0 :: ?ICS_txt1 [7]
0x0666	0x6944 ;?ICS_txt1+0
0x0668	0x7473 ;?ICS_txt1+2
0x066A	0x203A ;?ICS_txt1+4
0x066C	0x00 ;?ICS_txt1+6
; end of ?ICS_txt1
Symbol List:
//** Routines locations **
//ADDRESS    SIZE    PROCEDURE
//----------------------------------------------
0x0100      [10]    _Delay_1us
0x010A      [10]    _Delay_5500us
0x0114      [12]    _Delay_50us
0x0120      [14]    __Lib_Lcd_Strobe
0x012E     [108]    _Lcd_Cmd
0x019A      [16]    _Lcd_Chr_CP
0x01AA      [12]    _Delay_8ms
0x01B6      [72]    _WordToStr
0x01FE     [182]    __Long2Float
0x02B4     [310]    __Div_FP
0x03EA     [120]    __Float2Longint
0x0462      [80]    _IntToStr
0x04B2     [106]    _Lcd_Init
0x051C      [90]    _Lcd_Out
0x0576      [60]    _contador
0x05B2     [106]    _main
0x061C      [74]    _distancia
//** Variables locations ** 
//ADDRESS    SIZE    VARIABLE
//----------------------------------------------
0x02D8       [0]    LCD_RS_Direction
0x02D8       [0]    LCD_EN_Direction
0x02D8       [0]    LCD_D4_Direction
0x02D8       [0]    LCD_D6_Direction
0x02D8       [0]    LCD_D5_Direction
0x0808       [0]    __Lib_Lcd_cmd_status
0x0104       [2]    T1CON
0x010C       [2]    PR2
0x0110       [2]    T2CON
0x02E2       [2]    LATF
0x080A       [4]    _dist
0x02DC       [0]    LCD_D4
0x0106       [2]    TMR2
0x02E2       [1]    LATFbits
0x080E       [5]    _txt2
0x02DC       [0]    LCD_D5
0x02DC       [0]    LCD_EN
0x02D8       [0]    LCD_D7_Direction
0x02DC       [0]    LCD_RS
0x02DC       [0]    LCD_D6
0x02DC       [0]    LCD_D7
0x02D8       [0]    TRISE5_bit
0x02D8       [0]    TRISE4_bit
0x02D8       [0]    TRISE0_bit
0x02D8       [0]    TRISE2_bit
0x02D8       [0]    TRISE1_bit
0x02DC       [0]    LATE5_bit
0x02DC       [0]    LATE3_bit
0x02DC       [0]    LATE4_bit
0x02DC       [0]    LATE2_bit
0x02DC       [0]    LATE0_bit
0x02DC       [0]    LATE1_bit
0x0814       [2]    _confdesl
0x0816       [2]    _desl
0x0818       [2]    _conflig
0x0102       [2]    PR1
0x081A       [2]    _estado
0x081C       [2]    _lig
0x02A8       [2]    ADPCFG
0x02D8       [0]    TRISE3_bit
0x02DE       [2]    TRISF
0x0084       [2]    IFS0
0x008C       [2]    IEC0bits
0x0800       [7]    _txt1
0x0084       [2]    IFS0
0x0102       [2]    PR1
0x0104       [2]    T1CON
0x0106       [2]    TMR2
0x010C       [2]    PR2
0x0110       [2]    T2CON
0x0014       [1]    FARG_Lcd_Cmd_out_char
0x0014       [1]    FARG_Lcd_Chr_CP_out_char
0x0014       [2]    FARG_WordToStr_input
0x0016       [2]    FARG_WordToStr_output
0x02A8       [2]    ADPCFG
0x02DE       [2]    TRISF
0x02E2       [2]    LATF
0x0014       [2]    FARG_IntToStr_input
0x0016       [2]    FARG_IntToStr_output
0x0014       [2]    FARG_Lcd_Out_row
0x0016       [2]    FARG_Lcd_Out_column
0x0018       [2]    FARG_Lcd_Out_text
//** Constants locations ** 
//ADDRESS    SIZE    CONSTANT
//----------------------------------------------
0x0666       [7]    ?ICS_txt1
