;  LST file generated by mikroListExporter - v.2.0 
; Date/Time: 09/11/2019 21:50:10
;----------------------------------------------

;Address Opcode 	ASM
0x0000	0x000000040100  	GOTO	_main
0x0004	0x000000  	0
0x0006	0x000000  	0
0x0008	0x000000  	0
0x000A	0x000000  	0
0x000C	0x000000  	0
0x000E	0x000000  	0
0x0010	0x000000  	0
0x0012	0x000000  	0
0x0014	0x000000  	0
0x0016	0x000000  	0
0x0018	0x000000  	0
0x001A	0x000000  	0
0x001C	0x000000  	0
0x001E	0x000000  	0
0x0020	0x000000  	0
0x0022	0x000000  	0
0x0024	0x000000  	0
0x0026	0x000000  	0
0x0028	0x000000  	0
0x002A	0x000000  	0
0x002C	0x000000  	0
0x002E	0x000000  	0
0x0030	0x000000  	0
0x0032	0x000000  	0
0x0034	0x000000  	0
0x0036	0x000000  	0
0x0038	0x000000  	0
0x003A	0x000000  	0
0x003C	0x000000  	0
0x003E	0x000000  	0
0x0040	0x000000  	0
0x0042	0x000000  	0
0x0044	0x000000  	0
0x0046	0x000000  	0
0x0048	0x000000  	0
0x004A	0x000000  	0
0x004C	0x000000  	0
0x004E	0x000000  	0
0x0050	0x000000  	0
0x0052	0x000000  	0
0x0054	0x000000  	0
0x0056	0x000000  	0
0x0058	0x000000  	0
0x005A	0x000000  	0
0x005C	0x000000  	0
0x005E	0x000000  	0
0x0060	0x000000  	0
0x0062	0x000000  	0
0x0064	0x000000  	0
0x0066	0x000000  	0
0x0068	0x000000  	0
0x006A	0x000000  	0
0x006C	0x000000  	0
0x006E	0x000000  	0
0x0070	0x000000  	0
0x0072	0x000000  	0
0x0074	0x000000  	0
0x0076	0x000000  	0
0x0078	0x000000  	0
0x007A	0x000000  	0
0x007C	0x000000  	0
0x007E	0x000000  	0
0x0080	0x000000  	0
0x0082	0x000000  	0
0x0084	0x000000  	0
0x0086	0x000000  	0
0x0088	0x000000  	0
0x008A	0x000000  	0
0x008C	0x000000  	0
0x008E	0x000000  	0
0x0090	0x000000  	0
0x0092	0x000000  	0
0x0094	0x000000  	0
0x0096	0x000000  	0
0x0098	0x000000  	0
0x009A	0x000000  	0
0x009C	0x000000  	0
0x009E	0x000000  	0
0x00A0	0x000000  	0
0x00A2	0x000000  	0
0x00A4	0x000000  	0
0x00A6	0x000000  	0
0x00A8	0x000000  	0
0x00AA	0x000000  	0
0x00AC	0x000000  	0
0x00AE	0x000000  	0
0x00B0	0x000000  	0
0x00B2	0x000000  	0
0x00B4	0x000000  	0
0x00B6	0x000000  	0
0x00B8	0x000000  	0
0x00BA	0x000000  	0
0x00BC	0x000000  	0
0x00BE	0x000000  	0
0x00C0	0x000000  	0
0x00C2	0x000000  	0
0x00C4	0x000000  	0
0x00C6	0x000000  	0
0x00C8	0x000000  	0
0x00CA	0x000000  	0
0x00CC	0x000000  	0
0x00CE	0x000000  	0
0x00D0	0x000000  	0
0x00D2	0x000000  	0
0x00D4	0x000000  	0
0x00D6	0x000000  	0
0x00D8	0x000000  	0
0x00DA	0x000000  	0
0x00DC	0x000000  	0
0x00DE	0x000000  	0
0x00E0	0x000000  	0
0x00E2	0x000000  	0
0x00E4	0x000000  	0
0x00E6	0x000000  	0
0x00E8	0x000000  	0
0x00EA	0x000000  	0
0x00EC	0x000000  	0
0x00EE	0x000000  	0
0x00F0	0x000000  	0
0x00F2	0x000000  	0
0x00F4	0x000000  	0
0x00F6	0x000000  	0
0x00F8	0x000000  	0
0x00FA	0x000000  	0
0x00FC	0x000000  	0
0x00FE	0x000000  	0
_main:
0x0100	0x20818F  	MOV	#2072, W15
0x0102	0x20FFF0  	MOV	#4095, W0
0x0104	0xB7A020  	MOV	WREG, SPLIM
0x0106	0x200000  	MOV	#0, W0
0x0108	0xB7A034  	MOV	WREG, PSVPAG
0x010A	0x200040  	MOV	#4, W0
0x010C	0xB72044  	IOR	CORCON
0x010E	0x0000000201AC  	CALL	428
0x0112	0x0000000201B6  	CALL	438
;Q9.c,7 :: 		void main() {
;Q9.c,8 :: 		ADPCFG=0xFFFF;
0x0116	0x2FFFF0  	MOV	#65535, W0
0x0118	0xB7A2A8  	MOV	WREG, ADPCFG
;Q9.c,9 :: 		TRISD = 0;
0x011A	0xEF22D2  	CLR	TRISD
;Q9.c,10 :: 		LATD = 0;
0x011C	0xEF22D6  	CLR	LATD
;Q9.c,11 :: 		TRISB = 0;
0x011E	0xEF22C6  	CLR	TRISB
;Q9.c,12 :: 		LATB = 0;
0x0120	0xEF22CA  	CLR	LATB
;Q9.c,13 :: 		TRISF = 1;
0x0122	0x200010  	MOV	#1, W0
0x0124	0xB7A2DE  	MOV	WREG, TRISF
;Q9.c,14 :: 		while(1){
L_main0:
;Q9.c,16 :: 		LATDbits.LATD1 = 1;
0x0126	0xA822D6  	BSET.B	LATDbits, #1
;Q9.c,17 :: 		LATDbits.LATD2 = 1;
0x0128	0xA842D6  	BSET.B	LATDbits, #2
;Q9.c,18 :: 		LATDbits.LATD3 = 1;
0x012A	0xA862D6  	BSET.B	LATDbits, #3
;Q9.c,19 :: 		LATDbits.LATD0 = 0;
0x012C	0xA902D6  	BCLR.B	LATDbits, #0
;Q9.c,20 :: 		while(PORTFbits.RF0 == 1){
L_main2:
0x012E	0xAE02E0  	BTSS.B	PORTFbits, #0
0x0130	0x37000E  	BRA	L_main3
;Q9.c,21 :: 		cont = 0;
0x0132	0xEF2000  	CLR	W0
0x0134	0x8840A0  	MOV	W0, _cont
;Q9.c,22 :: 		if (PORTFbits.RF0 == 0){
0x0136	0xAF02E0  	BTSC.B	PORTFbits, #0
0x0138	0x370003  	BRA	L_main4
;Q9.c,23 :: 		cont = 0;
0x013A	0xEF2000  	CLR	W0
0x013C	0x8840A0  	MOV	W0, _cont
;Q9.c,24 :: 		break;
0x013E	0x370007  	BRA	L_main3
;Q9.c,25 :: 		}
L_main4:
;Q9.c,26 :: 		LATDbits.LATD1 = 1;
0x0140	0xA822D6  	BSET.B	LATDbits, #1
;Q9.c,27 :: 		LATDbits.LATD2 = 1;
0x0142	0xA842D6  	BSET.B	LATDbits, #2
;Q9.c,28 :: 		LATDbits.LATD3 = 1;
0x0144	0xA862D6  	BSET.B	LATDbits, #3
;Q9.c,29 :: 		LATDbits.LATD0 = 0;
0x0146	0xA902D6  	BCLR.B	LATDbits, #0
;Q9.c,30 :: 		cont = 0;
0x0148	0xEF2000  	CLR	W0
0x014A	0x8840A0  	MOV	W0, _cont
;Q9.c,31 :: 		}
0x014C	0x37FFF0  	BRA	L_main2
L_main3:
;Q9.c,32 :: 		for(i=0; i <= 50; i++){
0x014E	0xEF2000  	CLR	W0
0x0150	0x8840B0  	MOV	W0, _i
L_main5:
0x0152	0x200321  	MOV	#50, W1
0x0154	0x208160  	MOV	#lo_addr(_i), W0
0x0156	0xE10810  	CP	W1, [W0]
0x0158	0x390014  	BRA LTU	L_main6
L__main12:
;Q9.c,34 :: 		LATDbits.LATD0 = 0;
0x015A	0xA902D6  	BCLR.B	LATDbits, #0
;Q9.c,35 :: 		LATB = num[cont];
0x015C	0x8040A0  	MOV	_cont, W0
0x015E	0xDD00C1  	SL	W0, #1, W1
0x0160	0x208000  	MOV	#lo_addr(_num), W0
0x0162	0x400001  	ADD	W0, W1, W0
0x0164	0x780010  	MOV	[W0], W0
0x0166	0xB7A2CA  	MOV	WREG, LATB
;Q9.c,36 :: 		Delay_ms(100);
0x0168	0x200028  	MOV	#2, W8
0x016A	0x245847  	MOV	#17796, W7
L_main8:
0x016C	0xED200E  	DEC	W7
0x016E	0x3AFFFE  	BRA NZ	L_main8
0x0170	0xED2010  	DEC	W8
0x0172	0x3AFFFC  	BRA NZ	L_main8
0x0174	0x000000  	NOP
0x0176	0x000000  	NOP
;Q9.c,37 :: 		LATDbits.LATD0 = 1;
0x0178	0xA802D6  	BSET.B	LATDbits, #0
;Q9.c,32 :: 		for(i=0; i <= 50; i++){
0x017A	0x200011  	MOV	#1, W1
0x017C	0x208160  	MOV	#lo_addr(_i), W0
0x017E	0x408810  	ADD	W1, [W0], [W0]
;Q9.c,38 :: 		}
0x0180	0x37FFE8  	BRA	L_main5
L_main6:
;Q9.c,39 :: 		cont++;
0x0182	0x200011  	MOV	#1, W1
0x0184	0x208140  	MOV	#lo_addr(_cont), W0
0x0186	0x408810  	ADD	W1, [W0], [W0]
;Q9.c,40 :: 		if (cont==10){
0x0188	0x8040A0  	MOV	_cont, W0
0x018A	0xE1006A  	CP	W0, #10
0x018C	0x3A0002  	BRA NZ	L_main10
L__main13:
;Q9.c,41 :: 		cont=0;
0x018E	0xEF2000  	CLR	W0
0x0190	0x8840A0  	MOV	W0, _cont
;Q9.c,42 :: 		}
L_main10:
;Q9.c,43 :: 		}
0x0192	0x37FFC9  	BRA	L_main0
;Q9.c,46 :: 		}
L_end_main:
L__main_end_loop:
0x0194	0x37FFFF  	BRA	L__main_end_loop
; end of _main
0x01AC	0x20800A  	MOV	#2048, W10
0x01AE	0x20000B  	MOV	#0, W11
0x01B0	0x09000B  	REPEAT	#11
0x01B2	0x781D0B  	MOV	W11, [W10++]
0x01B4	0x060000  	RETURN
0x01B6	0x208001  	MOV	#lo_addr(_num), W1
0x01B8	0x281960  	MOV	#33174, W0
0x01BA	0x09000A  	REPEAT	#10
0x01BC	0x7818B0  	MOV	[W0++], [W1++]
0x01BE	0x060000  	RETURN
;Q9.c,0 :: ?ICS_num [20]
0x0196	0x0040 ;?ICS_num+0
0x0198	0x0079 ;?ICS_num+2
0x019A	0x0024 ;?ICS_num+4
0x019C	0x0030 ;?ICS_num+6
0x019E	0x0019 ;?ICS_num+8
0x01A0	0x0012 ;?ICS_num+10
0x01A2	0x0002 ;?ICS_num+12
0x01A4	0x0078 ;?ICS_num+14
0x01A6	0x0000 ;?ICS_num+16
0x01A8	0x0010 ;?ICS_num+18
; end of ?ICS_num
;Q9.c,0 :: ?ICS_cont [2]
0x01AA	0x0000 ;?ICS_cont+0
; end of ?ICS_cont
Symbol List:
//** Routines locations **
//ADDRESS    SIZE    PROCEDURE
//----------------------------------------------
0x0100     [150]    _main
//** Variables locations ** 
//ADDRESS    SIZE    VARIABLE
//----------------------------------------------
0x02E0       [1]    PORTFbits
0x02D6       [1]    LATDbits
0x0816       [2]    _i
0x02DE       [2]    TRISF
0x02D2       [2]    TRISD
0x02A8       [2]    ADPCFG
0x02D6       [2]    LATD
0x02CA       [2]    LATB
0x02C6       [2]    TRISB
0x0800      [20]    _num
0x0814       [2]    _cont
0x02A8       [2]    ADPCFG
0x02C6       [2]    TRISB
0x02CA       [2]    LATB
0x02D2       [2]    TRISD
0x02D6       [2]    LATD
0x02DE       [2]    TRISF
//** Constants locations ** 
//ADDRESS    SIZE    CONSTANT
//----------------------------------------------
0x0196      [20]    ?ICS_num
0x01AA       [2]    ?ICS_cont
