;  LST file generated by mikroListExporter - v.2.0 
; Date/Time: 22/11/2019 01:09:28
;----------------------------------------------

;Address Opcode 	ASM
0x0000	0x000000040708  	GOTO	_main
0x0004	0x000000  	0
0x0006	0x000000  	0
0x0008	0x000000  	0
0x000A	0x000000  	0
0x000C	0x000000  	0
0x000E	0x000000  	0
0x0010	0x000000  	0
0x0012	0x000000  	0
0x0014	0x000000  	0
0x0016	0x000000  	0
0x0018	0x000000  	0
0x001A	0x000000  	0
0x001C	0x000000  	0
0x001E	0x000000  	0
0x0020	0x000000  	0
0x0022	0x000000  	0
0x0024	0x000000  	0
0x0026	0x000000  	0
0x0028	0x000000  	0
0x002A	0x000000  	0
0x002C	0x000000  	0
0x002E	0x000000  	0
0x0030	0x000000  	0
0x0032	0x000000  	0
0x0034	0x000000  	0
0x0036	0x000000  	0
0x0038	0x000000  	0
0x003A	0x000000  	0
0x003C	0x000000  	0
0x003E	0x000000  	0
0x0040	0x000000  	0
0x0042	0x000000  	0
0x0044	0x000000  	0
0x0046	0x000000  	0
0x0048	0x000000  	0
0x004A	0x000000  	0
0x004C	0x000000  	0
0x004E	0x000000  	0
0x0050	0x000000  	0
0x0052	0x000000  	0
0x0054	0x000000  	0
0x0056	0x000000  	0
0x0058	0x000000  	0
0x005A	0x000000  	0
0x005C	0x000000  	0
0x005E	0x000000  	0
0x0060	0x000000  	0
0x0062	0x000000  	0
0x0064	0x000000  	0
0x0066	0x000000  	0
0x0068	0x000000  	0
0x006A	0x000000  	0
0x006C	0x000000  	0
0x006E	0x000000  	0
0x0070	0x000000  	0
0x0072	0x000000  	0
0x0074	0x000000  	0
0x0076	0x000000  	0
0x0078	0x000000  	0
0x007A	0x000000  	0
0x007C	0x000000  	0
0x007E	0x000000  	0
0x0080	0x000000  	0
0x0082	0x000000  	0
0x0084	0x000000  	0
0x0086	0x000000  	0
0x0088	0x000000  	0
0x008A	0x000000  	0
0x008C	0x000000  	0
0x008E	0x000000  	0
0x0090	0x000000  	0
0x0092	0x000000  	0
0x0094	0x000000  	0
0x0096	0x000000  	0
0x0098	0x000000  	0
0x009A	0x000000  	0
0x009C	0x000000  	0
0x009E	0x000000  	0
0x00A0	0x000000  	0
0x00A2	0x000000  	0
0x00A4	0x000000  	0
0x00A6	0x000000  	0
0x00A8	0x000000  	0
0x00AA	0x000000  	0
0x00AC	0x000000  	0
0x00AE	0x000000  	0
0x00B0	0x000000  	0
0x00B2	0x000000  	0
0x00B4	0x000000  	0
0x00B6	0x000000  	0
0x00B8	0x000000  	0
0x00BA	0x000000  	0
0x00BC	0x000000  	0
0x00BE	0x000000  	0
0x00C0	0x000000  	0
0x00C2	0x000000  	0
0x00C4	0x000000  	0
0x00C6	0x000000  	0
0x00C8	0x000000  	0
0x00CA	0x000000  	0
0x00CC	0x000000  	0
0x00CE	0x000000  	0
0x00D0	0x000000  	0
0x00D2	0x000000  	0
0x00D4	0x000000  	0
0x00D6	0x000000  	0
0x00D8	0x000000  	0
0x00DA	0x000000  	0
0x00DC	0x000000  	0
0x00DE	0x000000  	0
0x00E0	0x000000  	0
0x00E2	0x000000  	0
0x00E4	0x000000  	0
0x00E6	0x000000  	0
0x00E8	0x000000  	0
0x00EA	0x000000  	0
0x00EC	0x000000  	0
0x00EE	0x000000  	0
0x00F0	0x000000  	0
0x00F2	0x000000  	0
0x00F4	0x000000  	0
0x00F6	0x000000  	0
0x00F8	0x000000  	0
0x00FA	0x000000  	0
0x00FC	0x000000  	0
0x00FE	0x000000  	0
_main:
0x0708	0x20898F  	MOV	#2200, W15
0x070A	0x20FFF0  	MOV	#4095, W0
0x070C	0xB7A020  	MOV	WREG, SPLIM
0x070E	0x200000  	MOV	#0, W0
0x0710	0xB7A034  	MOV	WREG, PSVPAG
0x0712	0x200040  	MOV	#4, W0
0x0714	0xB72044  	IOR	CORCON
0x0716	0x000000020966  	CALL	2406
0x071A	0x000000020970  	CALL	2416
;lab1_v2.c,80 :: 		void main() {
;lab1_v2.c,82 :: 		ADPCFG = 0xFFFF;
0x071E	0x781F8A  	PUSH	W10
0x0720	0x2FFFF0  	MOV	#65535, W0
0x0722	0xB7A2A8  	MOV	WREG, ADPCFG
;lab1_v2.c,84 :: 		TRISB  = 0;
0x0724	0xEF22C6  	CLR	TRISB
;lab1_v2.c,86 :: 		TRISD  = 0;
0x0726	0xEF22D2  	CLR	TRISD
;lab1_v2.c,88 :: 		TRISF  = 0;
0x0728	0xEF22DE  	CLR	TRISF
;lab1_v2.c,90 :: 		TRISE  = 0;
0x072A	0xEF22D8  	CLR	TRISE
;lab1_v2.c,93 :: 		while(1){
L_main0:
;lab1_v2.c,96 :: 		if(PORTF == 0x01){
0x072C	0xBF82E0  	MOV	PORTF, WREG
0x072E	0xE10061  	CP	W0, #1
0x0730	0x3A0015  	BRA NZ	L_main2
L__main171:
;lab1_v2.c,98 :: 		if (contador<31){
0x0732	0x804140  	MOV	_contador, W0
0x0734	0xE1007F  	CP	W0, #31
0x0736	0x3D0004  	BRA GE	L_main3
L__main172:
;lab1_v2.c,99 :: 		contador++;
0x0738	0x200011  	MOV	#1, W1
0x073A	0x208280  	MOV	#lo_addr(_contador), W0
0x073C	0x408810  	ADD	W1, [W0], [W0]
;lab1_v2.c,100 :: 		}else{
0x073E	0x370002  	BRA	L_main4
L_main3:
;lab1_v2.c,101 :: 		contador = 0;
0x0740	0xEF2000  	CLR	W0
0x0742	0x884140  	MOV	W0, _contador
;lab1_v2.c,102 :: 		}
L_main4:
;lab1_v2.c,104 :: 		Delay_ms(500);
0x0744	0x200298  	MOV	#41, W8
0x0746	0x2B0B77  	MOV	#45239, W7
L_main5:
0x0748	0xED200E  	DEC	W7
0x074A	0x3AFFFE  	BRA NZ	L_main5
0x074C	0xED2010  	DEC	W8
0x074E	0x3AFFFC  	BRA NZ	L_main5
;lab1_v2.c,106 :: 		disp7[0] = letras[contador];
0x0750	0x2082C1  	MOV	#lo_addr(_letras), W1
0x0752	0x208280  	MOV	#lo_addr(_contador), W0
0x0754	0x408010  	ADD	W1, [W0], W0
0x0756	0x784090  	MOV.B	[W0], W1
0x0758	0x2080C0  	MOV	#lo_addr(_disp7), W0
0x075A	0x784801  	MOV.B	W1, [W0]
;lab1_v2.c,107 :: 		}
L_main2:
;lab1_v2.c,110 :: 		if(PORTF == 0b00010000){
0x075C	0xBF82E0  	MOV	PORTF, WREG
0x075E	0xE10070  	CP	W0, #16
0x0760	0x3A0008  	BRA NZ	L_main7
L__main173:
;lab1_v2.c,111 :: 		flag_bomba=1;
0x0762	0x200010  	MOV	#1, W0
0x0764	0x8842A0  	MOV	W0, _flag_bomba
;lab1_v2.c,112 :: 		Delay_ms(500);
0x0766	0x200298  	MOV	#41, W8
0x0768	0x2B0B77  	MOV	#45239, W7
L_main8:
0x076A	0xED200E  	DEC	W7
0x076C	0x3AFFFE  	BRA NZ	L_main8
0x076E	0xED2010  	DEC	W8
0x0770	0x3AFFFC  	BRA NZ	L_main8
;lab1_v2.c,113 :: 		}
L_main7:
;lab1_v2.c,116 :: 		if (PORTF == 0x02){
0x0772	0xBF82E0  	MOV	PORTF, WREG
0x0774	0xE10062  	CP	W0, #2
0x0776	0x3A003F  	BRA NZ	L_main10
L__main174:
;lab1_v2.c,118 :: 		usuario[cont_u] = letras[contador];
0x0778	0x208921  	MOV	#lo_addr(_usuario), W1
0x077A	0x208100  	MOV	#lo_addr(_cont_u), W0
0x077C	0x408110  	ADD	W1, [W0], W2
0x077E	0x2082C1  	MOV	#lo_addr(_letras), W1
0x0780	0x208280  	MOV	#lo_addr(_contador), W0
0x0782	0x408010  	ADD	W1, [W0], W0
0x0784	0x784910  	MOV.B	[W0], [W2]
;lab1_v2.c,120 :: 		contador = 0;
0x0786	0xEF2000  	CLR	W0
0x0788	0x884140  	MOV	W0, _contador
;lab1_v2.c,122 :: 		Delay_ms(500);
0x078A	0x200298  	MOV	#41, W8
0x078C	0x2B0B77  	MOV	#45239, W7
L_main11:
0x078E	0xED200E  	DEC	W7
0x0790	0x3AFFFE  	BRA NZ	L_main11
0x0792	0xED2010  	DEC	W8
0x0794	0x3AFFFC  	BRA NZ	L_main11
;lab1_v2.c,124 :: 		mostra_usuario(cont_u);
0x0796	0x80408A  	MOV	_cont_u, W10
0x0798	0x07FF4D  	RCALL	_mostra_usuario
;lab1_v2.c,128 :: 		if  (cont_u<6){
0x079A	0x804080  	MOV	_cont_u, W0
0x079C	0xE10066  	CP	W0, #6
0x079E	0x3D000C  	BRA GE	L_main13
L__main175:
;lab1_v2.c,129 :: 		cont_u++;
0x07A0	0x200011  	MOV	#1, W1
0x07A2	0x208100  	MOV	#lo_addr(_cont_u), W0
0x07A4	0x408810  	ADD	W1, [W0], [W0]
;lab1_v2.c,130 :: 		PORTE = 1;
0x07A6	0x200010  	MOV	#1, W0
0x07A8	0xB7A2DA  	MOV	WREG, PORTE
;lab1_v2.c,131 :: 		Delay_ms(200);
0x07AA	0x200118  	MOV	#17, W8
0x07AC	0x246AF7  	MOV	#18095, W7
L_main14:
0x07AE	0xED200E  	DEC	W7
0x07B0	0x3AFFFE  	BRA NZ	L_main14
0x07B2	0xED2010  	DEC	W8
0x07B4	0x3AFFFC  	BRA NZ	L_main14
;lab1_v2.c,132 :: 		PORTE = 0;
0x07B6	0xEF22DA  	CLR	PORTE
;lab1_v2.c,133 :: 		}
L_main13:
;lab1_v2.c,135 :: 		if  (cont_u == 6){
0x07B8	0x804080  	MOV	_cont_u, W0
0x07BA	0xE10066  	CP	W0, #6
0x07BC	0x3A0016  	BRA NZ	L_main16
L__main176:
;lab1_v2.c,136 :: 		flag = 1;
0x07BE	0x200010  	MOV	#1, W0
0x07C0	0x8840A0  	MOV	W0, _flag
;lab1_v2.c,137 :: 		for (k = 0; k <= 5; k++){
0x07C2	0xEF2000  	CLR	W0
0x07C4	0x884090  	MOV	W0, _k
L_main17:
0x07C6	0x804090  	MOV	_k, W0
0x07C8	0xE10065  	CP	W0, #5
0x07CA	0x3C000F  	BRA GT	L_main18
L__main177:
;lab1_v2.c,138 :: 		if (usuario[k] != secreto[k]){
0x07CC	0x208921  	MOV	#lo_addr(_usuario), W1
0x07CE	0x208120  	MOV	#lo_addr(_k), W0
0x07D0	0x408110  	ADD	W1, [W0], W2
0x07D2	0x208561  	MOV	#lo_addr(_secreto), W1
0x07D4	0x208120  	MOV	#lo_addr(_k), W0
0x07D6	0x408090  	ADD	W1, [W0], W1
0x07D8	0x784012  	MOV.B	[W2], W0
0x07DA	0xE10411  	CP.B	W0, [W1]
0x07DC	0x320002  	BRA Z	L_main20
L__main178:
;lab1_v2.c,139 :: 		flag = 2;
0x07DE	0x200020  	MOV	#2, W0
0x07E0	0x8840A0  	MOV	W0, _flag
;lab1_v2.c,140 :: 		}
L_main20:
;lab1_v2.c,137 :: 		for (k = 0; k <= 5; k++){
0x07E2	0x200011  	MOV	#1, W1
0x07E4	0x208120  	MOV	#lo_addr(_k), W0
0x07E6	0x408810  	ADD	W1, [W0], [W0]
;lab1_v2.c,141 :: 		}
0x07E8	0x37FFEE  	BRA	L_main17
L_main18:
;lab1_v2.c,142 :: 		}
L_main16:
;lab1_v2.c,144 :: 		disp7[0] = letras[contador];
0x07EA	0x2082C1  	MOV	#lo_addr(_letras), W1
0x07EC	0x208280  	MOV	#lo_addr(_contador), W0
0x07EE	0x408010  	ADD	W1, [W0], W0
0x07F0	0x784090  	MOV.B	[W0], W1
0x07F2	0x2080C0  	MOV	#lo_addr(_disp7), W0
0x07F4	0x784801  	MOV.B	W1, [W0]
;lab1_v2.c,145 :: 		}
L_main10:
;lab1_v2.c,148 :: 		if(contdosconts == 3){
0x07F6	0x804290  	MOV	_contdosconts, W0
0x07F8	0xE10063  	CP	W0, #3
0x07FA	0x3A0010  	BRA NZ	L_main21
L__main179:
;lab1_v2.c,149 :: 		PORTE = 1;
0x07FC	0x200010  	MOV	#1, W0
0x07FE	0xB7A2DA  	MOV	WREG, PORTE
;lab1_v2.c,150 :: 		Delay_ms(5000);
0x0800	0x201978  	MOV	#407, W8
0x0802	0x2E7317  	MOV	#59185, W7
L_main22:
0x0804	0xED200E  	DEC	W7
0x0806	0x3AFFFE  	BRA NZ	L_main22
0x0808	0xED2010  	DEC	W8
0x080A	0x3AFFFC  	BRA NZ	L_main22
;lab1_v2.c,151 :: 		PORTE = 0;
0x080C	0xEF22DA  	CLR	PORTE
;lab1_v2.c,152 :: 		contdosconts = 0;
0x080E	0xEF2000  	CLR	W0
0x0810	0x884290  	MOV	W0, _contdosconts
;lab1_v2.c,155 :: 		reseta_tudo();
0x0812	0x07FE56  	RCALL	_reseta_tudo
;lab1_v2.c,158 :: 		if  (flag_bomba == 1){
0x0814	0x8042A0  	MOV	_flag_bomba, W0
0x0816	0xE10061  	CP	W0, #1
0x0818	0x3A0001  	BRA NZ	L_main24
L__main180:
;lab1_v2.c,159 :: 		bomba();
0x081A	0x07FE81  	RCALL	_bomba
;lab1_v2.c,160 :: 		}
L_main24:
;lab1_v2.c,162 :: 		}
L_main21:
;lab1_v2.c,165 :: 		if (PORTF == 0x03){
0x081C	0xBF82E0  	MOV	PORTF, WREG
0x081E	0xE10063  	CP	W0, #3
0x0820	0x3A002E  	BRA NZ	L_main25
L__main181:
;lab1_v2.c,166 :: 		Delay_ms(500);
0x0822	0x200298  	MOV	#41, W8
0x0824	0x2B0B77  	MOV	#45239, W7
L_main26:
0x0826	0xED200E  	DEC	W7
0x0828	0x3AFFFE  	BRA NZ	L_main26
0x082A	0xED2010  	DEC	W8
0x082C	0x3AFFFC  	BRA NZ	L_main26
;lab1_v2.c,169 :: 		if (flag == 2){
0x082E	0x8040A0  	MOV	_flag, W0
0x0830	0xE10062  	CP	W0, #2
0x0832	0x3A0006  	BRA NZ	L_main28
L__main182:
;lab1_v2.c,170 :: 		if (contdosconts < 3){
0x0834	0x804290  	MOV	_contdosconts, W0
0x0836	0xE10063  	CP	W0, #3
0x0838	0x3D0003  	BRA GE	L_main29
L__main183:
;lab1_v2.c,171 :: 		contdosconts++;
0x083A	0x200011  	MOV	#1, W1
0x083C	0x208520  	MOV	#lo_addr(_contdosconts), W0
0x083E	0x408810  	ADD	W1, [W0], [W0]
;lab1_v2.c,172 :: 		}
L_main29:
;lab1_v2.c,173 :: 		}
L_main28:
;lab1_v2.c,175 :: 		reseta_tudo();
0x0840	0x07FE3F  	RCALL	_reseta_tudo
;lab1_v2.c,178 :: 		i = 0;
0x0842	0xEF2000  	CLR	W0
0x0844	0x884040  	MOV	W0, _i
;lab1_v2.c,179 :: 		for ( m = 0; m < 4; m++ ){
0x0846	0xEF2000  	CLR	W0
0x0848	0x884020  	MOV	W0, _m
L_main30:
0x084A	0x804020  	MOV	_m, W0
0x084C	0xE10064  	CP	W0, #4
0x084E	0x3D0009  	BRA GE	L_main31
L__main184:
;lab1_v2.c,180 :: 		disp7[m] = '-';
0x0850	0x2080C1  	MOV	#lo_addr(_disp7), W1
0x0852	0x208040  	MOV	#lo_addr(_m), W0
0x0854	0x408090  	ADD	W1, [W0], W1
0x0856	0xB3C2D0  	MOV.B	#45, W0
0x0858	0x784880  	MOV.B	W0, [W1]
;lab1_v2.c,179 :: 		for ( m = 0; m < 4; m++ ){
0x085A	0x200011  	MOV	#1, W1
0x085C	0x208040  	MOV	#lo_addr(_m), W0
0x085E	0x408810  	ADD	W1, [W0], [W0]
;lab1_v2.c,181 :: 		}
0x0860	0x37FFF4  	BRA	L_main30
L_main31:
;lab1_v2.c,182 :: 		for ( m = 0; m < 6; m++ ){
0x0862	0xEF2000  	CLR	W0
0x0864	0x884020  	MOV	W0, _m
L_main33:
0x0866	0x804020  	MOV	_m, W0
0x0868	0xE10066  	CP	W0, #6
0x086A	0x3D0009  	BRA GE	L_main34
L__main185:
;lab1_v2.c,183 :: 		usuario[m] = '-';
0x086C	0x208921  	MOV	#lo_addr(_usuario), W1
0x086E	0x208040  	MOV	#lo_addr(_m), W0
0x0870	0x408090  	ADD	W1, [W0], W1
0x0872	0xB3C2D0  	MOV.B	#45, W0
0x0874	0x784880  	MOV.B	W0, [W1]
;lab1_v2.c,182 :: 		for ( m = 0; m < 6; m++ ){
0x0876	0x200011  	MOV	#1, W1
0x0878	0x208040  	MOV	#lo_addr(_m), W0
0x087A	0x408810  	ADD	W1, [W0], [W0]
;lab1_v2.c,184 :: 		}
0x087C	0x37FFF4  	BRA	L_main33
L_main34:
;lab1_v2.c,185 :: 		}
L_main25:
;lab1_v2.c,188 :: 		if ((cont_u == 6)&&(flag==1)){
0x087E	0x804080  	MOV	_cont_u, W0
0x0880	0xE10066  	CP	W0, #6
0x0882	0x3A0013  	BRA NZ	L__main167
L__main186:
0x0884	0x8040A0  	MOV	_flag, W0
0x0886	0xE10061  	CP	W0, #1
0x0888	0x3A0010  	BRA NZ	L__main166
L__main187:
L__main165:
;lab1_v2.c,189 :: 		if (flag2 == 0){
0x088A	0x804010  	MOV	_flag2, W0
0x088C	0xE10060  	CP	W0, #0
0x088E	0x3A000C  	BRA NZ	L_main39
L__main188:
;lab1_v2.c,190 :: 		PORTE = 1;
0x0890	0x200010  	MOV	#1, W0
0x0892	0xB7A2DA  	MOV	WREG, PORTE
;lab1_v2.c,191 :: 		Delay_ms(1000);
0x0894	0x200528  	MOV	#82, W8
0x0896	0x2616F7  	MOV	#24943, W7
L_main40:
0x0898	0xED200E  	DEC	W7
0x089A	0x3AFFFE  	BRA NZ	L_main40
0x089C	0xED2010  	DEC	W8
0x089E	0x3AFFFC  	BRA NZ	L_main40
0x08A0	0x000000  	NOP
;lab1_v2.c,192 :: 		PORTE = 0;
0x08A2	0xEF22DA  	CLR	PORTE
;lab1_v2.c,193 :: 		flag2=1;
0x08A4	0x200010  	MOV	#1, W0
0x08A6	0x884010  	MOV	W0, _flag2
;lab1_v2.c,194 :: 		}
L_main39:
;lab1_v2.c,196 :: 		teste_acerto();
0x08A8	0x07FF03  	RCALL	_teste_acerto
;lab1_v2.c,188 :: 		if ((cont_u == 6)&&(flag==1)){
L__main167:
L__main166:
;lab1_v2.c,200 :: 		if (( cont_u == 6)&&(flag == 2)){
0x08AA	0x804080  	MOV	_cont_u, W0
0x08AC	0xE10066  	CP	W0, #6
0x08AE	0x3A0009  	BRA NZ	L__main169
L__main189:
0x08B0	0x8040A0  	MOV	_flag, W0
0x08B2	0xE10062  	CP	W0, #2
0x08B4	0x3A0006  	BRA NZ	L__main168
L__main190:
L__main164:
;lab1_v2.c,201 :: 		if (flag_erro == 1){
0x08B6	0x804150  	MOV	_flag_erro, W0
0x08B8	0xE10061  	CP	W0, #1
0x08BA	0x3A0002  	BRA NZ	L_main45
L__main191:
;lab1_v2.c,203 :: 		mostt_uu();
0x08BC	0x07FDF3  	RCALL	_mostt_uu
;lab1_v2.c,204 :: 		}else{
0x08BE	0x370001  	BRA	L_main46
L_main45:
;lab1_v2.c,206 :: 		teste_erro();
0x08C0	0x07FEFB  	RCALL	_teste_erro
;lab1_v2.c,207 :: 		}
L_main46:
;lab1_v2.c,200 :: 		if (( cont_u == 6)&&(flag == 2)){
L__main169:
L__main168:
;lab1_v2.c,211 :: 		if (flag == 0){
0x08C2	0x8040A0  	MOV	_flag, W0
0x08C4	0xE10060  	CP	W0, #0
0x08C6	0x3A0002  	BRA NZ	L_main47
L__main192:
;lab1_v2.c,212 :: 		leitor();
0x08C8	0x07FDAB  	RCALL	_leitor
;lab1_v2.c,213 :: 		}else{
0x08CA	0x37000B  	BRA	L_main48
L_main47:
;lab1_v2.c,216 :: 		for (kk = 0; kk < 100; kk++){
0x08CC	0xEF2000  	CLR	W0
0x08CE	0x884130  	MOV	W0, _kk
L_main49:
0x08D0	0x200641  	MOV	#100, W1
0x08D2	0x208260  	MOV	#lo_addr(_kk), W0
0x08D4	0xE10810  	CP	W1, [W0]
0x08D6	0x340005  	BRA LE	L_main50
L__main193:
;lab1_v2.c,217 :: 		leitor();
0x08D8	0x07FDA3  	RCALL	_leitor
;lab1_v2.c,216 :: 		for (kk = 0; kk < 100; kk++){
0x08DA	0x200011  	MOV	#1, W1
0x08DC	0x208260  	MOV	#lo_addr(_kk), W0
0x08DE	0x408810  	ADD	W1, [W0], [W0]
;lab1_v2.c,218 :: 		}
0x08E0	0x37FFF7  	BRA	L_main49
L_main50:
;lab1_v2.c,219 :: 		}
L_main48:
;lab1_v2.c,221 :: 		Delay_ms(1);
0x08E2	0x214D57  	MOV	#5333, W7
L_main52:
0x08E4	0xED200E  	DEC	W7
0x08E6	0x3AFFFE  	BRA NZ	L_main52
0x08E8	0x000000  	NOP
;lab1_v2.c,223 :: 		conv_char_to_hexa();
0x08EA	0x07FDBF  	RCALL	_conv_char_to_hexa
;lab1_v2.c,224 :: 		}
0x08EC	0x37FF1F  	BRA	L_main0
;lab1_v2.c,225 :: 		}
L_end_main:
0x08EE	0x78054F  	POP	W10
L__main_end_loop:
0x08F0	0x37FFFF  	BRA	L__main_end_loop
; end of _main
_mostra_usuario:
;lab1_v2.c,369 :: 		void mostra_usuario(int cont3){
;lab1_v2.c,370 :: 		switch(cont3){
0x0634	0x370032  	BRA	L_mostra_usuario97
;lab1_v2.c,371 :: 		case 0:
L_mostra_usuario99:
;lab1_v2.c,372 :: 		disp7[1] = usuario[0];
0x0636	0x2080D1  	MOV	#lo_addr(_disp7+1), W1
0x0638	0x208920  	MOV	#lo_addr(_usuario), W0
0x063A	0x784890  	MOV.B	[W0], [W1]
;lab1_v2.c,373 :: 		break;
0x063C	0x370038  	BRA	L_mostra_usuario98
;lab1_v2.c,374 :: 		case 1:
L_mostra_usuario100:
;lab1_v2.c,375 :: 		disp7[1] = usuario[1];
0x063E	0x2080D1  	MOV	#lo_addr(_disp7+1), W1
0x0640	0x208930  	MOV	#lo_addr(_usuario+1), W0
0x0642	0x784890  	MOV.B	[W0], [W1]
;lab1_v2.c,376 :: 		disp7[2] = usuario[0];
0x0644	0x2080E1  	MOV	#lo_addr(_disp7+2), W1
0x0646	0x208920  	MOV	#lo_addr(_usuario), W0
0x0648	0x784890  	MOV.B	[W0], [W1]
;lab1_v2.c,377 :: 		break;
0x064A	0x370031  	BRA	L_mostra_usuario98
;lab1_v2.c,378 :: 		case 2:
L_mostra_usuario101:
;lab1_v2.c,379 :: 		disp7[1] = usuario[2];
0x064C	0x2080D1  	MOV	#lo_addr(_disp7+1), W1
0x064E	0x208940  	MOV	#lo_addr(_usuario+2), W0
0x0650	0x784890  	MOV.B	[W0], [W1]
;lab1_v2.c,380 :: 		disp7[2] = usuario[1];
0x0652	0x2080E1  	MOV	#lo_addr(_disp7+2), W1
0x0654	0x208930  	MOV	#lo_addr(_usuario+1), W0
0x0656	0x784890  	MOV.B	[W0], [W1]
;lab1_v2.c,381 :: 		disp7[3] = usuario[0];
0x0658	0x2080F1  	MOV	#lo_addr(_disp7+3), W1
0x065A	0x208920  	MOV	#lo_addr(_usuario), W0
0x065C	0x784890  	MOV.B	[W0], [W1]
;lab1_v2.c,382 :: 		break;
0x065E	0x370027  	BRA	L_mostra_usuario98
;lab1_v2.c,383 :: 		case 3:
L_mostra_usuario102:
;lab1_v2.c,384 :: 		disp7[1] = usuario[3];
0x0660	0x2080D1  	MOV	#lo_addr(_disp7+1), W1
0x0662	0x208950  	MOV	#lo_addr(_usuario+3), W0
0x0664	0x784890  	MOV.B	[W0], [W1]
;lab1_v2.c,385 :: 		disp7[2] = usuario[2];
0x0666	0x2080E1  	MOV	#lo_addr(_disp7+2), W1
0x0668	0x208940  	MOV	#lo_addr(_usuario+2), W0
0x066A	0x784890  	MOV.B	[W0], [W1]
;lab1_v2.c,386 :: 		disp7[3] = usuario[1];
0x066C	0x2080F1  	MOV	#lo_addr(_disp7+3), W1
0x066E	0x208930  	MOV	#lo_addr(_usuario+1), W0
0x0670	0x784890  	MOV.B	[W0], [W1]
;lab1_v2.c,387 :: 		break;
0x0672	0x37001D  	BRA	L_mostra_usuario98
;lab1_v2.c,388 :: 		case 4:
L_mostra_usuario103:
;lab1_v2.c,389 :: 		disp7[1] = usuario[4];
0x0674	0x2080D1  	MOV	#lo_addr(_disp7+1), W1
0x0676	0x208960  	MOV	#lo_addr(_usuario+4), W0
0x0678	0x784890  	MOV.B	[W0], [W1]
;lab1_v2.c,390 :: 		disp7[2] = usuario[3];
0x067A	0x2080E1  	MOV	#lo_addr(_disp7+2), W1
0x067C	0x208950  	MOV	#lo_addr(_usuario+3), W0
0x067E	0x784890  	MOV.B	[W0], [W1]
;lab1_v2.c,391 :: 		disp7[3] = usuario[2];
0x0680	0x2080F1  	MOV	#lo_addr(_disp7+3), W1
0x0682	0x208940  	MOV	#lo_addr(_usuario+2), W0
0x0684	0x784890  	MOV.B	[W0], [W1]
;lab1_v2.c,392 :: 		disp7[1] = usuario[4];
0x0686	0x2080D1  	MOV	#lo_addr(_disp7+1), W1
0x0688	0x208960  	MOV	#lo_addr(_usuario+4), W0
0x068A	0x784890  	MOV.B	[W0], [W1]
;lab1_v2.c,393 :: 		disp7[2] = usuario[3];
0x068C	0x2080E1  	MOV	#lo_addr(_disp7+2), W1
0x068E	0x208950  	MOV	#lo_addr(_usuario+3), W0
0x0690	0x784890  	MOV.B	[W0], [W1]
;lab1_v2.c,394 :: 		disp7[3] = usuario[2];
0x0692	0x2080F1  	MOV	#lo_addr(_disp7+3), W1
0x0694	0x208940  	MOV	#lo_addr(_usuario+2), W0
0x0696	0x784890  	MOV.B	[W0], [W1]
;lab1_v2.c,395 :: 		break;
0x0698	0x37000A  	BRA	L_mostra_usuario98
;lab1_v2.c,396 :: 		}
L_mostra_usuario97:
0x069A	0xE15060  	CP	W10, #0
0x069C	0x32FFCC  	BRA Z	L_mostra_usuario99
L__mostra_usuario219:
0x069E	0xE15061  	CP	W10, #1
0x06A0	0x32FFCE  	BRA Z	L_mostra_usuario100
L__mostra_usuario220:
0x06A2	0xE15062  	CP	W10, #2
0x06A4	0x32FFD3  	BRA Z	L_mostra_usuario101
L__mostra_usuario221:
0x06A6	0xE15063  	CP	W10, #3
0x06A8	0x32FFDB  	BRA Z	L_mostra_usuario102
L__mostra_usuario222:
0x06AA	0xE15064  	CP	W10, #4
0x06AC	0x32FFE3  	BRA Z	L_mostra_usuario103
L__mostra_usuario223:
L_mostra_usuario98:
;lab1_v2.c,397 :: 		}
L_end_mostra_usuario:
0x06AE	0x060000  	RETURN
; end of _mostra_usuario
_reseta_tudo:
;lab1_v2.c,346 :: 		void reseta_tudo(){
;lab1_v2.c,347 :: 		contador = 0;
0x04C0	0xEF2000  	CLR	W0
0x04C2	0x884140  	MOV	W0, _contador
;lab1_v2.c,348 :: 		cont_u = 0;
0x04C4	0xEF2000  	CLR	W0
0x04C6	0x884080  	MOV	W0, _cont_u
;lab1_v2.c,349 :: 		flag = 0;
0x04C8	0xEF2000  	CLR	W0
0x04CA	0x8840A0  	MOV	W0, _flag
;lab1_v2.c,350 :: 		jj = 0;
0x04CC	0xEF2000  	CLR	W0
0x04CE	0x884050  	MOV	W0, _jj
;lab1_v2.c,351 :: 		k = 0;
0x04D0	0xEF2000  	CLR	W0
0x04D2	0x884090  	MOV	W0, _k
;lab1_v2.c,352 :: 		kk = 0;
0x04D4	0xEF2000  	CLR	W0
0x04D6	0x884130  	MOV	W0, _kk
;lab1_v2.c,353 :: 		flag2 = 0;
0x04D8	0xEF2000  	CLR	W0
0x04DA	0x884010  	MOV	W0, _flag2
;lab1_v2.c,354 :: 		cont4 = 0;
0x04DC	0xEF2000  	CLR	W0
0x04DE	0x884000  	MOV	W0, _cont4
;lab1_v2.c,355 :: 		ll = 0;
0x04E0	0xEF2000  	CLR	W0
0x04E2	0x884330  	MOV	W0, _ll
;lab1_v2.c,356 :: 		flag5 = 0;
0x04E4	0xEF2000  	CLR	W0
0x04E6	0x884370  	MOV	W0, _flag5
;lab1_v2.c,357 :: 		cont2 = 0;
0x04E8	0xEF2000  	CLR	W0
0x04EA	0x884030  	MOV	W0, _cont2
;lab1_v2.c,358 :: 		cont3 = 0;
0x04EC	0xEF2000  	CLR	W0
0x04EE	0x884360  	MOV	W0, _cont3
;lab1_v2.c,359 :: 		m = 0;
0x04F0	0xEF2000  	CLR	W0
0x04F2	0x884020  	MOV	W0, _m
;lab1_v2.c,360 :: 		i = 0;
0x04F4	0xEF2000  	CLR	W0
0x04F6	0x884040  	MOV	W0, _i
;lab1_v2.c,361 :: 		y = 9;
0x04F8	0x200090  	MOV	#9, W0
0x04FA	0x884120  	MOV	W0, _y
;lab1_v2.c,362 :: 		flag_erro = 1;
0x04FC	0x200010  	MOV	#1, W0
0x04FE	0x884150  	MOV	W0, _flag_erro
;lab1_v2.c,363 :: 		for (i = 0; i<6;i++){
0x0500	0xEF2000  	CLR	W0
0x0502	0x884040  	MOV	W0, _i
L_reseta_tudo94:
0x0504	0x804040  	MOV	_i, W0
0x0506	0xE10066  	CP	W0, #6
0x0508	0x310009  	BRA GEU	L_reseta_tudo95
L__reseta_tudo217:
;lab1_v2.c,364 :: 		usuario[i] = ' ';
0x050A	0x208921  	MOV	#lo_addr(_usuario), W1
0x050C	0x208080  	MOV	#lo_addr(_i), W0
0x050E	0x408090  	ADD	W1, [W0], W1
0x0510	0xB3C200  	MOV.B	#32, W0
0x0512	0x784880  	MOV.B	W0, [W1]
;lab1_v2.c,363 :: 		for (i = 0; i<6;i++){
0x0514	0x200011  	MOV	#1, W1
0x0516	0x208080  	MOV	#lo_addr(_i), W0
0x0518	0x408810  	ADD	W1, [W0], [W0]
;lab1_v2.c,365 :: 		}
0x051A	0x37FFF4  	BRA	L_reseta_tudo94
L_reseta_tudo95:
;lab1_v2.c,367 :: 		}
L_end_reseta_tudo:
0x051C	0x060000  	RETURN
; end of _reseta_tudo
_bomba:
;lab1_v2.c,531 :: 		void bomba(){
;lab1_v2.c,533 :: 		while(y >= 0){
L_bomba137:
0x051E	0x804120  	MOV	_y, W0
0x0520	0xE10060  	CP	W0, #0
0x0522	0x350034  	BRA LT	L_bomba138
L__bomba257:
;lab1_v2.c,535 :: 		disp7[0] = tempo[y];
0x0524	0x2085C1  	MOV	#lo_addr(_tempo), W1
0x0526	0x208240  	MOV	#lo_addr(_y), W0
0x0528	0x408010  	ADD	W1, [W0], W0
0x052A	0x784090  	MOV.B	[W0], W1
0x052C	0x2080C0  	MOV	#lo_addr(_disp7), W0
0x052E	0x784801  	MOV.B	W1, [W0]
;lab1_v2.c,536 :: 		disp7[1] = '0';
0x0530	0x2080D1  	MOV	#lo_addr(_disp7+1), W1
0x0532	0xB3C300  	MOV.B	#48, W0
0x0534	0x784880  	MOV.B	W0, [W1]
;lab1_v2.c,537 :: 		disp7[2] = '0';
0x0536	0x2080E1  	MOV	#lo_addr(_disp7+2), W1
0x0538	0xB3C300  	MOV.B	#48, W0
0x053A	0x784880  	MOV.B	W0, [W1]
;lab1_v2.c,538 :: 		disp7[3] = '0';
0x053C	0x2080F1  	MOV	#lo_addr(_disp7+3), W1
0x053E	0xB3C300  	MOV.B	#48, W0
0x0540	0x784880  	MOV.B	W0, [W1]
;lab1_v2.c,541 :: 		y--;
0x0542	0x200011  	MOV	#1, W1
0x0544	0x208240  	MOV	#lo_addr(_y), W0
0x0546	0x108810  	SUBR	W1, [W0], [W0]
;lab1_v2.c,543 :: 		PORTE = 0;
0x0548	0xEF22DA  	CLR	PORTE
;lab1_v2.c,545 :: 		for( aa = 0 ; aa<100 ; aa++){
0x054A	0xEF2000  	CLR	W0
0x054C	0x884260  	MOV	W0, _aa
L_bomba139:
0x054E	0x200641  	MOV	#100, W1
0x0550	0x2084C0  	MOV	#lo_addr(_aa), W0
0x0552	0xE10810  	CP	W1, [W0]
0x0554	0x340009  	BRA LE	L_bomba140
L__bomba258:
;lab1_v2.c,547 :: 		if (flag_cri == 1){
0x0556	0x2084B0  	MOV	#lo_addr(_flag_cri), W0
0x0558	0x784010  	MOV.B	[W0], W0
0x055A	0xE10461  	CP.B	W0, #1
0x055C	0x3A0001  	BRA NZ	L_bomba142
L__bomba259:
;lab1_v2.c,548 :: 		leitor(); }
0x055E	0x07FF60  	RCALL	_leitor
L_bomba142:
;lab1_v2.c,545 :: 		for( aa = 0 ; aa<100 ; aa++){
0x0560	0x200011  	MOV	#1, W1
0x0562	0x2084C0  	MOV	#lo_addr(_aa), W0
0x0564	0x408810  	ADD	W1, [W0], [W0]
;lab1_v2.c,549 :: 		}
0x0566	0x37FFF3  	BRA	L_bomba139
L_bomba140:
;lab1_v2.c,551 :: 		for (temp = 1; temp < y; temp++){
0x0568	0x200010  	MOV	#1, W0
0x056A	0x884390  	MOV	W0, _temp
L_bomba143:
0x056C	0x804391  	MOV	_temp, W1
0x056E	0x208240  	MOV	#lo_addr(_y), W0
0x0570	0xE10810  	CP	W1, [W0]
0x0572	0x3D0008  	BRA GE	L_bomba144
L__bomba260:
;lab1_v2.c,552 :: 		Delay_ms(1);
0x0574	0x214D57  	MOV	#5333, W7
L_bomba146:
0x0576	0xED200E  	DEC	W7
0x0578	0x3AFFFE  	BRA NZ	L_bomba146
0x057A	0x000000  	NOP
;lab1_v2.c,551 :: 		for (temp = 1; temp < y; temp++){
0x057C	0x200011  	MOV	#1, W1
0x057E	0x208720  	MOV	#lo_addr(_temp), W0
0x0580	0x408810  	ADD	W1, [W0], [W0]
;lab1_v2.c,553 :: 		}
0x0582	0x37FFF4  	BRA	L_bomba143
L_bomba144:
;lab1_v2.c,555 :: 		PORTE = 1;
0x0584	0x200010  	MOV	#1, W0
0x0586	0xB7A2DA  	MOV	WREG, PORTE
;lab1_v2.c,557 :: 		conv_char_to_hexa();
0x0588	0x07FF70  	RCALL	_conv_char_to_hexa
;lab1_v2.c,558 :: 		}
0x058A	0x37FFC9  	BRA	L_bomba137
L_bomba138:
;lab1_v2.c,559 :: 		while(1){
L_bomba148:
;lab1_v2.c,561 :: 		PORTD = 0xFE;
0x058C	0x200FE0  	MOV	#254, W0
0x058E	0xB7A2D4  	MOV	WREG, PORTD
;lab1_v2.c,562 :: 		PORTB = rand()%127;
0x0590	0x07FEA6  	RCALL	_rand
0x0592	0x2007F2  	MOV	#127, W2
0x0594	0x090011  	REPEAT	#17
0x0596	0xD80002  	DIV.S	W0, W2
0x0598	0x780001  	MOV	W1, W0
0x059A	0xB7A2C8  	MOV	WREG, PORTB
;lab1_v2.c,563 :: 		Delay_ms(10);
0x059C	0x2D0557  	MOV	#53333, W7
L_bomba150:
0x059E	0xED200E  	DEC	W7
0x05A0	0x3AFFFE  	BRA NZ	L_bomba150
0x05A2	0x000000  	NOP
;lab1_v2.c,564 :: 		PORTD = 0xFD;
0x05A4	0x200FD0  	MOV	#253, W0
0x05A6	0xB7A2D4  	MOV	WREG, PORTD
;lab1_v2.c,565 :: 		PORTB = rand()%127;
0x05A8	0x07FE9A  	RCALL	_rand
0x05AA	0x2007F2  	MOV	#127, W2
0x05AC	0x090011  	REPEAT	#17
0x05AE	0xD80002  	DIV.S	W0, W2
0x05B0	0x780001  	MOV	W1, W0
0x05B2	0xB7A2C8  	MOV	WREG, PORTB
;lab1_v2.c,566 :: 		Delay_ms(10);
0x05B4	0x2D0557  	MOV	#53333, W7
L_bomba152:
0x05B6	0xED200E  	DEC	W7
0x05B8	0x3AFFFE  	BRA NZ	L_bomba152
0x05BA	0x000000  	NOP
;lab1_v2.c,567 :: 		PORTD = 0xFB;
0x05BC	0x200FB0  	MOV	#251, W0
0x05BE	0xB7A2D4  	MOV	WREG, PORTD
;lab1_v2.c,568 :: 		PORTB = rand()%127;
0x05C0	0x07FE8E  	RCALL	_rand
0x05C2	0x2007F2  	MOV	#127, W2
0x05C4	0x090011  	REPEAT	#17
0x05C6	0xD80002  	DIV.S	W0, W2
0x05C8	0x780001  	MOV	W1, W0
0x05CA	0xB7A2C8  	MOV	WREG, PORTB
;lab1_v2.c,569 :: 		Delay_ms(10);
0x05CC	0x2D0557  	MOV	#53333, W7
L_bomba154:
0x05CE	0xED200E  	DEC	W7
0x05D0	0x3AFFFE  	BRA NZ	L_bomba154
0x05D2	0x000000  	NOP
;lab1_v2.c,570 :: 		PORTD = 0x07;
0x05D4	0x200070  	MOV	#7, W0
0x05D6	0xB7A2D4  	MOV	WREG, PORTD
;lab1_v2.c,571 :: 		PORTB = rand()%127;
0x05D8	0x07FE82  	RCALL	_rand
0x05DA	0x2007F2  	MOV	#127, W2
0x05DC	0x090011  	REPEAT	#17
0x05DE	0xD80002  	DIV.S	W0, W2
0x05E0	0x780001  	MOV	W1, W0
0x05E2	0xB7A2C8  	MOV	WREG, PORTB
;lab1_v2.c,572 :: 		Delay_ms(10);
0x05E4	0x2D0557  	MOV	#53333, W7
L_bomba156:
0x05E6	0xED200E  	DEC	W7
0x05E8	0x3AFFFE  	BRA NZ	L_bomba156
0x05EA	0x000000  	NOP
;lab1_v2.c,575 :: 		if (PORTF == 0x13){
0x05EC	0xBF82E0  	MOV	PORTF, WREG
0x05EE	0xE10073  	CP	W0, #19
0x05F0	0x3A001F  	BRA NZ	L_bomba158
L__bomba261:
;lab1_v2.c,577 :: 		Delay_ms(500);
0x05F2	0x200298  	MOV	#41, W8
0x05F4	0x2B0B77  	MOV	#45239, W7
L_bomba159:
0x05F6	0xED200E  	DEC	W7
0x05F8	0x3AFFFE  	BRA NZ	L_bomba159
0x05FA	0xED2010  	DEC	W8
0x05FC	0x3AFFFC  	BRA NZ	L_bomba159
;lab1_v2.c,579 :: 		PORTE = 0;
0x05FE	0xEF22DA  	CLR	PORTE
;lab1_v2.c,580 :: 		flag_bomba = 0;
0x0600	0xEF2000  	CLR	W0
0x0602	0x8842A0  	MOV	W0, _flag_bomba
;lab1_v2.c,581 :: 		reseta_tudo();
0x0604	0x07FF5D  	RCALL	_reseta_tudo
;lab1_v2.c,582 :: 		i = 0;
0x0606	0xEF2000  	CLR	W0
0x0608	0x884040  	MOV	W0, _i
;lab1_v2.c,583 :: 		for ( m = 0; m < 4; m++ ){
0x060A	0xEF2000  	CLR	W0
0x060C	0x884020  	MOV	W0, _m
L_bomba161:
0x060E	0x804020  	MOV	_m, W0
0x0610	0xE10064  	CP	W0, #4
0x0612	0x3D0009  	BRA GE	L_bomba162
L__bomba262:
;lab1_v2.c,584 :: 		disp7[m] = '-';
0x0614	0x2080C1  	MOV	#lo_addr(_disp7), W1
0x0616	0x208040  	MOV	#lo_addr(_m), W0
0x0618	0x408090  	ADD	W1, [W0], W1
0x061A	0xB3C2D0  	MOV.B	#45, W0
0x061C	0x784880  	MOV.B	W0, [W1]
;lab1_v2.c,583 :: 		for ( m = 0; m < 4; m++ ){
0x061E	0x200011  	MOV	#1, W1
0x0620	0x208040  	MOV	#lo_addr(_m), W0
0x0622	0x408810  	ADD	W1, [W0], [W0]
;lab1_v2.c,585 :: 		}
0x0624	0x37FFF4  	BRA	L_bomba161
L_bomba162:
;lab1_v2.c,586 :: 		LATD = 0x00;
0x0626	0xEF22D6  	CLR	LATD
;lab1_v2.c,587 :: 		LATB = hexa1[0];
0x0628	0x2084E0  	MOV	#lo_addr(_hexa1), W0
0x062A	0xFB8010  	ZE	[W0], W0
0x062C	0xB7A2CA  	MOV	WREG, LATB
;lab1_v2.c,588 :: 		break;
0x062E	0x370001  	BRA	L_bomba149
;lab1_v2.c,589 :: 		}
L_bomba158:
;lab1_v2.c,591 :: 		}
0x0630	0x37FFAD  	BRA	L_bomba148
L_bomba149:
;lab1_v2.c,592 :: 		}
L_end_bomba:
0x0632	0x060000  	RETURN
; end of _bomba
_leitor:
;lab1_v2.c,228 :: 		void leitor(){
;lab1_v2.c,229 :: 		LATD = 0xF7;
0x0420	0x200F70  	MOV	#247, W0
0x0422	0xB7A2D6  	MOV	WREG, LATD
;lab1_v2.c,230 :: 		LATB = hexa1[0];
0x0424	0x2084E0  	MOV	#lo_addr(_hexa1), W0
0x0426	0xFB8010  	ZE	[W0], W0
0x0428	0xB7A2CA  	MOV	WREG, LATB
;lab1_v2.c,231 :: 		Delay_ms(T);
0x042A	0x214D57  	MOV	#5333, W7
L_leitor54:
0x042C	0xED200E  	DEC	W7
0x042E	0x3AFFFE  	BRA NZ	L_leitor54
0x0430	0x000000  	NOP
;lab1_v2.c,233 :: 		LATD = 0xFB;
0x0432	0x200FB0  	MOV	#251, W0
0x0434	0xB7A2D6  	MOV	WREG, LATD
;lab1_v2.c,234 :: 		LATB = hexa1[1];
0x0436	0x2084F0  	MOV	#lo_addr(_hexa1+1), W0
0x0438	0xFB8010  	ZE	[W0], W0
0x043A	0xB7A2CA  	MOV	WREG, LATB
;lab1_v2.c,235 :: 		Delay_ms(T);
0x043C	0x214D57  	MOV	#5333, W7
L_leitor56:
0x043E	0xED200E  	DEC	W7
0x0440	0x3AFFFE  	BRA NZ	L_leitor56
0x0442	0x000000  	NOP
;lab1_v2.c,237 :: 		LATD = 0xFD;
0x0444	0x200FD0  	MOV	#253, W0
0x0446	0xB7A2D6  	MOV	WREG, LATD
;lab1_v2.c,238 :: 		LATB = hexa1[2];
0x0448	0x208500  	MOV	#lo_addr(_hexa1+2), W0
0x044A	0xFB8010  	ZE	[W0], W0
0x044C	0xB7A2CA  	MOV	WREG, LATB
;lab1_v2.c,239 :: 		Delay_ms(T);
0x044E	0x214D57  	MOV	#5333, W7
L_leitor58:
0x0450	0xED200E  	DEC	W7
0x0452	0x3AFFFE  	BRA NZ	L_leitor58
0x0454	0x000000  	NOP
;lab1_v2.c,241 :: 		LATD = 0xFE;
0x0456	0x200FE0  	MOV	#254, W0
0x0458	0xB7A2D6  	MOV	WREG, LATD
;lab1_v2.c,242 :: 		LATB = hexa1[3];
0x045A	0x208510  	MOV	#lo_addr(_hexa1+3), W0
0x045C	0xFB8010  	ZE	[W0], W0
0x045E	0xB7A2CA  	MOV	WREG, LATB
;lab1_v2.c,243 :: 		Delay_ms(T);
0x0460	0x214D57  	MOV	#5333, W7
L_leitor60:
0x0462	0xED200E  	DEC	W7
0x0464	0x3AFFFE  	BRA NZ	L_leitor60
0x0466	0x000000  	NOP
;lab1_v2.c,244 :: 		}
L_end_leitor:
0x0468	0x060000  	RETURN
; end of _leitor
_conv_char_to_hexa:
0x046A	0xFA0002  	LNK	#2
;lab1_v2.c,247 :: 		void conv_char_to_hexa(){
;lab1_v2.c,248 :: 		for(j=0;j<4;j++){
0x046C	0x781F8A  	PUSH	W10
0x046E	0xEF2000  	CLR	W0
0x0470	0x884380  	MOV	W0, _j
L_conv_char_to_hexa62:
0x0472	0x804380  	MOV	_j, W0
0x0474	0xE10064  	CP	W0, #4
0x0476	0x310013  	BRA GEU	L_conv_char_to_hexa63
L__conv_char_to_hexa197:
;lab1_v2.c,249 :: 		hexa1[j] = char_to_7seg(disp7[j]);
0x0478	0x2084E1  	MOV	#lo_addr(_hexa1), W1
0x047A	0x208700  	MOV	#lo_addr(_j), W0
0x047C	0x408010  	ADD	W1, [W0], W0
0x047E	0x980700  	MOV	W0, [W14+0]
0x0480	0x2080C1  	MOV	#lo_addr(_disp7), W1
0x0482	0x208700  	MOV	#lo_addr(_j), W0
0x0484	0x408010  	ADD	W1, [W0], W0
0x0486	0x784510  	MOV.B	[W0], W10
0x0488	0x07FE3B  	RCALL	_char_to_7seg
0x048A	0x90008E  	MOV	[W14+0], W1
0x048C	0x784880  	MOV.B	W0, [W1]
;lab1_v2.c,250 :: 		Delay_ms(1);
0x048E	0x214D57  	MOV	#5333, W7
L_conv_char_to_hexa65:
0x0490	0xED200E  	DEC	W7
0x0492	0x3AFFFE  	BRA NZ	L_conv_char_to_hexa65
0x0494	0x000000  	NOP
;lab1_v2.c,248 :: 		for(j=0;j<4;j++){
0x0496	0x200011  	MOV	#1, W1
0x0498	0x208700  	MOV	#lo_addr(_j), W0
0x049A	0x408810  	ADD	W1, [W0], [W0]
;lab1_v2.c,251 :: 		}
0x049C	0x37FFEA  	BRA	L_conv_char_to_hexa62
L_conv_char_to_hexa63:
;lab1_v2.c,252 :: 		}
L_end_conv_char_to_hexa:
0x049E	0x78054F  	POP	W10
0x04A0	0xFA8000  	ULNK
0x04A2	0x060000  	RETURN
; end of _conv_char_to_hexa
_char_to_7seg:
;lab1_v2.c,400 :: 		int char_to_7seg(char _char){
;lab1_v2.c,402 :: 		switch(_char){
0x0100	0x37007C  	BRA	L_char_to_7seg104
;lab1_v2.c,403 :: 		case ('-'):
L_char_to_7seg106:
;lab1_v2.c,404 :: 		hexa = 0xBF;
0x0102	0x208741  	MOV	#lo_addr(_hexa), W1
0x0104	0xB3CBF0  	MOV.B	#191, W0
0x0106	0x784880  	MOV.B	W0, [W1]
;lab1_v2.c,405 :: 		break;
0x0108	0x3700D5  	BRA	L_char_to_7seg105
;lab1_v2.c,407 :: 		case(' '):
L_char_to_7seg107:
;lab1_v2.c,408 :: 		hexa = 0xFF;
0x010A	0x208741  	MOV	#lo_addr(_hexa), W1
0x010C	0xB3CFF0  	MOV.B	#255, W0
0x010E	0x784880  	MOV.B	W0, [W1]
;lab1_v2.c,409 :: 		break;
0x0110	0x3700D1  	BRA	L_char_to_7seg105
;lab1_v2.c,411 :: 		case('a'):
L_char_to_7seg108:
;lab1_v2.c,412 :: 		hexa = 0x88;
0x0112	0x208741  	MOV	#lo_addr(_hexa), W1
0x0114	0xB3C880  	MOV.B	#136, W0
0x0116	0x784880  	MOV.B	W0, [W1]
;lab1_v2.c,413 :: 		break;
0x0118	0x3700CD  	BRA	L_char_to_7seg105
;lab1_v2.c,415 :: 		case('b'):
L_char_to_7seg109:
;lab1_v2.c,416 :: 		hexa = 0x83;
0x011A	0x208741  	MOV	#lo_addr(_hexa), W1
0x011C	0xB3C830  	MOV.B	#131, W0
0x011E	0x784880  	MOV.B	W0, [W1]
;lab1_v2.c,417 :: 		break;
0x0120	0x3700C9  	BRA	L_char_to_7seg105
;lab1_v2.c,419 :: 		case('c'):
L_char_to_7seg110:
;lab1_v2.c,420 :: 		hexa = 0xC6;
0x0122	0x208741  	MOV	#lo_addr(_hexa), W1
0x0124	0xB3CC60  	MOV.B	#198, W0
0x0126	0x784880  	MOV.B	W0, [W1]
;lab1_v2.c,421 :: 		break;
0x0128	0x3700C5  	BRA	L_char_to_7seg105
;lab1_v2.c,423 :: 		case('d'):
L_char_to_7seg111:
;lab1_v2.c,424 :: 		hexa=0xA1;
0x012A	0x208741  	MOV	#lo_addr(_hexa), W1
0x012C	0xB3CA10  	MOV.B	#161, W0
0x012E	0x784880  	MOV.B	W0, [W1]
;lab1_v2.c,425 :: 		break;
0x0130	0x3700C1  	BRA	L_char_to_7seg105
;lab1_v2.c,427 :: 		case('e'):
L_char_to_7seg112:
;lab1_v2.c,428 :: 		hexa = 0x86;
0x0132	0x208741  	MOV	#lo_addr(_hexa), W1
0x0134	0xB3C860  	MOV.B	#134, W0
0x0136	0x784880  	MOV.B	W0, [W1]
;lab1_v2.c,429 :: 		break;
0x0138	0x3700BD  	BRA	L_char_to_7seg105
;lab1_v2.c,431 :: 		case('f'):
L_char_to_7seg113:
;lab1_v2.c,432 :: 		hexa = 0x8E;
0x013A	0x208741  	MOV	#lo_addr(_hexa), W1
0x013C	0xB3C8E0  	MOV.B	#142, W0
0x013E	0x784880  	MOV.B	W0, [W1]
;lab1_v2.c,433 :: 		break;
0x0140	0x3700B9  	BRA	L_char_to_7seg105
;lab1_v2.c,435 :: 		case('g'):
L_char_to_7seg114:
;lab1_v2.c,436 :: 		hexa = 0x90;
0x0142	0x208741  	MOV	#lo_addr(_hexa), W1
0x0144	0xB3C900  	MOV.B	#144, W0
0x0146	0x784880  	MOV.B	W0, [W1]
;lab1_v2.c,437 :: 		break;
0x0148	0x3700B5  	BRA	L_char_to_7seg105
;lab1_v2.c,439 :: 		case('h'):
L_char_to_7seg115:
;lab1_v2.c,440 :: 		hexa = 0x8B;
0x014A	0x208741  	MOV	#lo_addr(_hexa), W1
0x014C	0xB3C8B0  	MOV.B	#139, W0
0x014E	0x784880  	MOV.B	W0, [W1]
;lab1_v2.c,441 :: 		break;
0x0150	0x3700B1  	BRA	L_char_to_7seg105
;lab1_v2.c,443 :: 		case('i'):
L_char_to_7seg116:
;lab1_v2.c,444 :: 		hexa = 0xF9;
0x0152	0x208741  	MOV	#lo_addr(_hexa), W1
0x0154	0xB3CF90  	MOV.B	#249, W0
0x0156	0x784880  	MOV.B	W0, [W1]
;lab1_v2.c,445 :: 		break;
0x0158	0x3700AD  	BRA	L_char_to_7seg105
;lab1_v2.c,447 :: 		case('j'):
L_char_to_7seg117:
;lab1_v2.c,448 :: 		hexa = 0xE1;
0x015A	0x208741  	MOV	#lo_addr(_hexa), W1
0x015C	0xB3CE10  	MOV.B	#225, W0
0x015E	0x784880  	MOV.B	W0, [W1]
;lab1_v2.c,449 :: 		break;
0x0160	0x3700A9  	BRA	L_char_to_7seg105
;lab1_v2.c,451 :: 		case('l'):
L_char_to_7seg118:
;lab1_v2.c,452 :: 		hexa = 0xC7;
0x0162	0x208741  	MOV	#lo_addr(_hexa), W1
0x0164	0xB3CC70  	MOV.B	#199, W0
0x0166	0x784880  	MOV.B	W0, [W1]
;lab1_v2.c,453 :: 		break;
0x0168	0x3700A5  	BRA	L_char_to_7seg105
;lab1_v2.c,455 :: 		case('n'):
L_char_to_7seg119:
;lab1_v2.c,456 :: 		hexa = 0xAB;
0x016A	0x208741  	MOV	#lo_addr(_hexa), W1
0x016C	0xB3CAB0  	MOV.B	#171, W0
0x016E	0x784880  	MOV.B	W0, [W1]
;lab1_v2.c,457 :: 		break;
0x0170	0x3700A1  	BRA	L_char_to_7seg105
;lab1_v2.c,459 :: 		case('o'):
L_char_to_7seg120:
;lab1_v2.c,460 :: 		hexa = 0xC0;
0x0172	0x208741  	MOV	#lo_addr(_hexa), W1
0x0174	0xB3CC00  	MOV.B	#192, W0
0x0176	0x784880  	MOV.B	W0, [W1]
;lab1_v2.c,461 :: 		break;
0x0178	0x37009D  	BRA	L_char_to_7seg105
;lab1_v2.c,463 :: 		case('p'):
L_char_to_7seg121:
;lab1_v2.c,464 :: 		hexa = 0x8C;
0x017A	0x208741  	MOV	#lo_addr(_hexa), W1
0x017C	0xB3C8C0  	MOV.B	#140, W0
0x017E	0x784880  	MOV.B	W0, [W1]
;lab1_v2.c,465 :: 		break;
0x0180	0x370099  	BRA	L_char_to_7seg105
;lab1_v2.c,467 :: 		case('q'):
L_char_to_7seg122:
;lab1_v2.c,468 :: 		hexa = 0x98;
0x0182	0x208741  	MOV	#lo_addr(_hexa), W1
0x0184	0xB3C980  	MOV.B	#152, W0
0x0186	0x784880  	MOV.B	W0, [W1]
;lab1_v2.c,469 :: 		break;
0x0188	0x370095  	BRA	L_char_to_7seg105
;lab1_v2.c,471 :: 		case('r'):
L_char_to_7seg123:
;lab1_v2.c,472 :: 		hexa = 0xAF;
0x018A	0x208741  	MOV	#lo_addr(_hexa), W1
0x018C	0xB3CAF0  	MOV.B	#175, W0
0x018E	0x784880  	MOV.B	W0, [W1]
;lab1_v2.c,473 :: 		break;
0x0190	0x370091  	BRA	L_char_to_7seg105
;lab1_v2.c,475 :: 		case('s'):
L_char_to_7seg124:
;lab1_v2.c,476 :: 		hexa = 0x92;
0x0192	0x208741  	MOV	#lo_addr(_hexa), W1
0x0194	0xB3C920  	MOV.B	#146, W0
0x0196	0x784880  	MOV.B	W0, [W1]
;lab1_v2.c,477 :: 		break;
0x0198	0x37008D  	BRA	L_char_to_7seg105
;lab1_v2.c,479 :: 		case('u'):
L_char_to_7seg125:
;lab1_v2.c,480 :: 		hexa = 0xC1;
0x019A	0x208741  	MOV	#lo_addr(_hexa), W1
0x019C	0xB3CC10  	MOV.B	#193, W0
0x019E	0x784880  	MOV.B	W0, [W1]
;lab1_v2.c,481 :: 		break;
0x01A0	0x370089  	BRA	L_char_to_7seg105
;lab1_v2.c,483 :: 		case('v'):
L_char_to_7seg126:
;lab1_v2.c,484 :: 		hexa = 0xE3;
0x01A2	0x208741  	MOV	#lo_addr(_hexa), W1
0x01A4	0xB3CE30  	MOV.B	#227, W0
0x01A6	0x784880  	MOV.B	W0, [W1]
;lab1_v2.c,485 :: 		break;
0x01A8	0x370085  	BRA	L_char_to_7seg105
;lab1_v2.c,487 :: 		case('0'):
L_char_to_7seg127:
;lab1_v2.c,488 :: 		hexa = 0xC0;
0x01AA	0x208741  	MOV	#lo_addr(_hexa), W1
0x01AC	0xB3CC00  	MOV.B	#192, W0
0x01AE	0x784880  	MOV.B	W0, [W1]
;lab1_v2.c,489 :: 		break;
0x01B0	0x370081  	BRA	L_char_to_7seg105
;lab1_v2.c,491 :: 		case('1'):
L_char_to_7seg128:
;lab1_v2.c,492 :: 		hexa = 0xF9;
0x01B2	0x208741  	MOV	#lo_addr(_hexa), W1
0x01B4	0xB3CF90  	MOV.B	#249, W0
0x01B6	0x784880  	MOV.B	W0, [W1]
;lab1_v2.c,493 :: 		break;
0x01B8	0x37007D  	BRA	L_char_to_7seg105
;lab1_v2.c,495 :: 		case('2'):
L_char_to_7seg129:
;lab1_v2.c,496 :: 		hexa = 0xA4;
0x01BA	0x208741  	MOV	#lo_addr(_hexa), W1
0x01BC	0xB3CA40  	MOV.B	#164, W0
0x01BE	0x784880  	MOV.B	W0, [W1]
;lab1_v2.c,497 :: 		break;
0x01C0	0x370079  	BRA	L_char_to_7seg105
;lab1_v2.c,499 :: 		case('3'):
L_char_to_7seg130:
;lab1_v2.c,500 :: 		hexa = 0xB0;
0x01C2	0x208741  	MOV	#lo_addr(_hexa), W1
0x01C4	0xB3CB00  	MOV.B	#176, W0
0x01C6	0x784880  	MOV.B	W0, [W1]
;lab1_v2.c,501 :: 		break;
0x01C8	0x370075  	BRA	L_char_to_7seg105
;lab1_v2.c,503 :: 		case('4'):
L_char_to_7seg131:
;lab1_v2.c,504 :: 		hexa = 0x99;
0x01CA	0x208741  	MOV	#lo_addr(_hexa), W1
0x01CC	0xB3C990  	MOV.B	#153, W0
0x01CE	0x784880  	MOV.B	W0, [W1]
;lab1_v2.c,505 :: 		break;
0x01D0	0x370071  	BRA	L_char_to_7seg105
;lab1_v2.c,507 :: 		case('5'):
L_char_to_7seg132:
;lab1_v2.c,508 :: 		hexa = 0x92;
0x01D2	0x208741  	MOV	#lo_addr(_hexa), W1
0x01D4	0xB3C920  	MOV.B	#146, W0
0x01D6	0x784880  	MOV.B	W0, [W1]
;lab1_v2.c,509 :: 		break;
0x01D8	0x37006D  	BRA	L_char_to_7seg105
;lab1_v2.c,511 :: 		case('6'):
L_char_to_7seg133:
;lab1_v2.c,512 :: 		hexa = 0x82;
0x01DA	0x208741  	MOV	#lo_addr(_hexa), W1
0x01DC	0xB3C820  	MOV.B	#130, W0
0x01DE	0x784880  	MOV.B	W0, [W1]
;lab1_v2.c,513 :: 		break;
0x01E0	0x370069  	BRA	L_char_to_7seg105
;lab1_v2.c,515 :: 		case('7'):
L_char_to_7seg134:
;lab1_v2.c,516 :: 		hexa = 0xF8;
0x01E2	0x208741  	MOV	#lo_addr(_hexa), W1
0x01E4	0xB3CF80  	MOV.B	#248, W0
0x01E6	0x784880  	MOV.B	W0, [W1]
;lab1_v2.c,517 :: 		break;
0x01E8	0x370065  	BRA	L_char_to_7seg105
;lab1_v2.c,519 :: 		case('8'):
L_char_to_7seg135:
;lab1_v2.c,520 :: 		hexa = 0x80;
0x01EA	0x208741  	MOV	#lo_addr(_hexa), W1
0x01EC	0xB3C800  	MOV.B	#128, W0
0x01EE	0x784880  	MOV.B	W0, [W1]
;lab1_v2.c,521 :: 		break;
0x01F0	0x370061  	BRA	L_char_to_7seg105
;lab1_v2.c,523 :: 		case('9'):
L_char_to_7seg136:
;lab1_v2.c,524 :: 		hexa = 0x90;
0x01F2	0x208741  	MOV	#lo_addr(_hexa), W1
0x01F4	0xB3C900  	MOV.B	#144, W0
0x01F6	0x784880  	MOV.B	W0, [W1]
;lab1_v2.c,525 :: 		break;
0x01F8	0x37005D  	BRA	L_char_to_7seg105
;lab1_v2.c,526 :: 		}
L_char_to_7seg104:
0x01FA	0xB3C2D0  	MOV.B	#45, W0
0x01FC	0xE15400  	CP.B	W10, W0
0x01FE	0x32FF81  	BRA Z	L_char_to_7seg106
L__char_to_7seg225:
0x0200	0xB3C200  	MOV.B	#32, W0
0x0202	0xE15400  	CP.B	W10, W0
0x0204	0x32FF82  	BRA Z	L_char_to_7seg107
L__char_to_7seg226:
0x0206	0xB3C610  	MOV.B	#97, W0
0x0208	0xE15400  	CP.B	W10, W0
0x020A	0x32FF83  	BRA Z	L_char_to_7seg108
L__char_to_7seg227:
0x020C	0xB3C620  	MOV.B	#98, W0
0x020E	0xE15400  	CP.B	W10, W0
0x0210	0x32FF84  	BRA Z	L_char_to_7seg109
L__char_to_7seg228:
0x0212	0xB3C630  	MOV.B	#99, W0
0x0214	0xE15400  	CP.B	W10, W0
0x0216	0x32FF85  	BRA Z	L_char_to_7seg110
L__char_to_7seg229:
0x0218	0xB3C640  	MOV.B	#100, W0
0x021A	0xE15400  	CP.B	W10, W0
0x021C	0x32FF86  	BRA Z	L_char_to_7seg111
L__char_to_7seg230:
0x021E	0xB3C650  	MOV.B	#101, W0
0x0220	0xE15400  	CP.B	W10, W0
0x0222	0x32FF87  	BRA Z	L_char_to_7seg112
L__char_to_7seg231:
0x0224	0xB3C660  	MOV.B	#102, W0
0x0226	0xE15400  	CP.B	W10, W0
0x0228	0x32FF88  	BRA Z	L_char_to_7seg113
L__char_to_7seg232:
0x022A	0xB3C670  	MOV.B	#103, W0
0x022C	0xE15400  	CP.B	W10, W0
0x022E	0x32FF89  	BRA Z	L_char_to_7seg114
L__char_to_7seg233:
0x0230	0xB3C680  	MOV.B	#104, W0
0x0232	0xE15400  	CP.B	W10, W0
0x0234	0x32FF8A  	BRA Z	L_char_to_7seg115
L__char_to_7seg234:
0x0236	0xB3C690  	MOV.B	#105, W0
0x0238	0xE15400  	CP.B	W10, W0
0x023A	0x32FF8B  	BRA Z	L_char_to_7seg116
L__char_to_7seg235:
0x023C	0xB3C6A0  	MOV.B	#106, W0
0x023E	0xE15400  	CP.B	W10, W0
0x0240	0x32FF8C  	BRA Z	L_char_to_7seg117
L__char_to_7seg236:
0x0242	0xB3C6C0  	MOV.B	#108, W0
0x0244	0xE15400  	CP.B	W10, W0
0x0246	0x32FF8D  	BRA Z	L_char_to_7seg118
L__char_to_7seg237:
0x0248	0xB3C6E0  	MOV.B	#110, W0
0x024A	0xE15400  	CP.B	W10, W0
0x024C	0x32FF8E  	BRA Z	L_char_to_7seg119
L__char_to_7seg238:
0x024E	0xB3C6F0  	MOV.B	#111, W0
0x0250	0xE15400  	CP.B	W10, W0
0x0252	0x32FF8F  	BRA Z	L_char_to_7seg120
L__char_to_7seg239:
0x0254	0xB3C700  	MOV.B	#112, W0
0x0256	0xE15400  	CP.B	W10, W0
0x0258	0x32FF90  	BRA Z	L_char_to_7seg121
L__char_to_7seg240:
0x025A	0xB3C710  	MOV.B	#113, W0
0x025C	0xE15400  	CP.B	W10, W0
0x025E	0x32FF91  	BRA Z	L_char_to_7seg122
L__char_to_7seg241:
0x0260	0xB3C720  	MOV.B	#114, W0
0x0262	0xE15400  	CP.B	W10, W0
0x0264	0x32FF92  	BRA Z	L_char_to_7seg123
L__char_to_7seg242:
0x0266	0xB3C730  	MOV.B	#115, W0
0x0268	0xE15400  	CP.B	W10, W0
0x026A	0x32FF93  	BRA Z	L_char_to_7seg124
L__char_to_7seg243:
0x026C	0xB3C750  	MOV.B	#117, W0
0x026E	0xE15400  	CP.B	W10, W0
0x0270	0x32FF94  	BRA Z	L_char_to_7seg125
L__char_to_7seg244:
0x0272	0xB3C760  	MOV.B	#118, W0
0x0274	0xE15400  	CP.B	W10, W0
0x0276	0x32FF95  	BRA Z	L_char_to_7seg126
L__char_to_7seg245:
0x0278	0xB3C300  	MOV.B	#48, W0
0x027A	0xE15400  	CP.B	W10, W0
0x027C	0x32FF96  	BRA Z	L_char_to_7seg127
L__char_to_7seg246:
0x027E	0xB3C310  	MOV.B	#49, W0
0x0280	0xE15400  	CP.B	W10, W0
0x0282	0x32FF97  	BRA Z	L_char_to_7seg128
L__char_to_7seg247:
0x0284	0xB3C320  	MOV.B	#50, W0
0x0286	0xE15400  	CP.B	W10, W0
0x0288	0x32FF98  	BRA Z	L_char_to_7seg129
L__char_to_7seg248:
0x028A	0xB3C330  	MOV.B	#51, W0
0x028C	0xE15400  	CP.B	W10, W0
0x028E	0x32FF99  	BRA Z	L_char_to_7seg130
L__char_to_7seg249:
0x0290	0xB3C340  	MOV.B	#52, W0
0x0292	0xE15400  	CP.B	W10, W0
0x0294	0x32FF9A  	BRA Z	L_char_to_7seg131
L__char_to_7seg250:
0x0296	0xB3C350  	MOV.B	#53, W0
0x0298	0xE15400  	CP.B	W10, W0
0x029A	0x32FF9B  	BRA Z	L_char_to_7seg132
L__char_to_7seg251:
0x029C	0xB3C360  	MOV.B	#54, W0
0x029E	0xE15400  	CP.B	W10, W0
0x02A0	0x32FF9C  	BRA Z	L_char_to_7seg133
L__char_to_7seg252:
0x02A2	0xB3C370  	MOV.B	#55, W0
0x02A4	0xE15400  	CP.B	W10, W0
0x02A6	0x32FF9D  	BRA Z	L_char_to_7seg134
L__char_to_7seg253:
0x02A8	0xB3C380  	MOV.B	#56, W0
0x02AA	0xE15400  	CP.B	W10, W0
0x02AC	0x32FF9E  	BRA Z	L_char_to_7seg135
L__char_to_7seg254:
0x02AE	0xB3C390  	MOV.B	#57, W0
0x02B0	0xE15400  	CP.B	W10, W0
0x02B2	0x32FF9F  	BRA Z	L_char_to_7seg136
L__char_to_7seg255:
L_char_to_7seg105:
;lab1_v2.c,527 :: 		return hexa;
0x02B4	0x208740  	MOV	#lo_addr(_hexa), W0
0x02B6	0xFB8010  	ZE	[W0], W0
;lab1_v2.c,528 :: 		}
L_end_char_to_7seg:
0x02B8	0x060000  	RETURN
; end of _char_to_7seg
_rand:
0x02DE	0xFA0000  	LNK	#0
;__Lib_CStdlib.c,307 :: 		
;__Lib_CStdlib.c,308 :: 		
0x02E0	0x781F8A  	PUSH	W10
0x02E2	0x2087A0  	MOV	#lo_addr(__Lib_CStdlib_randf), W0
0x02E4	0xE00010  	CP0	[W0]
0x02E6	0x3A0002  	BRA NZ	L_rand72
L__rand160:
;__Lib_CStdlib.c,309 :: 		
0x02E8	0x20001A  	MOV	#1, W10
0x02EA	0x07FFE7  	RCALL	_srand
L_rand72:
;__Lib_CStdlib.c,310 :: 		
0x02EC	0x8043B0  	MOV	__Lib_CStdlib_randx, W0
0x02EE	0x8043C1  	MOV	__Lib_CStdlib_randx+2, W1
0x02F0	0x24E6D2  	MOV	#20077, W2
0x02F2	0x241C63  	MOV	#16838, W3
0x02F4	0x07FFEB  	RCALL	__Multiply_32x32
0x02F6	0x230392  	MOV	#12345, W2
0x02F8	0x200003  	MOV	#0, W3
0x02FA	0x400002  	ADD	W0, W2, W0
0x02FC	0x488083  	ADDC	W1, W3, W1
0x02FE	0xDE8940  	ASR	W1, #0, W2
0x0300	0xDE89CF  	ASR	W1, #15, W3
0x0302	0x27FFF0  	MOV	#32767, W0
0x0304	0x200001  	MOV	#0, W1
0x0306	0x610000  	AND	W2, W0, W0
0x0308	0x618081  	AND	W3, W1, W1
0x030A	0x8843B0  	MOV	W0, __Lib_CStdlib_randx
0x030C	0x8843C1  	MOV	W1, __Lib_CStdlib_randx+2
;__Lib_CStdlib.c,311 :: 		
;__Lib_CStdlib.c,312 :: 		
;__Lib_CStdlib.c,311 :: 		
;__Lib_CStdlib.c,312 :: 		
L_end_rand:
0x030E	0x78054F  	POP	W10
0x0310	0xFA8000  	ULNK
0x0312	0x060000  	RETURN
; end of _rand
_srand:
0x02BA	0xFA0000  	LNK	#0
;__Lib_CStdlib.c,301 :: 		
;__Lib_CStdlib.c,302 :: 		
0x02BC	0x78000A  	MOV	W10, W0
0x02BE	0xEB0080  	CLR	W1
0x02C0	0x8843B0  	MOV	W0, __Lib_CStdlib_randx
0x02C2	0x8843C1  	MOV	W1, __Lib_CStdlib_randx+2
;__Lib_CStdlib.c,303 :: 		
0x02C4	0x200010  	MOV	#1, W0
0x02C6	0x8843D0  	MOV	W0, __Lib_CStdlib_randf
;__Lib_CStdlib.c,304 :: 		
L_end_srand:
0x02C8	0xFA8000  	ULNK
0x02CA	0x060000  	RETURN
; end of _srand
__Multiply_32x32:
0x02CC	0xFA0000  	LNK	#0
;__Lib_Math.c,43 :: 		
;__Lib_Math.c,46 :: 		
0x02CE	0xB80A02  	MUL.UU	W1, W2, W4
;__Lib_Math.c,47 :: 		
0x02D0	0x880050  	MOV	W0, W5
;__Lib_Math.c,48 :: 		
0x02D2	0xB80002  	MUL.UU	W0, W2, W0
;__Lib_Math.c,49 :: 		
0x02D4	0x420081  	ADD	W4, W1, W1
;__Lib_Math.c,50 :: 		
0x02D6	0xB82A03  	MUL.UU	W5, W3, W4
;__Lib_Math.c,51 :: 		
0x02D8	0x420081  	ADD	W4, W1, W1
;__Lib_Math.c,54 :: 		
L_end__Multiply_32x32:
0x02DA	0xFA8000  	ULNK
0x02DC	0x060000  	RETURN
; end of __Multiply_32x32
_teste_acerto:
;lab1_v2.c,255 :: 		void teste_acerto(){
;lab1_v2.c,257 :: 		escreve_acertou();
0x06B0	0x07FE6D  	RCALL	_escreve_acertou
;lab1_v2.c,258 :: 		mostra_men_final_1();
0x06B2	0x07FE3F  	RCALL	_mostra_men_final_1
;lab1_v2.c,259 :: 		descreve_acertou();
0x06B4	0x07FE2F  	RCALL	_descreve_acertou
;lab1_v2.c,261 :: 		}
L_end_teste_acerto:
0x06B6	0x060000  	RETURN
; end of _teste_acerto
_escreve_acertou:
;lab1_v2.c,263 :: 		void escreve_acertou(){
;lab1_v2.c,264 :: 		for (i = 0; i < 20; i++){
0x038C	0xEF2000  	CLR	W0
0x038E	0x884040  	MOV	W0, _i
L_escreve_acertou67:
0x0390	0x804040  	MOV	_i, W0
0x0392	0xE10074  	CP	W0, #20
0x0394	0x310017  	BRA GEU	L_escreve_acertou68
L__escreve_acertou200:
;lab1_v2.c,265 :: 		if (i<6){
0x0396	0x804040  	MOV	_i, W0
0x0398	0xE10066  	CP	W0, #6
0x039A	0x310008  	BRA GEU	L_escreve_acertou70
L__escreve_acertou201:
;lab1_v2.c,266 :: 		acertou[i] = usuario[i];
0x039C	0x2087E1  	MOV	#lo_addr(_acertou), W1
0x039E	0x208080  	MOV	#lo_addr(_i), W0
0x03A0	0x408110  	ADD	W1, [W0], W2
0x03A2	0x208921  	MOV	#lo_addr(_usuario), W1
0x03A4	0x208080  	MOV	#lo_addr(_i), W0
0x03A6	0x408010  	ADD	W1, [W0], W0
0x03A8	0x784910  	MOV.B	[W0], [W2]
;lab1_v2.c,267 :: 		}else{
0x03AA	0x370008  	BRA	L_escreve_acertou71
L_escreve_acertou70:
;lab1_v2.c,268 :: 		acertou[i] = men_final[i-6];
0x03AC	0x2087E1  	MOV	#lo_addr(_acertou), W1
0x03AE	0x208080  	MOV	#lo_addr(_i), W0
0x03B0	0x408110  	ADD	W1, [W0], W2
0x03B2	0x804040  	MOV	_i, W0
0x03B4	0x5000E6  	SUB	W0, #6, W1
0x03B6	0x208160  	MOV	#lo_addr(_men_final), W0
0x03B8	0x400001  	ADD	W0, W1, W0
0x03BA	0x784910  	MOV.B	[W0], [W2]
;lab1_v2.c,269 :: 		}
L_escreve_acertou71:
;lab1_v2.c,264 :: 		for (i = 0; i < 20; i++){
0x03BC	0x200011  	MOV	#1, W1
0x03BE	0x208080  	MOV	#lo_addr(_i), W0
0x03C0	0x408810  	ADD	W1, [W0], [W0]
;lab1_v2.c,270 :: 		}
0x03C2	0x37FFE6  	BRA	L_escreve_acertou67
L_escreve_acertou68:
;lab1_v2.c,271 :: 		}
L_end_escreve_acertou:
0x03C4	0x060000  	RETURN
; end of _escreve_acertou
_mostra_men_final_1:
;lab1_v2.c,311 :: 		void mostra_men_final_1(){
;lab1_v2.c,312 :: 		for (jj = 0; jj < 4; jj++){
0x0332	0xEF2000  	CLR	W0
0x0334	0x884050  	MOV	W0, _jj
L_mostra_men_final_182:
0x0336	0x804050  	MOV	_jj, W0
0x0338	0xE10064  	CP	W0, #4
0x033A	0x3D000D  	BRA GE	L_mostra_men_final_183
L__mostra_men_final_1210:
;lab1_v2.c,313 :: 		disp7[jj] = acertou[cont2+jj];
0x033C	0x2080C1  	MOV	#lo_addr(_disp7), W1
0x033E	0x2080A0  	MOV	#lo_addr(_jj), W0
0x0340	0x408110  	ADD	W1, [W0], W2
0x0342	0x804031  	MOV	_cont2, W1
0x0344	0x2080A0  	MOV	#lo_addr(_jj), W0
0x0346	0x408090  	ADD	W1, [W0], W1
0x0348	0x2087E0  	MOV	#lo_addr(_acertou), W0
0x034A	0x400001  	ADD	W0, W1, W0
0x034C	0x784910  	MOV.B	[W0], [W2]
;lab1_v2.c,312 :: 		for (jj = 0; jj < 4; jj++){
0x034E	0x200011  	MOV	#1, W1
0x0350	0x2080A0  	MOV	#lo_addr(_jj), W0
0x0352	0x408810  	ADD	W1, [W0], [W0]
;lab1_v2.c,314 :: 		}
0x0354	0x37FFF0  	BRA	L_mostra_men_final_182
L_mostra_men_final_183:
;lab1_v2.c,315 :: 		cont2++;
0x0356	0x200011  	MOV	#1, W1
0x0358	0x208060  	MOV	#lo_addr(_cont2), W0
0x035A	0x408810  	ADD	W1, [W0], [W0]
;lab1_v2.c,317 :: 		if (cont2 == 23){
0x035C	0x804030  	MOV	_cont2, W0
0x035E	0xE10077  	CP	W0, #23
0x0360	0x3A0002  	BRA NZ	L_mostra_men_final_185
L__mostra_men_final_1211:
;lab1_v2.c,318 :: 		cont2 = 0;
0x0362	0xEF2000  	CLR	W0
0x0364	0x884030  	MOV	W0, _cont2
;lab1_v2.c,319 :: 		}
L_mostra_men_final_185:
;lab1_v2.c,320 :: 		aux = disp7[0];
0x0366	0x2080C0  	MOV	#lo_addr(_disp7), W0
0x0368	0xFB8010  	ZE	[W0], W0
0x036A	0x8843E0  	MOV	W0, _aux
;lab1_v2.c,321 :: 		disp7[0] = disp7[3];
0x036C	0x2080C1  	MOV	#lo_addr(_disp7), W1
0x036E	0x2080F0  	MOV	#lo_addr(_disp7+3), W0
0x0370	0x784890  	MOV.B	[W0], [W1]
;lab1_v2.c,322 :: 		disp7[3] = aux;
0x0372	0x2080F1  	MOV	#lo_addr(_disp7+3), W1
0x0374	0x8043E0  	MOV	_aux, W0
0x0376	0x784880  	MOV.B	W0, [W1]
;lab1_v2.c,323 :: 		aux = disp7[1];
0x0378	0x2080D0  	MOV	#lo_addr(_disp7+1), W0
0x037A	0xFB8010  	ZE	[W0], W0
0x037C	0x8843E0  	MOV	W0, _aux
;lab1_v2.c,324 :: 		disp7[1] = disp7[2];
0x037E	0x2080D1  	MOV	#lo_addr(_disp7+1), W1
0x0380	0x2080E0  	MOV	#lo_addr(_disp7+2), W0
0x0382	0x784890  	MOV.B	[W0], [W1]
;lab1_v2.c,325 :: 		disp7[2] = aux;
0x0384	0x2080E1  	MOV	#lo_addr(_disp7+2), W1
0x0386	0x8043E0  	MOV	_aux, W0
0x0388	0x784880  	MOV.B	W0, [W1]
;lab1_v2.c,326 :: 		}
L_end_mostra_men_final_1:
0x038A	0x060000  	RETURN
; end of _mostra_men_final_1
_descreve_acertou:
;lab1_v2.c,273 :: 		void descreve_acertou(){
;lab1_v2.c,274 :: 		for (i = 0; i < 20; i++){
0x0314	0xEF2000  	CLR	W0
0x0316	0x884040  	MOV	W0, _i
L_descreve_acertou72:
0x0318	0x804040  	MOV	_i, W0
0x031A	0xE10074  	CP	W0, #20
0x031C	0x310009  	BRA GEU	L_descreve_acertou73
L__descreve_acertou203:
;lab1_v2.c,275 :: 		acertou[i] = ' ';
0x031E	0x2087E1  	MOV	#lo_addr(_acertou), W1
0x0320	0x208080  	MOV	#lo_addr(_i), W0
0x0322	0x408090  	ADD	W1, [W0], W1
0x0324	0xB3C200  	MOV.B	#32, W0
0x0326	0x784880  	MOV.B	W0, [W1]
;lab1_v2.c,274 :: 		for (i = 0; i < 20; i++){
0x0328	0x200011  	MOV	#1, W1
0x032A	0x208080  	MOV	#lo_addr(_i), W0
0x032C	0x408810  	ADD	W1, [W0], [W0]
;lab1_v2.c,276 :: 		}
0x032E	0x37FFF4  	BRA	L_descreve_acertou72
L_descreve_acertou73:
;lab1_v2.c,277 :: 		}
L_end_descreve_acertou:
0x0330	0x060000  	RETURN
; end of _descreve_acertou
_mostt_uu:
;lab1_v2.c,279 :: 		void mostt_uu(){
;lab1_v2.c,280 :: 		for (i = 0; i < 50800; i++){
0x04A4	0xEF2000  	CLR	W0
0x04A6	0x884040  	MOV	W0, _i
L_mostt_uu75:
0x04A8	0x804041  	MOV	_i, W1
0x04AA	0x2C6700  	MOV	#50800, W0
0x04AC	0xE10800  	CP	W1, W0
0x04AE	0x310005  	BRA GEU	L_mostt_uu76
L__mostt_uu205:
;lab1_v2.c,281 :: 		mostra_men_usuario();
0x04B0	0x07FF8A  	RCALL	_mostra_men_usuario
;lab1_v2.c,280 :: 		for (i = 0; i < 50800; i++){
0x04B2	0x200011  	MOV	#1, W1
0x04B4	0x208080  	MOV	#lo_addr(_i), W0
0x04B6	0x408810  	ADD	W1, [W0], [W0]
;lab1_v2.c,282 :: 		}
0x04B8	0x37FFF7  	BRA	L_mostt_uu75
L_mostt_uu76:
;lab1_v2.c,283 :: 		flag_erro = 0;
0x04BA	0xEF2000  	CLR	W0
0x04BC	0x884150  	MOV	W0, _flag_erro
;lab1_v2.c,284 :: 		}
L_end_mostt_uu:
0x04BE	0x060000  	RETURN
; end of _mostt_uu
_mostra_men_usuario:
;lab1_v2.c,287 :: 		void mostra_men_usuario(){
;lab1_v2.c,290 :: 		for (jj = 0; jj < 4; jj++){
0x03C6	0xEF2000  	CLR	W0
0x03C8	0x884050  	MOV	W0, _jj
L_mostra_men_usuario78:
0x03CA	0x804050  	MOV	_jj, W0
0x03CC	0xE10064  	CP	W0, #4
0x03CE	0x3D000D  	BRA GE	L_mostra_men_usuario79
L__mostra_men_usuario207:
;lab1_v2.c,291 :: 		disp7[jj] = usuario[cont3+jj];
0x03D0	0x2080C1  	MOV	#lo_addr(_disp7), W1
0x03D2	0x2080A0  	MOV	#lo_addr(_jj), W0
0x03D4	0x408110  	ADD	W1, [W0], W2
0x03D6	0x804361  	MOV	_cont3, W1
0x03D8	0x2080A0  	MOV	#lo_addr(_jj), W0
0x03DA	0x408090  	ADD	W1, [W0], W1
0x03DC	0x208920  	MOV	#lo_addr(_usuario), W0
0x03DE	0x400001  	ADD	W0, W1, W0
0x03E0	0x784910  	MOV.B	[W0], [W2]
;lab1_v2.c,290 :: 		for (jj = 0; jj < 4; jj++){
0x03E2	0x200011  	MOV	#1, W1
0x03E4	0x2080A0  	MOV	#lo_addr(_jj), W0
0x03E6	0x408810  	ADD	W1, [W0], [W0]
;lab1_v2.c,292 :: 		}
0x03E8	0x37FFF0  	BRA	L_mostra_men_usuario78
L_mostra_men_usuario79:
;lab1_v2.c,295 :: 		cont3++;
0x03EA	0x200011  	MOV	#1, W1
0x03EC	0x2086C0  	MOV	#lo_addr(_cont3), W0
0x03EE	0x408810  	ADD	W1, [W0], [W0]
;lab1_v2.c,298 :: 		if (cont3 == 2){
0x03F0	0x804360  	MOV	_cont3, W0
0x03F2	0xE10062  	CP	W0, #2
0x03F4	0x3A0002  	BRA NZ	L_mostra_men_usuario81
L__mostra_men_usuario208:
;lab1_v2.c,299 :: 		cont3 = 0;
0x03F6	0xEF2000  	CLR	W0
0x03F8	0x884360  	MOV	W0, _cont3
;lab1_v2.c,300 :: 		}
L_mostra_men_usuario81:
;lab1_v2.c,303 :: 		aux = disp7[0];
0x03FA	0x2080C0  	MOV	#lo_addr(_disp7), W0
0x03FC	0xFB8010  	ZE	[W0], W0
0x03FE	0x8843E0  	MOV	W0, _aux
;lab1_v2.c,304 :: 		disp7[0] = disp7[3];
0x0400	0x2080C1  	MOV	#lo_addr(_disp7), W1
0x0402	0x2080F0  	MOV	#lo_addr(_disp7+3), W0
0x0404	0x784890  	MOV.B	[W0], [W1]
;lab1_v2.c,305 :: 		disp7[3] = aux;
0x0406	0x2080F1  	MOV	#lo_addr(_disp7+3), W1
0x0408	0x8043E0  	MOV	_aux, W0
0x040A	0x784880  	MOV.B	W0, [W1]
;lab1_v2.c,306 :: 		aux = disp7[1];
0x040C	0x2080D0  	MOV	#lo_addr(_disp7+1), W0
0x040E	0xFB8010  	ZE	[W0], W0
0x0410	0x8843E0  	MOV	W0, _aux
;lab1_v2.c,307 :: 		disp7[1] = disp7[2];
0x0412	0x2080D1  	MOV	#lo_addr(_disp7+1), W1
0x0414	0x2080E0  	MOV	#lo_addr(_disp7+2), W0
0x0416	0x784890  	MOV.B	[W0], [W1]
;lab1_v2.c,308 :: 		disp7[2] = aux;
0x0418	0x2080E1  	MOV	#lo_addr(_disp7+2), W1
0x041A	0x8043E0  	MOV	_aux, W0
0x041C	0x784880  	MOV.B	W0, [W1]
;lab1_v2.c,309 :: 		}
L_end_mostra_men_usuario:
0x041E	0x060000  	RETURN
; end of _mostra_men_usuario
_teste_erro:
;lab1_v2.c,329 :: 		void teste_erro(){
;lab1_v2.c,330 :: 		if (flag5 == 0){
0x06B8	0x804370  	MOV	_flag5, W0
0x06BA	0xE10060  	CP	W0, #0
0x06BC	0x3A0014  	BRA NZ	L_teste_erro86
L__teste_erro213:
;lab1_v2.c,331 :: 		for(ll = 0;ll < 4;ll++){
0x06BE	0xEF2000  	CLR	W0
0x06C0	0x884330  	MOV	W0, _ll
L_teste_erro87:
0x06C2	0x804330  	MOV	_ll, W0
0x06C4	0xE10064  	CP	W0, #4
0x06C6	0x3D000C  	BRA GE	L_teste_erro88
L__teste_erro214:
;lab1_v2.c,332 :: 		disp7[ll]=erro[3-ll];
0x06C8	0x2080C1  	MOV	#lo_addr(_disp7), W1
0x06CA	0x208660  	MOV	#lo_addr(_ll), W0
0x06CC	0x408110  	ADD	W1, [W0], W2
0x06CE	0x804330  	MOV	_ll, W0
0x06D0	0x1000E3  	SUBR	W0, #3, W1
0x06D2	0x208680  	MOV	#lo_addr(_erro), W0
0x06D4	0x400001  	ADD	W0, W1, W0
0x06D6	0x784910  	MOV.B	[W0], [W2]
;lab1_v2.c,331 :: 		for(ll = 0;ll < 4;ll++){
0x06D8	0x200011  	MOV	#1, W1
0x06DA	0x208660  	MOV	#lo_addr(_ll), W0
0x06DC	0x408810  	ADD	W1, [W0], [W0]
;lab1_v2.c,333 :: 		}
0x06DE	0x37FFF1  	BRA	L_teste_erro87
L_teste_erro88:
;lab1_v2.c,334 :: 		flag5=1;
0x06E0	0x200010  	MOV	#1, W0
0x06E2	0x884370  	MOV	W0, _flag5
;lab1_v2.c,335 :: 		}else{
0x06E4	0x370010  	BRA	L_teste_erro90
L_teste_erro86:
;lab1_v2.c,336 :: 		for(ll = 0;ll < 4;ll++){
0x06E6	0xEF2000  	CLR	W0
0x06E8	0x884330  	MOV	W0, _ll
L_teste_erro91:
0x06EA	0x804330  	MOV	_ll, W0
0x06EC	0xE10064  	CP	W0, #4
0x06EE	0x3D0009  	BRA GE	L_teste_erro92
L__teste_erro215:
;lab1_v2.c,337 :: 		disp7[ll]=' ';
0x06F0	0x2080C1  	MOV	#lo_addr(_disp7), W1
0x06F2	0x208660  	MOV	#lo_addr(_ll), W0
0x06F4	0x408090  	ADD	W1, [W0], W1
0x06F6	0xB3C200  	MOV.B	#32, W0
0x06F8	0x784880  	MOV.B	W0, [W1]
;lab1_v2.c,336 :: 		for(ll = 0;ll < 4;ll++){
0x06FA	0x200011  	MOV	#1, W1
0x06FC	0x208660  	MOV	#lo_addr(_ll), W0
0x06FE	0x408810  	ADD	W1, [W0], [W0]
;lab1_v2.c,338 :: 		}
0x0700	0x37FFF4  	BRA	L_teste_erro91
L_teste_erro92:
;lab1_v2.c,339 :: 		flag5=0;
0x0702	0xEF2000  	CLR	W0
0x0704	0x884370  	MOV	W0, _flag5
;lab1_v2.c,340 :: 		}
L_teste_erro90:
;lab1_v2.c,341 :: 		}
L_end_teste_erro:
0x0706	0x060000  	RETURN
; end of _teste_erro
0x0966	0x20800A  	MOV	#2048, W10
0x0968	0x20000B  	MOV	#0, W11
0x096A	0x09004B  	REPEAT	#75
0x096C	0x781D0B  	MOV	W11, [W10++]
0x096E	0x060000  	RETURN
0x0970	0x208001  	MOV	#lo_addr(_cont4), W1
0x0972	0x288F20  	MOV	#35058, W0
0x0974	0x090024  	REPEAT	#36
0x0976	0x7818B0  	MOV	[W0++], [W1++]
0x0978	0x7858B0  	MOV.B	[W0++], [W1++]
0x097A	0x2084C1  	MOV	#lo_addr(_aa), W1
0x097C	0x2893E0  	MOV	#35134, W0
0x097E	0x090013  	REPEAT	#19
0x0980	0x7818B0  	MOV	[W0++], [W1++]
0x0982	0x2084B1  	MOV	#lo_addr(_flag_cri), W1
0x0984	0x2893D0  	MOV	#35133, W0
0x0986	0x7858B0  	MOV.B	[W0++], [W1++]
0x0988	0x060000  	RETURN
;lab1_v2.c,0 :: ?ICS_cont4 [2]
0x08F2	0x0000 ;?ICS_cont4+0
; end of ?ICS_cont4
;lab1_v2.c,0 :: ?ICS_flag2 [2]
0x08F4	0x0000 ;?ICS_flag2+0
; end of ?ICS_flag2
;lab1_v2.c,0 :: ?ICS_m [2]
0x08F6	0x0000 ;?ICS_m+0
; end of ?ICS_m
;lab1_v2.c,0 :: ?ICS_cont2 [2]
0x08F8	0x0000 ;?ICS_cont2+0
; end of ?ICS_cont2
;lab1_v2.c,0 :: ?ICS_i [2]
0x08FA	0x0000 ;?ICS_i+0
; end of ?ICS_i
;lab1_v2.c,0 :: ?ICS_jj [2]
0x08FC	0x0000 ;?ICS_jj+0
; end of ?ICS_jj
;lab1_v2.c,0 :: ?ICS_disp7 [4]
0x08FE	0x2D2D ;?ICS_disp7+0
0x0900	0x2D2D ;?ICS_disp7+2
; end of ?ICS_disp7
;lab1_v2.c,0 :: ?ICS_cont_u [2]
0x0902	0x0000 ;?ICS_cont_u+0
; end of ?ICS_cont_u
;lab1_v2.c,0 :: ?ICS_k [2]
0x0904	0x0000 ;?ICS_k+0
; end of ?ICS_k
;lab1_v2.c,0 :: ?ICS_flag [2]
0x0906	0x0000 ;?ICS_flag+0
; end of ?ICS_flag
;lab1_v2.c,0 :: ?ICS_men_final [14]
0x0908	0x7364 ;?ICS_men_final+0
0x090A	0x6970 ;?ICS_men_final+2
0x090C	0x3363 ;?ICS_men_final+4
0x090E	0x6630 ;?ICS_men_final+6
0x0910	0x3034 ;?ICS_men_final+8
0x0912	0x3131 ;?ICS_men_final+10
0x0914	0x2020 ;?ICS_men_final+12
; end of ?ICS_men_final
;lab1_v2.c,0 :: ?ICS_y [2]
0x0916	0x0009 ;?ICS_y+0
; end of ?ICS_y
;lab1_v2.c,0 :: ?ICS_kk [2]
0x0918	0x0000 ;?ICS_kk+0
; end of ?ICS_kk
;lab1_v2.c,0 :: ?ICS_contador [2]
0x091A	0x0000 ;?ICS_contador+0
; end of ?ICS_contador
;lab1_v2.c,0 :: ?ICS_flag_erro [2]
0x091C	0x0001 ;?ICS_flag_erro+0
; end of ?ICS_flag_erro
;,0 :: _initBlock_15 [32]
; Containing: ?ICS_letras [31]
;             ?ICS_flag_cri [1]
0x091E	0x202D ;_initBlock_15+0 : ?ICS_letras at 0x091E
0x0920	0x6261 ;_initBlock_15+2
0x0922	0x6463 ;_initBlock_15+4
0x0924	0x6665 ;_initBlock_15+6
0x0926	0x6867 ;_initBlock_15+8
0x0928	0x6A69 ;_initBlock_15+10
0x092A	0x6E6C ;_initBlock_15+12
0x092C	0x706F ;_initBlock_15+14
0x092E	0x7271 ;_initBlock_15+16
0x0930	0x7573 ;_initBlock_15+18
0x0932	0x3076 ;_initBlock_15+20
0x0934	0x3231 ;_initBlock_15+22
0x0936	0x3433 ;_initBlock_15+24
0x0938	0x3635 ;_initBlock_15+26
0x093A	0x3837 ;_initBlock_15+28
0x093C	0x0139 ;_initBlock_15+30 : ?ICS_flag_cri at 0x093D
; end of _initBlock_15
;lab1_v2.c,0 :: ?ICS_aa [2]
0x093E	0x0000 ;?ICS_aa+0
; end of ?ICS_aa
;lab1_v2.c,0 :: ?ICS_hexa1 [4]
0x0940	0xBFBF ;?ICS_hexa1+0
0x0942	0xBFBF ;?ICS_hexa1+2
; end of ?ICS_hexa1
;lab1_v2.c,0 :: ?ICS_contdosconts [2]
0x0944	0x0000 ;?ICS_contdosconts+0
; end of ?ICS_contdosconts
;lab1_v2.c,0 :: ?ICS_flag_bomba [2]
0x0946	0x0000 ;?ICS_flag_bomba+0
; end of ?ICS_flag_bomba
;lab1_v2.c,0 :: ?ICS_secreto [6]
0x0948	0x6675 ;?ICS_secreto+0
0x094A	0x3173 ;?ICS_secreto+2
0x094C	0x3534 ;?ICS_secreto+4
; end of ?ICS_secreto
;lab1_v2.c,0 :: ?ICS_tempo [10]
0x094E	0x3130 ;?ICS_tempo+0
0x0950	0x3332 ;?ICS_tempo+2
0x0952	0x3534 ;?ICS_tempo+4
0x0954	0x3736 ;?ICS_tempo+6
0x0956	0x3938 ;?ICS_tempo+8
; end of ?ICS_tempo
;lab1_v2.c,0 :: ?ICS_ll [2]
0x0958	0x0000 ;?ICS_ll+0
; end of ?ICS_ll
;lab1_v2.c,0 :: ?ICS_erro [4]
0x095A	0x7265 ;?ICS_erro+0
0x095C	0x206F ;?ICS_erro+2
; end of ?ICS_erro
;lab1_v2.c,0 :: ?ICS_cont3 [2]
0x095E	0x0000 ;?ICS_cont3+0
; end of ?ICS_cont3
;lab1_v2.c,0 :: ?ICS_flag5 [2]
0x0960	0x0000 ;?ICS_flag5+0
; end of ?ICS_flag5
;lab1_v2.c,0 :: ?ICS_j [2]
0x0962	0x0000 ;?ICS_j+0
; end of ?ICS_j
;lab1_v2.c,0 :: ?ICS_temp [2]
0x0964	0x0000 ;?ICS_temp+0
; end of ?ICS_temp
Symbol List:
//** Routines locations **
//ADDRESS    SIZE    PROCEDURE
//----------------------------------------------
0x0100     [442]    _char_to_7seg
0x02BA      [18]    _srand
0x02CC      [18]    __Multiply_32x32
0x02DE      [54]    _rand
0x0314      [30]    _descreve_acertou
0x0332      [90]    _mostra_men_final_1
0x038C      [58]    _escreve_acertou
0x03C6      [90]    _mostra_men_usuario
0x0420      [74]    _leitor
0x046A      [58]    _conv_char_to_hexa
0x04A4      [28]    _mostt_uu
0x04C0      [94]    _reseta_tudo
0x051E     [278]    _bomba
0x0634     [124]    _mostra_usuario
0x06B0       [8]    _teste_acerto
0x06B8      [80]    _teste_erro
0x0708     [490]    _main
//** Variables locations ** 
//ADDRESS    SIZE    VARIABLE
//----------------------------------------------
0x02DA       [2]    PORTE
0x02D2       [2]    TRISD
0x02C6       [2]    TRISB
0x02DE       [2]    TRISF
0x02E0       [2]    PORTF
0x02D8       [2]    TRISE
0x0874       [1]    _hexa
0x0876       [4]    __Lib_CStdlib_randx
0x087A       [2]    __Lib_CStdlib_randf
0x02CA       [2]    LATB
0x02D4       [2]    PORTD
0x02D6       [2]    LATD
0x02C8       [2]    PORTB
0x087C       [2]    _aux
0x087E      [20]    _acertou
0x0892       [6]    _usuario
0x02A8       [2]    ADPCFG
0x0800       [2]    _cont4
0x0802       [2]    _flag2
0x0804       [2]    _m
0x0806       [2]    _cont2
0x0808       [2]    _i
0x080A       [2]    _jj
0x080C       [4]    _disp7
0x0810       [2]    _cont_u
0x0812       [2]    _k
0x0814       [2]    _flag
0x0816      [14]    _men_final
0x0824       [2]    _y
0x0826       [2]    _kk
0x0828       [2]    _contador
0x082A       [2]    _flag_erro
0x082C      [31]    _letras
0x084C       [2]    _aa
0x084E       [4]    _hexa1
0x0852       [2]    _contdosconts
0x0854       [2]    _flag_bomba
0x0856       [6]    _secreto
0x085C      [10]    _tempo
0x0866       [2]    _ll
0x0868       [4]    _erro
0x086C       [2]    _cont3
0x086E       [2]    _flag5
0x0870       [2]    _j
0x0872       [2]    _temp
0x084B       [1]    _flag_cri
0x0014       [1]    FARG_char_to_7seg__char
0x02A8       [2]    ADPCFG
0x0014       [2]    FARG_srand_x
0x02C6       [2]    TRISB
0x02C8       [2]    PORTB
0x02CA       [2]    LATB
0x02D2       [2]    TRISD
0x02D4       [2]    PORTD
0x02D6       [2]    LATD
0x02D8       [2]    TRISE
0x02DA       [2]    PORTE
0x02DE       [2]    TRISF
0x02E0       [2]    PORTF
0x0014       [2]    FARG_mostra_usuario_cont3
//** Constants locations ** 
//ADDRESS    SIZE    CONSTANT
//----------------------------------------------
0x08F2       [2]    ?ICS_cont4
0x08F4       [2]    ?ICS_flag2
0x08F6       [2]    ?ICS_m
0x08F8       [2]    ?ICS_cont2
0x08FA       [2]    ?ICS_i
0x08FC       [2]    ?ICS_jj
0x08FE       [4]    ?ICS_disp7
0x0902       [2]    ?ICS_cont_u
0x0904       [2]    ?ICS_k
0x0906       [2]    ?ICS_flag
0x0908      [14]    ?ICS_men_final
0x0916       [2]    ?ICS_y
0x0918       [2]    ?ICS_kk
0x091A       [2]    ?ICS_contador
0x091C       [2]    ?ICS_flag_erro
0x091E      [31]    ?ICS_letras
0x093D       [1]    ?ICS_flag_cri
0x093E       [2]    ?ICS_aa
0x0940       [4]    ?ICS_hexa1
0x0944       [2]    ?ICS_contdosconts
0x0946       [2]    ?ICS_flag_bomba
0x0948       [6]    ?ICS_secreto
0x094E      [10]    ?ICS_tempo
0x0958       [2]    ?ICS_ll
0x095A       [4]    ?ICS_erro
0x095E       [2]    ?ICS_cont3
0x0960       [2]    ?ICS_flag5
0x0962       [2]    ?ICS_j
0x0964       [2]    ?ICS_temp
