;  LST file generated by mikroListExporter - v.2.0 
; Date/Time: 23/10/2019 08:02:31
;----------------------------------------------

;Address Opcode 	ASM
0x0000	0x000000040100  	GOTO	_main
0x0004	0x000000  	0
0x0006	0x000000  	0
0x0008	0x000000  	0
0x000A	0x000000  	0
0x000C	0x000000  	0
0x000E	0x000000  	0
0x0010	0x000000  	0
0x0012	0x000000  	0
0x0014	0x000000  	0
0x0016	0x000000  	0
0x0018	0x000000  	0
0x001A	0x000000  	0
0x001C	0x000000  	0
0x001E	0x000000  	0
0x0020	0x000000  	0
0x0022	0x000000  	0
0x0024	0x000000  	0
0x0026	0x000000  	0
0x0028	0x000000  	0
0x002A	0x000000  	0
0x002C	0x000000  	0
0x002E	0x000000  	0
0x0030	0x000000  	0
0x0032	0x000000  	0
0x0034	0x000000  	0
0x0036	0x000000  	0
0x0038	0x000000  	0
0x003A	0x000000  	0
0x003C	0x000000  	0
0x003E	0x000000  	0
0x0040	0x000000  	0
0x0042	0x000000  	0
0x0044	0x000000  	0
0x0046	0x000000  	0
0x0048	0x000000  	0
0x004A	0x000000  	0
0x004C	0x000000  	0
0x004E	0x000000  	0
0x0050	0x000000  	0
0x0052	0x000000  	0
0x0054	0x000000  	0
0x0056	0x000000  	0
0x0058	0x000000  	0
0x005A	0x000000  	0
0x005C	0x000000  	0
0x005E	0x000000  	0
0x0060	0x000000  	0
0x0062	0x000000  	0
0x0064	0x000000  	0
0x0066	0x000000  	0
0x0068	0x000000  	0
0x006A	0x000000  	0
0x006C	0x000000  	0
0x006E	0x000000  	0
0x0070	0x000000  	0
0x0072	0x000000  	0
0x0074	0x000000  	0
0x0076	0x000000  	0
0x0078	0x000000  	0
0x007A	0x000000  	0
0x007C	0x000000  	0
0x007E	0x000000  	0
0x0080	0x000000  	0
0x0082	0x000000  	0
0x0084	0x000000  	0
0x0086	0x000000  	0
0x0088	0x000000  	0
0x008A	0x000000  	0
0x008C	0x000000  	0
0x008E	0x000000  	0
0x0090	0x000000  	0
0x0092	0x000000  	0
0x0094	0x000000  	0
0x0096	0x000000  	0
0x0098	0x000000  	0
0x009A	0x000000  	0
0x009C	0x000000  	0
0x009E	0x000000  	0
0x00A0	0x000000  	0
0x00A2	0x000000  	0
0x00A4	0x000000  	0
0x00A6	0x000000  	0
0x00A8	0x000000  	0
0x00AA	0x000000  	0
0x00AC	0x000000  	0
0x00AE	0x000000  	0
0x00B0	0x000000  	0
0x00B2	0x000000  	0
0x00B4	0x000000  	0
0x00B6	0x000000  	0
0x00B8	0x000000  	0
0x00BA	0x000000  	0
0x00BC	0x000000  	0
0x00BE	0x000000  	0
0x00C0	0x000000  	0
0x00C2	0x000000  	0
0x00C4	0x000000  	0
0x00C6	0x000000  	0
0x00C8	0x000000  	0
0x00CA	0x000000  	0
0x00CC	0x000000  	0
0x00CE	0x000000  	0
0x00D0	0x000000  	0
0x00D2	0x000000  	0
0x00D4	0x000000  	0
0x00D6	0x000000  	0
0x00D8	0x000000  	0
0x00DA	0x000000  	0
0x00DC	0x000000  	0
0x00DE	0x000000  	0
0x00E0	0x000000  	0
0x00E2	0x000000  	0
0x00E4	0x000000  	0
0x00E6	0x000000  	0
0x00E8	0x000000  	0
0x00EA	0x000000  	0
0x00EC	0x000000  	0
0x00EE	0x000000  	0
0x00F0	0x000000  	0
0x00F2	0x000000  	0
0x00F4	0x000000  	0
0x00F6	0x000000  	0
0x00F8	0x000000  	0
0x00FA	0x000000  	0
0x00FC	0x000000  	0
0x00FE	0x000000  	0
_main:
0x0100	0x2080AF  	MOV	#2058, W15
0x0102	0x20FFF0  	MOV	#4095, W0
0x0104	0xB7A020  	MOV	WREG, SPLIM
0x0106	0x200000  	MOV	#0, W0
0x0108	0xB7A034  	MOV	WREG, PSVPAG
0x010A	0x200040  	MOV	#4, W0
0x010C	0xB72044  	IOR	CORCON
0x010E	0x00000002015A  	CALL	346
0x0112	0x000000020164  	CALL	356
;ex3.c,7 :: 		void main() {
;ex3.c,8 :: 		ADPCFG = 0xFFFF;
0x0116	0x2FFFF0  	MOV	#65535, W0
0x0118	0xB7A2A8  	MOV	WREG, ADPCFG
;ex3.c,9 :: 		TRISB = 0;//PORTB how saida
0x011A	0xEF22C6  	CLR	TRISB
;ex3.c,10 :: 		while(1){
L_main0:
;ex3.c,11 :: 		for (j = 0; j < 8 ; j ++)
0x011C	0x208081  	MOV	#lo_addr(_j), W1
0x011E	0xEF2000  	CLR	W0
0x0120	0x784880  	MOV.B	W0, [W1]
L_main2:
0x0122	0x208080  	MOV	#lo_addr(_j), W0
0x0124	0x784010  	MOV.B	[W0], W0
0x0126	0xE10468  	CP.B	W0, #8
0x0128	0x310012  	BRA GEU	L_main3
L__main8:
;ex3.c,13 :: 		LATB = num[j];  //Porta B saida Leds
0x012A	0x208080  	MOV	#lo_addr(_j), W0
0x012C	0xFB8090  	ZE	[W0], W1
0x012E	0x208000  	MOV	#lo_addr(_num), W0
0x0130	0x400001  	ADD	W0, W1, W0
0x0132	0x784010  	MOV.B	[W0], W0
0x0134	0xFB8000  	ZE	W0, W0
0x0136	0xB7A2CA  	MOV	WREG, LATB
;ex3.c,14 :: 		Delay_ms(1000); //Frequencia de clock é de XTAL = 8MHz. No edit Project
0x0138	0x200528  	MOV	#82, W8
0x013A	0x2616F7  	MOV	#24943, W7
L_main5:
0x013C	0xED200E  	DEC	W7
0x013E	0x3AFFFE  	BRA NZ	L_main5
0x0140	0xED2010  	DEC	W8
0x0142	0x3AFFFC  	BRA NZ	L_main5
0x0144	0x000000  	NOP
;ex3.c,11 :: 		for (j = 0; j < 8 ; j ++)
0x0146	0xB3C011  	MOV.B	#1, W1
0x0148	0x208080  	MOV	#lo_addr(_j), W0
0x014A	0x40C810  	ADD.B	W1, [W0], [W0]
;ex3.c,17 :: 		}
0x014C	0x37FFEA  	BRA	L_main2
L_main3:
;ex3.c,18 :: 		}
0x014E	0x37FFE6  	BRA	L_main0
;ex3.c,19 :: 		}
L_end_main:
L__main_end_loop:
0x0150	0x37FFFF  	BRA	L__main_end_loop
; end of _main
0x015A	0x20800A  	MOV	#2048, W10
0x015C	0x20000B  	MOV	#0, W11
0x015E	0x090004  	REPEAT	#4
0x0160	0x781D0B  	MOV	W11, [W10++]
0x0162	0x060000  	RETURN
0x0164	0x208001  	MOV	#lo_addr(_num), W1
0x0166	0x281520  	MOV	#33106, W0
0x0168	0x090003  	REPEAT	#3
0x016A	0x7818B0  	MOV	[W0++], [W1++]
0x016C	0x060000  	RETURN
;ex3.c,0 :: ?ICS_num [8]
0x0152	0x0201 ;?ICS_num+0
0x0154	0x0804 ;?ICS_num+2
0x0156	0x2010 ;?ICS_num+4
0x0158	0x8040 ;?ICS_num+6
; end of ?ICS_num
Symbol List:
//** Routines locations **
//ADDRESS    SIZE    PROCEDURE
//----------------------------------------------
0x0100      [82]    _main
//** Variables locations ** 
//ADDRESS    SIZE    VARIABLE
//----------------------------------------------
0x02CA       [2]    LATB
0x0808       [1]    _j
0x02A8       [2]    ADPCFG
0x02C6       [2]    TRISB
0x0800       [8]    _num
0x02A8       [2]    ADPCFG
0x02C6       [2]    TRISB
0x02CA       [2]    LATB
//** Constants locations ** 
//ADDRESS    SIZE    CONSTANT
//----------------------------------------------
0x0152       [8]    ?ICS_num
